------------------------------------------------------------------------------------------------------------------------

[2025-10-05 13:01:51 #1 store] 
Database 'C:\Users\maita\git\Rides24-PROJECT_\src\main\resources\rides.temp' is opened by 17852@Mait

[2025-10-05 13:01:52 #2 type.registry] 
New type domain.User

[2025-10-05 13:01:52 #3 type.registry] 
New type domain.Driver

[2025-10-05 13:01:52 #4 type] 
Type domain.User is not enhanced.

[2025-10-05 13:01:52 #5 type.registry] 
New type domain.Mugimendua

[2025-10-05 13:01:52 #6 type.registry] 
New type domain.Erreklamazio

[2025-10-05 13:01:52 #7 type] 
Type domain.Driver is not enhanced.

[2025-10-05 13:01:52 #8 type.registry] 
New type domain.Kotxe

[2025-10-05 13:01:52 #9 type.registry] 
New type domain.Ride

[2025-10-05 13:01:52 #10 type] 
Type domain.Mugimendua is not enhanced.

[2025-10-05 13:01:52 #11 type] 
Type domain.Erreklamazio is not enhanced.

[2025-10-05 13:01:52 #12 type] 
Type domain.Kotxe is not enhanced.

[2025-10-05 13:01:52 #13 type] 
Type domain.Ride is not enhanced.

[2025-10-05 13:01:52 #14 type.registry] 
New type domain.Balorazio

[2025-10-05 13:01:52 #15 type.registry] 
New type domain.Book

[2025-10-05 13:01:52 #16 type] 
Type domain.Balorazio is not enhanced.

[2025-10-05 13:01:52 #17 type.registry] 
New type domain.Traveler

[2025-10-05 13:01:52 #18 type] 
Type domain.Book is not enhanced.

[2025-10-05 13:01:52 #19 type] 
Type domain.Traveler is not enhanced.

[2025-10-05 13:01:52 #20 type.registry] 
New type domain.Alerta

[2025-10-05 13:01:52 #21 type] 
Type domain.Alerta is not enhanced.

[2025-10-05 13:01:52 #22 type.registry] 
New type domain.Admin

[2025-10-05 13:01:52 #23 type] 
Type domain.Admin is not enhanced.

[2025-10-05 13:01:52 #24 type.registry] 
New type java.util.Vector<java.lang.Object>

[2025-10-05 13:01:52 #25 type.registry] 
New type java.util.Vector<domain.Erreklamazio>

[2025-10-05 13:01:52 #26 type.registry] 
New type java.util.Vector<domain.Mugimendua>

[2025-10-05 13:01:52 #27 type.registry] 
New type java.util.Vector<domain.Ride>

[2025-10-05 13:01:52 #28 type.registry] 
New type java.util.Vector<domain.Kotxe>

[2025-10-05 13:01:52 #29 type.registry] 
New type java.util.Vector<domain.Book>

[2025-10-05 13:01:52 #30 type.registry] 
New type java.util.Vector<domain.Alerta>

[2025-10-05 13:01:52 #31 type.registry] 
New type java.util.Vector<domain.Balorazio>

