------------------------------------------------------------------------------------------------------------------------

[2025-02-20 00:03:14 #1 store] 
Database 'C:\Users\ipria\git\Rides24\src\main\resources\rides.temp' is opened by 8148@IVAN

[2025-02-20 00:03:14 #2 type.registry] 
New type domain.Driver

[2025-02-20 00:03:14 #3 type] 
Type domain.Driver is not enhanced.

[2025-02-20 00:03:14 #4 type.registry] 
New type domain.Ride

[2025-02-20 00:03:14 #5 type] 
Type domain.Ride is not enhanced.

[2025-02-20 00:03:14 #6 type.registry] 
New type java.util.Vector<java.lang.Object>

[2025-02-20 00:03:14 #7 type.registry] 
New type java.util.Vector<domain.Ride>

------------------------------------------------------------------------------------------------------------------------

[2025-02-20 00:07:44 #1 store] 
Database 'C:\Users\ipria\git\Rides24\src\main\resources\rides.temp' is opened by 20124@IVAN

[2025-02-20 00:07:44 #2 type.registry] 
New type domain.Driver

[2025-02-20 00:07:44 #3 type] 
Type domain.Driver is not enhanced.

[2025-02-20 00:07:44 #4 type.registry] 
New type domain.Ride

[2025-02-20 00:07:44 #5 type] 
Type domain.Ride is not enhanced.

[2025-02-20 00:07:44 #6 type.registry] 
New type java.util.Vector<java.lang.Object>

[2025-02-20 00:07:44 #7 type.registry] 
New type java.util.Vector<domain.Ride>

------------------------------------------------------------------------------------------------------------------------

[2025-02-20 00:07:58 #1 store] 
Database 'C:\Users\ipria\git\Rides24\src\main\resources\rides.temp' is opened by 5188@IVAN

[2025-02-20 00:07:58 #2 type.registry] 
New type domain.Driver

[2025-02-20 00:07:58 #3 type] 
Type domain.Driver is not enhanced.

[2025-02-20 00:07:58 #4 type.registry] 
New type domain.Ride

[2025-02-20 00:07:58 #5 type] 
Type domain.Ride is not enhanced.

[2025-02-20 00:07:58 #6 type.registry] 
New type java.util.Vector<java.lang.Object>

[2025-02-20 00:07:58 #7 type.registry] 
New type java.util.Vector<domain.Ride>

------------------------------------------------------------------------------------------------------------------------

[2025-02-20 00:08:06 #1 store] 
Database 'C:\Users\ipria\git\Rides24\src\main\resources\rides.temp' is opened by 5856@IVAN

[2025-02-20 00:08:06 #2 type.registry] 
New type domain.Driver

[2025-02-20 00:08:06 #3 type] 
Type domain.Driver is not enhanced.

[2025-02-20 00:08:06 #4 type.registry] 
New type domain.Ride

[2025-02-20 00:08:06 #5 type] 
Type domain.Ride is not enhanced.

[2025-02-20 00:08:06 #6 type.registry] 
New type java.util.Vector<java.lang.Object>

[2025-02-20 00:08:06 #7 type.registry] 
New type java.util.Vector<domain.Ride>

------------------------------------------------------------------------------------------------------------------------

[2025-02-20 00:12:00 #1 store] 
Database 'C:\Users\ipria\git\Rides24\src\main\resources\rides.temp' is opened by 17904@IVAN

[2025-02-20 00:12:00 #2 type.registry] 
New type domain.Driver

[2025-02-20 00:12:00 #3 type] 
Type domain.Driver is not enhanced.

[2025-02-20 00:12:00 #4 type.registry] 
New type domain.Ride

[2025-02-20 00:12:00 #5 type] 
Type domain.Ride is not enhanced.

[2025-02-20 00:12:00 #6 type.registry] 
New type java.util.Vector<java.lang.Object>

[2025-02-20 00:12:00 #7 type.registry] 
New type java.util.Vector<domain.Ride>

------------------------------------------------------------------------------------------------------------------------

[2025-02-20 00:12:08 #1 store] 
Database 'C:\Users\ipria\git\Rides24\src\main\resources\rides.temp' is opened by 18224@IVAN

[2025-02-20 00:12:08 #2 type.registry] 
New type domain.Driver

[2025-02-20 00:12:08 #3 type] 
Type domain.Driver is not enhanced.

[2025-02-20 00:12:08 #4 type.registry] 
New type domain.Ride

[2025-02-20 00:12:08 #5 type] 
Type domain.Ride is not enhanced.

[2025-02-20 00:12:08 #6 type.registry] 
New type java.util.Vector<java.lang.Object>

[2025-02-20 00:12:08 #7 type.registry] 
New type java.util.Vector<domain.Ride>

------------------------------------------------------------------------------------------------------------------------

[2025-02-20 00:12:21 #1 store] 
Database 'C:\Users\ipria\git\Rides24\src\main\resources\rides.temp' is opened by 12420@IVAN

[2025-02-20 00:12:22 #2 type.registry] 
New type domain.Driver

[2025-02-20 00:12:22 #3 type] 
Type domain.Driver is not enhanced.

[2025-02-20 00:12:22 #4 type.registry] 
New type domain.Ride

[2025-02-20 00:12:22 #5 type] 
Type domain.Ride is not enhanced.

[2025-02-20 00:12:22 #6 type.registry] 
New type java.util.Vector<java.lang.Object>

[2025-02-20 00:12:22 #7 type.registry] 
New type java.util.Vector<domain.Ride>

------------------------------------------------------------------------------------------------------------------------

[2025-02-20 00:12:35 #1 store] 
Database 'C:\Users\ipria\git\Rides24\src\main\resources\rides.temp' is opened by 9488@IVAN

[2025-02-20 00:12:35 #2 type.registry] 
New type domain.Driver

[2025-02-20 00:12:35 #3 type] 
Type domain.Driver is not enhanced.

[2025-02-20 00:12:35 #4 type.registry] 
New type domain.Ride

[2025-02-20 00:12:35 #5 type] 
Type domain.Ride is not enhanced.

[2025-02-20 00:12:35 #6 type.registry] 
New type java.util.Vector<java.lang.Object>

[2025-02-20 00:12:35 #7 type.registry] 
New type java.util.Vector<domain.Ride>

------------------------------------------------------------------------------------------------------------------------

[2025-02-20 00:15:15 #1 store] 
Database 'C:\Users\ipria\git\Rides24\src\main\resources\rides.temp' is opened by 8796@IVAN

[2025-02-20 00:15:15 #2 type.registry] 
New type domain.Driver

[2025-02-20 00:15:15 #3 type] 
Type domain.Driver is not enhanced.

[2025-02-20 00:15:15 #4 type.registry] 
New type domain.Ride

[2025-02-20 00:15:15 #5 type] 
Type domain.Ride is not enhanced.

[2025-02-20 00:15:15 #6 type.registry] 
New type java.util.Vector<java.lang.Object>

[2025-02-20 00:15:15 #7 type.registry] 
New type java.util.Vector<domain.Ride>

------------------------------------------------------------------------------------------------------------------------

[2025-02-20 00:15:25 #1 store] 
Database 'C:\Users\ipria\git\Rides24\src\main\resources\rides.temp' is opened by 2688@IVAN

[2025-02-20 00:15:25 #2 type.registry] 
New type domain.Driver

[2025-02-20 00:15:25 #3 type] 
Type domain.Driver is not enhanced.

[2025-02-20 00:15:25 #4 type.registry] 
New type domain.Ride

[2025-02-20 00:15:25 #5 type] 
Type domain.Ride is not enhanced.

[2025-02-20 00:15:25 #6 type.registry] 
New type java.util.Vector<java.lang.Object>

[2025-02-20 00:15:25 #7 type.registry] 
New type java.util.Vector<domain.Ride>

------------------------------------------------------------------------------------------------------------------------

[2025-02-20 00:15:29 #1 store] 
Database 'C:\Users\ipria\git\Rides24\src\main\resources\rides.temp' is opened by 7836@IVAN

[2025-02-20 00:15:29 #2 type.registry] 
New type domain.Driver

[2025-02-20 00:15:29 #3 type] 
Type domain.Driver is not enhanced.

[2025-02-20 00:15:29 #4 type.registry] 
New type domain.Ride

[2025-02-20 00:15:29 #5 type] 
Type domain.Ride is not enhanced.

[2025-02-20 00:15:29 #6 type.registry] 
New type java.util.Vector<java.lang.Object>

[2025-02-20 00:15:29 #7 type.registry] 
New type java.util.Vector<domain.Ride>

------------------------------------------------------------------------------------------------------------------------

[2025-02-20 00:15:40 #1 store] 
Database 'C:\Users\ipria\git\Rides24\src\main\resources\rides.temp' is opened by 5652@IVAN

[2025-02-20 00:15:40 #2 type.registry] 
New type domain.Driver

[2025-02-20 00:15:40 #3 type] 
Type domain.Driver is not enhanced.

[2025-02-20 00:15:40 #4 type.registry] 
New type domain.Ride

[2025-02-20 00:15:40 #5 type] 
Type domain.Ride is not enhanced.

[2025-02-20 00:15:40 #6 type.registry] 
New type java.util.Vector<java.lang.Object>

[2025-02-20 00:15:40 #7 type.registry] 
New type java.util.Vector<domain.Ride>

------------------------------------------------------------------------------------------------------------------------

[2025-02-20 00:29:36 #1 store] 
Database 'C:\Users\ipria\git\Rides24\src\main\resources\rides.temp' is opened by 5688@IVAN

[2025-02-20 00:29:36 #2 type.registry] 
New type domain.Driver

[2025-02-20 00:29:36 #3 type] 
Type domain.Driver is not enhanced.

[2025-02-20 00:29:36 #4 type.registry] 
New type domain.Ride

[2025-02-20 00:29:36 #5 type] 
Type domain.Ride is not enhanced.

[2025-02-20 00:29:36 #6 type.registry] 
New type java.util.Vector<java.lang.Object>

[2025-02-20 00:29:36 #7 type.registry] 
New type java.util.Vector<domain.Ride>

------------------------------------------------------------------------------------------------------------------------

[2025-02-20 00:33:00 #1 store] 
Database 'C:\Users\ipria\git\Rides24\src\main\resources\rides.temp' is opened by 18372@IVAN

[2025-02-20 00:33:00 #2 type.registry] 
New type domain.Driver

[2025-02-20 00:33:00 #3 type] 
Type domain.Driver is not enhanced.

[2025-02-20 00:33:00 #4 type.registry] 
New type domain.Ride

[2025-02-20 00:33:00 #5 type] 
Type domain.Ride is not enhanced.

[2025-02-20 00:33:00 #6 type.registry] 
New type java.util.Vector<java.lang.Object>

[2025-02-20 00:33:00 #7 type.registry] 
New type java.util.Vector<domain.Ride>

------------------------------------------------------------------------------------------------------------------------

[2025-02-20 00:54:13 #1 store] 
Database 'C:\Users\ipria\git\Rides24\src\main\resources\rides.temp' has been recovered (tr. 1-6)

[2025-02-20 00:54:13 #2 store] 
Database 'C:\Users\ipria\git\Rides24\src\main\resources\rides.temp' is opened by 3976@IVAN

[2025-02-20 00:54:13 #3 type] 
Type domain.Driver is not enhanced.

[2025-02-20 00:54:13 #4 type] 
Type domain.Ride is not enhanced.

