------------------------------------------------------------------------------------------------------------------------

[2025-03-01 00:40:18 #1 store] 
Database 'C:\Users\ipria\git\Rides24\src\main\resources\rides.temp' is opened by 21812@IVAN

[2025-03-01 00:40:18 #2 type.registry] 
New type domain.User

[2025-03-01 00:40:18 #3 type.registry] 
New type domain.Driver

[2025-03-01 00:40:18 #4 type] 
Type domain.User is not enhanced.

[2025-03-01 00:40:18 #5 type] 
Type domain.Driver is not enhanced.

[2025-03-01 00:40:18 #6 type.registry] 
New type domain.Ride

[2025-03-01 00:40:18 #7 type] 
Type domain.Ride is not enhanced.

[2025-03-01 00:40:18 #8 type.registry] 
New type java.util.Vector<java.lang.Object>

[2025-03-01 00:40:18 #9 type.registry] 
New type java.util.Vector<domain.Ride>

------------------------------------------------------------------------------------------------------------------------

[2025-03-01 00:41:36 #1 store] 
Database 'C:\Users\ipria\git\Rides24\src\main\resources\rides.temp' is opened by 22216@IVAN

[2025-03-01 00:41:36 #2 type.registry] 
New type domain.User

[2025-03-01 00:41:36 #3 type.registry] 
New type domain.Driver

[2025-03-01 00:41:36 #4 type] 
Type domain.User is not enhanced.

[2025-03-01 00:41:36 #5 type] 
Type domain.Driver is not enhanced.

[2025-03-01 00:41:36 #6 type.registry] 
New type domain.Ride

[2025-03-01 00:41:36 #7 type] 
Type domain.Ride is not enhanced.

[2025-03-01 00:41:36 #8 type.registry] 
New type java.util.Vector<java.lang.Object>

[2025-03-01 00:41:36 #9 type.registry] 
New type java.util.Vector<domain.Ride>

------------------------------------------------------------------------------------------------------------------------

[2025-03-01 18:14:17 #1 store] 
Database 'C:\Users\ipria\git\Rides24\src\main\resources\rides.temp' is opened by 8352@IVAN

[2025-03-01 18:14:17 #2 type.registry] 
New type domain.User

[2025-03-01 18:14:17 #3 type.registry] 
New type domain.Driver

[2025-03-01 18:14:17 #4 type] 
Type domain.User is not enhanced.

[2025-03-01 18:14:17 #5 type] 
Type domain.Driver is not enhanced.

[2025-03-01 18:14:17 #6 type.registry] 
New type domain.Ride

[2025-03-01 18:14:17 #7 type] 
Type domain.Ride is not enhanced.

[2025-03-01 18:14:17 #8 type.registry] 
New type java.util.Vector<java.lang.Object>

[2025-03-01 18:14:17 #9 type.registry] 
New type java.util.Vector<domain.Ride>

------------------------------------------------------------------------------------------------------------------------

[2025-03-01 18:17:58 #1 store] 
Database 'C:\Users\ipria\git\Rides24\src\main\resources\rides.temp' is opened by 3804@IVAN

[2025-03-01 18:17:58 #2 type.registry] 
New type domain.User

[2025-03-01 18:17:58 #3 type.registry] 
New type domain.Driver

[2025-03-01 18:17:58 #4 type] 
Type domain.User is not enhanced.

[2025-03-01 18:17:58 #5 type] 
Type domain.Driver is not enhanced.

[2025-03-01 18:17:58 #6 type.registry] 
New type domain.Ride

[2025-03-01 18:17:58 #7 type] 
Type domain.Ride is not enhanced.

[2025-03-01 18:17:58 #8 type.registry] 
New type java.util.Vector<java.lang.Object>

[2025-03-01 18:17:58 #9 type.registry] 
New type java.util.Vector<domain.Ride>

------------------------------------------------------------------------------------------------------------------------

[2025-03-01 18:21:02 #1 store] 
Database 'C:\Users\ipria\git\Rides24\src\main\resources\rides.temp' is opened by 3132@IVAN

[2025-03-01 18:21:02 #2 type.registry] 
New type domain.User

[2025-03-01 18:21:02 #3 type.registry] 
New type domain.Driver

[2025-03-01 18:21:02 #4 type] 
Type domain.User is not enhanced.

[2025-03-01 18:21:02 #5 type] 
Type domain.Driver is not enhanced.

[2025-03-01 18:21:02 #6 type.registry] 
New type domain.Ride

[2025-03-01 18:21:02 #7 type] 
Type domain.Ride is not enhanced.

[2025-03-01 18:21:03 #8 type.registry] 
New type java.util.Vector<java.lang.Object>

[2025-03-01 18:21:03 #9 type.registry] 
New type java.util.Vector<domain.Ride>

------------------------------------------------------------------------------------------------------------------------

[2025-03-01 18:22:21 #1 store] 
Database 'C:\Users\ipria\git\Rides24\src\main\resources\rides.temp' is opened by 14024@IVAN

[2025-03-01 18:22:21 #2 type.registry] 
New type domain.User

[2025-03-01 18:22:21 #3 type.registry] 
New type domain.Driver

[2025-03-01 18:22:21 #4 type] 
Type domain.User is not enhanced.

[2025-03-01 18:22:21 #5 type] 
Type domain.Driver is not enhanced.

[2025-03-01 18:22:21 #6 type.registry] 
New type domain.Ride

[2025-03-01 18:22:21 #7 type] 
Type domain.Ride is not enhanced.

[2025-03-01 18:22:21 #8 type.registry] 
New type java.util.Vector<java.lang.Object>

[2025-03-01 18:22:21 #9 type.registry] 
New type java.util.Vector<domain.Ride>

------------------------------------------------------------------------------------------------------------------------

[2025-03-01 18:26:27 #1 store] 
Database 'C:\Users\ipria\git\Rides24\src\main\resources\rides.temp' is opened by 18008@IVAN

[2025-03-01 18:26:27 #2 type.registry] 
New type domain.User

[2025-03-01 18:26:27 #3 type.registry] 
New type domain.Driver

[2025-03-01 18:26:27 #4 type] 
Type domain.User is not enhanced.

[2025-03-01 18:26:27 #5 type] 
Type domain.Driver is not enhanced.

[2025-03-01 18:26:27 #6 type.registry] 
New type domain.Ride

[2025-03-01 18:26:27 #7 type] 
Type domain.Ride is not enhanced.

[2025-03-01 18:26:27 #8 type.registry] 
New type java.util.Vector<java.lang.Object>

[2025-03-01 18:26:27 #9 type.registry] 
New type java.util.Vector<domain.Ride>

------------------------------------------------------------------------------------------------------------------------

[2025-03-01 18:29:07 #1 store] 
Database 'C:\Users\ipria\git\Rides24\src\main\resources\rides.temp' is opened by 5404@IVAN

[2025-03-01 18:29:07 #2 type.registry] 
New type domain.User

[2025-03-01 18:29:07 #3 type.registry] 
New type domain.Driver

[2025-03-01 18:29:07 #4 type] 
Type domain.User is not enhanced.

[2025-03-01 18:29:07 #5 type] 
Type domain.Driver is not enhanced.

[2025-03-01 18:29:07 #6 type.registry] 
New type domain.Ride

[2025-03-01 18:29:07 #7 type] 
Type domain.Ride is not enhanced.

[2025-03-01 18:29:07 #8 type.registry] 
New type java.util.Vector<java.lang.Object>

[2025-03-01 18:29:07 #9 type.registry] 
New type java.util.Vector<domain.Ride>

------------------------------------------------------------------------------------------------------------------------

[2025-03-01 18:30:07 #1 store] 
Database 'C:\Users\ipria\git\Rides24\src\main\resources\rides.temp' is opened by 6852@IVAN

[2025-03-01 18:30:07 #2 type.registry] 
New type domain.User

[2025-03-01 18:30:07 #3 type.registry] 
New type domain.Driver

[2025-03-01 18:30:07 #4 type] 
Type domain.User is not enhanced.

[2025-03-01 18:30:07 #5 type] 
Type domain.Driver is not enhanced.

[2025-03-01 18:30:07 #6 type.registry] 
New type domain.Ride

[2025-03-01 18:30:07 #7 type] 
Type domain.Ride is not enhanced.

[2025-03-01 18:30:07 #8 type.registry] 
New type java.util.Vector<java.lang.Object>

[2025-03-01 18:30:07 #9 type.registry] 
New type java.util.Vector<domain.Ride>

------------------------------------------------------------------------------------------------------------------------

[2025-03-01 18:30:32 #1 store] 
Database 'C:\Users\ipria\git\Rides24\src\main\resources\rides.temp' is opened by 3080@IVAN

[2025-03-01 18:30:32 #2 type.registry] 
New type domain.User

[2025-03-01 18:30:32 #3 type.registry] 
New type domain.Driver

[2025-03-01 18:30:32 #4 type] 
Type domain.User is not enhanced.

[2025-03-01 18:30:32 #5 type] 
Type domain.Driver is not enhanced.

[2025-03-01 18:30:32 #6 type.registry] 
New type domain.Ride

[2025-03-01 18:30:32 #7 type] 
Type domain.Ride is not enhanced.

[2025-03-01 18:30:32 #8 type.registry] 
New type java.util.Vector<java.lang.Object>

[2025-03-01 18:30:32 #9 type.registry] 
New type java.util.Vector<domain.Ride>

------------------------------------------------------------------------------------------------------------------------

[2025-03-01 18:30:38 #1 store] 
Database 'C:\Users\ipria\git\Rides24\src\main\resources\rides.temp' is opened by 5236@IVAN

[2025-03-01 18:30:39 #2 type.registry] 
New type domain.User

[2025-03-01 18:30:39 #3 type.registry] 
New type domain.Driver

[2025-03-01 18:30:39 #4 type] 
Type domain.User is not enhanced.

[2025-03-01 18:30:39 #5 type] 
Type domain.Driver is not enhanced.

[2025-03-01 18:30:39 #6 type.registry] 
New type domain.Ride

[2025-03-01 18:30:39 #7 type] 
Type domain.Ride is not enhanced.

[2025-03-01 18:30:39 #8 type.registry] 
New type java.util.Vector<java.lang.Object>

[2025-03-01 18:30:39 #9 type.registry] 
New type java.util.Vector<domain.Ride>

------------------------------------------------------------------------------------------------------------------------

[2025-03-01 18:31:00 #1 store] 
Database 'C:\Users\ipria\git\Rides24\src\main\resources\rides.temp' is opened by 11496@IVAN

[2025-03-01 18:31:00 #2 type.registry] 
New type domain.User

[2025-03-01 18:31:00 #3 type.registry] 
New type domain.Driver

[2025-03-01 18:31:00 #4 type] 
Type domain.User is not enhanced.

[2025-03-01 18:31:00 #5 type] 
Type domain.Driver is not enhanced.

[2025-03-01 18:31:00 #6 type.registry] 
New type domain.Ride

[2025-03-01 18:31:00 #7 type] 
Type domain.Ride is not enhanced.

[2025-03-01 18:31:00 #8 type.registry] 
New type java.util.Vector<java.lang.Object>

[2025-03-01 18:31:00 #9 type.registry] 
New type java.util.Vector<domain.Ride>

------------------------------------------------------------------------------------------------------------------------

[2025-03-01 18:31:15 #1 store] 
Database 'C:\Users\ipria\git\Rides24\src\main\resources\rides.temp' is opened by 11532@IVAN

[2025-03-01 18:31:15 #2 type.registry] 
New type domain.User

[2025-03-01 18:31:15 #3 type.registry] 
New type domain.Driver

[2025-03-01 18:31:15 #4 type] 
Type domain.User is not enhanced.

[2025-03-01 18:31:15 #5 type] 
Type domain.Driver is not enhanced.

[2025-03-01 18:31:15 #6 type.registry] 
New type domain.Ride

[2025-03-01 18:31:15 #7 type] 
Type domain.Ride is not enhanced.

[2025-03-01 18:31:15 #8 type.registry] 
New type java.util.Vector<java.lang.Object>

[2025-03-01 18:31:15 #9 type.registry] 
New type java.util.Vector<domain.Ride>

------------------------------------------------------------------------------------------------------------------------

[2025-03-01 18:31:38 #1 store] 
Database 'C:\Users\ipria\git\Rides24\src\main\resources\rides.temp' is opened by 8844@IVAN

[2025-03-01 18:31:38 #2 type.registry] 
New type domain.User

[2025-03-01 18:31:38 #3 type.registry] 
New type domain.Driver

[2025-03-01 18:31:38 #4 type] 
Type domain.User is not enhanced.

[2025-03-01 18:31:38 #5 type] 
Type domain.Driver is not enhanced.

[2025-03-01 18:31:38 #6 type.registry] 
New type domain.Ride

[2025-03-01 18:31:38 #7 type] 
Type domain.Ride is not enhanced.

[2025-03-01 18:31:38 #8 type.registry] 
New type java.util.Vector<java.lang.Object>

[2025-03-01 18:31:38 #9 type.registry] 
New type java.util.Vector<domain.Ride>

------------------------------------------------------------------------------------------------------------------------

[2025-03-01 18:31:51 #1 store] 
Database 'C:\Users\ipria\git\Rides24\src\main\resources\rides.temp' is opened by 18068@IVAN

[2025-03-01 18:31:51 #2 type.registry] 
New type domain.User

[2025-03-01 18:31:51 #3 type.registry] 
New type domain.Driver

[2025-03-01 18:31:51 #4 type] 
Type domain.User is not enhanced.

[2025-03-01 18:31:51 #5 type] 
Type domain.Driver is not enhanced.

[2025-03-01 18:31:51 #6 type.registry] 
New type domain.Ride

[2025-03-01 18:31:51 #7 type] 
Type domain.Ride is not enhanced.

[2025-03-01 18:31:51 #8 type.registry] 
New type java.util.Vector<java.lang.Object>

[2025-03-01 18:31:51 #9 type.registry] 
New type java.util.Vector<domain.Ride>

------------------------------------------------------------------------------------------------------------------------

[2025-03-01 18:33:02 #1 store] 
Database 'C:\Users\ipria\git\Rides24\src\main\resources\rides.temp' is opened by 12336@IVAN

[2025-03-01 18:33:02 #2 type.registry] 
New type domain.User

[2025-03-01 18:33:02 #3 type.registry] 
New type domain.Driver

[2025-03-01 18:33:02 #4 type] 
Type domain.User is not enhanced.

[2025-03-01 18:33:02 #5 type] 
Type domain.Driver is not enhanced.

[2025-03-01 18:33:02 #6 type.registry] 
New type domain.Ride

[2025-03-01 18:33:02 #7 type] 
Type domain.Ride is not enhanced.

[2025-03-01 18:33:02 #8 type.registry] 
New type java.util.Vector<java.lang.Object>

[2025-03-01 18:33:02 #9 type.registry] 
New type java.util.Vector<domain.Ride>

------------------------------------------------------------------------------------------------------------------------

[2025-03-01 18:35:37 #1 store] 
Database 'C:\Users\ipria\git\Rides24\src\main\resources\rides.temp' is opened by 7368@IVAN

[2025-03-01 18:35:37 #2 type.registry] 
New type domain.User

[2025-03-01 18:35:37 #3 type.registry] 
New type domain.Driver

[2025-03-01 18:35:37 #4 type] 
Type domain.User is not enhanced.

[2025-03-01 18:35:37 #5 type] 
Type domain.Driver is not enhanced.

[2025-03-01 18:35:37 #6 type.registry] 
New type domain.Ride

[2025-03-01 18:35:37 #7 type] 
Type domain.Ride is not enhanced.

[2025-03-01 18:35:37 #8 type.registry] 
New type java.util.Vector<java.lang.Object>

[2025-03-01 18:35:37 #9 type.registry] 
New type java.util.Vector<domain.Ride>

------------------------------------------------------------------------------------------------------------------------

[2025-03-01 18:45:51 #1 store] 
Database 'C:\Users\ipria\git\Rides24\src\main\resources\rides.temp' is opened by 12324@IVAN

[2025-03-01 18:45:51 #2 type.registry] 
New type domain.User

[2025-03-01 18:45:51 #3 type.registry] 
New type domain.Driver

[2025-03-01 18:45:51 #4 type] 
Type domain.User is not enhanced.

[2025-03-01 18:45:51 #5 type] 
Type domain.Driver is not enhanced.

[2025-03-01 18:45:51 #6 type.registry] 
New type domain.Ride

[2025-03-01 18:45:51 #7 type] 
Type domain.Ride is not enhanced.

[2025-03-01 18:45:51 #8 type.registry] 
New type java.util.Vector<java.lang.Object>

[2025-03-01 18:45:51 #9 type.registry] 
New type java.util.Vector<domain.Ride>

------------------------------------------------------------------------------------------------------------------------

[2025-03-01 18:47:20 #1 store] 
Database 'C:\Users\ipria\git\Rides24\src\main\resources\rides.temp' is opened by 14756@IVAN

[2025-03-01 18:47:20 #2 type.registry] 
New type domain.User

[2025-03-01 18:47:20 #3 type.registry] 
New type domain.Driver

[2025-03-01 18:47:20 #4 type] 
Type domain.User is not enhanced.

[2025-03-01 18:47:20 #5 type] 
Type domain.Driver is not enhanced.

[2025-03-01 18:47:20 #6 type.registry] 
New type domain.Ride

[2025-03-01 18:47:20 #7 type] 
Type domain.Ride is not enhanced.

[2025-03-01 18:47:20 #8 type.registry] 
New type java.util.Vector<java.lang.Object>

[2025-03-01 18:47:20 #9 type.registry] 
New type java.util.Vector<domain.Ride>

------------------------------------------------------------------------------------------------------------------------

[2025-03-01 18:48:42 #1 store] 
Database 'C:\Users\ipria\git\Rides24\src\main\resources\rides.temp' is opened by 6544@IVAN

[2025-03-01 18:48:43 #2 type.registry] 
New type domain.User

[2025-03-01 18:48:43 #3 type.registry] 
New type domain.Driver

[2025-03-01 18:48:43 #4 type] 
Type domain.User is not enhanced.

[2025-03-01 18:48:43 #5 type] 
Type domain.Driver is not enhanced.

[2025-03-01 18:48:43 #6 type.registry] 
New type domain.Ride

[2025-03-01 18:48:43 #7 type] 
Type domain.Ride is not enhanced.

[2025-03-01 18:48:43 #8 type.registry] 
New type java.util.Vector<java.lang.Object>

[2025-03-01 18:48:43 #9 type.registry] 
New type java.util.Vector<domain.Ride>

------------------------------------------------------------------------------------------------------------------------

[2025-03-01 18:49:13 #1 store] 
Database 'C:\Users\ipria\git\Rides24\src\main\resources\rides.temp' is opened by 1764@IVAN

[2025-03-01 18:49:13 #2 type.registry] 
New type domain.User

[2025-03-01 18:49:13 #3 type.registry] 
New type domain.Driver

[2025-03-01 18:49:13 #4 type] 
Type domain.User is not enhanced.

[2025-03-01 18:49:13 #5 type] 
Type domain.Driver is not enhanced.

[2025-03-01 18:49:13 #6 type.registry] 
New type domain.Ride

[2025-03-01 18:49:13 #7 type] 
Type domain.Ride is not enhanced.

[2025-03-01 18:49:13 #8 type.registry] 
New type java.util.Vector<java.lang.Object>

[2025-03-01 18:49:13 #9 type.registry] 
New type java.util.Vector<domain.Ride>

------------------------------------------------------------------------------------------------------------------------

[2025-03-01 19:00:10 #1 store] 
Database 'C:\Users\ipria\git\Rides24\src\main\resources\rides.temp' is opened by 11696@IVAN

[2025-03-01 19:00:10 #2 type.registry] 
New type domain.User

[2025-03-01 19:00:10 #3 type.registry] 
New type domain.Driver

[2025-03-01 19:00:10 #4 type] 
Type domain.User is not enhanced.

[2025-03-01 19:00:10 #5 type] 
Type domain.Driver is not enhanced.

[2025-03-01 19:00:10 #6 type.registry] 
New type domain.Ride

[2025-03-01 19:00:10 #7 type] 
Type domain.Ride is not enhanced.

[2025-03-01 19:00:10 #8 type.registry] 
New type java.util.Vector<java.lang.Object>

[2025-03-01 19:00:10 #9 type.registry] 
New type java.util.Vector<domain.Ride>

------------------------------------------------------------------------------------------------------------------------

[2025-03-01 19:07:47 #1 store] 
Database 'C:\Users\ipria\git\Rides24\src\main\resources\rides.temp' is opened by 17720@IVAN

[2025-03-01 19:07:47 #2 type.registry] 
New type domain.User

[2025-03-01 19:07:47 #3 type.registry] 
New type domain.Driver

[2025-03-01 19:07:47 #4 type] 
Type domain.User is not enhanced.

[2025-03-01 19:07:47 #5 type] 
Type domain.Driver is not enhanced.

[2025-03-01 19:07:47 #6 type.registry] 
New type domain.Ride

[2025-03-01 19:07:47 #7 type] 
Type domain.Ride is not enhanced.

[2025-03-01 19:07:47 #8 type.registry] 
New type java.util.Vector<java.lang.Object>

[2025-03-01 19:07:47 #9 type.registry] 
New type java.util.Vector<domain.Ride>

------------------------------------------------------------------------------------------------------------------------

[2025-03-01 19:08:22 #1 store] 
Database 'C:\Users\ipria\git\Rides24\src\main\resources\rides.temp' is opened by 12084@IVAN

[2025-03-01 19:08:22 #2 type.registry] 
New type domain.User

[2025-03-01 19:08:22 #3 type.registry] 
New type domain.Driver

[2025-03-01 19:08:22 #4 type] 
Type domain.User is not enhanced.

[2025-03-01 19:08:22 #5 type] 
Type domain.Driver is not enhanced.

[2025-03-01 19:08:22 #6 type.registry] 
New type domain.Ride

[2025-03-01 19:08:22 #7 type] 
Type domain.Ride is not enhanced.

[2025-03-01 19:08:22 #8 type.registry] 
New type java.util.Vector<java.lang.Object>

[2025-03-01 19:08:22 #9 type.registry] 
New type java.util.Vector<domain.Ride>

------------------------------------------------------------------------------------------------------------------------

[2025-03-01 19:09:13 #1 store] 
Database 'C:\Users\ipria\git\Rides24\src\main\resources\rides.temp' is opened by 4676@IVAN

[2025-03-01 19:09:13 #2 type.registry] 
New type domain.User

[2025-03-01 19:09:13 #3 type.registry] 
New type domain.Driver

[2025-03-01 19:09:13 #4 type] 
Type domain.User is not enhanced.

[2025-03-01 19:09:13 #5 type] 
Type domain.Driver is not enhanced.

[2025-03-01 19:09:13 #6 type.registry] 
New type domain.Ride

[2025-03-01 19:09:13 #7 type] 
Type domain.Ride is not enhanced.

[2025-03-01 19:09:13 #8 type.registry] 
New type java.util.Vector<java.lang.Object>

[2025-03-01 19:09:13 #9 type.registry] 
New type java.util.Vector<domain.Ride>

------------------------------------------------------------------------------------------------------------------------

[2025-03-01 19:09:32 #1 store] 
Database 'C:\Users\ipria\git\Rides24\src\main\resources\rides.temp' is opened by 19412@IVAN

[2025-03-01 19:09:32 #2 type.registry] 
New type domain.User

[2025-03-01 19:09:32 #3 type.registry] 
New type domain.Driver

[2025-03-01 19:09:32 #4 type] 
Type domain.User is not enhanced.

[2025-03-01 19:09:32 #5 type] 
Type domain.Driver is not enhanced.

[2025-03-01 19:09:32 #6 type.registry] 
New type domain.Ride

[2025-03-01 19:09:32 #7 type] 
Type domain.Ride is not enhanced.

[2025-03-01 19:09:32 #8 type.registry] 
New type java.util.Vector<java.lang.Object>

[2025-03-01 19:09:32 #9 type.registry] 
New type java.util.Vector<domain.Ride>

------------------------------------------------------------------------------------------------------------------------

[2025-03-01 19:10:38 #1 store] 
Database 'C:\Users\ipria\git\Rides24\src\main\resources\rides.temp' is opened by 17164@IVAN

[2025-03-01 19:10:38 #2 type.registry] 
New type domain.User

[2025-03-01 19:10:38 #3 type.registry] 
New type domain.Driver

[2025-03-01 19:10:38 #4 type] 
Type domain.User is not enhanced.

[2025-03-01 19:10:38 #5 type] 
Type domain.Driver is not enhanced.

[2025-03-01 19:10:38 #6 type.registry] 
New type domain.Ride

[2025-03-01 19:10:38 #7 type] 
Type domain.Ride is not enhanced.

[2025-03-01 19:10:38 #8 type.registry] 
New type java.util.Vector<java.lang.Object>

[2025-03-01 19:10:38 #9 type.registry] 
New type java.util.Vector<domain.Ride>

------------------------------------------------------------------------------------------------------------------------

[2025-03-01 19:10:48 #1 store] 
Database 'C:\Users\ipria\git\Rides24\src\main\resources\rides.temp' is opened by 15704@IVAN

[2025-03-01 19:10:48 #2 type.registry] 
New type domain.User

[2025-03-01 19:10:48 #3 type.registry] 
New type domain.Driver

[2025-03-01 19:10:48 #4 type] 
Type domain.User is not enhanced.

[2025-03-01 19:10:48 #5 type] 
Type domain.Driver is not enhanced.

[2025-03-01 19:10:48 #6 type.registry] 
New type domain.Ride

[2025-03-01 19:10:48 #7 type] 
Type domain.Ride is not enhanced.

[2025-03-01 19:10:48 #8 type.registry] 
New type java.util.Vector<java.lang.Object>

[2025-03-01 19:10:48 #9 type.registry] 
New type java.util.Vector<domain.Ride>

------------------------------------------------------------------------------------------------------------------------

[2025-03-01 19:12:20 #1 store] 
Database 'C:\Users\ipria\git\Rides24\src\main\resources\rides.temp' is opened by 12976@IVAN

[2025-03-01 19:12:20 #2 type.registry] 
New type domain.User

[2025-03-01 19:12:20 #3 type.registry] 
New type domain.Driver

[2025-03-01 19:12:20 #4 type] 
Type domain.User is not enhanced.

[2025-03-01 19:12:20 #5 type] 
Type domain.Driver is not enhanced.

[2025-03-01 19:12:20 #6 type.registry] 
New type domain.Ride

[2025-03-01 19:12:20 #7 type] 
Type domain.Ride is not enhanced.

[2025-03-01 19:12:20 #8 type.registry] 
New type java.util.Vector<java.lang.Object>

[2025-03-01 19:12:20 #9 type.registry] 
New type java.util.Vector<domain.Ride>

------------------------------------------------------------------------------------------------------------------------

[2025-03-01 19:12:37 #1 store] 
Database 'C:\Users\ipria\git\Rides24\src\main\resources\rides.temp' is opened by 11764@IVAN

[2025-03-01 19:12:37 #2 type.registry] 
New type domain.User

[2025-03-01 19:12:37 #3 type.registry] 
New type domain.Driver

[2025-03-01 19:12:37 #4 type] 
Type domain.User is not enhanced.

[2025-03-01 19:12:37 #5 type] 
Type domain.Driver is not enhanced.

[2025-03-01 19:12:37 #6 type.registry] 
New type domain.Ride

[2025-03-01 19:12:37 #7 type] 
Type domain.Ride is not enhanced.

[2025-03-01 19:12:38 #8 type.registry] 
New type java.util.Vector<java.lang.Object>

[2025-03-01 19:12:38 #9 type.registry] 
New type java.util.Vector<domain.Ride>

------------------------------------------------------------------------------------------------------------------------

[2025-03-01 19:12:59 #1 store] 
Database 'C:\Users\ipria\git\Rides24\src\main\resources\rides.temp' is opened by 19064@IVAN

[2025-03-01 19:12:59 #2 type.registry] 
New type domain.User

[2025-03-01 19:12:59 #3 type.registry] 
New type domain.Driver

[2025-03-01 19:12:59 #4 type] 
Type domain.User is not enhanced.

[2025-03-01 19:12:59 #5 type] 
Type domain.Driver is not enhanced.

[2025-03-01 19:12:59 #6 type.registry] 
New type domain.Ride

[2025-03-01 19:12:59 #7 type] 
Type domain.Ride is not enhanced.

[2025-03-01 19:12:59 #8 type.registry] 
New type java.util.Vector<java.lang.Object>

[2025-03-01 19:12:59 #9 type.registry] 
New type java.util.Vector<domain.Ride>

------------------------------------------------------------------------------------------------------------------------

[2025-03-01 19:13:38 #1 store] 
Database 'C:\Users\ipria\git\Rides24\src\main\resources\rides.temp' is opened by 12220@IVAN

[2025-03-01 19:13:38 #2 type.registry] 
New type domain.User

[2025-03-01 19:13:38 #3 type.registry] 
New type domain.Driver

[2025-03-01 19:13:38 #4 type] 
Type domain.User is not enhanced.

[2025-03-01 19:13:38 #5 type] 
Type domain.Driver is not enhanced.

[2025-03-01 19:13:38 #6 type.registry] 
New type domain.Ride

[2025-03-01 19:13:38 #7 type] 
Type domain.Ride is not enhanced.

[2025-03-01 19:13:38 #8 type.registry] 
New type java.util.Vector<java.lang.Object>

[2025-03-01 19:13:38 #9 type.registry] 
New type java.util.Vector<domain.Ride>

------------------------------------------------------------------------------------------------------------------------

[2025-03-01 19:14:15 #1 store] 
Database 'C:\Users\ipria\git\Rides24\src\main\resources\rides.temp' is opened by 17960@IVAN

[2025-03-01 19:14:15 #2 type.registry] 
New type domain.User

[2025-03-01 19:14:15 #3 type.registry] 
New type domain.Driver

[2025-03-01 19:14:15 #4 type] 
Type domain.User is not enhanced.

[2025-03-01 19:14:15 #5 type] 
Type domain.Driver is not enhanced.

[2025-03-01 19:14:15 #6 type.registry] 
New type domain.Ride

[2025-03-01 19:14:15 #7 type] 
Type domain.Ride is not enhanced.

[2025-03-01 19:14:15 #8 type.registry] 
New type java.util.Vector<java.lang.Object>

[2025-03-01 19:14:15 #9 type.registry] 
New type java.util.Vector<domain.Ride>

------------------------------------------------------------------------------------------------------------------------

[2025-03-01 19:15:12 #1 store] 
Database 'C:\Users\ipria\git\Rides24\src\main\resources\rides.temp' is opened by 12256@IVAN

[2025-03-01 19:15:12 #2 type.registry] 
New type domain.User

[2025-03-01 19:15:12 #3 type.registry] 
New type domain.Driver

[2025-03-01 19:15:12 #4 type] 
Type domain.User is not enhanced.

[2025-03-01 19:15:12 #5 type] 
Type domain.Driver is not enhanced.

[2025-03-01 19:15:12 #6 type.registry] 
New type domain.Ride

[2025-03-01 19:15:12 #7 type] 
Type domain.Ride is not enhanced.

[2025-03-01 19:15:12 #8 type.registry] 
New type java.util.Vector<java.lang.Object>

[2025-03-01 19:15:12 #9 type.registry] 
New type java.util.Vector<domain.Ride>

------------------------------------------------------------------------------------------------------------------------

[2025-03-01 19:19:16 #1 store] 
Database 'C:\Users\ipria\git\Rides24\src\main\resources\rides.temp' is opened by 14184@IVAN

[2025-03-01 19:19:17 #2 type.registry] 
New type domain.User

[2025-03-01 19:19:17 #3 type.registry] 
New type domain.Driver

[2025-03-01 19:19:17 #4 type] 
Type domain.User is not enhanced.

[2025-03-01 19:19:17 #5 type] 
Type domain.Driver is not enhanced.

[2025-03-01 19:19:17 #6 type.registry] 
New type domain.Ride

[2025-03-01 19:19:17 #7 type] 
Type domain.Ride is not enhanced.

[2025-03-01 19:19:17 #8 type.registry] 
New type java.util.Vector<java.lang.Object>

[2025-03-01 19:19:17 #9 type.registry] 
New type java.util.Vector<domain.Ride>

------------------------------------------------------------------------------------------------------------------------

[2025-03-01 19:20:12 #1 store] 
Database 'C:\Users\ipria\git\Rides24\src\main\resources\rides.temp' is opened by 880@IVAN

[2025-03-01 19:20:13 #2 type.registry] 
New type domain.User

[2025-03-01 19:20:13 #3 type.registry] 
New type domain.Driver

[2025-03-01 19:20:13 #4 type] 
Type domain.User is not enhanced.

[2025-03-01 19:20:13 #5 type] 
Type domain.Driver is not enhanced.

[2025-03-01 19:20:13 #6 type.registry] 
New type domain.Ride

[2025-03-01 19:20:13 #7 type] 
Type domain.Ride is not enhanced.

[2025-03-01 19:20:13 #8 type.registry] 
New type java.util.Vector<java.lang.Object>

[2025-03-01 19:20:13 #9 type.registry] 
New type java.util.Vector<domain.Ride>

------------------------------------------------------------------------------------------------------------------------

[2025-03-01 19:24:44 #1 store] 
Database 'C:\Users\ipria\git\Rides24\src\main\resources\rides.temp' is opened by 1892@IVAN

[2025-03-01 19:24:44 #2 type.registry] 
New type domain.User

[2025-03-01 19:24:44 #3 type.registry] 
New type domain.Driver

[2025-03-01 19:24:44 #4 type] 
Type domain.User is not enhanced.

[2025-03-01 19:24:44 #5 type] 
Type domain.Driver is not enhanced.

[2025-03-01 19:24:44 #6 type.registry] 
New type domain.Ride

[2025-03-01 19:24:44 #7 type] 
Type domain.Ride is not enhanced.

[2025-03-01 19:24:44 #8 type.registry] 
New type java.util.Vector<java.lang.Object>

[2025-03-01 19:24:44 #9 type.registry] 
New type java.util.Vector<domain.Ride>

------------------------------------------------------------------------------------------------------------------------

[2025-03-01 19:25:22 #1 store] 
Database 'C:\Users\ipria\git\Rides24\src\main\resources\rides.temp' is opened by 18148@IVAN

[2025-03-01 19:25:22 #2 type.registry] 
New type domain.User

[2025-03-01 19:25:22 #3 type.registry] 
New type domain.Driver

[2025-03-01 19:25:22 #4 type] 
Type domain.User is not enhanced.

[2025-03-01 19:25:22 #5 type] 
Type domain.Driver is not enhanced.

[2025-03-01 19:25:22 #6 type.registry] 
New type domain.Ride

[2025-03-01 19:25:22 #7 type] 
Type domain.Ride is not enhanced.

[2025-03-01 19:25:22 #8 type.registry] 
New type java.util.Vector<java.lang.Object>

[2025-03-01 19:25:22 #9 type.registry] 
New type java.util.Vector<domain.Ride>

------------------------------------------------------------------------------------------------------------------------

[2025-03-01 19:27:26 #1 store] 
Database 'C:\Users\ipria\git\Rides24\src\main\resources\rides.temp' is opened by 1824@IVAN

[2025-03-01 19:27:27 #2 type.registry] 
New type domain.User

[2025-03-01 19:27:27 #3 type.registry] 
New type domain.Driver

[2025-03-01 19:27:27 #4 type] 
Type domain.User is not enhanced.

[2025-03-01 19:27:27 #5 type] 
Type domain.Driver is not enhanced.

[2025-03-01 19:27:27 #6 type.registry] 
New type domain.Ride

[2025-03-01 19:27:27 #7 type] 
Type domain.Ride is not enhanced.

[2025-03-01 19:27:27 #8 type.registry] 
New type java.util.Vector<java.lang.Object>

[2025-03-01 19:27:27 #9 type.registry] 
New type java.util.Vector<domain.Ride>

------------------------------------------------------------------------------------------------------------------------

[2025-03-01 19:30:07 #1 store] 
Database 'C:\Users\ipria\git\Rides24\src\main\resources\rides.temp' is opened by 11384@IVAN

[2025-03-01 19:30:07 #2 type.registry] 
New type domain.User

[2025-03-01 19:30:07 #3 type.registry] 
New type domain.Driver

[2025-03-01 19:30:07 #4 type] 
Type domain.User is not enhanced.

[2025-03-01 19:30:07 #5 type] 
Type domain.Driver is not enhanced.

[2025-03-01 19:30:07 #6 type.registry] 
New type domain.Ride

[2025-03-01 19:30:07 #7 type] 
Type domain.Ride is not enhanced.

[2025-03-01 19:30:07 #8 type.registry] 
New type java.util.Vector<java.lang.Object>

[2025-03-01 19:30:07 #9 type.registry] 
New type java.util.Vector<domain.Ride>

------------------------------------------------------------------------------------------------------------------------

[2025-03-01 19:32:34 #1 store] 
Database 'C:\Users\ipria\git\Rides24\src\main\resources\rides.temp' is opened by 5084@IVAN

[2025-03-01 19:32:34 #2 type.registry] 
New type domain.User

[2025-03-01 19:32:34 #3 type.registry] 
New type domain.Driver

[2025-03-01 19:32:34 #4 type] 
Type domain.User is not enhanced.

[2025-03-01 19:32:34 #5 type] 
Type domain.Driver is not enhanced.

[2025-03-01 19:32:34 #6 type.registry] 
New type domain.Ride

[2025-03-01 19:32:34 #7 type] 
Type domain.Ride is not enhanced.

[2025-03-01 19:32:34 #8 type.registry] 
New type java.util.Vector<java.lang.Object>

[2025-03-01 19:32:34 #9 type.registry] 
New type java.util.Vector<domain.Ride>

------------------------------------------------------------------------------------------------------------------------

[2025-03-01 19:32:49 #1 store] 
Database 'C:\Users\ipria\git\Rides24\src\main\resources\rides.temp' is opened by 3992@IVAN

[2025-03-01 19:32:49 #2 type.registry] 
New type domain.User

[2025-03-01 19:32:49 #3 type.registry] 
New type domain.Driver

[2025-03-01 19:32:49 #4 type] 
Type domain.User is not enhanced.

[2025-03-01 19:32:49 #5 type] 
Type domain.Driver is not enhanced.

[2025-03-01 19:32:49 #6 type.registry] 
New type domain.Ride

[2025-03-01 19:32:49 #7 type] 
Type domain.Ride is not enhanced.

[2025-03-01 19:32:49 #8 type.registry] 
New type java.util.Vector<java.lang.Object>

[2025-03-01 19:32:49 #9 type.registry] 
New type java.util.Vector<domain.Ride>

------------------------------------------------------------------------------------------------------------------------

[2025-03-01 19:33:11 #1 store] 
Database 'C:\Users\ipria\git\Rides24\src\main\resources\rides.temp' is opened by 19236@IVAN

[2025-03-01 19:33:12 #2 type.registry] 
New type domain.User

[2025-03-01 19:33:12 #3 type.registry] 
New type domain.Driver

[2025-03-01 19:33:12 #4 type] 
Type domain.User is not enhanced.

[2025-03-01 19:33:12 #5 type] 
Type domain.Driver is not enhanced.

[2025-03-01 19:33:12 #6 type.registry] 
New type domain.Ride

[2025-03-01 19:33:12 #7 type] 
Type domain.Ride is not enhanced.

[2025-03-01 19:33:12 #8 type.registry] 
New type java.util.Vector<java.lang.Object>

[2025-03-01 19:33:12 #9 type.registry] 
New type java.util.Vector<domain.Ride>

------------------------------------------------------------------------------------------------------------------------

[2025-03-01 19:33:24 #1 store] 
Database 'C:\Users\ipria\git\Rides24\src\main\resources\rides.temp' is opened by 15444@IVAN

[2025-03-01 19:33:24 #2 type.registry] 
New type domain.User

[2025-03-01 19:33:24 #3 type.registry] 
New type domain.Driver

[2025-03-01 19:33:24 #4 type] 
Type domain.User is not enhanced.

[2025-03-01 19:33:24 #5 type] 
Type domain.Driver is not enhanced.

[2025-03-01 19:33:24 #6 type.registry] 
New type domain.Ride

[2025-03-01 19:33:24 #7 type] 
Type domain.Ride is not enhanced.

[2025-03-01 19:33:24 #8 type.registry] 
New type java.util.Vector<java.lang.Object>

[2025-03-01 19:33:24 #9 type.registry] 
New type java.util.Vector<domain.Ride>

------------------------------------------------------------------------------------------------------------------------

[2025-03-01 19:33:41 #1 store] 
Database 'C:\Users\ipria\git\Rides24\src\main\resources\rides.temp' is opened by 17068@IVAN

[2025-03-01 19:33:41 #2 type.registry] 
New type domain.User

[2025-03-01 19:33:41 #3 type.registry] 
New type domain.Driver

[2025-03-01 19:33:41 #4 type] 
Type domain.User is not enhanced.

[2025-03-01 19:33:41 #5 type] 
Type domain.Driver is not enhanced.

[2025-03-01 19:33:41 #6 type.registry] 
New type domain.Ride

[2025-03-01 19:33:41 #7 type] 
Type domain.Ride is not enhanced.

[2025-03-01 19:33:41 #8 type.registry] 
New type java.util.Vector<java.lang.Object>

[2025-03-01 19:33:41 #9 type.registry] 
New type java.util.Vector<domain.Ride>

------------------------------------------------------------------------------------------------------------------------

[2025-03-01 19:34:22 #1 store] 
Database 'C:\Users\ipria\git\Rides24\src\main\resources\rides.temp' is opened by 10816@IVAN

[2025-03-01 19:34:22 #2 type.registry] 
New type domain.User

[2025-03-01 19:34:22 #3 type.registry] 
New type domain.Driver

[2025-03-01 19:34:22 #4 type] 
Type domain.User is not enhanced.

[2025-03-01 19:34:22 #5 type] 
Type domain.Driver is not enhanced.

[2025-03-01 19:34:22 #6 type.registry] 
New type domain.Ride

[2025-03-01 19:34:22 #7 type] 
Type domain.Ride is not enhanced.

[2025-03-01 19:34:22 #8 type.registry] 
New type java.util.Vector<java.lang.Object>

[2025-03-01 19:34:22 #9 type.registry] 
New type java.util.Vector<domain.Ride>

------------------------------------------------------------------------------------------------------------------------

[2025-03-01 19:34:55 #1 store] 
Database 'C:\Users\ipria\git\Rides24\src\main\resources\rides.temp' is opened by 17892@IVAN

[2025-03-01 19:34:55 #2 type.registry] 
New type domain.User

[2025-03-01 19:34:55 #3 type.registry] 
New type domain.Driver

[2025-03-01 19:34:55 #4 type] 
Type domain.User is not enhanced.

[2025-03-01 19:34:55 #5 type] 
Type domain.Driver is not enhanced.

[2025-03-01 19:34:55 #6 type.registry] 
New type domain.Ride

[2025-03-01 19:34:55 #7 type] 
Type domain.Ride is not enhanced.

[2025-03-01 19:34:55 #8 type.registry] 
New type java.util.Vector<java.lang.Object>

[2025-03-01 19:34:55 #9 type.registry] 
New type java.util.Vector<domain.Ride>

------------------------------------------------------------------------------------------------------------------------

[2025-03-01 19:35:18 #1 store] 
Database 'C:\Users\ipria\git\Rides24\src\main\resources\rides.temp' is opened by 17720@IVAN

[2025-03-01 19:35:18 #2 type.registry] 
New type domain.User

[2025-03-01 19:35:18 #3 type.registry] 
New type domain.Driver

[2025-03-01 19:35:18 #4 type] 
Type domain.User is not enhanced.

[2025-03-01 19:35:18 #5 type] 
Type domain.Driver is not enhanced.

[2025-03-01 19:35:18 #6 type.registry] 
New type domain.Ride

[2025-03-01 19:35:18 #7 type] 
Type domain.Ride is not enhanced.

[2025-03-01 19:35:18 #8 type.registry] 
New type java.util.Vector<java.lang.Object>

[2025-03-01 19:35:18 #9 type.registry] 
New type java.util.Vector<domain.Ride>

------------------------------------------------------------------------------------------------------------------------

[2025-03-01 19:35:39 #1 store] 
Database 'C:\Users\ipria\git\Rides24\src\main\resources\rides.temp' is opened by 4936@IVAN

[2025-03-01 19:35:39 #2 type.registry] 
New type domain.User

[2025-03-01 19:35:39 #3 type.registry] 
New type domain.Driver

[2025-03-01 19:35:39 #4 type] 
Type domain.User is not enhanced.

[2025-03-01 19:35:39 #5 type] 
Type domain.Driver is not enhanced.

[2025-03-01 19:35:39 #6 type.registry] 
New type domain.Ride

[2025-03-01 19:35:39 #7 type] 
Type domain.Ride is not enhanced.

[2025-03-01 19:35:39 #8 type.registry] 
New type java.util.Vector<java.lang.Object>

[2025-03-01 19:35:39 #9 type.registry] 
New type java.util.Vector<domain.Ride>

------------------------------------------------------------------------------------------------------------------------

[2025-03-01 19:36:10 #1 store] 
Database 'C:\Users\ipria\git\Rides24\src\main\resources\rides.temp' is opened by 3920@IVAN

[2025-03-01 19:36:10 #2 type.registry] 
New type domain.User

[2025-03-01 19:36:10 #3 type.registry] 
New type domain.Driver

[2025-03-01 19:36:10 #4 type] 
Type domain.User is not enhanced.

[2025-03-01 19:36:10 #5 type] 
Type domain.Driver is not enhanced.

[2025-03-01 19:36:10 #6 type.registry] 
New type domain.Ride

[2025-03-01 19:36:10 #7 type] 
Type domain.Ride is not enhanced.

[2025-03-01 19:36:10 #8 type.registry] 
New type java.util.Vector<java.lang.Object>

[2025-03-01 19:36:10 #9 type.registry] 
New type java.util.Vector<domain.Ride>

------------------------------------------------------------------------------------------------------------------------

[2025-03-01 19:36:51 #1 store] 
Database 'C:\Users\ipria\git\Rides24\src\main\resources\rides.temp' is opened by 12060@IVAN

[2025-03-01 19:36:51 #2 type.registry] 
New type domain.User

[2025-03-01 19:36:51 #3 type.registry] 
New type domain.Driver

[2025-03-01 19:36:51 #4 type] 
Type domain.User is not enhanced.

[2025-03-01 19:36:51 #5 type] 
Type domain.Driver is not enhanced.

[2025-03-01 19:36:51 #6 type.registry] 
New type domain.Ride

[2025-03-01 19:36:51 #7 type] 
Type domain.Ride is not enhanced.

[2025-03-01 19:36:51 #8 type.registry] 
New type java.util.Vector<java.lang.Object>

[2025-03-01 19:36:51 #9 type.registry] 
New type java.util.Vector<domain.Ride>

------------------------------------------------------------------------------------------------------------------------

[2025-03-01 19:39:12 #1 store] 
Database 'C:\Users\ipria\git\Rides24\src\main\resources\rides.temp' is opened by 14496@IVAN

[2025-03-01 19:39:12 #2 type.registry] 
New type domain.User

[2025-03-01 19:39:12 #3 type.registry] 
New type domain.Driver

[2025-03-01 19:39:12 #4 type] 
Type domain.User is not enhanced.

[2025-03-01 19:39:12 #5 type] 
Type domain.Driver is not enhanced.

[2025-03-01 19:39:12 #6 type.registry] 
New type domain.Ride

[2025-03-01 19:39:12 #7 type] 
Type domain.Ride is not enhanced.

[2025-03-01 19:39:12 #8 type.registry] 
New type java.util.Vector<java.lang.Object>

[2025-03-01 19:39:12 #9 type.registry] 
New type java.util.Vector<domain.Ride>

------------------------------------------------------------------------------------------------------------------------

[2025-03-01 19:41:24 #1 store] 
Database 'C:\Users\ipria\git\Rides24\src\main\resources\rides.temp' is opened by 6532@IVAN

[2025-03-01 19:41:25 #2 type.registry] 
New type domain.User

[2025-03-01 19:41:25 #3 type.registry] 
New type domain.Driver

[2025-03-01 19:41:25 #4 type] 
Type domain.User is not enhanced.

[2025-03-01 19:41:25 #5 type] 
Type domain.Driver is not enhanced.

[2025-03-01 19:41:25 #6 type.registry] 
New type domain.Ride

[2025-03-01 19:41:25 #7 type] 
Type domain.Ride is not enhanced.

[2025-03-01 19:41:25 #8 type.registry] 
New type java.util.Vector<java.lang.Object>

[2025-03-01 19:41:25 #9 type.registry] 
New type java.util.Vector<domain.Ride>

------------------------------------------------------------------------------------------------------------------------

[2025-03-01 19:42:01 #1 store] 
Database 'C:\Users\ipria\git\Rides24\src\main\resources\rides.temp' is opened by 17236@IVAN

[2025-03-01 19:42:01 #2 type.registry] 
New type domain.User

[2025-03-01 19:42:01 #3 type.registry] 
New type domain.Driver

[2025-03-01 19:42:01 #4 type] 
Type domain.User is not enhanced.

[2025-03-01 19:42:01 #5 type] 
Type domain.Driver is not enhanced.

[2025-03-01 19:42:01 #6 type.registry] 
New type domain.Ride

[2025-03-01 19:42:01 #7 type] 
Type domain.Ride is not enhanced.

[2025-03-01 19:42:01 #8 type.registry] 
New type java.util.Vector<java.lang.Object>

[2025-03-01 19:42:01 #9 type.registry] 
New type java.util.Vector<domain.Ride>

------------------------------------------------------------------------------------------------------------------------

[2025-03-01 19:42:13 #1 store] 
Database 'C:\Users\ipria\git\Rides24\src\main\resources\rides.temp' is opened by 16980@IVAN

[2025-03-01 19:42:13 #2 type.registry] 
New type domain.User

[2025-03-01 19:42:13 #3 type.registry] 
New type domain.Driver

[2025-03-01 19:42:13 #4 type] 
Type domain.User is not enhanced.

[2025-03-01 19:42:13 #5 type] 
Type domain.Driver is not enhanced.

[2025-03-01 19:42:13 #6 type.registry] 
New type domain.Ride

[2025-03-01 19:42:13 #7 type] 
Type domain.Ride is not enhanced.

[2025-03-01 19:42:13 #8 type.registry] 
New type java.util.Vector<java.lang.Object>

[2025-03-01 19:42:13 #9 type.registry] 
New type java.util.Vector<domain.Ride>

------------------------------------------------------------------------------------------------------------------------

[2025-03-01 19:42:35 #1 store] 
Database 'C:\Users\ipria\git\Rides24\src\main\resources\rides.temp' is opened by 11292@IVAN

[2025-03-01 19:42:35 #2 type.registry] 
New type domain.User

[2025-03-01 19:42:35 #3 type.registry] 
New type domain.Driver

[2025-03-01 19:42:35 #4 type] 
Type domain.User is not enhanced.

[2025-03-01 19:42:35 #5 type] 
Type domain.Driver is not enhanced.

[2025-03-01 19:42:35 #6 type.registry] 
New type domain.Ride

[2025-03-01 19:42:35 #7 type] 
Type domain.Ride is not enhanced.

[2025-03-01 19:42:35 #8 type.registry] 
New type java.util.Vector<java.lang.Object>

[2025-03-01 19:42:35 #9 type.registry] 
New type java.util.Vector<domain.Ride>

------------------------------------------------------------------------------------------------------------------------

[2025-03-01 19:43:15 #1 store] 
Database 'C:\Users\ipria\git\Rides24\src\main\resources\rides.temp' is opened by 5532@IVAN

[2025-03-01 19:43:15 #2 type.registry] 
New type domain.User

[2025-03-01 19:43:15 #3 type.registry] 
New type domain.Driver

[2025-03-01 19:43:15 #4 type] 
Type domain.User is not enhanced.

[2025-03-01 19:43:15 #5 type] 
Type domain.Driver is not enhanced.

[2025-03-01 19:43:15 #6 type.registry] 
New type domain.Ride

[2025-03-01 19:43:15 #7 type] 
Type domain.Ride is not enhanced.

[2025-03-01 19:43:15 #8 type.registry] 
New type java.util.Vector<java.lang.Object>

[2025-03-01 19:43:15 #9 type.registry] 
New type java.util.Vector<domain.Ride>

------------------------------------------------------------------------------------------------------------------------

[2025-03-01 19:43:31 #1 store] 
Database 'C:\Users\ipria\git\Rides24\src\main\resources\rides.temp' is opened by 9716@IVAN

[2025-03-01 19:43:31 #2 type.registry] 
New type domain.User

[2025-03-01 19:43:31 #3 type.registry] 
New type domain.Driver

[2025-03-01 19:43:31 #4 type] 
Type domain.User is not enhanced.

[2025-03-01 19:43:31 #5 type] 
Type domain.Driver is not enhanced.

[2025-03-01 19:43:31 #6 type.registry] 
New type domain.Ride

[2025-03-01 19:43:31 #7 type] 
Type domain.Ride is not enhanced.

[2025-03-01 19:43:31 #8 type.registry] 
New type java.util.Vector<java.lang.Object>

[2025-03-01 19:43:31 #9 type.registry] 
New type java.util.Vector<domain.Ride>

------------------------------------------------------------------------------------------------------------------------

[2025-03-01 19:46:28 #1 store] 
Database 'C:\Users\ipria\git\Rides24\src\main\resources\rides.temp' is opened by 6704@IVAN

[2025-03-01 19:46:28 #2 type.registry] 
New type domain.User

[2025-03-01 19:46:28 #3 type.registry] 
New type domain.Driver

[2025-03-01 19:46:28 #4 type] 
Type domain.User is not enhanced.

[2025-03-01 19:46:28 #5 type] 
Type domain.Driver is not enhanced.

[2025-03-01 19:46:28 #6 type.registry] 
New type domain.Ride

[2025-03-01 19:46:28 #7 type] 
Type domain.Ride is not enhanced.

[2025-03-01 19:46:28 #8 type.registry] 
New type java.util.Vector<java.lang.Object>

[2025-03-01 19:46:28 #9 type.registry] 
New type java.util.Vector<domain.Ride>

------------------------------------------------------------------------------------------------------------------------

[2025-03-01 19:47:10 #1 store] 
Database 'C:\Users\ipria\git\Rides24\src\main\resources\rides.temp' is opened by 11696@IVAN

[2025-03-01 19:47:10 #2 type.registry] 
New type domain.User

[2025-03-01 19:47:10 #3 type.registry] 
New type domain.Driver

[2025-03-01 19:47:10 #4 type] 
Type domain.User is not enhanced.

[2025-03-01 19:47:10 #5 type] 
Type domain.Driver is not enhanced.

[2025-03-01 19:47:10 #6 type.registry] 
New type domain.Ride

[2025-03-01 19:47:10 #7 type] 
Type domain.Ride is not enhanced.

[2025-03-01 19:47:10 #8 type.registry] 
New type java.util.Vector<java.lang.Object>

[2025-03-01 19:47:10 #9 type.registry] 
New type java.util.Vector<domain.Ride>

------------------------------------------------------------------------------------------------------------------------

[2025-03-01 19:49:05 #1 store] 
Database 'C:\Users\ipria\git\Rides24\src\main\resources\rides.temp' is opened by 2108@IVAN

[2025-03-01 19:49:05 #2 type.registry] 
New type domain.User

[2025-03-01 19:49:05 #3 type.registry] 
New type domain.Driver

[2025-03-01 19:49:05 #4 type] 
Type domain.User is not enhanced.

[2025-03-01 19:49:05 #5 type] 
Type domain.Driver is not enhanced.

[2025-03-01 19:49:05 #6 type.registry] 
New type domain.Ride

[2025-03-01 19:49:05 #7 type] 
Type domain.Ride is not enhanced.

[2025-03-01 19:49:05 #8 type.registry] 
New type java.util.Vector<java.lang.Object>

[2025-03-01 19:49:05 #9 type.registry] 
New type java.util.Vector<domain.Ride>

