------------------------------------------------------------------------------------------------------------------------

[2025-02-24 10:34:28 #1 store] 
Database 'C:\Users\ipria\git\Rides24\src\main\resources\rides.temp' is opened by 9400@IVAN

[2025-02-24 10:34:28 #2 type.registry] 
New type domain.User

[2025-02-24 10:34:28 #3 type.registry] 
New type domain.Driver

[2025-02-24 10:34:28 #4 type] 
Type domain.User is not enhanced.

[2025-02-24 10:34:28 #5 type] 
Type domain.Driver is not enhanced.

[2025-02-24 10:34:28 #6 type.registry] 
New type domain.Ride

[2025-02-24 10:34:28 #7 type] 
Type domain.Ride is not enhanced.

[2025-02-24 10:34:28 #8 type.registry] 
New type java.util.Vector<java.lang.Object>

[2025-02-24 10:34:28 #9 type.registry] 
New type java.util.Vector<domain.Ride>

------------------------------------------------------------------------------------------------------------------------

[2025-02-24 10:56:34 #1 store] 
Database 'C:\Users\ipria\git\Rides24\src\main\resources\rides.temp' is opened by 18620@IVAN

[2025-02-24 10:56:34 #2 type.registry] 
New type domain.User

[2025-02-24 10:56:34 #3 type.registry] 
New type domain.Driver

[2025-02-24 10:56:34 #4 type] 
Type domain.User is not enhanced.

[2025-02-24 10:56:34 #5 type] 
Type domain.Driver is not enhanced.

[2025-02-24 10:56:34 #6 type.registry] 
New type domain.Ride

[2025-02-24 10:56:34 #7 type] 
Type domain.Ride is not enhanced.

[2025-02-24 10:56:34 #8 type.registry] 
New type java.util.Vector<java.lang.Object>

[2025-02-24 10:56:34 #9 type.registry] 
New type java.util.Vector<domain.Ride>

------------------------------------------------------------------------------------------------------------------------

[2025-02-24 10:57:07 #1 store] 
Database 'C:\Users\ipria\git\Rides24\src\main\resources\rides.temp' is opened by 19056@IVAN

[2025-02-24 10:57:07 #2 type.registry] 
New type domain.User

[2025-02-24 10:57:07 #3 type.registry] 
New type domain.Driver

[2025-02-24 10:57:07 #4 type] 
Type domain.User is not enhanced.

[2025-02-24 10:57:07 #5 type] 
Type domain.Driver is not enhanced.

[2025-02-24 10:57:07 #6 type.registry] 
New type domain.Ride

[2025-02-24 10:57:07 #7 type] 
Type domain.Ride is not enhanced.

[2025-02-24 10:57:07 #8 type.registry] 
New type java.util.Vector<java.lang.Object>

[2025-02-24 10:57:07 #9 type.registry] 
New type java.util.Vector<domain.Ride>

------------------------------------------------------------------------------------------------------------------------

[2025-02-24 10:57:37 #1 store] 
Database 'C:\Users\ipria\git\Rides24\src\main\resources\rides.temp' is opened by 4848@IVAN

[2025-02-24 10:57:37 #2 type.registry] 
New type domain.User

[2025-02-24 10:57:37 #3 type.registry] 
New type domain.Driver

[2025-02-24 10:57:37 #4 type] 
Type domain.User is not enhanced.

[2025-02-24 10:57:37 #5 type] 
Type domain.Driver is not enhanced.

[2025-02-24 10:57:37 #6 type.registry] 
New type domain.Ride

[2025-02-24 10:57:37 #7 type] 
Type domain.Ride is not enhanced.

[2025-02-24 10:57:37 #8 type.registry] 
New type java.util.Vector<java.lang.Object>

[2025-02-24 10:57:37 #9 type.registry] 
New type java.util.Vector<domain.Ride>

------------------------------------------------------------------------------------------------------------------------

[2025-02-24 10:58:17 #1 store] 
Database 'C:\Users\ipria\git\Rides24\src\main\resources\rides.temp' is opened by 5132@IVAN

[2025-02-24 10:58:17 #2 type.registry] 
New type domain.User

[2025-02-24 10:58:17 #3 type.registry] 
New type domain.Driver

[2025-02-24 10:58:17 #4 type] 
Type domain.User is not enhanced.

[2025-02-24 10:58:17 #5 type] 
Type domain.Driver is not enhanced.

[2025-02-24 10:58:17 #6 type.registry] 
New type domain.Ride

[2025-02-24 10:58:17 #7 type] 
Type domain.Ride is not enhanced.

[2025-02-24 10:58:17 #8 type.registry] 
New type java.util.Vector<java.lang.Object>

[2025-02-24 10:58:17 #9 type.registry] 
New type java.util.Vector<domain.Ride>

------------------------------------------------------------------------------------------------------------------------

[2025-02-24 11:00:17 #1 store] 
Database 'C:\Users\ipria\git\Rides24\src\main\resources\rides.temp' is opened by 5472@IVAN

[2025-02-24 11:00:17 #2 type.registry] 
New type domain.User

[2025-02-24 11:00:17 #3 type.registry] 
New type domain.Driver

[2025-02-24 11:00:17 #4 type] 
Type domain.User is not enhanced.

[2025-02-24 11:00:17 #5 type] 
Type domain.Driver is not enhanced.

[2025-02-24 11:00:17 #6 type.registry] 
New type domain.Ride

[2025-02-24 11:00:17 #7 type] 
Type domain.Ride is not enhanced.

[2025-02-24 11:00:17 #8 type.registry] 
New type java.util.Vector<java.lang.Object>

[2025-02-24 11:00:17 #9 type.registry] 
New type java.util.Vector<domain.Ride>

------------------------------------------------------------------------------------------------------------------------

[2025-02-24 11:04:45 #1 store] 
Database 'C:\Users\ipria\git\Rides24\src\main\resources\rides.temp' is opened by 18128@IVAN

[2025-02-24 11:04:45 #2 type.registry] 
New type domain.User

[2025-02-24 11:04:45 #3 type.registry] 
New type domain.Driver

[2025-02-24 11:04:45 #4 type] 
Type domain.User is not enhanced.

[2025-02-24 11:04:45 #5 type] 
Type domain.Driver is not enhanced.

[2025-02-24 11:04:45 #6 type.registry] 
New type domain.Ride

[2025-02-24 11:04:45 #7 type] 
Type domain.Ride is not enhanced.

[2025-02-24 11:04:45 #8 type.registry] 
New type java.util.Vector<java.lang.Object>

[2025-02-24 11:04:45 #9 type.registry] 
New type java.util.Vector<domain.Ride>

------------------------------------------------------------------------------------------------------------------------

[2025-02-24 11:12:29 #1 store] 
Database 'C:\Users\ipria\git\Rides24\src\main\resources\rides.temp' is opened by 10344@IVAN

[2025-02-24 11:12:29 #2 type.registry] 
New type domain.User

[2025-02-24 11:12:29 #3 type.registry] 
New type domain.Driver

[2025-02-24 11:12:29 #4 type] 
Type domain.User is not enhanced.

[2025-02-24 11:12:29 #5 type] 
Type domain.Driver is not enhanced.

[2025-02-24 11:12:29 #6 type.registry] 
New type domain.Ride

[2025-02-24 11:12:29 #7 type] 
Type domain.Ride is not enhanced.

[2025-02-24 11:12:29 #8 type.registry] 
New type java.util.Vector<java.lang.Object>

[2025-02-24 11:12:29 #9 type.registry] 
New type java.util.Vector<domain.Ride>

------------------------------------------------------------------------------------------------------------------------

[2025-02-24 11:13:08 #1 store] 
Database 'C:\Users\ipria\git\Rides24\src\main\resources\rides.temp' is opened by 872@IVAN

[2025-02-24 11:13:08 #2 type.registry] 
New type domain.User

[2025-02-24 11:13:08 #3 type.registry] 
New type domain.Driver

[2025-02-24 11:13:08 #4 type] 
Type domain.User is not enhanced.

[2025-02-24 11:13:08 #5 type] 
Type domain.Driver is not enhanced.

[2025-02-24 11:13:08 #6 type.registry] 
New type domain.Ride

[2025-02-24 11:13:08 #7 type] 
Type domain.Ride is not enhanced.

[2025-02-24 11:13:08 #8 type.registry] 
New type java.util.Vector<java.lang.Object>

[2025-02-24 11:13:08 #9 type.registry] 
New type java.util.Vector<domain.Ride>

------------------------------------------------------------------------------------------------------------------------

[2025-02-24 11:14:41 #1 store] 
Database 'C:\Users\ipria\git\Rides24\src\main\resources\rides.temp' is opened by 3384@IVAN

[2025-02-24 11:14:41 #2 type.registry] 
New type domain.User

[2025-02-24 11:14:41 #3 type.registry] 
New type domain.Driver

[2025-02-24 11:14:41 #4 type] 
Type domain.User is not enhanced.

[2025-02-24 11:14:41 #5 type] 
Type domain.Driver is not enhanced.

[2025-02-24 11:14:41 #6 type.registry] 
New type domain.Ride

[2025-02-24 11:14:41 #7 type] 
Type domain.Ride is not enhanced.

[2025-02-24 11:14:41 #8 type.registry] 
New type java.util.Vector<java.lang.Object>

[2025-02-24 11:14:41 #9 type.registry] 
New type java.util.Vector<domain.Ride>

------------------------------------------------------------------------------------------------------------------------

[2025-02-24 11:15:12 #1 store] 
Database 'C:\Users\ipria\git\Rides24\src\main\resources\rides.temp' is opened by 17060@IVAN

[2025-02-24 11:15:12 #2 type.registry] 
New type domain.User

[2025-02-24 11:15:12 #3 type.registry] 
New type domain.Driver

[2025-02-24 11:15:12 #4 type] 
Type domain.User is not enhanced.

[2025-02-24 11:15:12 #5 type] 
Type domain.Driver is not enhanced.

[2025-02-24 11:15:12 #6 type.registry] 
New type domain.Ride

[2025-02-24 11:15:12 #7 type] 
Type domain.Ride is not enhanced.

[2025-02-24 11:15:12 #8 type.registry] 
New type java.util.Vector<java.lang.Object>

[2025-02-24 11:15:12 #9 type.registry] 
New type java.util.Vector<domain.Ride>

------------------------------------------------------------------------------------------------------------------------

[2025-02-24 11:16:38 #1 store] 
Database 'C:\Users\ipria\git\Rides24\src\main\resources\rides.temp' is opened by 13584@IVAN

[2025-02-24 11:16:38 #2 type.registry] 
New type domain.User

[2025-02-24 11:16:38 #3 type.registry] 
New type domain.Driver

[2025-02-24 11:16:38 #4 type] 
Type domain.User is not enhanced.

[2025-02-24 11:16:38 #5 type] 
Type domain.Driver is not enhanced.

[2025-02-24 11:16:38 #6 type.registry] 
New type domain.Ride

[2025-02-24 11:16:38 #7 type] 
Type domain.Ride is not enhanced.

[2025-02-24 11:16:38 #8 type.registry] 
New type java.util.Vector<java.lang.Object>

[2025-02-24 11:16:38 #9 type.registry] 
New type java.util.Vector<domain.Ride>

------------------------------------------------------------------------------------------------------------------------

[2025-02-24 11:20:41 #1 store] 
Database 'C:\Users\ipria\git\Rides24\src\main\resources\rides.temp' is opened by 9792@IVAN

[2025-02-24 11:20:41 #2 type.registry] 
New type domain.User

[2025-02-24 11:20:41 #3 type.registry] 
New type domain.Driver

[2025-02-24 11:20:41 #4 type] 
Type domain.User is not enhanced.

[2025-02-24 11:20:41 #5 type] 
Type domain.Driver is not enhanced.

[2025-02-24 11:20:41 #6 type.registry] 
New type domain.Ride

[2025-02-24 11:20:41 #7 type] 
Type domain.Ride is not enhanced.

[2025-02-24 11:20:41 #8 type.registry] 
New type java.util.Vector<java.lang.Object>

[2025-02-24 11:20:41 #9 type.registry] 
New type java.util.Vector<domain.Ride>

------------------------------------------------------------------------------------------------------------------------

[2025-02-24 11:21:07 #1 store] 
Database 'C:\Users\ipria\git\Rides24\src\main\resources\rides.temp' is opened by 8164@IVAN

[2025-02-24 11:21:07 #2 type.registry] 
New type domain.User

[2025-02-24 11:21:07 #3 type.registry] 
New type domain.Driver

[2025-02-24 11:21:07 #4 type] 
Type domain.User is not enhanced.

[2025-02-24 11:21:07 #5 type] 
Type domain.Driver is not enhanced.

[2025-02-24 11:21:07 #6 type.registry] 
New type domain.Ride

[2025-02-24 11:21:07 #7 type] 
Type domain.Ride is not enhanced.

[2025-02-24 11:21:07 #8 type.registry] 
New type java.util.Vector<java.lang.Object>

[2025-02-24 11:21:07 #9 type.registry] 
New type java.util.Vector<domain.Ride>

------------------------------------------------------------------------------------------------------------------------

[2025-02-24 11:21:23 #1 store] 
Database 'C:\Users\ipria\git\Rides24\src\main\resources\rides.temp' is opened by 12000@IVAN

[2025-02-24 11:21:23 #2 type.registry] 
New type domain.User

[2025-02-24 11:21:23 #3 type.registry] 
New type domain.Driver

[2025-02-24 11:21:23 #4 type] 
Type domain.User is not enhanced.

[2025-02-24 11:21:23 #5 type] 
Type domain.Driver is not enhanced.

[2025-02-24 11:21:23 #6 type.registry] 
New type domain.Ride

[2025-02-24 11:21:23 #7 type] 
Type domain.Ride is not enhanced.

[2025-02-24 11:21:23 #8 type.registry] 
New type java.util.Vector<java.lang.Object>

[2025-02-24 11:21:23 #9 type.registry] 
New type java.util.Vector<domain.Ride>

------------------------------------------------------------------------------------------------------------------------

[2025-02-24 11:22:42 #1 store] 
Database 'C:\Users\ipria\git\Rides24\src\main\resources\rides.temp' is opened by 16460@IVAN

[2025-02-24 11:22:42 #2 type.registry] 
New type domain.User

[2025-02-24 11:22:42 #3 type.registry] 
New type domain.Driver

[2025-02-24 11:22:42 #4 type] 
Type domain.User is not enhanced.

[2025-02-24 11:22:42 #5 type] 
Type domain.Driver is not enhanced.

[2025-02-24 11:22:42 #6 type.registry] 
New type domain.Ride

[2025-02-24 11:22:42 #7 type] 
Type domain.Ride is not enhanced.

[2025-02-24 11:22:42 #8 type.registry] 
New type java.util.Vector<java.lang.Object>

[2025-02-24 11:22:42 #9 type.registry] 
New type java.util.Vector<domain.Ride>

------------------------------------------------------------------------------------------------------------------------

[2025-02-24 11:25:04 #1 store] 
Database 'C:\Users\ipria\git\Rides24\src\main\resources\rides.temp' is opened by 14364@IVAN

[2025-02-24 11:25:04 #2 type.registry] 
New type domain.User

[2025-02-24 11:25:04 #3 type.registry] 
New type domain.Driver

[2025-02-24 11:25:04 #4 type] 
Type domain.User is not enhanced.

[2025-02-24 11:25:04 #5 type] 
Type domain.Driver is not enhanced.

[2025-02-24 11:25:04 #6 type.registry] 
New type domain.Ride

[2025-02-24 11:25:04 #7 type] 
Type domain.Ride is not enhanced.

[2025-02-24 11:25:04 #8 type.registry] 
New type java.util.Vector<java.lang.Object>

[2025-02-24 11:25:04 #9 type.registry] 
New type java.util.Vector<domain.Ride>

------------------------------------------------------------------------------------------------------------------------

[2025-02-24 11:25:42 #1 store] 
Database 'C:\Users\ipria\git\Rides24\src\main\resources\rides.temp' is opened by 7320@IVAN

[2025-02-24 11:25:42 #2 type.registry] 
New type domain.User

[2025-02-24 11:25:42 #3 type.registry] 
New type domain.Driver

[2025-02-24 11:25:42 #4 type] 
Type domain.User is not enhanced.

[2025-02-24 11:25:42 #5 type] 
Type domain.Driver is not enhanced.

[2025-02-24 11:25:42 #6 type.registry] 
New type domain.Ride

[2025-02-24 11:25:42 #7 type] 
Type domain.Ride is not enhanced.

[2025-02-24 11:25:42 #8 type.registry] 
New type java.util.Vector<java.lang.Object>

[2025-02-24 11:25:42 #9 type.registry] 
New type java.util.Vector<domain.Ride>

------------------------------------------------------------------------------------------------------------------------

[2025-02-24 11:26:14 #1 store] 
Database 'C:\Users\ipria\git\Rides24\src\main\resources\rides.temp' is opened by 12632@IVAN

[2025-02-24 11:26:14 #2 type.registry] 
New type domain.User

[2025-02-24 11:26:14 #3 type.registry] 
New type domain.Driver

[2025-02-24 11:26:14 #4 type] 
Type domain.User is not enhanced.

[2025-02-24 11:26:14 #5 type] 
Type domain.Driver is not enhanced.

[2025-02-24 11:26:14 #6 type.registry] 
New type domain.Ride

[2025-02-24 11:26:14 #7 type] 
Type domain.Ride is not enhanced.

[2025-02-24 11:26:14 #8 type.registry] 
New type java.util.Vector<java.lang.Object>

[2025-02-24 11:26:14 #9 type.registry] 
New type java.util.Vector<domain.Ride>

------------------------------------------------------------------------------------------------------------------------

[2025-02-24 11:27:34 #1 store] 
Database 'C:\Users\ipria\git\Rides24\src\main\resources\rides.temp' is opened by 18764@IVAN

[2025-02-24 11:27:34 #2 type.registry] 
New type domain.User

[2025-02-24 11:27:34 #3 type.registry] 
New type domain.Driver

[2025-02-24 11:27:34 #4 type] 
Type domain.User is not enhanced.

[2025-02-24 11:27:34 #5 type] 
Type domain.Driver is not enhanced.

[2025-02-24 11:27:34 #6 type.registry] 
New type domain.Ride

[2025-02-24 11:27:34 #7 type] 
Type domain.Ride is not enhanced.

[2025-02-24 11:27:34 #8 type.registry] 
New type java.util.Vector<java.lang.Object>

[2025-02-24 11:27:34 #9 type.registry] 
New type java.util.Vector<domain.Ride>

------------------------------------------------------------------------------------------------------------------------

[2025-02-24 11:28:14 #1 store] 
Database 'C:\Users\ipria\git\Rides24\src\main\resources\rides.temp' is opened by 6760@IVAN

[2025-02-24 11:28:14 #2 type.registry] 
New type domain.User

[2025-02-24 11:28:14 #3 type.registry] 
New type domain.Driver

[2025-02-24 11:28:14 #4 type] 
Type domain.User is not enhanced.

[2025-02-24 11:28:14 #5 type] 
Type domain.Driver is not enhanced.

[2025-02-24 11:28:14 #6 type.registry] 
New type domain.Ride

[2025-02-24 11:28:14 #7 type] 
Type domain.Ride is not enhanced.

[2025-02-24 11:28:14 #8 type.registry] 
New type java.util.Vector<java.lang.Object>

[2025-02-24 11:28:14 #9 type.registry] 
New type java.util.Vector<domain.Ride>

------------------------------------------------------------------------------------------------------------------------

[2025-02-24 11:29:54 #1 store] 
Database 'C:\Users\ipria\git\Rides24\src\main\resources\rides.temp' is opened by 8960@IVAN

[2025-02-24 11:29:54 #2 type.registry] 
New type domain.User

[2025-02-24 11:29:54 #3 type.registry] 
New type domain.Driver

[2025-02-24 11:29:54 #4 type] 
Type domain.User is not enhanced.

[2025-02-24 11:29:54 #5 type] 
Type domain.Driver is not enhanced.

[2025-02-24 11:29:54 #6 type.registry] 
New type domain.Ride

[2025-02-24 11:29:54 #7 type] 
Type domain.Ride is not enhanced.

[2025-02-24 11:29:54 #8 type.registry] 
New type java.util.Vector<java.lang.Object>

[2025-02-24 11:29:54 #9 type.registry] 
New type java.util.Vector<domain.Ride>

------------------------------------------------------------------------------------------------------------------------

[2025-02-24 11:31:34 #1 store] 
Database 'C:\Users\ipria\git\Rides24\src\main\resources\rides.temp' is opened by 4364@IVAN

[2025-02-24 11:31:34 #2 type.registry] 
New type domain.User

[2025-02-24 11:31:34 #3 type.registry] 
New type domain.Driver

[2025-02-24 11:31:34 #4 type] 
Type domain.User is not enhanced.

[2025-02-24 11:31:34 #5 type] 
Type domain.Driver is not enhanced.

[2025-02-24 11:31:34 #6 type.registry] 
New type domain.Ride

[2025-02-24 11:31:34 #7 type] 
Type domain.Ride is not enhanced.

[2025-02-24 11:31:34 #8 type.registry] 
New type java.util.Vector<java.lang.Object>

[2025-02-24 11:31:34 #9 type.registry] 
New type java.util.Vector<domain.Ride>

------------------------------------------------------------------------------------------------------------------------

[2025-02-24 11:32:03 #1 store] 
Database 'C:\Users\ipria\git\Rides24\src\main\resources\rides.temp' is opened by 9388@IVAN

[2025-02-24 11:32:03 #2 type.registry] 
New type domain.User

[2025-02-24 11:32:03 #3 type.registry] 
New type domain.Driver

[2025-02-24 11:32:03 #4 type] 
Type domain.User is not enhanced.

[2025-02-24 11:32:03 #5 type] 
Type domain.Driver is not enhanced.

[2025-02-24 11:32:03 #6 type.registry] 
New type domain.Ride

[2025-02-24 11:32:03 #7 type] 
Type domain.Ride is not enhanced.

[2025-02-24 11:32:03 #8 type.registry] 
New type java.util.Vector<java.lang.Object>

[2025-02-24 11:32:03 #9 type.registry] 
New type java.util.Vector<domain.Ride>

------------------------------------------------------------------------------------------------------------------------

[2025-02-24 11:36:14 #1 store] 
Database 'C:\Users\ipria\git\Rides24\src\main\resources\rides.temp' is opened by 16156@IVAN

[2025-02-24 11:36:14 #2 type.registry] 
New type domain.User

[2025-02-24 11:36:14 #3 type.registry] 
New type domain.Driver

[2025-02-24 11:36:14 #4 type] 
Type domain.User is not enhanced.

[2025-02-24 11:36:14 #5 type] 
Type domain.Driver is not enhanced.

[2025-02-24 11:36:14 #6 type.registry] 
New type domain.Ride

[2025-02-24 11:36:14 #7 type] 
Type domain.Ride is not enhanced.

[2025-02-24 11:36:14 #8 type.registry] 
New type java.util.Vector<java.lang.Object>

[2025-02-24 11:36:14 #9 type.registry] 
New type java.util.Vector<domain.Ride>

------------------------------------------------------------------------------------------------------------------------

[2025-02-24 11:41:13 #1 store] 
Database 'C:\Users\ipria\git\Rides24\src\main\resources\rides.temp' is opened by 9396@IVAN

[2025-02-24 11:41:14 #2 type.registry] 
New type domain.User

[2025-02-24 11:41:14 #3 type.registry] 
New type domain.Driver

[2025-02-24 11:41:14 #4 type] 
Type domain.User is not enhanced.

[2025-02-24 11:41:14 #5 type] 
Type domain.Driver is not enhanced.

[2025-02-24 11:41:14 #6 type.registry] 
New type domain.Ride

[2025-02-24 11:41:14 #7 type] 
Type domain.Ride is not enhanced.

[2025-02-24 11:41:14 #8 type.registry] 
New type java.util.Vector<java.lang.Object>

[2025-02-24 11:41:14 #9 type.registry] 
New type java.util.Vector<domain.Ride>

------------------------------------------------------------------------------------------------------------------------

[2025-02-24 11:42:31 #1 store] 
Database 'C:\Users\ipria\git\Rides24\src\main\resources\rides.temp' is opened by 18992@IVAN

[2025-02-24 11:42:32 #2 type.registry] 
New type domain.User

[2025-02-24 11:42:32 #3 type.registry] 
New type domain.Driver

[2025-02-24 11:42:32 #4 type] 
Type domain.User is not enhanced.

[2025-02-24 11:42:32 #5 type] 
Type domain.Driver is not enhanced.

[2025-02-24 11:42:32 #6 type.registry] 
New type domain.Ride

[2025-02-24 11:42:32 #7 type] 
Type domain.Ride is not enhanced.

[2025-02-24 11:42:32 #8 type.registry] 
New type java.util.Vector<java.lang.Object>

[2025-02-24 11:42:32 #9 type.registry] 
New type java.util.Vector<domain.Ride>

------------------------------------------------------------------------------------------------------------------------

[2025-02-24 11:43:28 #1 store] 
Database 'C:\Users\ipria\git\Rides24\src\main\resources\rides.temp' is opened by 10692@IVAN

[2025-02-24 11:43:28 #2 type.registry] 
New type domain.User

[2025-02-24 11:43:28 #3 type.registry] 
New type domain.Driver

[2025-02-24 11:43:28 #4 type] 
Type domain.User is not enhanced.

[2025-02-24 11:43:28 #5 type] 
Type domain.Driver is not enhanced.

[2025-02-24 11:43:28 #6 type.registry] 
New type domain.Ride

[2025-02-24 11:43:28 #7 type] 
Type domain.Ride is not enhanced.

[2025-02-24 11:43:28 #8 type.registry] 
New type java.util.Vector<java.lang.Object>

[2025-02-24 11:43:28 #9 type.registry] 
New type java.util.Vector<domain.Ride>

------------------------------------------------------------------------------------------------------------------------

[2025-02-24 11:44:43 #1 store] 
Database 'C:\Users\ipria\git\Rides24\src\main\resources\rides.temp' is opened by 15612@IVAN

[2025-02-24 11:44:43 #2 type.registry] 
New type domain.User

[2025-02-24 11:44:43 #3 type.registry] 
New type domain.Driver

[2025-02-24 11:44:43 #4 type] 
Type domain.User is not enhanced.

[2025-02-24 11:44:43 #5 type] 
Type domain.Driver is not enhanced.

[2025-02-24 11:44:43 #6 type.registry] 
New type domain.Ride

[2025-02-24 11:44:43 #7 type] 
Type domain.Ride is not enhanced.

[2025-02-24 11:44:43 #8 type.registry] 
New type java.util.Vector<java.lang.Object>

[2025-02-24 11:44:43 #9 type.registry] 
New type java.util.Vector<domain.Ride>

------------------------------------------------------------------------------------------------------------------------

[2025-02-24 11:45:44 #1 store] 
Database 'C:\Users\ipria\git\Rides24\src\main\resources\rides.temp' is opened by 9764@IVAN

[2025-02-24 11:45:44 #2 type.registry] 
New type domain.User

[2025-02-24 11:45:44 #3 type.registry] 
New type domain.Driver

[2025-02-24 11:45:44 #4 type] 
Type domain.User is not enhanced.

[2025-02-24 11:45:44 #5 type] 
Type domain.Driver is not enhanced.

[2025-02-24 11:45:44 #6 type.registry] 
New type domain.Ride

[2025-02-24 11:45:44 #7 type] 
Type domain.Ride is not enhanced.

[2025-02-24 11:45:44 #8 type.registry] 
New type java.util.Vector<java.lang.Object>

[2025-02-24 11:45:44 #9 type.registry] 
New type java.util.Vector<domain.Ride>

------------------------------------------------------------------------------------------------------------------------

[2025-02-24 11:46:24 #1 store] 
Database 'C:\Users\ipria\git\Rides24\src\main\resources\rides.temp' is opened by 17280@IVAN

[2025-02-24 11:46:24 #2 type.registry] 
New type domain.User

[2025-02-24 11:46:24 #3 type.registry] 
New type domain.Driver

[2025-02-24 11:46:24 #4 type] 
Type domain.User is not enhanced.

[2025-02-24 11:46:24 #5 type] 
Type domain.Driver is not enhanced.

[2025-02-24 11:46:24 #6 type.registry] 
New type domain.Ride

[2025-02-24 11:46:24 #7 type] 
Type domain.Ride is not enhanced.

[2025-02-24 11:46:24 #8 type.registry] 
New type java.util.Vector<java.lang.Object>

[2025-02-24 11:46:24 #9 type.registry] 
New type java.util.Vector<domain.Ride>

------------------------------------------------------------------------------------------------------------------------

[2025-02-24 11:46:43 #1 store] 
Database 'C:\Users\ipria\git\Rides24\src\main\resources\rides.temp' is opened by 9680@IVAN

[2025-02-24 11:46:43 #2 type.registry] 
New type domain.User

[2025-02-24 11:46:43 #3 type.registry] 
New type domain.Driver

[2025-02-24 11:46:43 #4 type] 
Type domain.User is not enhanced.

[2025-02-24 11:46:43 #5 type] 
Type domain.Driver is not enhanced.

[2025-02-24 11:46:44 #6 type.registry] 
New type domain.Ride

[2025-02-24 11:46:44 #7 type] 
Type domain.Ride is not enhanced.

[2025-02-24 11:46:44 #8 type.registry] 
New type java.util.Vector<java.lang.Object>

[2025-02-24 11:46:44 #9 type.registry] 
New type java.util.Vector<domain.Ride>

------------------------------------------------------------------------------------------------------------------------

[2025-02-24 11:47:02 #1 store] 
Database 'C:\Users\ipria\git\Rides24\src\main\resources\rides.temp' is opened by 11476@IVAN

[2025-02-24 11:47:02 #2 type.registry] 
New type domain.User

[2025-02-24 11:47:02 #3 type.registry] 
New type domain.Driver

[2025-02-24 11:47:02 #4 type] 
Type domain.User is not enhanced.

[2025-02-24 11:47:02 #5 type] 
Type domain.Driver is not enhanced.

[2025-02-24 11:47:02 #6 type.registry] 
New type domain.Ride

[2025-02-24 11:47:02 #7 type] 
Type domain.Ride is not enhanced.

[2025-02-24 11:47:02 #8 type.registry] 
New type java.util.Vector<java.lang.Object>

[2025-02-24 11:47:02 #9 type.registry] 
New type java.util.Vector<domain.Ride>

------------------------------------------------------------------------------------------------------------------------

[2025-02-24 11:47:14 #1 store] 
Database 'C:\Users\ipria\git\Rides24\src\main\resources\rides.temp' is opened by 3604@IVAN

[2025-02-24 11:47:15 #2 type.registry] 
New type domain.User

[2025-02-24 11:47:15 #3 type.registry] 
New type domain.Driver

[2025-02-24 11:47:15 #4 type] 
Type domain.User is not enhanced.

[2025-02-24 11:47:15 #5 type] 
Type domain.Driver is not enhanced.

[2025-02-24 11:47:15 #6 type.registry] 
New type domain.Ride

[2025-02-24 11:47:15 #7 type] 
Type domain.Ride is not enhanced.

[2025-02-24 11:47:15 #8 type.registry] 
New type java.util.Vector<java.lang.Object>

[2025-02-24 11:47:15 #9 type.registry] 
New type java.util.Vector<domain.Ride>

------------------------------------------------------------------------------------------------------------------------

[2025-02-24 11:47:33 #1 store] 
Database 'C:\Users\ipria\git\Rides24\src\main\resources\rides.temp' is opened by 7180@IVAN

[2025-02-24 11:47:33 #2 type.registry] 
New type domain.User

[2025-02-24 11:47:33 #3 type.registry] 
New type domain.Driver

[2025-02-24 11:47:33 #4 type] 
Type domain.User is not enhanced.

[2025-02-24 11:47:33 #5 type] 
Type domain.Driver is not enhanced.

[2025-02-24 11:47:33 #6 type.registry] 
New type domain.Ride

[2025-02-24 11:47:33 #7 type] 
Type domain.Ride is not enhanced.

[2025-02-24 11:47:33 #8 type.registry] 
New type java.util.Vector<java.lang.Object>

[2025-02-24 11:47:33 #9 type.registry] 
New type java.util.Vector<domain.Ride>

------------------------------------------------------------------------------------------------------------------------

[2025-02-24 11:48:03 #1 store] 
Database 'C:\Users\ipria\git\Rides24\src\main\resources\rides.temp' is opened by 13064@IVAN

[2025-02-24 11:48:04 #2 type.registry] 
New type domain.User

[2025-02-24 11:48:04 #3 type.registry] 
New type domain.Driver

[2025-02-24 11:48:04 #4 type] 
Type domain.User is not enhanced.

[2025-02-24 11:48:04 #5 type] 
Type domain.Driver is not enhanced.

[2025-02-24 11:48:04 #6 type.registry] 
New type domain.Ride

[2025-02-24 11:48:04 #7 type] 
Type domain.Ride is not enhanced.

[2025-02-24 11:48:04 #8 type.registry] 
New type java.util.Vector<java.lang.Object>

[2025-02-24 11:48:04 #9 type.registry] 
New type java.util.Vector<domain.Ride>

------------------------------------------------------------------------------------------------------------------------

[2025-02-24 11:48:30 #1 store] 
Database 'C:\Users\ipria\git\Rides24\src\main\resources\rides.temp' is opened by 3192@IVAN

[2025-02-24 11:48:30 #2 type.registry] 
New type domain.User

[2025-02-24 11:48:30 #3 type.registry] 
New type domain.Driver

[2025-02-24 11:48:30 #4 type] 
Type domain.User is not enhanced.

[2025-02-24 11:48:30 #5 type] 
Type domain.Driver is not enhanced.

[2025-02-24 11:48:30 #6 type.registry] 
New type domain.Ride

[2025-02-24 11:48:30 #7 type] 
Type domain.Ride is not enhanced.

[2025-02-24 11:48:30 #8 type.registry] 
New type java.util.Vector<java.lang.Object>

[2025-02-24 11:48:30 #9 type.registry] 
New type java.util.Vector<domain.Ride>

------------------------------------------------------------------------------------------------------------------------

[2025-02-24 11:48:46 #1 store] 
Database 'C:\Users\ipria\git\Rides24\src\main\resources\rides.temp' is opened by 8296@IVAN

[2025-02-24 11:48:46 #2 type.registry] 
New type domain.User

[2025-02-24 11:48:46 #3 type.registry] 
New type domain.Driver

[2025-02-24 11:48:46 #4 type] 
Type domain.User is not enhanced.

[2025-02-24 11:48:46 #5 type] 
Type domain.Driver is not enhanced.

[2025-02-24 11:48:46 #6 type.registry] 
New type domain.Ride

[2025-02-24 11:48:46 #7 type] 
Type domain.Ride is not enhanced.

[2025-02-24 11:48:46 #8 type.registry] 
New type java.util.Vector<java.lang.Object>

[2025-02-24 11:48:46 #9 type.registry] 
New type java.util.Vector<domain.Ride>

------------------------------------------------------------------------------------------------------------------------

[2025-02-24 11:49:18 #1 store] 
Database 'C:\Users\ipria\git\Rides24\src\main\resources\rides.temp' is opened by 5344@IVAN

[2025-02-24 11:49:18 #2 type.registry] 
New type domain.User

[2025-02-24 11:49:18 #3 type.registry] 
New type domain.Driver

[2025-02-24 11:49:18 #4 type] 
Type domain.User is not enhanced.

[2025-02-24 11:49:18 #5 type] 
Type domain.Driver is not enhanced.

[2025-02-24 11:49:19 #6 type.registry] 
New type domain.Ride

[2025-02-24 11:49:19 #7 type] 
Type domain.Ride is not enhanced.

[2025-02-24 11:49:19 #8 type.registry] 
New type java.util.Vector<java.lang.Object>

[2025-02-24 11:49:19 #9 type.registry] 
New type java.util.Vector<domain.Ride>

------------------------------------------------------------------------------------------------------------------------

[2025-02-24 11:50:48 #1 store] 
Database 'C:\Users\ipria\git\Rides24\src\main\resources\rides.temp' is opened by 13868@IVAN

[2025-02-24 11:50:48 #2 type.registry] 
New type domain.User

[2025-02-24 11:50:48 #3 type.registry] 
New type domain.Driver

[2025-02-24 11:50:48 #4 type] 
Type domain.User is not enhanced.

[2025-02-24 11:50:48 #5 type] 
Type domain.Driver is not enhanced.

[2025-02-24 11:50:48 #6 type.registry] 
New type domain.Ride

[2025-02-24 11:50:48 #7 type] 
Type domain.Ride is not enhanced.

[2025-02-24 11:50:48 #8 type.registry] 
New type java.util.Vector<java.lang.Object>

[2025-02-24 11:50:48 #9 type.registry] 
New type java.util.Vector<domain.Ride>

------------------------------------------------------------------------------------------------------------------------

[2025-02-24 11:51:17 #1 store] 
Database 'C:\Users\ipria\git\Rides24\src\main\resources\rides.temp' is opened by 19356@IVAN

[2025-02-24 11:51:17 #2 type.registry] 
New type domain.User

[2025-02-24 11:51:17 #3 type.registry] 
New type domain.Driver

[2025-02-24 11:51:17 #4 type] 
Type domain.User is not enhanced.

[2025-02-24 11:51:17 #5 type] 
Type domain.Driver is not enhanced.

[2025-02-24 11:51:17 #6 type.registry] 
New type domain.Ride

[2025-02-24 11:51:17 #7 type] 
Type domain.Ride is not enhanced.

[2025-02-24 11:51:17 #8 type.registry] 
New type java.util.Vector<java.lang.Object>

[2025-02-24 11:51:17 #9 type.registry] 
New type java.util.Vector<domain.Ride>

------------------------------------------------------------------------------------------------------------------------

[2025-02-24 11:53:15 #1 store] 
Database 'C:\Users\ipria\git\Rides24\src\main\resources\rides.temp' is opened by 11916@IVAN

[2025-02-24 11:53:15 #2 type.registry] 
New type domain.User

[2025-02-24 11:53:15 #3 type.registry] 
New type domain.Driver

[2025-02-24 11:53:15 #4 type] 
Type domain.User is not enhanced.

[2025-02-24 11:53:15 #5 type] 
Type domain.Driver is not enhanced.

[2025-02-24 11:53:15 #6 type.registry] 
New type domain.Ride

[2025-02-24 11:53:15 #7 type] 
Type domain.Ride is not enhanced.

[2025-02-24 11:53:15 #8 type.registry] 
New type java.util.Vector<java.lang.Object>

[2025-02-24 11:53:15 #9 type.registry] 
New type java.util.Vector<domain.Ride>

------------------------------------------------------------------------------------------------------------------------

[2025-02-24 11:53:48 #1 store] 
Database 'C:\Users\ipria\git\Rides24\src\main\resources\rides.temp' is opened by 17924@IVAN

[2025-02-24 11:53:49 #2 type.registry] 
New type domain.User

[2025-02-24 11:53:49 #3 type.registry] 
New type domain.Driver

[2025-02-24 11:53:49 #4 type] 
Type domain.User is not enhanced.

[2025-02-24 11:53:49 #5 type] 
Type domain.Driver is not enhanced.

[2025-02-24 11:53:49 #6 type.registry] 
New type domain.Ride

[2025-02-24 11:53:49 #7 type] 
Type domain.Ride is not enhanced.

[2025-02-24 11:53:49 #8 type.registry] 
New type java.util.Vector<java.lang.Object>

[2025-02-24 11:53:49 #9 type.registry] 
New type java.util.Vector<domain.Ride>

