------------------------------------------------------------------------------------------------------------------------

[2025-05-13 00:00:46 #1 store] 
Database 'C:\IVAN_INGENIERITZA_INFORMATIKOA\2024-2025\2.Kuatrimestrea\IS\proiektua\priala\2.ITERAZIOA(WEB ZERBITZU GABE)\Rides24\src\main\resources\rides.temp' is opened by 19800@IVAN

[2025-05-13 00:00:46 #2 type.registry] 
New type domain.User

[2025-05-13 00:00:46 #3 type.registry] 
New type domain.Driver

[2025-05-13 00:00:46 #4 type] 
Type domain.User is not enhanced.

[2025-05-13 00:00:46 #5 type.registry] 
New type domain.Mugimendua

[2025-05-13 00:00:46 #6 type.registry] 
New type domain.Erreklamazio

[2025-05-13 00:00:46 #7 type] 
Type domain.Driver is not enhanced.

[2025-05-13 00:00:46 #8 type.registry] 
New type domain.Kotxe

[2025-05-13 00:00:46 #9 type.registry] 
New type domain.Ride

[2025-05-13 00:00:46 #10 type] 
Type domain.Mugimendua is not enhanced.

[2025-05-13 00:00:46 #11 type] 
Type domain.Erreklamazio is not enhanced.

[2025-05-13 00:00:46 #12 type] 
Type domain.Kotxe is not enhanced.

[2025-05-13 00:00:46 #13 type] 
Type domain.Ride is not enhanced.

[2025-05-13 00:00:46 #14 type.registry] 
New type domain.Balorazio

[2025-05-13 00:00:46 #15 type.registry] 
New type domain.Book

[2025-05-13 00:00:46 #16 type] 
Type domain.Balorazio is not enhanced.

[2025-05-13 00:00:46 #17 type.registry] 
New type domain.Traveler

[2025-05-13 00:00:46 #18 type] 
Type domain.Book is not enhanced.

[2025-05-13 00:00:46 #19 type] 
Type domain.Traveler is not enhanced.

[2025-05-13 00:00:46 #20 type.registry] 
New type domain.Alerta

[2025-05-13 00:00:46 #21 type] 
Type domain.Alerta is not enhanced.

[2025-05-13 00:00:46 #22 type.registry] 
New type java.util.Vector<java.lang.Object>

[2025-05-13 00:00:46 #23 type.registry] 
New type java.util.Vector<domain.Erreklamazio>

[2025-05-13 00:00:46 #24 type.registry] 
New type java.util.Vector<domain.Mugimendua>

[2025-05-13 00:00:46 #25 type.registry] 
New type java.util.Vector<domain.Ride>

[2025-05-13 00:00:46 #26 type.registry] 
New type java.util.Vector<domain.Kotxe>

[2025-05-13 00:00:46 #27 type.registry] 
New type java.util.Vector<domain.Book>

[2025-05-13 00:00:46 #28 type.registry] 
New type java.util.Vector<domain.Alerta>

[2025-05-13 00:00:46 #29 type.registry] 
New type java.util.Vector<domain.Balorazio>

------------------------------------------------------------------------------------------------------------------------

[2025-05-13 00:16:01 #1 store] 
Database 'C:\IVAN_INGENIERITZA_INFORMATIKOA\2024-2025\2.Kuatrimestrea\IS\proiektua\priala\2.ITERAZIOA(WEB ZERBITZU GABE)\Rides24\src\main\resources\rides.temp' is opened by 2984@IVAN

[2025-05-13 00:16:01 #2 type.registry] 
New type domain.User

[2025-05-13 00:16:01 #3 type.registry] 
New type domain.Driver

[2025-05-13 00:16:01 #4 type] 
Type domain.User is not enhanced.

[2025-05-13 00:16:01 #5 type.registry] 
New type domain.Mugimendua

[2025-05-13 00:16:01 #6 type.registry] 
New type domain.Erreklamazio

[2025-05-13 00:16:01 #7 type] 
Type domain.Driver is not enhanced.

[2025-05-13 00:16:01 #8 type.registry] 
New type domain.Kotxe

[2025-05-13 00:16:01 #9 type.registry] 
New type domain.Ride

[2025-05-13 00:16:01 #10 type] 
Type domain.Mugimendua is not enhanced.

[2025-05-13 00:16:01 #11 type] 
Type domain.Erreklamazio is not enhanced.

[2025-05-13 00:16:01 #12 type] 
Type domain.Kotxe is not enhanced.

[2025-05-13 00:16:01 #13 type] 
Type domain.Ride is not enhanced.

[2025-05-13 00:16:01 #14 type.registry] 
New type domain.Balorazio

[2025-05-13 00:16:01 #15 type.registry] 
New type domain.Book

[2025-05-13 00:16:01 #16 type] 
Type domain.Balorazio is not enhanced.

[2025-05-13 00:16:01 #17 type.registry] 
New type domain.Traveler

[2025-05-13 00:16:01 #18 type] 
Type domain.Book is not enhanced.

[2025-05-13 00:16:01 #19 type] 
Type domain.Traveler is not enhanced.

[2025-05-13 00:16:01 #20 type.registry] 
New type domain.Alerta

[2025-05-13 00:16:01 #21 type] 
Type domain.Alerta is not enhanced.

[2025-05-13 00:16:02 #22 type.registry] 
New type java.util.Vector<java.lang.Object>

[2025-05-13 00:16:02 #23 type.registry] 
New type java.util.Vector<domain.Erreklamazio>

[2025-05-13 00:16:02 #24 type.registry] 
New type java.util.Vector<domain.Mugimendua>

[2025-05-13 00:16:02 #25 type.registry] 
New type java.util.Vector<domain.Ride>

[2025-05-13 00:16:02 #26 type.registry] 
New type java.util.Vector<domain.Kotxe>

[2025-05-13 00:16:02 #27 type.registry] 
New type java.util.Vector<domain.Book>

[2025-05-13 00:16:02 #28 type.registry] 
New type java.util.Vector<domain.Alerta>

[2025-05-13 00:16:02 #29 type.registry] 
New type java.util.Vector<domain.Balorazio>

------------------------------------------------------------------------------------------------------------------------

[2025-05-13 00:17:18 #1 store] 
Database 'C:\IVAN_INGENIERITZA_INFORMATIKOA\2024-2025\2.Kuatrimestrea\IS\proiektua\priala\2.ITERAZIOA(WEB ZERBITZU GABE)\Rides24\src\main\resources\rides.temp' is opened by 17064@IVAN

[2025-05-13 00:17:18 #2 type.registry] 
New type domain.User

[2025-05-13 00:17:18 #3 type.registry] 
New type domain.Driver

[2025-05-13 00:17:18 #4 type] 
Type domain.User is not enhanced.

[2025-05-13 00:17:18 #5 type.registry] 
New type domain.Mugimendua

[2025-05-13 00:17:18 #6 type.registry] 
New type domain.Erreklamazio

[2025-05-13 00:17:18 #7 type] 
Type domain.Driver is not enhanced.

[2025-05-13 00:17:18 #8 type.registry] 
New type domain.Kotxe

[2025-05-13 00:17:18 #9 type.registry] 
New type domain.Ride

[2025-05-13 00:17:18 #10 type] 
Type domain.Mugimendua is not enhanced.

[2025-05-13 00:17:18 #11 type] 
Type domain.Erreklamazio is not enhanced.

[2025-05-13 00:17:18 #12 type] 
Type domain.Kotxe is not enhanced.

[2025-05-13 00:17:18 #13 type] 
Type domain.Ride is not enhanced.

[2025-05-13 00:17:18 #14 type.registry] 
New type domain.Balorazio

[2025-05-13 00:17:18 #15 type.registry] 
New type domain.Book

[2025-05-13 00:17:18 #16 type] 
Type domain.Balorazio is not enhanced.

[2025-05-13 00:17:18 #17 type.registry] 
New type domain.Traveler

[2025-05-13 00:17:18 #18 type] 
Type domain.Book is not enhanced.

[2025-05-13 00:17:18 #19 type] 
Type domain.Traveler is not enhanced.

[2025-05-13 00:17:18 #20 type.registry] 
New type domain.Alerta

[2025-05-13 00:17:18 #21 type] 
Type domain.Alerta is not enhanced.

[2025-05-13 00:17:18 #22 type.registry] 
New type java.util.Vector<java.lang.Object>

[2025-05-13 00:17:18 #23 type.registry] 
New type java.util.Vector<domain.Erreklamazio>

[2025-05-13 00:17:18 #24 type.registry] 
New type java.util.Vector<domain.Mugimendua>

[2025-05-13 00:17:18 #25 type.registry] 
New type java.util.Vector<domain.Ride>

[2025-05-13 00:17:18 #26 type.registry] 
New type java.util.Vector<domain.Kotxe>

[2025-05-13 00:17:18 #27 type.registry] 
New type java.util.Vector<domain.Book>

[2025-05-13 00:17:18 #28 type.registry] 
New type java.util.Vector<domain.Alerta>

[2025-05-13 00:17:18 #29 type.registry] 
New type java.util.Vector<domain.Balorazio>

------------------------------------------------------------------------------------------------------------------------

[2025-05-13 00:22:49 #1 store] 
Database 'C:\IVAN_INGENIERITZA_INFORMATIKOA\2024-2025\2.Kuatrimestrea\IS\proiektua\priala\2.ITERAZIOA(WEB ZERBITZU GABE)\Rides24\src\main\resources\rides.temp' is opened by 12112@IVAN

[2025-05-13 00:22:49 #2 type.registry] 
New type domain.User

[2025-05-13 00:22:49 #3 type.registry] 
New type domain.Driver

[2025-05-13 00:22:49 #4 type] 
Type domain.User is not enhanced.

[2025-05-13 00:22:49 #5 type.registry] 
New type domain.Mugimendua

[2025-05-13 00:22:49 #6 type.registry] 
New type domain.Erreklamazio

[2025-05-13 00:22:49 #7 type] 
Type domain.Driver is not enhanced.

[2025-05-13 00:22:49 #8 type.registry] 
New type domain.Kotxe

[2025-05-13 00:22:49 #9 type.registry] 
New type domain.Ride

[2025-05-13 00:22:49 #10 type] 
Type domain.Mugimendua is not enhanced.

[2025-05-13 00:22:49 #11 type] 
Type domain.Erreklamazio is not enhanced.

[2025-05-13 00:22:49 #12 type] 
Type domain.Kotxe is not enhanced.

[2025-05-13 00:22:49 #13 type] 
Type domain.Ride is not enhanced.

[2025-05-13 00:22:49 #14 type.registry] 
New type domain.Balorazio

[2025-05-13 00:22:49 #15 type.registry] 
New type domain.Book

[2025-05-13 00:22:49 #16 type] 
Type domain.Balorazio is not enhanced.

[2025-05-13 00:22:49 #17 type.registry] 
New type domain.Traveler

[2025-05-13 00:22:49 #18 type] 
Type domain.Book is not enhanced.

[2025-05-13 00:22:49 #19 type] 
Type domain.Traveler is not enhanced.

[2025-05-13 00:22:49 #20 type.registry] 
New type domain.Alerta

[2025-05-13 00:22:49 #21 type] 
Type domain.Alerta is not enhanced.

[2025-05-13 00:22:49 #22 type.registry] 
New type java.util.Vector<java.lang.Object>

[2025-05-13 00:22:49 #23 type.registry] 
New type java.util.Vector<domain.Erreklamazio>

[2025-05-13 00:22:49 #24 type.registry] 
New type java.util.Vector<domain.Mugimendua>

[2025-05-13 00:22:49 #25 type.registry] 
New type java.util.Vector<domain.Ride>

[2025-05-13 00:22:49 #26 type.registry] 
New type java.util.Vector<domain.Kotxe>

[2025-05-13 00:22:49 #27 type.registry] 
New type java.util.Vector<domain.Book>

[2025-05-13 00:22:49 #28 type.registry] 
New type java.util.Vector<domain.Alerta>

[2025-05-13 00:22:49 #29 type.registry] 
New type java.util.Vector<domain.Balorazio>

------------------------------------------------------------------------------------------------------------------------

[2025-05-13 00:22:58 #1 store] 
Database 'C:\IVAN_INGENIERITZA_INFORMATIKOA\2024-2025\2.Kuatrimestrea\IS\proiektua\priala\2.ITERAZIOA(WEB ZERBITZU GABE)\Rides24\src\main\resources\rides.temp' is opened by 17284@IVAN

[2025-05-13 00:22:58 #2 type.registry] 
New type domain.User

[2025-05-13 00:22:58 #3 type.registry] 
New type domain.Driver

[2025-05-13 00:22:58 #4 type] 
Type domain.User is not enhanced.

[2025-05-13 00:22:58 #5 type.registry] 
New type domain.Mugimendua

[2025-05-13 00:22:58 #6 type.registry] 
New type domain.Erreklamazio

[2025-05-13 00:22:58 #7 type] 
Type domain.Driver is not enhanced.

[2025-05-13 00:22:58 #8 type.registry] 
New type domain.Kotxe

[2025-05-13 00:22:58 #9 type.registry] 
New type domain.Ride

[2025-05-13 00:22:58 #10 type] 
Type domain.Mugimendua is not enhanced.

[2025-05-13 00:22:58 #11 type] 
Type domain.Erreklamazio is not enhanced.

[2025-05-13 00:22:58 #12 type] 
Type domain.Kotxe is not enhanced.

[2025-05-13 00:22:58 #13 type] 
Type domain.Ride is not enhanced.

[2025-05-13 00:22:58 #14 type.registry] 
New type domain.Balorazio

[2025-05-13 00:22:58 #15 type.registry] 
New type domain.Book

[2025-05-13 00:22:58 #16 type] 
Type domain.Balorazio is not enhanced.

[2025-05-13 00:22:58 #17 type.registry] 
New type domain.Traveler

[2025-05-13 00:22:58 #18 type] 
Type domain.Book is not enhanced.

[2025-05-13 00:22:58 #19 type] 
Type domain.Traveler is not enhanced.

[2025-05-13 00:22:58 #20 type.registry] 
New type domain.Alerta

[2025-05-13 00:22:58 #21 type] 
Type domain.Alerta is not enhanced.

[2025-05-13 00:22:58 #22 type.registry] 
New type java.util.Vector<java.lang.Object>

[2025-05-13 00:22:58 #23 type.registry] 
New type java.util.Vector<domain.Erreklamazio>

[2025-05-13 00:22:58 #24 type.registry] 
New type java.util.Vector<domain.Mugimendua>

[2025-05-13 00:22:58 #25 type.registry] 
New type java.util.Vector<domain.Ride>

[2025-05-13 00:22:58 #26 type.registry] 
New type java.util.Vector<domain.Kotxe>

[2025-05-13 00:22:58 #27 type.registry] 
New type java.util.Vector<domain.Book>

[2025-05-13 00:22:58 #28 type.registry] 
New type java.util.Vector<domain.Alerta>

[2025-05-13 00:22:58 #29 type.registry] 
New type java.util.Vector<domain.Balorazio>

------------------------------------------------------------------------------------------------------------------------

[2025-05-13 09:50:03 #1 store] 
Database 'C:\IVAN_INGENIERITZA_INFORMATIKOA\2024-2025\2.Kuatrimestrea\IS\proiektua\priala\2.ITERAZIOA(WEB ZERBITZU GABE)\Rides24\src\main\resources\rides.temp' is opened by 6784@IVAN

[2025-05-13 09:50:03 #2 type.registry] 
New type domain.User

[2025-05-13 09:50:03 #3 type.registry] 
New type domain.Driver

[2025-05-13 09:50:03 #4 type] 
Type domain.User is not enhanced.

[2025-05-13 09:50:03 #5 type.registry] 
New type domain.Mugimendua

[2025-05-13 09:50:03 #6 type.registry] 
New type domain.Erreklamazio

[2025-05-13 09:50:03 #7 type] 
Type domain.Driver is not enhanced.

[2025-05-13 09:50:03 #8 type.registry] 
New type domain.Kotxe

[2025-05-13 09:50:03 #9 type.registry] 
New type domain.Ride

[2025-05-13 09:50:03 #10 type] 
Type domain.Mugimendua is not enhanced.

[2025-05-13 09:50:03 #11 type] 
Type domain.Erreklamazio is not enhanced.

[2025-05-13 09:50:03 #12 type] 
Type domain.Kotxe is not enhanced.

[2025-05-13 09:50:03 #13 type] 
Type domain.Ride is not enhanced.

[2025-05-13 09:50:03 #14 type.registry] 
New type domain.Balorazio

[2025-05-13 09:50:03 #15 type.registry] 
New type domain.Book

[2025-05-13 09:50:03 #16 type] 
Type domain.Balorazio is not enhanced.

[2025-05-13 09:50:03 #17 type.registry] 
New type domain.Traveler

[2025-05-13 09:50:03 #18 type] 
Type domain.Book is not enhanced.

[2025-05-13 09:50:03 #19 type] 
Type domain.Traveler is not enhanced.

[2025-05-13 09:50:03 #20 type.registry] 
New type domain.Alerta

[2025-05-13 09:50:03 #21 type] 
Type domain.Alerta is not enhanced.

[2025-05-13 09:50:03 #22 type.registry] 
New type java.util.Vector<java.lang.Object>

[2025-05-13 09:50:03 #23 type.registry] 
New type java.util.Vector<domain.Erreklamazio>

[2025-05-13 09:50:03 #24 type.registry] 
New type java.util.Vector<domain.Mugimendua>

[2025-05-13 09:50:03 #25 type.registry] 
New type java.util.Vector<domain.Ride>

[2025-05-13 09:50:03 #26 type.registry] 
New type java.util.Vector<domain.Kotxe>

[2025-05-13 09:50:03 #27 type.registry] 
New type java.util.Vector<domain.Book>

[2025-05-13 09:50:03 #28 type.registry] 
New type java.util.Vector<domain.Alerta>

[2025-05-13 09:50:03 #29 type.registry] 
New type java.util.Vector<domain.Balorazio>

------------------------------------------------------------------------------------------------------------------------

[2025-05-13 09:57:47 #1 store] 
Database 'C:\IVAN_INGENIERITZA_INFORMATIKOA\2024-2025\2.Kuatrimestrea\IS\proiektua\priala\2.ITERAZIOA(WEB ZERBITZU GABE)\Rides24\src\main\resources\rides.temp' is opened by 5884@IVAN

[2025-05-13 09:57:48 #2 type.registry] 
New type domain.User

[2025-05-13 09:57:48 #3 type.registry] 
New type domain.Driver

[2025-05-13 09:57:48 #4 type] 
Type domain.User is not enhanced.

[2025-05-13 09:57:48 #5 type.registry] 
New type domain.Mugimendua

[2025-05-13 09:57:48 #6 type.registry] 
New type domain.Erreklamazio

[2025-05-13 09:57:48 #7 type] 
Type domain.Driver is not enhanced.

[2025-05-13 09:57:48 #8 type.registry] 
New type domain.Kotxe

[2025-05-13 09:57:48 #9 type.registry] 
New type domain.Ride

[2025-05-13 09:57:48 #10 type] 
Type domain.Mugimendua is not enhanced.

[2025-05-13 09:57:48 #11 type] 
Type domain.Erreklamazio is not enhanced.

[2025-05-13 09:57:48 #12 type] 
Type domain.Kotxe is not enhanced.

[2025-05-13 09:57:48 #13 type] 
Type domain.Ride is not enhanced.

[2025-05-13 09:57:48 #14 type.registry] 
New type domain.Balorazio

[2025-05-13 09:57:48 #15 type.registry] 
New type domain.Book

[2025-05-13 09:57:48 #16 type] 
Type domain.Balorazio is not enhanced.

[2025-05-13 09:57:48 #17 type.registry] 
New type domain.Traveler

[2025-05-13 09:57:48 #18 type] 
Type domain.Book is not enhanced.

[2025-05-13 09:57:48 #19 type] 
Type domain.Traveler is not enhanced.

[2025-05-13 09:57:48 #20 type.registry] 
New type domain.Alerta

[2025-05-13 09:57:48 #21 type] 
Type domain.Alerta is not enhanced.

[2025-05-13 09:57:48 #22 type.registry] 
New type java.util.Vector<java.lang.Object>

[2025-05-13 09:57:48 #23 type.registry] 
New type java.util.Vector<domain.Erreklamazio>

[2025-05-13 09:57:48 #24 type.registry] 
New type java.util.Vector<domain.Mugimendua>

[2025-05-13 09:57:48 #25 type.registry] 
New type java.util.Vector<domain.Ride>

[2025-05-13 09:57:48 #26 type.registry] 
New type java.util.Vector<domain.Kotxe>

[2025-05-13 09:57:48 #27 type.registry] 
New type java.util.Vector<domain.Book>

[2025-05-13 09:57:48 #28 type.registry] 
New type java.util.Vector<domain.Alerta>

[2025-05-13 09:57:48 #29 type.registry] 
New type java.util.Vector<domain.Balorazio>

