------------------------------------------------------------------------------------------------------------------------

[2025-03-29 13:59:35 #1 store] 
Database 'C:\Users\ipria\git\Rides24\src\main\resources\rides.temp' is opened by 2488@IVAN

[2025-03-29 13:59:35 #2 type.registry] 
New type domain.User

[2025-03-29 13:59:35 #3 type.registry] 
New type domain.Driver

[2025-03-29 13:59:35 #4 type] 
Type domain.User is not enhanced.

[2025-03-29 13:59:35 #5 type] 
Type domain.Driver is not enhanced.

[2025-03-29 13:59:35 #6 type.registry] 
New type domain.Ride

[2025-03-29 13:59:35 #7 type] 
Type domain.Ride is not enhanced.

[2025-03-29 13:59:35 #8 type.registry] 
New type domain.Traveler

[2025-03-29 13:59:35 #9 type] 
Type domain.Traveler is not enhanced.

[2025-03-29 13:59:35 #10 type.registry] 
New type java.util.Vector<java.lang.Object>

[2025-03-29 13:59:35 #11 type.registry] 
New type java.util.Vector<domain.Ride>

------------------------------------------------------------------------------------------------------------------------

[2025-03-29 14:00:14 #1 store] 
Database 'C:\Users\ipria\git\Rides24\src\main\resources\rides.temp' is opened by 2968@IVAN

[2025-03-29 14:00:14 #2 type.registry] 
New type domain.User

[2025-03-29 14:00:14 #3 type.registry] 
New type domain.Driver

[2025-03-29 14:00:14 #4 type] 
Type domain.User is not enhanced.

[2025-03-29 14:00:14 #5 type] 
Type domain.Driver is not enhanced.

[2025-03-29 14:00:14 #6 type.registry] 
New type domain.Ride

[2025-03-29 14:00:14 #7 type] 
Type domain.Ride is not enhanced.

[2025-03-29 14:00:14 #8 type.registry] 
New type domain.Traveler

[2025-03-29 14:00:14 #9 type] 
Type domain.Traveler is not enhanced.

[2025-03-29 14:00:14 #10 type.registry] 
New type java.util.Vector<java.lang.Object>

[2025-03-29 14:00:14 #11 type.registry] 
New type java.util.Vector<domain.Ride>

------------------------------------------------------------------------------------------------------------------------

[2025-03-29 14:05:35 #1 store] 
Database 'C:\Users\ipria\git\Rides24\src\main\resources\rides.temp' is opened by 20540@IVAN

[2025-03-29 14:05:35 #2 type.registry] 
New type domain.User

[2025-03-29 14:05:35 #3 type.registry] 
New type domain.Driver

[2025-03-29 14:05:35 #4 type] 
Type domain.User is not enhanced.

[2025-03-29 14:05:35 #5 type] 
Type domain.Driver is not enhanced.

[2025-03-29 14:05:35 #6 type.registry] 
New type domain.Ride

[2025-03-29 14:05:35 #7 type] 
Type domain.Ride is not enhanced.

[2025-03-29 14:05:35 #8 type.registry] 
New type domain.Traveler

[2025-03-29 14:05:35 #9 type] 
Type domain.Traveler is not enhanced.

[2025-03-29 14:05:35 #10 type.registry] 
New type java.util.Vector<java.lang.Object>

[2025-03-29 14:05:35 #11 type.registry] 
New type java.util.Vector<domain.Ride>

------------------------------------------------------------------------------------------------------------------------

[2025-03-29 14:11:16 #1 store] 
Database 'C:\Users\ipria\git\Rides24\src\main\resources\rides.temp' is opened by 10456@IVAN

[2025-03-29 14:11:16 #2 type.registry] 
New type domain.User

[2025-03-29 14:11:16 #3 type.registry] 
New type domain.Driver

[2025-03-29 14:11:16 #4 type] 
Type domain.User is not enhanced.

[2025-03-29 14:11:16 #5 type] 
Type domain.Driver is not enhanced.

[2025-03-29 14:11:16 #6 type.registry] 
New type domain.Ride

[2025-03-29 14:11:16 #7 type] 
Type domain.Ride is not enhanced.

[2025-03-29 14:11:16 #8 type.registry] 
New type domain.Traveler

[2025-03-29 14:11:16 #9 type] 
Type domain.Traveler is not enhanced.

[2025-03-29 14:11:16 #10 type.registry] 
New type java.util.Vector<java.lang.Object>

[2025-03-29 14:11:16 #11 type.registry] 
New type java.util.Vector<domain.Ride>

------------------------------------------------------------------------------------------------------------------------

[2025-03-29 14:18:37 #1 store] 
Database 'C:\Users\ipria\git\Rides24\src\main\resources\rides.temp' is opened by 23540@IVAN

[2025-03-29 14:18:38 #2 type.registry] 
New type domain.User

[2025-03-29 14:18:38 #3 type.registry] 
New type domain.Driver

[2025-03-29 14:18:38 #4 type] 
Type domain.User is not enhanced.

[2025-03-29 14:18:38 #5 type] 
Type domain.Driver is not enhanced.

[2025-03-29 14:18:38 #6 type.registry] 
New type domain.Ride

[2025-03-29 14:18:38 #7 type] 
Type domain.Ride is not enhanced.

[2025-03-29 14:18:38 #8 type.registry] 
New type domain.Traveler

[2025-03-29 14:18:38 #9 type] 
Type domain.Traveler is not enhanced.

[2025-03-29 14:18:38 #10 type.registry] 
New type java.util.Vector<java.lang.Object>

[2025-03-29 14:18:38 #11 type.registry] 
New type java.util.Vector<domain.Ride>

------------------------------------------------------------------------------------------------------------------------

[2025-03-29 14:25:04 #1 store] 
Database 'C:\Users\ipria\git\Rides24\src\main\resources\rides.temp' is opened by 17500@IVAN

[2025-03-29 14:25:04 #2 type.registry] 
New type domain.User

[2025-03-29 14:25:04 #3 type.registry] 
New type domain.Driver

[2025-03-29 14:25:04 #4 type] 
Type domain.User is not enhanced.

[2025-03-29 14:25:04 #5 type] 
Type domain.Driver is not enhanced.

[2025-03-29 14:25:04 #6 type.registry] 
New type domain.Ride

[2025-03-29 14:25:04 #7 type] 
Type domain.Ride is not enhanced.

[2025-03-29 14:25:04 #8 type.registry] 
New type domain.Traveler

[2025-03-29 14:25:04 #9 type] 
Type domain.Traveler is not enhanced.

[2025-03-29 14:25:04 #10 type.registry] 
New type java.util.Vector<java.lang.Object>

[2025-03-29 14:25:04 #11 type.registry] 
New type java.util.Vector<domain.Ride>

------------------------------------------------------------------------------------------------------------------------

[2025-03-29 14:30:27 #1 store] 
Database 'C:\Users\ipria\git\Rides24\src\main\resources\rides.temp' is opened by 5352@IVAN

[2025-03-29 14:30:27 #2 type.registry] 
New type domain.User

[2025-03-29 14:30:27 #3 type.registry] 
New type domain.Driver

[2025-03-29 14:30:27 #4 type] 
Type domain.User is not enhanced.

[2025-03-29 14:30:27 #5 type] 
Type domain.Driver is not enhanced.

[2025-03-29 14:30:27 #6 type.registry] 
New type domain.Ride

[2025-03-29 14:30:27 #7 type] 
Type domain.Ride is not enhanced.

[2025-03-29 14:30:27 #8 type.registry] 
New type domain.Traveler

[2025-03-29 14:30:27 #9 type] 
Type domain.Traveler is not enhanced.

[2025-03-29 14:30:27 #10 type.registry] 
New type java.util.Vector<java.lang.Object>

[2025-03-29 14:30:27 #11 type.registry] 
New type java.util.Vector<domain.Ride>

------------------------------------------------------------------------------------------------------------------------

[2025-03-29 14:30:49 #1 store] 
Database 'C:\Users\ipria\git\Rides24\src\main\resources\rides.temp' is opened by 13696@IVAN

[2025-03-29 14:30:49 #2 type.registry] 
New type domain.User

[2025-03-29 14:30:49 #3 type.registry] 
New type domain.Driver

[2025-03-29 14:30:49 #4 type] 
Type domain.User is not enhanced.

[2025-03-29 14:30:49 #5 type] 
Type domain.Driver is not enhanced.

[2025-03-29 14:30:49 #6 type.registry] 
New type domain.Ride

[2025-03-29 14:30:49 #7 type] 
Type domain.Ride is not enhanced.

[2025-03-29 14:30:49 #8 type.registry] 
New type domain.Traveler

[2025-03-29 14:30:49 #9 type] 
Type domain.Traveler is not enhanced.

[2025-03-29 14:30:49 #10 type.registry] 
New type java.util.Vector<java.lang.Object>

[2025-03-29 14:30:49 #11 type.registry] 
New type java.util.Vector<domain.Ride>

------------------------------------------------------------------------------------------------------------------------

[2025-03-29 14:33:22 #1 store] 
Database 'C:\Users\ipria\git\Rides24\src\main\resources\rides.temp' is opened by 19552@IVAN

[2025-03-29 14:33:22 #2 type.registry] 
New type domain.User

[2025-03-29 14:33:22 #3 type.registry] 
New type domain.Driver

[2025-03-29 14:33:22 #4 type] 
Type domain.User is not enhanced.

[2025-03-29 14:33:22 #5 type] 
Type domain.Driver is not enhanced.

[2025-03-29 14:33:22 #6 type.registry] 
New type domain.Ride

[2025-03-29 14:33:22 #7 type] 
Type domain.Ride is not enhanced.

[2025-03-29 14:33:22 #8 type.registry] 
New type domain.Traveler

[2025-03-29 14:33:22 #9 type] 
Type domain.Traveler is not enhanced.

[2025-03-29 14:33:22 #10 type.registry] 
New type java.util.Vector<java.lang.Object>

[2025-03-29 14:33:22 #11 type.registry] 
New type java.util.Vector<domain.Ride>

------------------------------------------------------------------------------------------------------------------------

[2025-03-29 14:34:07 #1 store] 
Database 'C:\Users\ipria\git\Rides24\src\main\resources\rides.temp' is opened by 5044@IVAN

[2025-03-29 14:34:07 #2 type.registry] 
New type domain.User

[2025-03-29 14:34:07 #3 type.registry] 
New type domain.Driver

[2025-03-29 14:34:07 #4 type] 
Type domain.User is not enhanced.

[2025-03-29 14:34:07 #5 type] 
Type domain.Driver is not enhanced.

[2025-03-29 14:34:07 #6 type.registry] 
New type domain.Ride

[2025-03-29 14:34:07 #7 type] 
Type domain.Ride is not enhanced.

[2025-03-29 14:34:07 #8 type.registry] 
New type domain.Traveler

[2025-03-29 14:34:07 #9 type] 
Type domain.Traveler is not enhanced.

[2025-03-29 14:34:07 #10 type.registry] 
New type java.util.Vector<java.lang.Object>

[2025-03-29 14:34:07 #11 type.registry] 
New type java.util.Vector<domain.Ride>

------------------------------------------------------------------------------------------------------------------------

[2025-03-29 14:34:17 #1 store] 
Database 'C:\Users\ipria\git\Rides24\src\main\resources\rides.temp' is opened by 22916@IVAN

[2025-03-29 14:34:17 #2 type.registry] 
New type domain.User

[2025-03-29 14:34:17 #3 type.registry] 
New type domain.Driver

[2025-03-29 14:34:17 #4 type] 
Type domain.User is not enhanced.

[2025-03-29 14:34:17 #5 type] 
Type domain.Driver is not enhanced.

[2025-03-29 14:34:17 #6 type.registry] 
New type domain.Ride

[2025-03-29 14:34:17 #7 type] 
Type domain.Ride is not enhanced.

[2025-03-29 14:34:17 #8 type.registry] 
New type domain.Traveler

[2025-03-29 14:34:17 #9 type] 
Type domain.Traveler is not enhanced.

[2025-03-29 14:34:17 #10 type.registry] 
New type java.util.Vector<java.lang.Object>

[2025-03-29 14:34:17 #11 type.registry] 
New type java.util.Vector<domain.Ride>

------------------------------------------------------------------------------------------------------------------------

[2025-03-29 14:34:31 #1 store] 
Database 'C:\Users\ipria\git\Rides24\src\main\resources\rides.temp' is opened by 11488@IVAN

[2025-03-29 14:34:31 #2 type.registry] 
New type domain.User

[2025-03-29 14:34:31 #3 type.registry] 
New type domain.Driver

[2025-03-29 14:34:31 #4 type] 
Type domain.User is not enhanced.

[2025-03-29 14:34:31 #5 type] 
Type domain.Driver is not enhanced.

[2025-03-29 14:34:31 #6 type.registry] 
New type domain.Ride

[2025-03-29 14:34:31 #7 type] 
Type domain.Ride is not enhanced.

[2025-03-29 14:34:31 #8 type.registry] 
New type domain.Traveler

[2025-03-29 14:34:31 #9 type] 
Type domain.Traveler is not enhanced.

[2025-03-29 14:34:31 #10 type.registry] 
New type java.util.Vector<java.lang.Object>

[2025-03-29 14:34:31 #11 type.registry] 
New type java.util.Vector<domain.Ride>

------------------------------------------------------------------------------------------------------------------------

[2025-03-29 14:34:47 #1 store] 
Database 'C:\Users\ipria\git\Rides24\src\main\resources\rides.temp' is opened by 15940@IVAN

[2025-03-29 14:34:47 #2 type.registry] 
New type domain.User

[2025-03-29 14:34:47 #3 type.registry] 
New type domain.Driver

[2025-03-29 14:34:47 #4 type] 
Type domain.User is not enhanced.

[2025-03-29 14:34:47 #5 type] 
Type domain.Driver is not enhanced.

[2025-03-29 14:34:47 #6 type.registry] 
New type domain.Ride

[2025-03-29 14:34:47 #7 type] 
Type domain.Ride is not enhanced.

[2025-03-29 14:34:47 #8 type.registry] 
New type domain.Traveler

[2025-03-29 14:34:47 #9 type] 
Type domain.Traveler is not enhanced.

[2025-03-29 14:34:47 #10 type.registry] 
New type java.util.Vector<java.lang.Object>

[2025-03-29 14:34:47 #11 type.registry] 
New type java.util.Vector<domain.Ride>

------------------------------------------------------------------------------------------------------------------------

[2025-03-29 14:35:04 #1 store] 
Database 'C:\Users\ipria\git\Rides24\src\main\resources\rides.temp' is opened by 22112@IVAN

[2025-03-29 14:35:05 #2 type.registry] 
New type domain.User

[2025-03-29 14:35:05 #3 type.registry] 
New type domain.Driver

[2025-03-29 14:35:05 #4 type] 
Type domain.User is not enhanced.

[2025-03-29 14:35:05 #5 type] 
Type domain.Driver is not enhanced.

[2025-03-29 14:35:05 #6 type.registry] 
New type domain.Ride

[2025-03-29 14:35:05 #7 type] 
Type domain.Ride is not enhanced.

[2025-03-29 14:35:05 #8 type.registry] 
New type domain.Traveler

[2025-03-29 14:35:05 #9 type] 
Type domain.Traveler is not enhanced.

[2025-03-29 14:35:05 #10 type.registry] 
New type java.util.Vector<java.lang.Object>

[2025-03-29 14:35:05 #11 type.registry] 
New type java.util.Vector<domain.Ride>

------------------------------------------------------------------------------------------------------------------------

[2025-03-29 14:35:23 #1 store] 
Database 'C:\Users\ipria\git\Rides24\src\main\resources\rides.temp' is opened by 21856@IVAN

[2025-03-29 14:35:23 #2 type.registry] 
New type domain.User

[2025-03-29 14:35:23 #3 type.registry] 
New type domain.Driver

[2025-03-29 14:35:23 #4 type] 
Type domain.User is not enhanced.

[2025-03-29 14:35:23 #5 type] 
Type domain.Driver is not enhanced.

[2025-03-29 14:35:23 #6 type.registry] 
New type domain.Ride

[2025-03-29 14:35:23 #7 type] 
Type domain.Ride is not enhanced.

[2025-03-29 14:35:23 #8 type.registry] 
New type domain.Traveler

[2025-03-29 14:35:23 #9 type] 
Type domain.Traveler is not enhanced.

[2025-03-29 14:35:23 #10 type.registry] 
New type java.util.Vector<java.lang.Object>

[2025-03-29 14:35:23 #11 type.registry] 
New type java.util.Vector<domain.Ride>

------------------------------------------------------------------------------------------------------------------------

[2025-03-29 14:35:44 #1 store] 
Database 'C:\Users\ipria\git\Rides24\src\main\resources\rides.temp' is opened by 23320@IVAN

[2025-03-29 14:35:45 #2 type.registry] 
New type domain.User

[2025-03-29 14:35:45 #3 type.registry] 
New type domain.Driver

[2025-03-29 14:35:45 #4 type] 
Type domain.User is not enhanced.

[2025-03-29 14:35:45 #5 type] 
Type domain.Driver is not enhanced.

[2025-03-29 14:35:45 #6 type.registry] 
New type domain.Ride

[2025-03-29 14:35:45 #7 type] 
Type domain.Ride is not enhanced.

[2025-03-29 14:35:45 #8 type.registry] 
New type domain.Traveler

[2025-03-29 14:35:45 #9 type] 
Type domain.Traveler is not enhanced.

[2025-03-29 14:35:45 #10 type.registry] 
New type java.util.Vector<java.lang.Object>

[2025-03-29 14:35:45 #11 type.registry] 
New type java.util.Vector<domain.Ride>

------------------------------------------------------------------------------------------------------------------------

[2025-03-29 14:59:34 #1 store] 
Database 'C:\Users\ipria\git\Rides24\src\main\resources\rides.temp' is opened by 12272@IVAN

[2025-03-29 14:59:34 #2 type.registry] 
New type domain.User

[2025-03-29 14:59:34 #3 type.registry] 
New type domain.Driver

[2025-03-29 14:59:34 #4 type] 
Type domain.User is not enhanced.

[2025-03-29 14:59:34 #5 type] 
Type domain.Driver is not enhanced.

[2025-03-29 14:59:34 #6 type.registry] 
New type domain.Ride

[2025-03-29 14:59:34 #7 type] 
Type domain.Ride is not enhanced.

[2025-03-29 14:59:34 #8 type.registry] 
New type domain.Traveler

[2025-03-29 14:59:34 #9 type] 
Type domain.Traveler is not enhanced.

[2025-03-29 14:59:34 #10 type.registry] 
New type java.util.Vector<java.lang.Object>

[2025-03-29 14:59:34 #11 type.registry] 
New type java.util.Vector<domain.Ride>

------------------------------------------------------------------------------------------------------------------------

[2025-03-29 15:02:34 #1 store] 
Database 'C:\Users\ipria\git\Rides24\src\main\resources\rides.temp' is opened by 20888@IVAN

[2025-03-29 15:02:34 #2 type.registry] 
New type domain.User

[2025-03-29 15:02:34 #3 type.registry] 
New type domain.Driver

[2025-03-29 15:02:34 #4 type] 
Type domain.User is not enhanced.

[2025-03-29 15:02:34 #5 type] 
Type domain.Driver is not enhanced.

[2025-03-29 15:02:34 #6 type.registry] 
New type domain.Ride

[2025-03-29 15:02:34 #7 type] 
Type domain.Ride is not enhanced.

[2025-03-29 15:02:34 #8 type.registry] 
New type domain.Traveler

[2025-03-29 15:02:34 #9 type] 
Type domain.Traveler is not enhanced.

[2025-03-29 15:02:34 #10 type.registry] 
New type java.util.Vector<java.lang.Object>

[2025-03-29 15:02:34 #11 type.registry] 
New type java.util.Vector<domain.Ride>

------------------------------------------------------------------------------------------------------------------------

[2025-03-29 15:03:17 #1 store] 
Database 'C:\Users\ipria\git\Rides24\src\main\resources\rides.temp' is opened by 13100@IVAN

[2025-03-29 15:03:17 #2 type.registry] 
New type domain.User

[2025-03-29 15:03:17 #3 type.registry] 
New type domain.Driver

[2025-03-29 15:03:17 #4 type] 
Type domain.User is not enhanced.

[2025-03-29 15:03:17 #5 type] 
Type domain.Driver is not enhanced.

[2025-03-29 15:03:17 #6 type.registry] 
New type domain.Ride

[2025-03-29 15:03:17 #7 type] 
Type domain.Ride is not enhanced.

[2025-03-29 15:03:17 #8 type.registry] 
New type domain.Traveler

[2025-03-29 15:03:17 #9 type] 
Type domain.Traveler is not enhanced.

[2025-03-29 15:03:17 #10 type.registry] 
New type java.util.Vector<java.lang.Object>

[2025-03-29 15:03:17 #11 type.registry] 
New type java.util.Vector<domain.Ride>

------------------------------------------------------------------------------------------------------------------------

[2025-03-29 15:08:05 #1 store] 
Database 'C:\Users\ipria\git\Rides24\src\main\resources\rides.temp' is opened by 24356@IVAN

[2025-03-29 15:08:05 #2 type.registry] 
New type domain.User

[2025-03-29 15:08:05 #3 type.registry] 
New type domain.Driver

[2025-03-29 15:08:05 #4 type] 
Type domain.User is not enhanced.

[2025-03-29 15:08:05 #5 type] 
Type domain.Driver is not enhanced.

[2025-03-29 15:08:05 #6 type.registry] 
New type domain.Ride

[2025-03-29 15:08:05 #7 type] 
Type domain.Ride is not enhanced.

[2025-03-29 15:08:05 #8 type.registry] 
New type domain.Traveler

[2025-03-29 15:08:05 #9 type] 
Type domain.Traveler is not enhanced.

[2025-03-29 15:08:05 #10 type.registry] 
New type java.util.Vector<java.lang.Object>

[2025-03-29 15:08:05 #11 type.registry] 
New type java.util.Vector<domain.Ride>

------------------------------------------------------------------------------------------------------------------------

[2025-03-29 15:08:10 #1 store] 
Database 'C:\Users\ipria\git\Rides24\src\main\resources\rides.temp' is opened by 23292@IVAN

[2025-03-29 15:08:11 #2 type.registry] 
New type domain.User

[2025-03-29 15:08:11 #3 type.registry] 
New type domain.Driver

[2025-03-29 15:08:11 #4 type] 
Type domain.User is not enhanced.

[2025-03-29 15:08:11 #5 type] 
Type domain.Driver is not enhanced.

[2025-03-29 15:08:11 #6 type.registry] 
New type domain.Ride

[2025-03-29 15:08:11 #7 type] 
Type domain.Ride is not enhanced.

[2025-03-29 15:08:11 #8 type.registry] 
New type domain.Traveler

[2025-03-29 15:08:11 #9 type] 
Type domain.Traveler is not enhanced.

[2025-03-29 15:08:11 #10 type.registry] 
New type java.util.Vector<java.lang.Object>

[2025-03-29 15:08:11 #11 type.registry] 
New type java.util.Vector<domain.Ride>

------------------------------------------------------------------------------------------------------------------------

[2025-03-29 15:11:53 #1 store] 
Database 'C:\Users\ipria\git\Rides24\src\main\resources\rides.temp' is opened by 24256@IVAN

[2025-03-29 15:11:53 #2 type.registry] 
New type domain.User

[2025-03-29 15:11:53 #3 type.registry] 
New type domain.Driver

[2025-03-29 15:11:53 #4 type] 
Type domain.User is not enhanced.

[2025-03-29 15:11:53 #5 type] 
Type domain.Driver is not enhanced.

[2025-03-29 15:11:53 #6 type.registry] 
New type domain.Ride

[2025-03-29 15:11:53 #7 type] 
Type domain.Ride is not enhanced.

[2025-03-29 15:11:53 #8 type.registry] 
New type domain.Traveler

[2025-03-29 15:11:53 #9 type] 
Type domain.Traveler is not enhanced.

[2025-03-29 15:11:53 #10 type.registry] 
New type java.util.Vector<java.lang.Object>

[2025-03-29 15:11:53 #11 type.registry] 
New type java.util.Vector<domain.Ride>

------------------------------------------------------------------------------------------------------------------------

[2025-03-29 15:12:52 #1 store] 
Database 'C:\Users\ipria\git\Rides24\src\main\resources\rides.temp' is opened by 2612@IVAN

[2025-03-29 15:12:52 #2 type.registry] 
New type domain.User

[2025-03-29 15:12:52 #3 type.registry] 
New type domain.Driver

[2025-03-29 15:12:52 #4 type] 
Type domain.User is not enhanced.

[2025-03-29 15:12:52 #5 type] 
Type domain.Driver is not enhanced.

[2025-03-29 15:12:52 #6 type.registry] 
New type domain.Ride

[2025-03-29 15:12:52 #7 type] 
Type domain.Ride is not enhanced.

[2025-03-29 15:12:52 #8 type.registry] 
New type domain.Traveler

[2025-03-29 15:12:52 #9 type] 
Type domain.Traveler is not enhanced.

[2025-03-29 15:12:52 #10 type.registry] 
New type java.util.Vector<java.lang.Object>

[2025-03-29 15:12:52 #11 type.registry] 
New type java.util.Vector<domain.Ride>

------------------------------------------------------------------------------------------------------------------------

[2025-03-29 15:14:01 #1 store] 
Database 'C:\Users\ipria\git\Rides24\src\main\resources\rides.temp' is opened by 14392@IVAN

[2025-03-29 15:14:01 #2 type.registry] 
New type domain.User

[2025-03-29 15:14:01 #3 type.registry] 
New type domain.Driver

[2025-03-29 15:14:01 #4 type] 
Type domain.User is not enhanced.

[2025-03-29 15:14:01 #5 type] 
Type domain.Driver is not enhanced.

[2025-03-29 15:14:01 #6 type.registry] 
New type domain.Ride

[2025-03-29 15:14:01 #7 type] 
Type domain.Ride is not enhanced.

[2025-03-29 15:14:01 #8 type.registry] 
New type domain.Traveler

[2025-03-29 15:14:01 #9 type] 
Type domain.Traveler is not enhanced.

[2025-03-29 15:14:01 #10 type.registry] 
New type java.util.Vector<java.lang.Object>

[2025-03-29 15:14:01 #11 type.registry] 
New type java.util.Vector<domain.Ride>

------------------------------------------------------------------------------------------------------------------------

[2025-03-29 15:16:57 #1 store] 
Database 'C:\Users\ipria\git\Rides24\src\main\resources\rides.temp' is opened by 23824@IVAN

[2025-03-29 15:16:57 #2 type.registry] 
New type domain.User

[2025-03-29 15:16:57 #3 type.registry] 
New type domain.Driver

[2025-03-29 15:16:57 #4 type] 
Type domain.User is not enhanced.

[2025-03-29 15:16:57 #5 type] 
Type domain.Driver is not enhanced.

[2025-03-29 15:16:57 #6 type.registry] 
New type domain.Ride

[2025-03-29 15:16:57 #7 type] 
Type domain.Ride is not enhanced.

[2025-03-29 15:16:57 #8 type.registry] 
New type domain.Traveler

[2025-03-29 15:16:57 #9 type] 
Type domain.Traveler is not enhanced.

[2025-03-29 15:16:57 #10 type.registry] 
New type java.util.Vector<java.lang.Object>

[2025-03-29 15:16:57 #11 type.registry] 
New type java.util.Vector<domain.Ride>

------------------------------------------------------------------------------------------------------------------------

[2025-03-29 15:17:17 #1 store] 
Database 'C:\Users\ipria\git\Rides24\src\main\resources\rides.temp' is opened by 20404@IVAN

[2025-03-29 15:17:17 #2 type.registry] 
New type domain.User

[2025-03-29 15:17:17 #3 type.registry] 
New type domain.Driver

[2025-03-29 15:17:17 #4 type] 
Type domain.User is not enhanced.

[2025-03-29 15:17:17 #5 type] 
Type domain.Driver is not enhanced.

[2025-03-29 15:17:17 #6 type.registry] 
New type domain.Ride

[2025-03-29 15:17:17 #7 type] 
Type domain.Ride is not enhanced.

[2025-03-29 15:17:17 #8 type.registry] 
New type domain.Traveler

[2025-03-29 15:17:17 #9 type] 
Type domain.Traveler is not enhanced.

[2025-03-29 15:17:17 #10 type.registry] 
New type java.util.Vector<java.lang.Object>

[2025-03-29 15:17:17 #11 type.registry] 
New type java.util.Vector<domain.Ride>

------------------------------------------------------------------------------------------------------------------------

[2025-03-29 15:23:09 #1 store] 
Database 'C:\Users\ipria\git\Rides24\src\main\resources\rides.temp' is opened by 24428@IVAN

[2025-03-29 15:23:10 #2 type.registry] 
New type domain.User

[2025-03-29 15:23:10 #3 type.registry] 
New type domain.Driver

[2025-03-29 15:23:10 #4 type] 
Type domain.User is not enhanced.

[2025-03-29 15:23:10 #5 type] 
Type domain.Driver is not enhanced.

[2025-03-29 15:23:10 #6 type.registry] 
New type domain.Ride

[2025-03-29 15:23:10 #7 type] 
Type domain.Ride is not enhanced.

[2025-03-29 15:23:10 #8 type.registry] 
New type domain.Traveler

[2025-03-29 15:23:10 #9 type] 
Type domain.Traveler is not enhanced.

[2025-03-29 15:23:10 #10 type.registry] 
New type java.util.Vector<java.lang.Object>

[2025-03-29 15:23:10 #11 type.registry] 
New type java.util.Vector<domain.Ride>

------------------------------------------------------------------------------------------------------------------------

[2025-03-29 15:34:10 #1 store] 
Database 'C:\Users\ipria\git\Rides24\src\main\resources\rides.temp' is opened by 9388@IVAN

[2025-03-29 15:34:10 #2 type.registry] 
New type domain.User

[2025-03-29 15:34:10 #3 type.registry] 
New type domain.Driver

[2025-03-29 15:34:10 #4 type] 
Type domain.User is not enhanced.

[2025-03-29 15:34:10 #5 type] 
Type domain.Driver is not enhanced.

[2025-03-29 15:34:10 #6 type.registry] 
New type domain.Ride

[2025-03-29 15:34:10 #7 type] 
Type domain.Ride is not enhanced.

[2025-03-29 15:34:10 #8 type.registry] 
New type domain.Traveler

[2025-03-29 15:34:10 #9 type] 
Type domain.Traveler is not enhanced.

[2025-03-29 15:34:10 #10 type.registry] 
New type java.util.Vector<java.lang.Object>

[2025-03-29 15:34:10 #11 type.registry] 
New type java.util.Vector<domain.Ride>

------------------------------------------------------------------------------------------------------------------------

[2025-03-29 15:37:34 #1 store] 
Database 'C:\Users\ipria\git\Rides24\src\main\resources\rides.temp' is opened by 7780@IVAN

[2025-03-29 15:37:34 #2 type.registry] 
New type domain.User

[2025-03-29 15:37:34 #3 type.registry] 
New type domain.Driver

[2025-03-29 15:37:34 #4 type] 
Type domain.User is not enhanced.

[2025-03-29 15:37:34 #5 type] 
Type domain.Driver is not enhanced.

[2025-03-29 15:37:34 #6 type.registry] 
New type domain.Ride

[2025-03-29 15:37:34 #7 type] 
Type domain.Ride is not enhanced.

[2025-03-29 15:37:34 #8 type.registry] 
New type domain.Traveler

[2025-03-29 15:37:34 #9 type] 
Type domain.Traveler is not enhanced.

[2025-03-29 15:37:34 #10 type.registry] 
New type java.util.Vector<java.lang.Object>

[2025-03-29 15:37:34 #11 type.registry] 
New type java.util.Vector<domain.Ride>

------------------------------------------------------------------------------------------------------------------------

[2025-03-29 15:40:58 #1 store] 
Database 'C:\Users\ipria\git\Rides24\src\main\resources\rides.temp' is opened by 23956@IVAN

[2025-03-29 15:40:58 #2 type.registry] 
New type domain.User

[2025-03-29 15:40:58 #3 type.registry] 
New type domain.Driver

[2025-03-29 15:40:58 #4 type] 
Type domain.User is not enhanced.

[2025-03-29 15:40:58 #5 type] 
Type domain.Driver is not enhanced.

[2025-03-29 15:40:58 #6 type.registry] 
New type domain.Ride

[2025-03-29 15:40:58 #7 type] 
Type domain.Ride is not enhanced.

[2025-03-29 15:40:58 #8 type.registry] 
New type domain.Traveler

[2025-03-29 15:40:58 #9 type] 
Type domain.Traveler is not enhanced.

[2025-03-29 15:40:58 #10 type.registry] 
New type java.util.Vector<java.lang.Object>

[2025-03-29 15:40:58 #11 type.registry] 
New type java.util.Vector<domain.Ride>

------------------------------------------------------------------------------------------------------------------------

[2025-03-29 15:45:28 #1 store] 
Database 'C:\Users\ipria\git\Rides24\src\main\resources\rides.temp' is opened by 18724@IVAN

[2025-03-29 15:45:28 #2 type.registry] 
New type domain.User

[2025-03-29 15:45:28 #3 type.registry] 
New type domain.Driver

[2025-03-29 15:45:28 #4 type] 
Type domain.User is not enhanced.

[2025-03-29 15:45:28 #5 type] 
Type domain.Driver is not enhanced.

[2025-03-29 15:45:28 #6 type.registry] 
New type domain.Ride

[2025-03-29 15:45:28 #7 type] 
Type domain.Ride is not enhanced.

[2025-03-29 15:45:28 #8 type.registry] 
New type domain.Traveler

[2025-03-29 15:45:28 #9 type] 
Type domain.Traveler is not enhanced.

[2025-03-29 15:45:28 #10 type.registry] 
New type java.util.Vector<java.lang.Object>

[2025-03-29 15:45:28 #11 type.registry] 
New type java.util.Vector<domain.Ride>

------------------------------------------------------------------------------------------------------------------------

[2025-03-29 15:54:57 #1 store] 
Database 'C:\Users\ipria\git\Rides24\src\main\resources\rides.temp' is opened by 24528@IVAN

[2025-03-29 15:54:57 #2 type.registry] 
New type domain.User

[2025-03-29 15:54:57 #3 type.registry] 
New type domain.Driver

[2025-03-29 15:54:57 #4 type] 
Type domain.User is not enhanced.

[2025-03-29 15:54:57 #5 type] 
Type domain.Driver is not enhanced.

[2025-03-29 15:54:57 #6 type.registry] 
New type domain.Ride

[2025-03-29 15:54:57 #7 type] 
Type domain.Ride is not enhanced.

[2025-03-29 15:54:57 #8 type.registry] 
New type domain.Traveler

[2025-03-29 15:54:57 #9 type] 
Type domain.Traveler is not enhanced.

[2025-03-29 15:54:57 #10 type.registry] 
New type java.util.Vector<java.lang.Object>

[2025-03-29 15:54:57 #11 type.registry] 
New type java.util.Vector<domain.Ride>

------------------------------------------------------------------------------------------------------------------------

[2025-03-29 15:55:26 #1 store] 
Database 'C:\Users\ipria\git\Rides24\src\main\resources\rides.temp' is opened by 4416@IVAN

[2025-03-29 15:55:26 #2 type.registry] 
New type domain.User

[2025-03-29 15:55:26 #3 type.registry] 
New type domain.Driver

[2025-03-29 15:55:26 #4 type] 
Type domain.User is not enhanced.

[2025-03-29 15:55:26 #5 type] 
Type domain.Driver is not enhanced.

[2025-03-29 15:55:26 #6 type.registry] 
New type domain.Ride

[2025-03-29 15:55:26 #7 type] 
Type domain.Ride is not enhanced.

[2025-03-29 15:55:26 #8 type.registry] 
New type domain.Traveler

[2025-03-29 15:55:26 #9 type] 
Type domain.Traveler is not enhanced.

[2025-03-29 15:55:26 #10 type.registry] 
New type java.util.Vector<java.lang.Object>

[2025-03-29 15:55:26 #11 type.registry] 
New type java.util.Vector<domain.Ride>

------------------------------------------------------------------------------------------------------------------------

[2025-03-29 16:00:34 #1 store] 
Database 'C:\Users\ipria\git\Rides24\src\main\resources\rides.temp' is opened by 14756@IVAN

[2025-03-29 16:00:34 #2 type.registry] 
New type domain.User

[2025-03-29 16:00:34 #3 type.registry] 
New type domain.Driver

[2025-03-29 16:00:34 #4 type] 
Type domain.User is not enhanced.

[2025-03-29 16:00:34 #5 type] 
Type domain.Driver is not enhanced.

[2025-03-29 16:00:34 #6 type.registry] 
New type domain.Ride

[2025-03-29 16:00:34 #7 type] 
Type domain.Ride is not enhanced.

[2025-03-29 16:00:34 #8 type.registry] 
New type domain.Traveler

[2025-03-29 16:00:34 #9 type] 
Type domain.Traveler is not enhanced.

[2025-03-29 16:00:34 #10 type.registry] 
New type java.util.Vector<java.lang.Object>

[2025-03-29 16:00:34 #11 type.registry] 
New type java.util.Vector<domain.Ride>

------------------------------------------------------------------------------------------------------------------------

[2025-03-29 16:05:09 #1 store] 
Database 'C:\Users\ipria\git\Rides24\src\main\resources\rides.temp' is opened by 10636@IVAN

[2025-03-29 16:05:09 #2 type.registry] 
New type domain.User

[2025-03-29 16:05:09 #3 type.registry] 
New type domain.Driver

[2025-03-29 16:05:09 #4 type] 
Type domain.User is not enhanced.

[2025-03-29 16:05:09 #5 type] 
Type domain.Driver is not enhanced.

[2025-03-29 16:05:09 #6 type.registry] 
New type domain.Ride

[2025-03-29 16:05:09 #7 type] 
Type domain.Ride is not enhanced.

[2025-03-29 16:05:09 #8 type.registry] 
New type domain.Traveler

[2025-03-29 16:05:09 #9 type] 
Type domain.Traveler is not enhanced.

[2025-03-29 16:05:09 #10 type.registry] 
New type java.util.Vector<java.lang.Object>

[2025-03-29 16:05:09 #11 type.registry] 
New type java.util.Vector<domain.Ride>

------------------------------------------------------------------------------------------------------------------------

[2025-03-29 16:08:57 #1 store] 
Database 'C:\Users\ipria\git\Rides24\src\main\resources\rides.temp' is opened by 11532@IVAN

[2025-03-29 16:08:57 #2 type.registry] 
New type domain.User

[2025-03-29 16:08:57 #3 type.registry] 
New type domain.Driver

[2025-03-29 16:08:57 #4 type] 
Type domain.User is not enhanced.

[2025-03-29 16:08:57 #5 type] 
Type domain.Driver is not enhanced.

[2025-03-29 16:08:57 #6 type.registry] 
New type domain.Ride

[2025-03-29 16:08:57 #7 type] 
Type domain.Ride is not enhanced.

[2025-03-29 16:08:57 #8 type.registry] 
New type domain.Traveler

[2025-03-29 16:08:57 #9 type] 
Type domain.Traveler is not enhanced.

[2025-03-29 16:08:57 #10 type.registry] 
New type java.util.Vector<java.lang.Object>

[2025-03-29 16:08:57 #11 type.registry] 
New type java.util.Vector<domain.Ride>

------------------------------------------------------------------------------------------------------------------------

[2025-03-29 16:09:51 #1 store] 
Database 'C:\Users\ipria\git\Rides24\src\main\resources\rides.temp' is opened by 21752@IVAN

[2025-03-29 16:09:51 #2 type.registry] 
New type domain.User

[2025-03-29 16:09:51 #3 type.registry] 
New type domain.Driver

[2025-03-29 16:09:51 #4 type] 
Type domain.User is not enhanced.

[2025-03-29 16:09:51 #5 type] 
Type domain.Driver is not enhanced.

[2025-03-29 16:09:51 #6 type.registry] 
New type domain.Ride

[2025-03-29 16:09:51 #7 type] 
Type domain.Ride is not enhanced.

[2025-03-29 16:09:51 #8 type.registry] 
New type domain.Traveler

[2025-03-29 16:09:51 #9 type] 
Type domain.Traveler is not enhanced.

[2025-03-29 16:09:51 #10 type.registry] 
New type java.util.Vector<java.lang.Object>

[2025-03-29 16:09:51 #11 type.registry] 
New type java.util.Vector<domain.Ride>

------------------------------------------------------------------------------------------------------------------------

[2025-03-29 16:10:33 #1 store] 
Database 'C:\Users\ipria\git\Rides24\src\main\resources\rides.temp' is opened by 24208@IVAN

[2025-03-29 16:10:33 #2 type.registry] 
New type domain.User

[2025-03-29 16:10:33 #3 type.registry] 
New type domain.Driver

[2025-03-29 16:10:33 #4 type] 
Type domain.User is not enhanced.

[2025-03-29 16:10:33 #5 type] 
Type domain.Driver is not enhanced.

[2025-03-29 16:10:33 #6 type.registry] 
New type domain.Ride

[2025-03-29 16:10:33 #7 type] 
Type domain.Ride is not enhanced.

[2025-03-29 16:10:33 #8 type.registry] 
New type domain.Traveler

[2025-03-29 16:10:33 #9 type] 
Type domain.Traveler is not enhanced.

[2025-03-29 16:10:33 #10 type.registry] 
New type java.util.Vector<java.lang.Object>

[2025-03-29 16:10:33 #11 type.registry] 
New type java.util.Vector<domain.Ride>

------------------------------------------------------------------------------------------------------------------------

[2025-03-29 16:12:46 #1 store] 
Database 'C:\Users\ipria\git\Rides24\src\main\resources\rides.temp' is opened by 24024@IVAN

[2025-03-29 16:12:46 #2 type.registry] 
New type domain.User

[2025-03-29 16:12:46 #3 type.registry] 
New type domain.Driver

[2025-03-29 16:12:46 #4 type] 
Type domain.User is not enhanced.

[2025-03-29 16:12:46 #5 type] 
Type domain.Driver is not enhanced.

[2025-03-29 16:12:46 #6 type.registry] 
New type domain.Ride

[2025-03-29 16:12:46 #7 type] 
Type domain.Ride is not enhanced.

[2025-03-29 16:12:46 #8 type.registry] 
New type domain.Traveler

[2025-03-29 16:12:46 #9 type] 
Type domain.Traveler is not enhanced.

[2025-03-29 16:12:46 #10 type.registry] 
New type java.util.Vector<java.lang.Object>

[2025-03-29 16:12:46 #11 type.registry] 
New type java.util.Vector<domain.Ride>

------------------------------------------------------------------------------------------------------------------------

[2025-03-29 16:14:04 #1 store] 
Database 'C:\Users\ipria\git\Rides24\src\main\resources\rides.temp' is opened by 6256@IVAN

[2025-03-29 16:14:04 #2 type.registry] 
New type domain.User

[2025-03-29 16:14:04 #3 type.registry] 
New type domain.Driver

[2025-03-29 16:14:04 #4 type] 
Type domain.User is not enhanced.

[2025-03-29 16:14:04 #5 type] 
Type domain.Driver is not enhanced.

[2025-03-29 16:14:04 #6 type.registry] 
New type domain.Ride

[2025-03-29 16:14:04 #7 type] 
Type domain.Ride is not enhanced.

[2025-03-29 16:14:04 #8 type.registry] 
New type domain.Traveler

[2025-03-29 16:14:04 #9 type] 
Type domain.Traveler is not enhanced.

[2025-03-29 16:14:04 #10 type.registry] 
New type java.util.Vector<java.lang.Object>

[2025-03-29 16:14:04 #11 type.registry] 
New type java.util.Vector<domain.Ride>

------------------------------------------------------------------------------------------------------------------------

[2025-03-29 16:15:08 #1 store] 
Database 'C:\Users\ipria\git\Rides24\src\main\resources\rides.temp' is opened by 24040@IVAN

[2025-03-29 16:15:08 #2 type.registry] 
New type domain.User

[2025-03-29 16:15:08 #3 type.registry] 
New type domain.Driver

[2025-03-29 16:15:08 #4 type] 
Type domain.User is not enhanced.

[2025-03-29 16:15:08 #5 type] 
Type domain.Driver is not enhanced.

[2025-03-29 16:15:08 #6 type.registry] 
New type domain.Ride

[2025-03-29 16:15:08 #7 type] 
Type domain.Ride is not enhanced.

[2025-03-29 16:15:08 #8 type.registry] 
New type domain.Traveler

[2025-03-29 16:15:08 #9 type] 
Type domain.Traveler is not enhanced.

[2025-03-29 16:15:08 #10 type.registry] 
New type java.util.Vector<java.lang.Object>

[2025-03-29 16:15:08 #11 type.registry] 
New type java.util.Vector<domain.Ride>

------------------------------------------------------------------------------------------------------------------------

[2025-03-29 16:15:35 #1 store] 
Database 'C:\Users\ipria\git\Rides24\src\main\resources\rides.temp' is opened by 13500@IVAN

[2025-03-29 16:15:35 #2 type.registry] 
New type domain.User

[2025-03-29 16:15:35 #3 type.registry] 
New type domain.Driver

[2025-03-29 16:15:35 #4 type] 
Type domain.User is not enhanced.

[2025-03-29 16:15:35 #5 type] 
Type domain.Driver is not enhanced.

[2025-03-29 16:15:35 #6 type.registry] 
New type domain.Ride

[2025-03-29 16:15:35 #7 type] 
Type domain.Ride is not enhanced.

[2025-03-29 16:15:35 #8 type.registry] 
New type domain.Traveler

[2025-03-29 16:15:35 #9 type] 
Type domain.Traveler is not enhanced.

[2025-03-29 16:15:35 #10 type.registry] 
New type java.util.Vector<java.lang.Object>

[2025-03-29 16:15:35 #11 type.registry] 
New type java.util.Vector<domain.Ride>

------------------------------------------------------------------------------------------------------------------------

[2025-03-29 16:17:52 #1 store] 
Database 'C:\Users\ipria\git\Rides24\src\main\resources\rides.temp' is opened by 2968@IVAN

[2025-03-29 16:17:52 #2 type.registry] 
New type domain.User

[2025-03-29 16:17:52 #3 type.registry] 
New type domain.Driver

[2025-03-29 16:17:52 #4 type] 
Type domain.User is not enhanced.

[2025-03-29 16:17:52 #5 type] 
Type domain.Driver is not enhanced.

[2025-03-29 16:17:52 #6 type.registry] 
New type domain.Ride

[2025-03-29 16:17:52 #7 type] 
Type domain.Ride is not enhanced.

[2025-03-29 16:17:52 #8 type.registry] 
New type domain.Traveler

[2025-03-29 16:17:52 #9 type] 
Type domain.Traveler is not enhanced.

[2025-03-29 16:17:52 #10 type.registry] 
New type java.util.Vector<java.lang.Object>

[2025-03-29 16:17:52 #11 type.registry] 
New type java.util.Vector<domain.Ride>

------------------------------------------------------------------------------------------------------------------------

[2025-03-29 16:23:45 #1 store] 
Database 'C:\Users\ipria\git\Rides24\src\main\resources\rides.temp' is opened by 24276@IVAN

[2025-03-29 16:23:45 #2 type.registry] 
New type domain.User

[2025-03-29 16:23:45 #3 type.registry] 
New type domain.Driver

[2025-03-29 16:23:45 #4 type] 
Type domain.User is not enhanced.

[2025-03-29 16:23:45 #5 type] 
Type domain.Driver is not enhanced.

[2025-03-29 16:23:45 #6 type.registry] 
New type domain.Ride

[2025-03-29 16:23:45 #7 type] 
Type domain.Ride is not enhanced.

[2025-03-29 16:23:45 #8 type.registry] 
New type domain.Traveler

[2025-03-29 16:23:45 #9 type] 
Type domain.Traveler is not enhanced.

[2025-03-29 16:23:45 #10 type.registry] 
New type java.util.Vector<java.lang.Object>

[2025-03-29 16:23:45 #11 type.registry] 
New type java.util.Vector<domain.Ride>

------------------------------------------------------------------------------------------------------------------------

[2025-03-29 16:25:31 #1 store] 
Database 'C:\Users\ipria\git\Rides24\src\main\resources\rides.temp' is opened by 6184@IVAN

[2025-03-29 16:25:31 #2 type.registry] 
New type domain.User

[2025-03-29 16:25:31 #3 type.registry] 
New type domain.Driver

[2025-03-29 16:25:31 #4 type] 
Type domain.User is not enhanced.

[2025-03-29 16:25:31 #5 type] 
Type domain.Driver is not enhanced.

[2025-03-29 16:25:31 #6 type.registry] 
New type domain.Ride

[2025-03-29 16:25:31 #7 type] 
Type domain.Ride is not enhanced.

[2025-03-29 16:25:31 #8 type.registry] 
New type domain.Traveler

[2025-03-29 16:25:31 #9 type] 
Type domain.Traveler is not enhanced.

[2025-03-29 16:25:31 #10 type.registry] 
New type java.util.Vector<java.lang.Object>

[2025-03-29 16:25:31 #11 type.registry] 
New type java.util.Vector<domain.Ride>

------------------------------------------------------------------------------------------------------------------------

[2025-03-29 16:26:18 #1 store] 
Database 'C:\Users\ipria\git\Rides24\src\main\resources\rides.temp' is opened by 15432@IVAN

[2025-03-29 16:26:19 #2 type.registry] 
New type domain.User

[2025-03-29 16:26:19 #3 type.registry] 
New type domain.Driver

[2025-03-29 16:26:19 #4 type] 
Type domain.User is not enhanced.

[2025-03-29 16:26:19 #5 type] 
Type domain.Driver is not enhanced.

[2025-03-29 16:26:19 #6 type.registry] 
New type domain.Ride

[2025-03-29 16:26:19 #7 type] 
Type domain.Ride is not enhanced.

[2025-03-29 16:26:19 #8 type.registry] 
New type domain.Traveler

[2025-03-29 16:26:19 #9 type] 
Type domain.Traveler is not enhanced.

[2025-03-29 16:26:19 #10 type.registry] 
New type java.util.Vector<java.lang.Object>

[2025-03-29 16:26:19 #11 type.registry] 
New type java.util.Vector<domain.Ride>

------------------------------------------------------------------------------------------------------------------------

[2025-03-29 16:27:41 #1 store] 
Database 'C:\Users\ipria\git\Rides24\src\main\resources\rides.temp' is opened by 10712@IVAN

[2025-03-29 16:27:41 #2 type.registry] 
New type domain.User

[2025-03-29 16:27:41 #3 type.registry] 
New type domain.Driver

[2025-03-29 16:27:41 #4 type] 
Type domain.User is not enhanced.

[2025-03-29 16:27:41 #5 type] 
Type domain.Driver is not enhanced.

[2025-03-29 16:27:41 #6 type.registry] 
New type domain.Ride

[2025-03-29 16:27:41 #7 type] 
Type domain.Ride is not enhanced.

[2025-03-29 16:27:41 #8 type.registry] 
New type domain.Traveler

[2025-03-29 16:27:41 #9 type] 
Type domain.Traveler is not enhanced.

[2025-03-29 16:27:41 #10 type.registry] 
New type java.util.Vector<java.lang.Object>

[2025-03-29 16:27:41 #11 type.registry] 
New type java.util.Vector<domain.Ride>

------------------------------------------------------------------------------------------------------------------------

[2025-03-29 16:36:12 #1 store] 
Database 'C:\Users\ipria\git\Rides24\src\main\resources\rides.temp' is opened by 24248@IVAN

[2025-03-29 16:36:12 #2 type.registry] 
New type domain.User

[2025-03-29 16:36:12 #3 type.registry] 
New type domain.Driver

[2025-03-29 16:36:12 #4 type] 
Type domain.User is not enhanced.

[2025-03-29 16:36:12 #5 type] 
Type domain.Driver is not enhanced.

[2025-03-29 16:36:12 #6 type.registry] 
New type domain.Ride

[2025-03-29 16:36:12 #7 type] 
Type domain.Ride is not enhanced.

[2025-03-29 16:36:12 #8 type.registry] 
New type domain.Traveler

[2025-03-29 16:36:12 #9 type] 
Type domain.Traveler is not enhanced.

[2025-03-29 16:36:12 #10 type.registry] 
New type java.util.Vector<java.lang.Object>

[2025-03-29 16:36:12 #11 type.registry] 
New type java.util.Vector<domain.Ride>

------------------------------------------------------------------------------------------------------------------------

[2025-03-29 16:36:47 #1 store] 
Database 'C:\Users\ipria\git\Rides24\src\main\resources\rides.temp' is opened by 16220@IVAN

[2025-03-29 16:36:47 #2 type.registry] 
New type domain.User

[2025-03-29 16:36:47 #3 type.registry] 
New type domain.Driver

[2025-03-29 16:36:47 #4 type] 
Type domain.User is not enhanced.

[2025-03-29 16:36:47 #5 type] 
Type domain.Driver is not enhanced.

[2025-03-29 16:36:47 #6 type.registry] 
New type domain.Ride

[2025-03-29 16:36:47 #7 type] 
Type domain.Ride is not enhanced.

[2025-03-29 16:36:47 #8 type.registry] 
New type domain.Traveler

[2025-03-29 16:36:47 #9 type] 
Type domain.Traveler is not enhanced.

[2025-03-29 16:36:47 #10 type.registry] 
New type java.util.Vector<java.lang.Object>

[2025-03-29 16:36:47 #11 type.registry] 
New type java.util.Vector<domain.Ride>

------------------------------------------------------------------------------------------------------------------------

[2025-03-29 16:39:12 #1 store] 
Database 'C:\Users\ipria\git\Rides24\src\main\resources\rides.temp' is opened by 21076@IVAN

[2025-03-29 16:39:12 #2 type.registry] 
New type domain.User

[2025-03-29 16:39:12 #3 type.registry] 
New type domain.Driver

[2025-03-29 16:39:12 #4 type] 
Type domain.User is not enhanced.

[2025-03-29 16:39:12 #5 type] 
Type domain.Driver is not enhanced.

[2025-03-29 16:39:12 #6 type.registry] 
New type domain.Ride

[2025-03-29 16:39:12 #7 type] 
Type domain.Ride is not enhanced.

[2025-03-29 16:39:12 #8 type.registry] 
New type domain.Traveler

[2025-03-29 16:39:12 #9 type] 
Type domain.Traveler is not enhanced.

[2025-03-29 16:39:12 #10 type.registry] 
New type java.util.Vector<java.lang.Object>

[2025-03-29 16:39:12 #11 type.registry] 
New type java.util.Vector<domain.Ride>

------------------------------------------------------------------------------------------------------------------------

[2025-03-29 16:39:26 #1 store] 
Database 'C:\Users\ipria\git\Rides24\src\main\resources\rides.temp' is opened by 23152@IVAN

[2025-03-29 16:39:26 #2 type.registry] 
New type domain.User

[2025-03-29 16:39:26 #3 type.registry] 
New type domain.Driver

[2025-03-29 16:39:26 #4 type] 
Type domain.User is not enhanced.

[2025-03-29 16:39:26 #5 type] 
Type domain.Driver is not enhanced.

[2025-03-29 16:39:26 #6 type.registry] 
New type domain.Ride

[2025-03-29 16:39:26 #7 type] 
Type domain.Ride is not enhanced.

[2025-03-29 16:39:26 #8 type.registry] 
New type domain.Traveler

[2025-03-29 16:39:26 #9 type] 
Type domain.Traveler is not enhanced.

[2025-03-29 16:39:26 #10 type.registry] 
New type java.util.Vector<java.lang.Object>

[2025-03-29 16:39:26 #11 type.registry] 
New type java.util.Vector<domain.Ride>

------------------------------------------------------------------------------------------------------------------------

[2025-03-29 16:39:51 #1 store] 
Database 'C:\Users\ipria\git\Rides24\src\main\resources\rides.temp' is opened by 2156@IVAN

[2025-03-29 16:39:51 #2 type.registry] 
New type domain.User

[2025-03-29 16:39:51 #3 type.registry] 
New type domain.Driver

[2025-03-29 16:39:51 #4 type] 
Type domain.User is not enhanced.

[2025-03-29 16:39:51 #5 type] 
Type domain.Driver is not enhanced.

[2025-03-29 16:39:51 #6 type.registry] 
New type domain.Ride

[2025-03-29 16:39:51 #7 type] 
Type domain.Ride is not enhanced.

[2025-03-29 16:39:51 #8 type.registry] 
New type domain.Traveler

[2025-03-29 16:39:51 #9 type] 
Type domain.Traveler is not enhanced.

[2025-03-29 16:39:51 #10 type.registry] 
New type java.util.Vector<java.lang.Object>

[2025-03-29 16:39:51 #11 type.registry] 
New type java.util.Vector<domain.Ride>

------------------------------------------------------------------------------------------------------------------------

[2025-03-29 16:40:20 #1 store] 
Database 'C:\Users\ipria\git\Rides24\src\main\resources\rides.temp' is opened by 24192@IVAN

[2025-03-29 16:40:20 #2 type.registry] 
New type domain.User

[2025-03-29 16:40:20 #3 type.registry] 
New type domain.Driver

[2025-03-29 16:40:20 #4 type] 
Type domain.User is not enhanced.

[2025-03-29 16:40:20 #5 type] 
Type domain.Driver is not enhanced.

[2025-03-29 16:40:20 #6 type.registry] 
New type domain.Ride

[2025-03-29 16:40:20 #7 type] 
Type domain.Ride is not enhanced.

[2025-03-29 16:40:20 #8 type.registry] 
New type domain.Traveler

[2025-03-29 16:40:20 #9 type] 
Type domain.Traveler is not enhanced.

[2025-03-29 16:40:20 #10 type.registry] 
New type java.util.Vector<java.lang.Object>

[2025-03-29 16:40:20 #11 type.registry] 
New type java.util.Vector<domain.Ride>

------------------------------------------------------------------------------------------------------------------------

[2025-03-29 16:40:44 #1 store] 
Database 'C:\Users\ipria\git\Rides24\src\main\resources\rides.temp' is opened by 23580@IVAN

[2025-03-29 16:40:44 #2 type.registry] 
New type domain.User

[2025-03-29 16:40:44 #3 type.registry] 
New type domain.Driver

[2025-03-29 16:40:44 #4 type] 
Type domain.User is not enhanced.

[2025-03-29 16:40:44 #5 type] 
Type domain.Driver is not enhanced.

[2025-03-29 16:40:45 #6 type.registry] 
New type domain.Ride

[2025-03-29 16:40:45 #7 type] 
Type domain.Ride is not enhanced.

[2025-03-29 16:40:45 #8 type.registry] 
New type domain.Traveler

[2025-03-29 16:40:45 #9 type] 
Type domain.Traveler is not enhanced.

[2025-03-29 16:40:45 #10 type.registry] 
New type java.util.Vector<java.lang.Object>

[2025-03-29 16:40:45 #11 type.registry] 
New type java.util.Vector<domain.Ride>

------------------------------------------------------------------------------------------------------------------------

[2025-03-29 16:40:57 #1 store] 
Database 'C:\Users\ipria\git\Rides24\src\main\resources\rides.temp' is opened by 22320@IVAN

[2025-03-29 16:40:57 #2 type.registry] 
New type domain.User

[2025-03-29 16:40:57 #3 type.registry] 
New type domain.Driver

[2025-03-29 16:40:57 #4 type] 
Type domain.User is not enhanced.

[2025-03-29 16:40:57 #5 type] 
Type domain.Driver is not enhanced.

[2025-03-29 16:40:57 #6 type.registry] 
New type domain.Ride

[2025-03-29 16:40:57 #7 type] 
Type domain.Ride is not enhanced.

[2025-03-29 16:40:57 #8 type.registry] 
New type domain.Traveler

[2025-03-29 16:40:57 #9 type] 
Type domain.Traveler is not enhanced.

[2025-03-29 16:40:57 #10 type.registry] 
New type java.util.Vector<java.lang.Object>

[2025-03-29 16:40:57 #11 type.registry] 
New type java.util.Vector<domain.Ride>

