------------------------------------------------------------------------------------------------------------------------

[2025-05-11 15:21:22 #1 store] 
Database 'C:\IVAN_INGENIERITZA_INFORMATIKOA\2024-2025\2.Kuatrimestrea\IS\proiektua\priala\2.ITERAZIOA(WEB ZERBITZU GABE)\Rides24\src\main\resources\rides.temp' is opened by 7628@IVAN

[2025-05-11 15:21:22 #2 type.registry] 
New type domain.User

[2025-05-11 15:21:22 #3 type.registry] 
New type domain.Driver

[2025-05-11 15:21:22 #4 type] 
Type domain.User is not enhanced.

[2025-05-11 15:21:22 #5 type.registry] 
New type domain.Mugimendua

[2025-05-11 15:21:22 #6 type] 
Type domain.Driver is not enhanced.

[2025-05-11 15:21:22 #7 type.registry] 
New type domain.Kotxe

[2025-05-11 15:21:22 #8 type.registry] 
New type domain.Ride

[2025-05-11 15:21:22 #9 type] 
Type domain.Mugimendua is not enhanced.

[2025-05-11 15:21:22 #10 type] 
Type domain.Kotxe is not enhanced.

[2025-05-11 15:21:22 #11 type] 
Type domain.Ride is not enhanced.

[2025-05-11 15:21:22 #12 type.registry] 
New type domain.Balorazio

[2025-05-11 15:21:22 #13 type.registry] 
New type domain.Book

[2025-05-11 15:21:22 #14 type] 
Type domain.Balorazio is not enhanced.

[2025-05-11 15:21:22 #15 type.registry] 
New type domain.Traveler

[2025-05-11 15:21:22 #16 type] 
Type domain.Book is not enhanced.

[2025-05-11 15:21:22 #17 type] 
Type domain.Traveler is not enhanced.

[2025-05-11 15:21:22 #18 type.registry] 
New type domain.Alerta

[2025-05-11 15:21:22 #19 type] 
Type domain.Alerta is not enhanced.

[2025-05-11 15:21:22 #20 type.registry] 
New type java.util.Vector<java.lang.Object>

[2025-05-11 15:21:22 #21 type.registry] 
New type java.util.Vector<domain.Mugimendua>

[2025-05-11 15:21:22 #22 type.registry] 
New type java.util.Vector<domain.Ride>

[2025-05-11 15:21:22 #23 type.registry] 
New type java.util.Vector<domain.Kotxe>

[2025-05-11 15:21:22 #24 type.registry] 
New type java.util.Vector<domain.Book>

[2025-05-11 15:21:22 #25 type.registry] 
New type java.util.Vector<domain.Alerta>

[2025-05-11 15:21:22 #26 type.registry] 
New type java.util.Vector<domain.Balorazio>

------------------------------------------------------------------------------------------------------------------------

[2025-05-11 15:26:38 #1 store] 
Database 'C:\IVAN_INGENIERITZA_INFORMATIKOA\2024-2025\2.Kuatrimestrea\IS\proiektua\priala\2.ITERAZIOA(WEB ZERBITZU GABE)\Rides24\src\main\resources\rides.temp' is opened by 5272@IVAN

[2025-05-11 15:26:38 #2 type.registry] 
New type domain.User

[2025-05-11 15:26:38 #3 type.registry] 
New type domain.Driver

[2025-05-11 15:26:38 #4 type] 
Type domain.User is not enhanced.

[2025-05-11 15:26:38 #5 type.registry] 
New type domain.Mugimendua

[2025-05-11 15:26:38 #6 type] 
Type domain.Driver is not enhanced.

[2025-05-11 15:26:38 #7 type.registry] 
New type domain.Kotxe

[2025-05-11 15:26:38 #8 type.registry] 
New type domain.Ride

[2025-05-11 15:26:38 #9 type] 
Type domain.Mugimendua is not enhanced.

[2025-05-11 15:26:38 #10 type] 
Type domain.Kotxe is not enhanced.

[2025-05-11 15:26:38 #11 type] 
Type domain.Ride is not enhanced.

[2025-05-11 15:26:38 #12 type.registry] 
New type domain.Erreklamazio

[2025-05-11 15:26:38 #13 type.registry] 
New type domain.Balorazio

[2025-05-11 15:26:38 #14 type.registry] 
New type domain.Book

[2025-05-11 15:26:38 #15 type] 
Type domain.Erreklamazio is not enhanced.

[2025-05-11 15:26:38 #16 type] 
Type domain.Balorazio is not enhanced.

[2025-05-11 15:26:38 #17 type.registry] 
New type domain.Traveler

[2025-05-11 15:26:38 #18 type] 
Type domain.Book is not enhanced.

[2025-05-11 15:26:38 #19 type] 
Type domain.Traveler is not enhanced.

[2025-05-11 15:26:38 #20 type.registry] 
New type domain.Alerta

[2025-05-11 15:26:38 #21 type] 
Type domain.Alerta is not enhanced.

[2025-05-11 15:26:38 #22 type.registry] 
New type java.util.Vector<java.lang.Object>

[2025-05-11 15:26:38 #23 type.registry] 
New type java.util.Vector<domain.Mugimendua>

[2025-05-11 15:26:38 #24 type.registry] 
New type java.util.Vector<domain.Ride>

[2025-05-11 15:26:38 #25 type.registry] 
New type java.util.Vector<domain.Kotxe>

[2025-05-11 15:26:38 #26 type.registry] 
New type java.util.Vector<domain.Book>

[2025-05-11 15:26:38 #27 type.registry] 
New type java.util.Vector<domain.Alerta>

[2025-05-11 15:26:38 #28 type.registry] 
New type java.util.Vector<domain.Balorazio>

[2025-05-11 15:26:38 #29 type.registry] 
New type java.util.Vector<domain.Erreklamazio>

