------------------------------------------------------------------------------------------------------------------------

[2025-05-04 18:06:34 #1 store] 
Database 'C:\IVAN_INGENIERITZA_INFORMATIKOA\2024-2025\2.Kuatrimestrea\IS\proiektua\priala\2.ITERAZIOA(WEB ZERBITZU GABE)\Rides24\src\main\resources\rides.temp' is opened by 16144@IVAN

[2025-05-04 18:06:35 #2 type.registry] 
New type domain.User

[2025-05-04 18:06:35 #3 type.registry] 
New type domain.Driver

[2025-05-04 18:06:35 #4 type] 
Type domain.User is not enhanced.

[2025-05-04 18:06:35 #5 type.registry] 
New type domain.Mugimendua

[2025-05-04 18:06:35 #6 type] 
Type domain.Driver is not enhanced.

[2025-05-04 18:06:35 #7 type.registry] 
New type domain.Kotxe

[2025-05-04 18:06:35 #8 type.registry] 
New type domain.Ride

[2025-05-04 18:06:35 #9 type] 
Type domain.Mugimendua is not enhanced.

[2025-05-04 18:06:35 #10 type] 
Type domain.Kotxe is not enhanced.

[2025-05-04 18:06:35 #11 type] 
Type domain.Ride is not enhanced.

[2025-05-04 18:06:35 #12 type.registry] 
New type domain.Book

[2025-05-04 18:06:35 #13 type] 
Type domain.Book is not enhanced.

[2025-05-04 18:06:35 #14 type.registry] 
New type domain.Traveler

[2025-05-04 18:06:35 #15 type] 
Type domain.Traveler is not enhanced.

[2025-05-04 18:06:35 #16 type.registry] 
New type java.util.Vector<java.lang.Object>

[2025-05-04 18:06:35 #17 type.registry] 
New type java.util.Vector<domain.Mugimendua>

[2025-05-04 18:06:35 #18 type.registry] 
New type java.util.Vector<domain.Ride>

[2025-05-04 18:06:35 #19 type.registry] 
New type java.util.Vector<domain.Kotxe>

[2025-05-04 18:06:35 #20 type.registry] 
New type java.util.Vector<domain.Book>

------------------------------------------------------------------------------------------------------------------------

[2025-05-04 20:20:43 #1 store] 
Database 'C:\IVAN_INGENIERITZA_INFORMATIKOA\2024-2025\2.Kuatrimestrea\IS\proiektua\priala\2.ITERAZIOA(WEB ZERBITZU GABE)\Rides24\src\main\resources\rides.temp' is opened by 4272@IVAN

[2025-05-04 20:20:43 #2 type.registry] 
New type domain.User

[2025-05-04 20:20:43 #3 type.registry] 
New type domain.Driver

[2025-05-04 20:20:43 #4 type] 
Type domain.User is not enhanced.

[2025-05-04 20:20:43 #5 type.registry] 
New type domain.Mugimendua

[2025-05-04 20:20:43 #6 type] 
Type domain.Driver is not enhanced.

[2025-05-04 20:20:43 #7 type.registry] 
New type domain.Kotxe

[2025-05-04 20:20:43 #8 type.registry] 
New type domain.Ride

[2025-05-04 20:20:43 #9 type] 
Type domain.Mugimendua is not enhanced.

[2025-05-04 20:20:43 #10 type] 
Type domain.Kotxe is not enhanced.

[2025-05-04 20:20:43 #11 type] 
Type domain.Ride is not enhanced.

[2025-05-04 20:20:43 #12 type.registry] 
New type domain.Book

[2025-05-04 20:20:43 #13 type] 
Type domain.Book is not enhanced.

[2025-05-04 20:20:43 #14 type.registry] 
New type domain.Traveler

[2025-05-04 20:20:43 #15 type] 
Type domain.Traveler is not enhanced.

[2025-05-04 20:20:43 #16 type.registry] 
New type java.util.Vector<java.lang.Object>

[2025-05-04 20:20:43 #17 type.registry] 
New type java.util.Vector<domain.Mugimendua>

[2025-05-04 20:20:43 #18 type.registry] 
New type java.util.Vector<domain.Ride>

[2025-05-04 20:20:43 #19 type.registry] 
New type java.util.Vector<domain.Kotxe>

[2025-05-04 20:20:43 #20 type.registry] 
New type java.util.Vector<domain.Book>

------------------------------------------------------------------------------------------------------------------------

[2025-05-04 20:58:59 #1 store] 
Database 'C:\IVAN_INGENIERITZA_INFORMATIKOA\2024-2025\2.Kuatrimestrea\IS\proiektua\priala\2.ITERAZIOA(WEB ZERBITZU GABE)\Rides24\src\main\resources\rides.temp' is opened by 13176@IVAN

[2025-05-04 20:58:59 #2 type.registry] 
New type domain.User

[2025-05-04 20:58:59 #3 type.registry] 
New type domain.Driver

[2025-05-04 20:58:59 #4 type] 
Type domain.User is not enhanced.

[2025-05-04 20:58:59 #5 type.registry] 
New type domain.Mugimendua

[2025-05-04 20:58:59 #6 type] 
Type domain.Driver is not enhanced.

[2025-05-04 20:58:59 #7 type.registry] 
New type domain.Kotxe

[2025-05-04 20:58:59 #8 type.registry] 
New type domain.Ride

[2025-05-04 20:58:59 #9 type] 
Type domain.Mugimendua is not enhanced.

[2025-05-04 20:58:59 #10 type] 
Type domain.Kotxe is not enhanced.

[2025-05-04 20:58:59 #11 type] 
Type domain.Ride is not enhanced.

[2025-05-04 20:58:59 #12 type.registry] 
New type domain.Book

[2025-05-04 20:58:59 #13 type] 
Type domain.Book is not enhanced.

[2025-05-04 20:58:59 #14 type.registry] 
New type domain.Traveler

[2025-05-04 20:58:59 #15 type] 
Type domain.Traveler is not enhanced.

[2025-05-04 20:58:59 #16 type.registry] 
New type java.util.Vector<java.lang.Object>

[2025-05-04 20:58:59 #17 type.registry] 
New type java.util.Vector<domain.Mugimendua>

[2025-05-04 20:58:59 #18 type.registry] 
New type java.util.Vector<domain.Ride>

[2025-05-04 20:58:59 #19 type.registry] 
New type java.util.Vector<domain.Kotxe>

[2025-05-04 20:58:59 #20 type.registry] 
New type java.util.Vector<domain.Book>

------------------------------------------------------------------------------------------------------------------------

[2025-05-04 21:06:59 #1 store] 
Database 'C:\IVAN_INGENIERITZA_INFORMATIKOA\2024-2025\2.Kuatrimestrea\IS\proiektua\priala\2.ITERAZIOA(WEB ZERBITZU GABE)\Rides24\src\main\resources\rides.temp' is opened by 7316@IVAN

[2025-05-04 21:07:00 #2 type.registry] 
New type domain.User

[2025-05-04 21:07:00 #3 type.registry] 
New type domain.Driver

[2025-05-04 21:07:00 #4 type] 
Type domain.User is not enhanced.

[2025-05-04 21:07:00 #5 type.registry] 
New type domain.Mugimendua

[2025-05-04 21:07:00 #6 type] 
Type domain.Driver is not enhanced.

[2025-05-04 21:07:00 #7 type.registry] 
New type domain.Kotxe

[2025-05-04 21:07:00 #8 type.registry] 
New type domain.Ride

[2025-05-04 21:07:00 #9 type] 
Type domain.Mugimendua is not enhanced.

[2025-05-04 21:07:00 #10 type] 
Type domain.Kotxe is not enhanced.

[2025-05-04 21:07:00 #11 type] 
Type domain.Ride is not enhanced.

[2025-05-04 21:07:00 #12 type.registry] 
New type domain.Book

[2025-05-04 21:07:00 #13 type] 
Type domain.Book is not enhanced.

[2025-05-04 21:07:00 #14 type.registry] 
New type domain.Traveler

[2025-05-04 21:07:00 #15 type] 
Type domain.Traveler is not enhanced.

[2025-05-04 21:07:00 #16 type.registry] 
New type java.util.Vector<java.lang.Object>

[2025-05-04 21:07:00 #17 type.registry] 
New type java.util.Vector<domain.Mugimendua>

[2025-05-04 21:07:00 #18 type.registry] 
New type java.util.Vector<domain.Ride>

[2025-05-04 21:07:00 #19 type.registry] 
New type java.util.Vector<domain.Kotxe>

[2025-05-04 21:07:00 #20 type.registry] 
New type java.util.Vector<domain.Book>

------------------------------------------------------------------------------------------------------------------------

[2025-05-04 22:00:26 #1 store] 
Database 'C:\IVAN_INGENIERITZA_INFORMATIKOA\2024-2025\2.Kuatrimestrea\IS\proiektua\priala\2.ITERAZIOA(WEB ZERBITZU GABE)\Rides24\src\main\resources\rides.temp' is opened by 10156@IVAN

[2025-05-04 22:00:26 #2 type.registry] 
New type domain.User

[2025-05-04 22:00:26 #3 type.registry] 
New type domain.Driver

[2025-05-04 22:00:26 #4 type] 
Type domain.User is not enhanced.

[2025-05-04 22:00:26 #5 type.registry] 
New type domain.Mugimendua

[2025-05-04 22:00:26 #6 type] 
Type domain.Driver is not enhanced.

[2025-05-04 22:00:26 #7 type.registry] 
New type domain.Kotxe

[2025-05-04 22:00:26 #8 type.registry] 
New type domain.Ride

[2025-05-04 22:00:26 #9 type] 
Type domain.Mugimendua is not enhanced.

[2025-05-04 22:00:26 #10 type] 
Type domain.Kotxe is not enhanced.

[2025-05-04 22:00:26 #11 type] 
Type domain.Ride is not enhanced.

[2025-05-04 22:00:26 #12 type.registry] 
New type domain.Book

[2025-05-04 22:00:26 #13 type] 
Type domain.Book is not enhanced.

[2025-05-04 22:00:26 #14 type.registry] 
New type domain.Traveler

[2025-05-04 22:00:26 #15 type] 
Type domain.Traveler is not enhanced.

[2025-05-04 22:00:26 #16 type.registry] 
New type java.util.Vector<java.lang.Object>

[2025-05-04 22:00:26 #17 type.registry] 
New type java.util.Vector<domain.Mugimendua>

[2025-05-04 22:00:26 #18 type.registry] 
New type java.util.Vector<domain.Ride>

[2025-05-04 22:00:26 #19 type.registry] 
New type java.util.Vector<domain.Kotxe>

[2025-05-04 22:00:26 #20 type.registry] 
New type java.util.Vector<domain.Book>

------------------------------------------------------------------------------------------------------------------------

[2025-05-04 22:00:37 #1 store] 
Database 'C:\IVAN_INGENIERITZA_INFORMATIKOA\2024-2025\2.Kuatrimestrea\IS\proiektua\priala\2.ITERAZIOA(WEB ZERBITZU GABE)\Rides24\src\main\resources\rides.temp' is opened by 11796@IVAN

[2025-05-04 22:00:37 #2 type.registry] 
New type domain.User

[2025-05-04 22:00:37 #3 type.registry] 
New type domain.Driver

[2025-05-04 22:00:37 #4 type] 
Type domain.User is not enhanced.

[2025-05-04 22:00:37 #5 type.registry] 
New type domain.Mugimendua

[2025-05-04 22:00:37 #6 type] 
Type domain.Driver is not enhanced.

[2025-05-04 22:00:37 #7 type.registry] 
New type domain.Kotxe

[2025-05-04 22:00:37 #8 type.registry] 
New type domain.Ride

[2025-05-04 22:00:37 #9 type] 
Type domain.Mugimendua is not enhanced.

[2025-05-04 22:00:37 #10 type] 
Type domain.Kotxe is not enhanced.

[2025-05-04 22:00:37 #11 type] 
Type domain.Ride is not enhanced.

[2025-05-04 22:00:37 #12 type.registry] 
New type domain.Book

[2025-05-04 22:00:37 #13 type] 
Type domain.Book is not enhanced.

[2025-05-04 22:00:37 #14 type.registry] 
New type domain.Traveler

[2025-05-04 22:00:37 #15 type] 
Type domain.Traveler is not enhanced.

[2025-05-04 22:00:37 #16 type.registry] 
New type java.util.Vector<java.lang.Object>

[2025-05-04 22:00:37 #17 type.registry] 
New type java.util.Vector<domain.Mugimendua>

[2025-05-04 22:00:37 #18 type.registry] 
New type java.util.Vector<domain.Ride>

[2025-05-04 22:00:37 #19 type.registry] 
New type java.util.Vector<domain.Kotxe>

[2025-05-04 22:00:37 #20 type.registry] 
New type java.util.Vector<domain.Book>

------------------------------------------------------------------------------------------------------------------------

[2025-05-04 22:03:22 #1 store] 
Database 'C:\IVAN_INGENIERITZA_INFORMATIKOA\2024-2025\2.Kuatrimestrea\IS\proiektua\priala\2.ITERAZIOA(WEB ZERBITZU GABE)\Rides24\src\main\resources\rides.temp' is opened by 9288@IVAN

[2025-05-04 22:03:22 #2 type.registry] 
New type domain.User

[2025-05-04 22:03:22 #3 type.registry] 
New type domain.Driver

[2025-05-04 22:03:22 #4 type] 
Type domain.User is not enhanced.

[2025-05-04 22:03:22 #5 type.registry] 
New type domain.Mugimendua

[2025-05-04 22:03:22 #6 type] 
Type domain.Driver is not enhanced.

[2025-05-04 22:03:22 #7 type.registry] 
New type domain.Kotxe

[2025-05-04 22:03:22 #8 type.registry] 
New type domain.Ride

[2025-05-04 22:03:22 #9 type] 
Type domain.Mugimendua is not enhanced.

[2025-05-04 22:03:22 #10 type] 
Type domain.Kotxe is not enhanced.

[2025-05-04 22:03:22 #11 type] 
Type domain.Ride is not enhanced.

[2025-05-04 22:03:22 #12 type.registry] 
New type domain.Book

[2025-05-04 22:03:22 #13 type] 
Type domain.Book is not enhanced.

[2025-05-04 22:03:22 #14 type.registry] 
New type domain.Traveler

[2025-05-04 22:03:22 #15 type] 
Type domain.Traveler is not enhanced.

[2025-05-04 22:03:22 #16 type.registry] 
New type java.util.Vector<java.lang.Object>

[2025-05-04 22:03:22 #17 type.registry] 
New type java.util.Vector<domain.Mugimendua>

[2025-05-04 22:03:22 #18 type.registry] 
New type java.util.Vector<domain.Ride>

[2025-05-04 22:03:22 #19 type.registry] 
New type java.util.Vector<domain.Kotxe>

[2025-05-04 22:03:22 #20 type.registry] 
New type java.util.Vector<domain.Book>

------------------------------------------------------------------------------------------------------------------------

[2025-05-04 22:04:35 #1 store] 
Database 'C:\IVAN_INGENIERITZA_INFORMATIKOA\2024-2025\2.Kuatrimestrea\IS\proiektua\priala\2.ITERAZIOA(WEB ZERBITZU GABE)\Rides24\src\main\resources\rides.temp' is opened by 20864@IVAN

[2025-05-04 22:04:35 #2 type.registry] 
New type domain.User

[2025-05-04 22:04:35 #3 type.registry] 
New type domain.Driver

[2025-05-04 22:04:35 #4 type] 
Type domain.User is not enhanced.

[2025-05-04 22:04:35 #5 type.registry] 
New type domain.Mugimendua

[2025-05-04 22:04:35 #6 type] 
Type domain.Driver is not enhanced.

[2025-05-04 22:04:35 #7 type.registry] 
New type domain.Kotxe

[2025-05-04 22:04:35 #8 type.registry] 
New type domain.Ride

[2025-05-04 22:04:35 #9 type] 
Type domain.Mugimendua is not enhanced.

[2025-05-04 22:04:35 #10 type] 
Type domain.Kotxe is not enhanced.

[2025-05-04 22:04:35 #11 type] 
Type domain.Ride is not enhanced.

[2025-05-04 22:04:35 #12 type.registry] 
New type domain.Book

[2025-05-04 22:04:35 #13 type] 
Type domain.Book is not enhanced.

[2025-05-04 22:04:35 #14 type.registry] 
New type domain.Traveler

[2025-05-04 22:04:35 #15 type] 
Type domain.Traveler is not enhanced.

[2025-05-04 22:04:35 #16 type.registry] 
New type java.util.Vector<java.lang.Object>

[2025-05-04 22:04:35 #17 type.registry] 
New type java.util.Vector<domain.Mugimendua>

[2025-05-04 22:04:35 #18 type.registry] 
New type java.util.Vector<domain.Ride>

[2025-05-04 22:04:35 #19 type.registry] 
New type java.util.Vector<domain.Kotxe>

[2025-05-04 22:04:35 #20 type.registry] 
New type java.util.Vector<domain.Book>

