------------------------------------------------------------------------------------------------------------------------

[2025-04-28 10:48:45 #1 store] 
Database 'C:\IVAN_INGENIERITZA_INFORMATIKOA\2024-2025\2.Kuatrimestrea\IS\proiektua\priala\2.ITERAZIOA(WEB ZERBITZU GABE)\Rides24\src\main\resources\rides.temp' is opened by 6812@IVAN

[2025-04-28 10:48:45 #2 type.registry] 
New type domain.User

[2025-04-28 10:48:45 #3 type.registry] 
New type domain.Driver

[2025-04-28 10:48:45 #4 type] 
Type domain.User is not enhanced.

[2025-04-28 10:48:45 #5 type.registry] 
New type domain.Mugimendua

[2025-04-28 10:48:45 #6 type] 
Type domain.Driver is not enhanced.

[2025-04-28 10:48:45 #7 type.registry] 
New type domain.Kotxe

[2025-04-28 10:48:45 #8 type.registry] 
New type domain.Ride

[2025-04-28 10:48:45 #9 type] 
Type domain.Mugimendua is not enhanced.

[2025-04-28 10:48:45 #10 type] 
Type domain.Kotxe is not enhanced.

[2025-04-28 10:48:45 #11 type] 
Type domain.Ride is not enhanced.

[2025-04-28 10:48:45 #12 type.registry] 
New type domain.Book

[2025-04-28 10:48:45 #13 type] 
Type domain.Book is not enhanced.

[2025-04-28 10:48:45 #14 type.registry] 
New type domain.Traveler

[2025-04-28 10:48:45 #15 type] 
Type domain.Traveler is not enhanced.

[2025-04-28 10:48:46 #16 type.registry] 
New type java.util.Vector<java.lang.Object>

[2025-04-28 10:48:46 #17 type.registry] 
New type java.util.Vector<domain.Mugimendua>

[2025-04-28 10:48:46 #18 type.registry] 
New type java.util.Vector<domain.Ride>

[2025-04-28 10:48:46 #19 type.registry] 
New type java.util.Vector<domain.Kotxe>

[2025-04-28 10:48:46 #20 type.registry] 
New type java.util.Vector<domain.Book>

