------------------------------------------------------------------------------------------------------------------------

[2025-04-07 10:32:20 #1 store] 
Database 'C:\IVAN_INGENIERITZA_INFORMATIKOA\2024-2025\2.Kuatrimestrea\IS\proiektua\1.ITERAZIOA(ACABADO)\Rides24\src\main\resources\rides.temp' is opened by 6172@IVAN

[2025-04-07 10:32:20 #2 type.registry] 
New type domain.User

[2025-04-07 10:32:20 #3 type.registry] 
New type domain.Driver

[2025-04-07 10:32:20 #4 type] 
Type domain.User is not enhanced.

[2025-04-07 10:32:21 #5 type.registry] 
New type domain.Mugimendua

[2025-04-07 10:32:21 #6 type] 
Type domain.Driver is not enhanced.

[2025-04-07 10:32:21 #7 type.registry] 
New type domain.Kotxe

[2025-04-07 10:32:21 #8 type.registry] 
New type domain.Ride

[2025-04-07 10:32:21 #9 type] 
Type domain.Mugimendua is not enhanced.

[2025-04-07 10:32:21 #10 type] 
Type domain.Kotxe is not enhanced.

[2025-04-07 10:32:21 #11 type] 
Type domain.Ride is not enhanced.

[2025-04-07 10:32:21 #12 type.registry] 
New type domain.Book

[2025-04-07 10:32:21 #13 type] 
Type domain.Book is not enhanced.

[2025-04-07 10:32:21 #14 type.registry] 
New type domain.Traveler

[2025-04-07 10:32:21 #15 type] 
Type domain.Traveler is not enhanced.

[2025-04-07 10:32:21 #16 type.registry] 
New type java.util.Vector<java.lang.Object>

[2025-04-07 10:32:21 #17 type.registry] 
New type java.util.Vector<domain.Mugimendua>

[2025-04-07 10:32:21 #18 type.registry] 
New type java.util.Vector<domain.Ride>

[2025-04-07 10:32:21 #19 type.registry] 
New type java.util.Vector<domain.Kotxe>

[2025-04-07 10:32:21 #20 type.registry] 
New type java.util.Vector<domain.Book>

------------------------------------------------------------------------------------------------------------------------

[2025-04-07 15:27:36 #1 store] 
Database 'C:\IVAN_INGENIERITZA_INFORMATIKOA\2024-2025\2.Kuatrimestrea\IS\proiektua\1.ITERAZIOA(ACABADO)\Rides24\src\main\resources\rides.temp' is opened by 5884@IVAN

[2025-04-07 15:27:37 #2 type.registry] 
New type domain.User

[2025-04-07 15:27:37 #3 type.registry] 
New type domain.Driver

[2025-04-07 15:27:37 #4 type] 
Type domain.User is not enhanced.

[2025-04-07 15:27:37 #5 type.registry] 
New type domain.Mugimendua

[2025-04-07 15:27:37 #6 type] 
Type domain.Driver is not enhanced.

[2025-04-07 15:27:37 #7 type.registry] 
New type domain.Kotxe

[2025-04-07 15:27:37 #8 type.registry] 
New type domain.Ride

[2025-04-07 15:27:37 #9 type] 
Type domain.Mugimendua is not enhanced.

[2025-04-07 15:27:37 #10 type] 
Type domain.Kotxe is not enhanced.

[2025-04-07 15:27:37 #11 type] 
Type domain.Ride is not enhanced.

[2025-04-07 15:27:37 #12 type.registry] 
New type domain.Book

[2025-04-07 15:27:37 #13 type] 
Type domain.Book is not enhanced.

[2025-04-07 15:27:37 #14 type.registry] 
New type domain.Traveler

[2025-04-07 15:27:37 #15 type] 
Type domain.Traveler is not enhanced.

[2025-04-07 15:27:37 #16 type.registry] 
New type java.util.Vector<java.lang.Object>

[2025-04-07 15:27:37 #17 type.registry] 
New type java.util.Vector<domain.Mugimendua>

[2025-04-07 15:27:37 #18 type.registry] 
New type java.util.Vector<domain.Ride>

[2025-04-07 15:27:37 #19 type.registry] 
New type java.util.Vector<domain.Kotxe>

[2025-04-07 15:27:37 #20 type.registry] 
New type java.util.Vector<domain.Book>

------------------------------------------------------------------------------------------------------------------------

[2025-04-07 15:36:00 #1 store] 
Database 'C:\IVAN_INGENIERITZA_INFORMATIKOA\2024-2025\2.Kuatrimestrea\IS\proiektua\1.ITERAZIOA(ACABADO)\Rides24\src\main\resources\rides.temp' is opened by 3056@IVAN

[2025-04-07 15:36:00 #2 type.registry] 
New type domain.User

[2025-04-07 15:36:00 #3 type.registry] 
New type domain.Driver

[2025-04-07 15:36:00 #4 type] 
Type domain.User is not enhanced.

[2025-04-07 15:36:00 #5 type.registry] 
New type domain.Mugimendua

[2025-04-07 15:36:00 #6 type] 
Type domain.Driver is not enhanced.

[2025-04-07 15:36:00 #7 type.registry] 
New type domain.Kotxe

[2025-04-07 15:36:00 #8 type.registry] 
New type domain.Ride

[2025-04-07 15:36:00 #9 type] 
Type domain.Mugimendua is not enhanced.

[2025-04-07 15:36:00 #10 type] 
Type domain.Kotxe is not enhanced.

[2025-04-07 15:36:00 #11 type] 
Type domain.Ride is not enhanced.

[2025-04-07 15:36:00 #12 type.registry] 
New type domain.Book

[2025-04-07 15:36:00 #13 type] 
Type domain.Book is not enhanced.

[2025-04-07 15:36:00 #14 type.registry] 
New type domain.Traveler

[2025-04-07 15:36:00 #15 type] 
Type domain.Traveler is not enhanced.

[2025-04-07 15:36:00 #16 type.registry] 
New type java.util.Vector<java.lang.Object>

[2025-04-07 15:36:00 #17 type.registry] 
New type java.util.Vector<domain.Mugimendua>

[2025-04-07 15:36:00 #18 type.registry] 
New type java.util.Vector<domain.Ride>

[2025-04-07 15:36:00 #19 type.registry] 
New type java.util.Vector<domain.Kotxe>

[2025-04-07 15:36:00 #20 type.registry] 
New type java.util.Vector<domain.Book>

------------------------------------------------------------------------------------------------------------------------

[2025-04-07 15:38:59 #1 store] 
Database 'C:\IVAN_INGENIERITZA_INFORMATIKOA\2024-2025\2.Kuatrimestrea\IS\proiektua\1.ITERAZIOA(ACABADO)\Rides24\src\main\resources\rides.temp' is opened by 17768@IVAN

[2025-04-07 15:38:59 #2 type.registry] 
New type domain.User

[2025-04-07 15:38:59 #3 type.registry] 
New type domain.Driver

[2025-04-07 15:38:59 #4 type] 
Type domain.User is not enhanced.

[2025-04-07 15:38:59 #5 type.registry] 
New type domain.Mugimendua

[2025-04-07 15:38:59 #6 type] 
Type domain.Driver is not enhanced.

[2025-04-07 15:38:59 #7 type.registry] 
New type domain.Kotxe

[2025-04-07 15:38:59 #8 type.registry] 
New type domain.Ride

[2025-04-07 15:38:59 #9 type] 
Type domain.Mugimendua is not enhanced.

[2025-04-07 15:38:59 #10 type] 
Type domain.Kotxe is not enhanced.

[2025-04-07 15:38:59 #11 type] 
Type domain.Ride is not enhanced.

[2025-04-07 15:38:59 #12 type.registry] 
New type domain.Book

[2025-04-07 15:38:59 #13 type] 
Type domain.Book is not enhanced.

[2025-04-07 15:38:59 #14 type.registry] 
New type domain.Traveler

[2025-04-07 15:38:59 #15 type] 
Type domain.Traveler is not enhanced.

[2025-04-07 15:38:59 #16 type.registry] 
New type java.util.Vector<java.lang.Object>

[2025-04-07 15:38:59 #17 type.registry] 
New type java.util.Vector<domain.Mugimendua>

[2025-04-07 15:38:59 #18 type.registry] 
New type java.util.Vector<domain.Ride>

[2025-04-07 15:38:59 #19 type.registry] 
New type java.util.Vector<domain.Kotxe>

[2025-04-07 15:38:59 #20 type.registry] 
New type java.util.Vector<domain.Book>

------------------------------------------------------------------------------------------------------------------------

[2025-04-07 15:42:32 #1 store] 
Database 'C:\IVAN_INGENIERITZA_INFORMATIKOA\2024-2025\2.Kuatrimestrea\IS\proiektua\1.ITERAZIOA(ACABADO)\Rides24\src\main\resources\rides.temp' is opened by 6468@IVAN

[2025-04-07 15:42:32 #2 type.registry] 
New type domain.User

[2025-04-07 15:42:32 #3 type.registry] 
New type domain.Driver

[2025-04-07 15:42:32 #4 type] 
Type domain.User is not enhanced.

[2025-04-07 15:42:32 #5 type.registry] 
New type domain.Mugimendua

[2025-04-07 15:42:32 #6 type] 
Type domain.Driver is not enhanced.

[2025-04-07 15:42:32 #7 type.registry] 
New type domain.Kotxe

[2025-04-07 15:42:32 #8 type.registry] 
New type domain.Ride

[2025-04-07 15:42:32 #9 type] 
Type domain.Mugimendua is not enhanced.

[2025-04-07 15:42:32 #10 type] 
Type domain.Kotxe is not enhanced.

[2025-04-07 15:42:32 #11 type] 
Type domain.Ride is not enhanced.

[2025-04-07 15:42:32 #12 type.registry] 
New type domain.Book

[2025-04-07 15:42:32 #13 type] 
Type domain.Book is not enhanced.

[2025-04-07 15:42:32 #14 type.registry] 
New type domain.Traveler

[2025-04-07 15:42:32 #15 type] 
Type domain.Traveler is not enhanced.

[2025-04-07 15:42:32 #16 type.registry] 
New type java.util.Vector<java.lang.Object>

[2025-04-07 15:42:32 #17 type.registry] 
New type java.util.Vector<domain.Mugimendua>

[2025-04-07 15:42:32 #18 type.registry] 
New type java.util.Vector<domain.Ride>

[2025-04-07 15:42:32 #19 type.registry] 
New type java.util.Vector<domain.Kotxe>

[2025-04-07 15:42:32 #20 type.registry] 
New type java.util.Vector<domain.Book>

------------------------------------------------------------------------------------------------------------------------

[2025-04-07 16:28:13 #1 store] 
Database 'C:\IVAN_INGENIERITZA_INFORMATIKOA\2024-2025\2.Kuatrimestrea\IS\proiektua\1.ITERAZIOA(ACABADO)\Rides24\src\main\resources\rides.temp' is opened by 2680@IVAN

[2025-04-07 16:28:14 #2 type.registry] 
New type domain.User

[2025-04-07 16:28:14 #3 type.registry] 
New type domain.Driver

[2025-04-07 16:28:14 #4 type] 
Type domain.User is not enhanced.

[2025-04-07 16:28:14 #5 type.registry] 
New type domain.Mugimendua

[2025-04-07 16:28:14 #6 type] 
Type domain.Driver is not enhanced.

[2025-04-07 16:28:14 #7 type.registry] 
New type domain.Kotxe

[2025-04-07 16:28:14 #8 type.registry] 
New type domain.Ride

[2025-04-07 16:28:14 #9 type] 
Type domain.Mugimendua is not enhanced.

[2025-04-07 16:28:14 #10 type] 
Type domain.Kotxe is not enhanced.

[2025-04-07 16:28:14 #11 type] 
Type domain.Ride is not enhanced.

[2025-04-07 16:28:14 #12 type.registry] 
New type domain.Book

[2025-04-07 16:28:14 #13 type] 
Type domain.Book is not enhanced.

[2025-04-07 16:28:14 #14 type.registry] 
New type domain.Traveler

[2025-04-07 16:28:14 #15 type] 
Type domain.Traveler is not enhanced.

[2025-04-07 16:28:14 #16 type.registry] 
New type java.util.Vector<java.lang.Object>

[2025-04-07 16:28:14 #17 type.registry] 
New type java.util.Vector<domain.Mugimendua>

[2025-04-07 16:28:14 #18 type.registry] 
New type java.util.Vector<domain.Ride>

[2025-04-07 16:28:14 #19 type.registry] 
New type java.util.Vector<domain.Kotxe>

[2025-04-07 16:28:14 #20 type.registry] 
New type java.util.Vector<domain.Book>

------------------------------------------------------------------------------------------------------------------------

[2025-04-07 16:42:11 #1 store] 
Database 'C:\IVAN_INGENIERITZA_INFORMATIKOA\2024-2025\2.Kuatrimestrea\IS\proiektua\1.ITERAZIOA(ACABADO)\Rides24\src\main\resources\rides.temp' is opened by 20972@IVAN

[2025-04-07 16:42:12 #2 type.registry] 
New type domain.User

[2025-04-07 16:42:12 #3 type.registry] 
New type domain.Driver

[2025-04-07 16:42:12 #4 type] 
Type domain.User is not enhanced.

[2025-04-07 16:42:12 #5 type.registry] 
New type domain.Mugimendua

[2025-04-07 16:42:12 #6 type] 
Type domain.Driver is not enhanced.

[2025-04-07 16:42:12 #7 type.registry] 
New type domain.Kotxe

[2025-04-07 16:42:12 #8 type.registry] 
New type domain.Ride

[2025-04-07 16:42:12 #9 type] 
Type domain.Mugimendua is not enhanced.

[2025-04-07 16:42:12 #10 type] 
Type domain.Kotxe is not enhanced.

[2025-04-07 16:42:12 #11 type] 
Type domain.Ride is not enhanced.

[2025-04-07 16:42:12 #12 type.registry] 
New type domain.Book

[2025-04-07 16:42:12 #13 type] 
Type domain.Book is not enhanced.

[2025-04-07 16:42:12 #14 type.registry] 
New type domain.Traveler

[2025-04-07 16:42:12 #15 type] 
Type domain.Traveler is not enhanced.

[2025-04-07 16:42:12 #16 type.registry] 
New type java.util.Vector<java.lang.Object>

[2025-04-07 16:42:12 #17 type.registry] 
New type java.util.Vector<domain.Mugimendua>

[2025-04-07 16:42:12 #18 type.registry] 
New type java.util.Vector<domain.Ride>

[2025-04-07 16:42:12 #19 type.registry] 
New type java.util.Vector<domain.Kotxe>

[2025-04-07 16:42:12 #20 type.registry] 
New type java.util.Vector<domain.Book>

------------------------------------------------------------------------------------------------------------------------

[2025-04-07 16:43:02 #1 store] 
Database 'C:\IVAN_INGENIERITZA_INFORMATIKOA\2024-2025\2.Kuatrimestrea\IS\proiektua\1.ITERAZIOA(ACABADO)\Rides24\src\main\resources\rides.temp' is opened by 12936@IVAN

[2025-04-07 16:43:02 #2 type.registry] 
New type domain.User

[2025-04-07 16:43:02 #3 type.registry] 
New type domain.Driver

[2025-04-07 16:43:02 #4 type] 
Type domain.User is not enhanced.

[2025-04-07 16:43:02 #5 type.registry] 
New type domain.Mugimendua

[2025-04-07 16:43:02 #6 type] 
Type domain.Driver is not enhanced.

[2025-04-07 16:43:02 #7 type.registry] 
New type domain.Kotxe

[2025-04-07 16:43:02 #8 type.registry] 
New type domain.Ride

[2025-04-07 16:43:02 #9 type] 
Type domain.Mugimendua is not enhanced.

[2025-04-07 16:43:02 #10 type] 
Type domain.Kotxe is not enhanced.

[2025-04-07 16:43:02 #11 type] 
Type domain.Ride is not enhanced.

[2025-04-07 16:43:02 #12 type.registry] 
New type domain.Book

[2025-04-07 16:43:02 #13 type] 
Type domain.Book is not enhanced.

[2025-04-07 16:43:02 #14 type.registry] 
New type domain.Traveler

[2025-04-07 16:43:02 #15 type] 
Type domain.Traveler is not enhanced.

[2025-04-07 16:43:02 #16 type.registry] 
New type java.util.Vector<java.lang.Object>

[2025-04-07 16:43:02 #17 type.registry] 
New type java.util.Vector<domain.Mugimendua>

[2025-04-07 16:43:02 #18 type.registry] 
New type java.util.Vector<domain.Ride>

[2025-04-07 16:43:02 #19 type.registry] 
New type java.util.Vector<domain.Kotxe>

[2025-04-07 16:43:02 #20 type.registry] 
New type java.util.Vector<domain.Book>

------------------------------------------------------------------------------------------------------------------------

[2025-04-07 16:43:50 #1 store] 
Database 'C:\IVAN_INGENIERITZA_INFORMATIKOA\2024-2025\2.Kuatrimestrea\IS\proiektua\1.ITERAZIOA(ACABADO)\Rides24\src\main\resources\rides.temp' is opened by 16704@IVAN

[2025-04-07 16:43:50 #2 type.registry] 
New type domain.User

[2025-04-07 16:43:50 #3 type.registry] 
New type domain.Driver

[2025-04-07 16:43:50 #4 type] 
Type domain.User is not enhanced.

[2025-04-07 16:43:50 #5 type.registry] 
New type domain.Mugimendua

[2025-04-07 16:43:50 #6 type] 
Type domain.Driver is not enhanced.

[2025-04-07 16:43:50 #7 type.registry] 
New type domain.Kotxe

[2025-04-07 16:43:50 #8 type.registry] 
New type domain.Ride

[2025-04-07 16:43:50 #9 type] 
Type domain.Mugimendua is not enhanced.

[2025-04-07 16:43:50 #10 type] 
Type domain.Kotxe is not enhanced.

[2025-04-07 16:43:50 #11 type] 
Type domain.Ride is not enhanced.

[2025-04-07 16:43:50 #12 type.registry] 
New type domain.Book

[2025-04-07 16:43:50 #13 type] 
Type domain.Book is not enhanced.

[2025-04-07 16:43:50 #14 type.registry] 
New type domain.Traveler

[2025-04-07 16:43:50 #15 type] 
Type domain.Traveler is not enhanced.

[2025-04-07 16:43:50 #16 type.registry] 
New type java.util.Vector<java.lang.Object>

[2025-04-07 16:43:50 #17 type.registry] 
New type java.util.Vector<domain.Mugimendua>

[2025-04-07 16:43:50 #18 type.registry] 
New type java.util.Vector<domain.Ride>

[2025-04-07 16:43:50 #19 type.registry] 
New type java.util.Vector<domain.Kotxe>

[2025-04-07 16:43:50 #20 type.registry] 
New type java.util.Vector<domain.Book>

------------------------------------------------------------------------------------------------------------------------

[2025-04-07 16:44:37 #1 store] 
Database 'C:\IVAN_INGENIERITZA_INFORMATIKOA\2024-2025\2.Kuatrimestrea\IS\proiektua\1.ITERAZIOA(ACABADO)\Rides24\src\main\resources\rides.temp' is opened by 20456@IVAN

[2025-04-07 16:44:37 #2 type.registry] 
New type domain.User

[2025-04-07 16:44:37 #3 type.registry] 
New type domain.Driver

[2025-04-07 16:44:37 #4 type] 
Type domain.User is not enhanced.

[2025-04-07 16:44:37 #5 type.registry] 
New type domain.Mugimendua

[2025-04-07 16:44:37 #6 type] 
Type domain.Driver is not enhanced.

[2025-04-07 16:44:37 #7 type.registry] 
New type domain.Kotxe

[2025-04-07 16:44:37 #8 type.registry] 
New type domain.Ride

[2025-04-07 16:44:37 #9 type] 
Type domain.Mugimendua is not enhanced.

[2025-04-07 16:44:37 #10 type] 
Type domain.Kotxe is not enhanced.

[2025-04-07 16:44:37 #11 type] 
Type domain.Ride is not enhanced.

[2025-04-07 16:44:37 #12 type.registry] 
New type domain.Book

[2025-04-07 16:44:37 #13 type] 
Type domain.Book is not enhanced.

[2025-04-07 16:44:37 #14 type.registry] 
New type domain.Traveler

[2025-04-07 16:44:37 #15 type] 
Type domain.Traveler is not enhanced.

[2025-04-07 16:44:37 #16 type.registry] 
New type java.util.Vector<java.lang.Object>

[2025-04-07 16:44:37 #17 type.registry] 
New type java.util.Vector<domain.Mugimendua>

[2025-04-07 16:44:37 #18 type.registry] 
New type java.util.Vector<domain.Ride>

[2025-04-07 16:44:37 #19 type.registry] 
New type java.util.Vector<domain.Kotxe>

[2025-04-07 16:44:37 #20 type.registry] 
New type java.util.Vector<domain.Book>

------------------------------------------------------------------------------------------------------------------------

[2025-04-07 16:45:19 #1 store] 
Database 'C:\IVAN_INGENIERITZA_INFORMATIKOA\2024-2025\2.Kuatrimestrea\IS\proiektua\1.ITERAZIOA(ACABADO)\Rides24\src\main\resources\rides.temp' is opened by 2128@IVAN

[2025-04-07 16:45:19 #2 type.registry] 
New type domain.User

[2025-04-07 16:45:19 #3 type.registry] 
New type domain.Driver

[2025-04-07 16:45:19 #4 type] 
Type domain.User is not enhanced.

[2025-04-07 16:45:19 #5 type.registry] 
New type domain.Mugimendua

[2025-04-07 16:45:19 #6 type] 
Type domain.Driver is not enhanced.

[2025-04-07 16:45:19 #7 type.registry] 
New type domain.Kotxe

[2025-04-07 16:45:19 #8 type.registry] 
New type domain.Ride

[2025-04-07 16:45:19 #9 type] 
Type domain.Mugimendua is not enhanced.

[2025-04-07 16:45:19 #10 type] 
Type domain.Kotxe is not enhanced.

[2025-04-07 16:45:19 #11 type] 
Type domain.Ride is not enhanced.

[2025-04-07 16:45:19 #12 type.registry] 
New type domain.Book

[2025-04-07 16:45:19 #13 type] 
Type domain.Book is not enhanced.

[2025-04-07 16:45:19 #14 type.registry] 
New type domain.Traveler

[2025-04-07 16:45:19 #15 type] 
Type domain.Traveler is not enhanced.

[2025-04-07 16:45:19 #16 type.registry] 
New type java.util.Vector<java.lang.Object>

[2025-04-07 16:45:19 #17 type.registry] 
New type java.util.Vector<domain.Mugimendua>

[2025-04-07 16:45:19 #18 type.registry] 
New type java.util.Vector<domain.Ride>

[2025-04-07 16:45:19 #19 type.registry] 
New type java.util.Vector<domain.Kotxe>

[2025-04-07 16:45:19 #20 type.registry] 
New type java.util.Vector<domain.Book>

------------------------------------------------------------------------------------------------------------------------

[2025-04-07 16:48:31 #1 store] 
Database 'C:\IVAN_INGENIERITZA_INFORMATIKOA\2024-2025\2.Kuatrimestrea\IS\proiektua\1.ITERAZIOA(ACABADO)\Rides24\src\main\resources\rides.temp' is opened by 5132@IVAN

[2025-04-07 16:48:31 #2 type.registry] 
New type domain.User

[2025-04-07 16:48:31 #3 type.registry] 
New type domain.Driver

[2025-04-07 16:48:31 #4 type] 
Type domain.User is not enhanced.

[2025-04-07 16:48:31 #5 type.registry] 
New type domain.Mugimendua

[2025-04-07 16:48:31 #6 type] 
Type domain.Driver is not enhanced.

[2025-04-07 16:48:31 #7 type.registry] 
New type domain.Kotxe

[2025-04-07 16:48:31 #8 type.registry] 
New type domain.Ride

[2025-04-07 16:48:31 #9 type] 
Type domain.Mugimendua is not enhanced.

[2025-04-07 16:48:31 #10 type] 
Type domain.Kotxe is not enhanced.

[2025-04-07 16:48:31 #11 type] 
Type domain.Ride is not enhanced.

[2025-04-07 16:48:31 #12 type.registry] 
New type domain.Book

[2025-04-07 16:48:31 #13 type] 
Type domain.Book is not enhanced.

[2025-04-07 16:48:31 #14 type.registry] 
New type domain.Traveler

[2025-04-07 16:48:31 #15 type] 
Type domain.Traveler is not enhanced.

[2025-04-07 16:48:31 #16 type.registry] 
New type java.util.Vector<java.lang.Object>

[2025-04-07 16:48:31 #17 type.registry] 
New type java.util.Vector<domain.Mugimendua>

[2025-04-07 16:48:31 #18 type.registry] 
New type java.util.Vector<domain.Ride>

[2025-04-07 16:48:31 #19 type.registry] 
New type java.util.Vector<domain.Kotxe>

[2025-04-07 16:48:31 #20 type.registry] 
New type java.util.Vector<domain.Book>

------------------------------------------------------------------------------------------------------------------------

[2025-04-07 16:49:11 #1 store] 
Database 'C:\IVAN_INGENIERITZA_INFORMATIKOA\2024-2025\2.Kuatrimestrea\IS\proiektua\1.ITERAZIOA(ACABADO)\Rides24\src\main\resources\rides.temp' is opened by 18532@IVAN

[2025-04-07 16:49:11 #2 type.registry] 
New type domain.User

[2025-04-07 16:49:11 #3 type.registry] 
New type domain.Driver

[2025-04-07 16:49:11 #4 type] 
Type domain.User is not enhanced.

[2025-04-07 16:49:11 #5 type.registry] 
New type domain.Mugimendua

[2025-04-07 16:49:11 #6 type] 
Type domain.Driver is not enhanced.

[2025-04-07 16:49:11 #7 type.registry] 
New type domain.Kotxe

[2025-04-07 16:49:11 #8 type.registry] 
New type domain.Ride

[2025-04-07 16:49:11 #9 type] 
Type domain.Mugimendua is not enhanced.

[2025-04-07 16:49:11 #10 type] 
Type domain.Kotxe is not enhanced.

[2025-04-07 16:49:11 #11 type] 
Type domain.Ride is not enhanced.

[2025-04-07 16:49:11 #12 type.registry] 
New type domain.Book

[2025-04-07 16:49:11 #13 type] 
Type domain.Book is not enhanced.

[2025-04-07 16:49:11 #14 type.registry] 
New type domain.Traveler

[2025-04-07 16:49:11 #15 type] 
Type domain.Traveler is not enhanced.

[2025-04-07 16:49:11 #16 type.registry] 
New type java.util.Vector<java.lang.Object>

[2025-04-07 16:49:11 #17 type.registry] 
New type java.util.Vector<domain.Mugimendua>

[2025-04-07 16:49:11 #18 type.registry] 
New type java.util.Vector<domain.Ride>

[2025-04-07 16:49:11 #19 type.registry] 
New type java.util.Vector<domain.Kotxe>

[2025-04-07 16:49:11 #20 type.registry] 
New type java.util.Vector<domain.Book>

------------------------------------------------------------------------------------------------------------------------

[2025-04-07 16:49:21 #1 store] 
Database 'C:\IVAN_INGENIERITZA_INFORMATIKOA\2024-2025\2.Kuatrimestrea\IS\proiektua\1.ITERAZIOA(ACABADO)\Rides24\src\main\resources\rides.temp' is opened by 13304@IVAN

[2025-04-07 16:49:21 #2 type.registry] 
New type domain.User

[2025-04-07 16:49:21 #3 type.registry] 
New type domain.Driver

[2025-04-07 16:49:21 #4 type] 
Type domain.User is not enhanced.

[2025-04-07 16:49:21 #5 type.registry] 
New type domain.Mugimendua

[2025-04-07 16:49:21 #6 type] 
Type domain.Driver is not enhanced.

[2025-04-07 16:49:21 #7 type.registry] 
New type domain.Kotxe

[2025-04-07 16:49:21 #8 type.registry] 
New type domain.Ride

[2025-04-07 16:49:21 #9 type] 
Type domain.Mugimendua is not enhanced.

[2025-04-07 16:49:21 #10 type] 
Type domain.Kotxe is not enhanced.

[2025-04-07 16:49:21 #11 type] 
Type domain.Ride is not enhanced.

[2025-04-07 16:49:21 #12 type.registry] 
New type domain.Book

[2025-04-07 16:49:21 #13 type] 
Type domain.Book is not enhanced.

[2025-04-07 16:49:21 #14 type.registry] 
New type domain.Traveler

[2025-04-07 16:49:21 #15 type] 
Type domain.Traveler is not enhanced.

[2025-04-07 16:49:21 #16 type.registry] 
New type java.util.Vector<java.lang.Object>

[2025-04-07 16:49:21 #17 type.registry] 
New type java.util.Vector<domain.Mugimendua>

[2025-04-07 16:49:21 #18 type.registry] 
New type java.util.Vector<domain.Ride>

[2025-04-07 16:49:21 #19 type.registry] 
New type java.util.Vector<domain.Kotxe>

[2025-04-07 16:49:21 #20 type.registry] 
New type java.util.Vector<domain.Book>

------------------------------------------------------------------------------------------------------------------------

[2025-04-07 16:50:15 #1 store] 
Database 'C:\IVAN_INGENIERITZA_INFORMATIKOA\2024-2025\2.Kuatrimestrea\IS\proiektua\1.ITERAZIOA(ACABADO)\Rides24\src\main\resources\rides.temp' is opened by 13164@IVAN

[2025-04-07 16:50:15 #2 type.registry] 
New type domain.User

[2025-04-07 16:50:15 #3 type.registry] 
New type domain.Driver

[2025-04-07 16:50:15 #4 type] 
Type domain.User is not enhanced.

[2025-04-07 16:50:15 #5 type.registry] 
New type domain.Mugimendua

[2025-04-07 16:50:15 #6 type] 
Type domain.Driver is not enhanced.

[2025-04-07 16:50:15 #7 type.registry] 
New type domain.Kotxe

[2025-04-07 16:50:15 #8 type.registry] 
New type domain.Ride

[2025-04-07 16:50:15 #9 type] 
Type domain.Mugimendua is not enhanced.

[2025-04-07 16:50:15 #10 type] 
Type domain.Kotxe is not enhanced.

[2025-04-07 16:50:15 #11 type] 
Type domain.Ride is not enhanced.

[2025-04-07 16:50:15 #12 type.registry] 
New type domain.Book

[2025-04-07 16:50:15 #13 type] 
Type domain.Book is not enhanced.

[2025-04-07 16:50:15 #14 type.registry] 
New type domain.Traveler

[2025-04-07 16:50:15 #15 type] 
Type domain.Traveler is not enhanced.

[2025-04-07 16:50:15 #16 type.registry] 
New type java.util.Vector<java.lang.Object>

[2025-04-07 16:50:15 #17 type.registry] 
New type java.util.Vector<domain.Mugimendua>

[2025-04-07 16:50:15 #18 type.registry] 
New type java.util.Vector<domain.Ride>

[2025-04-07 16:50:15 #19 type.registry] 
New type java.util.Vector<domain.Kotxe>

[2025-04-07 16:50:15 #20 type.registry] 
New type java.util.Vector<domain.Book>

