------------------------------------------------------------------------------------------------------------------------

[2025-03-30 14:13:20 #1 store] 
Database 'C:\Users\ipria\git\Rides24\src\main\resources\rides.temp' is opened by 16676@IVAN

[2025-03-30 14:13:20 #2 type.registry] 
New type domain.User

[2025-03-30 14:13:20 #3 type.registry] 
New type domain.Driver

[2025-03-30 14:13:20 #4 type] 
Type domain.User is not enhanced.

[2025-03-30 14:13:20 #5 type] 
Type domain.Driver is not enhanced.

[2025-03-30 14:13:20 #6 type.registry] 
New type domain.Ride

[2025-03-30 14:13:20 #7 type] 
Type domain.Ride is not enhanced.

[2025-03-30 14:13:20 #8 type.registry] 
New type domain.Traveler

[2025-03-30 14:13:20 #9 type] 
Type domain.Traveler is not enhanced.

[2025-03-30 14:13:20 #10 type.registry] 
New type java.util.Vector<java.lang.Object>

[2025-03-30 14:13:20 #11 type.registry] 
New type java.util.Vector<domain.Ride>

------------------------------------------------------------------------------------------------------------------------

[2025-03-30 14:20:26 #1 store] 
Database 'C:\Users\ipria\git\Rides24\src\main\resources\rides.temp' is opened by 18968@IVAN

[2025-03-30 14:20:26 #2 type.registry] 
New type domain.User

[2025-03-30 14:20:26 #3 type.registry] 
New type domain.Driver

[2025-03-30 14:20:26 #4 type] 
Type domain.User is not enhanced.

[2025-03-30 14:20:26 #5 type] 
Type domain.Driver is not enhanced.

[2025-03-30 14:20:26 #6 type.registry] 
New type domain.Ride

[2025-03-30 14:20:26 #7 type] 
Type domain.Ride is not enhanced.

[2025-03-30 14:20:26 #8 type.registry] 
New type domain.Traveler

[2025-03-30 14:20:26 #9 type] 
Type domain.Traveler is not enhanced.

[2025-03-30 14:20:26 #10 type.registry] 
New type java.util.Vector<java.lang.Object>

[2025-03-30 14:20:26 #11 type.registry] 
New type java.util.Vector<domain.Ride>

------------------------------------------------------------------------------------------------------------------------

[2025-03-30 14:20:39 #1 store] 
Database 'C:\Users\ipria\git\Rides24\src\main\resources\rides.temp' is opened by 2500@IVAN

[2025-03-30 14:20:39 #2 type.registry] 
New type domain.User

[2025-03-30 14:20:39 #3 type.registry] 
New type domain.Driver

[2025-03-30 14:20:39 #4 type] 
Type domain.User is not enhanced.

[2025-03-30 14:20:39 #5 type] 
Type domain.Driver is not enhanced.

[2025-03-30 14:20:39 #6 type.registry] 
New type domain.Ride

[2025-03-30 14:20:39 #7 type] 
Type domain.Ride is not enhanced.

[2025-03-30 14:20:39 #8 type.registry] 
New type domain.Traveler

[2025-03-30 14:20:39 #9 type] 
Type domain.Traveler is not enhanced.

[2025-03-30 14:20:39 #10 type.registry] 
New type java.util.Vector<java.lang.Object>

[2025-03-30 14:20:39 #11 type.registry] 
New type java.util.Vector<domain.Ride>

------------------------------------------------------------------------------------------------------------------------

[2025-03-30 14:21:06 #1 store] 
Database 'C:\Users\ipria\git\Rides24\src\main\resources\rides.temp' is opened by 6952@IVAN

[2025-03-30 14:21:06 #2 type.registry] 
New type domain.User

[2025-03-30 14:21:06 #3 type.registry] 
New type domain.Driver

[2025-03-30 14:21:06 #4 type] 
Type domain.User is not enhanced.

[2025-03-30 14:21:06 #5 type] 
Type domain.Driver is not enhanced.

[2025-03-30 14:21:06 #6 type.registry] 
New type domain.Ride

[2025-03-30 14:21:06 #7 type] 
Type domain.Ride is not enhanced.

[2025-03-30 14:21:06 #8 type.registry] 
New type domain.Traveler

[2025-03-30 14:21:06 #9 type] 
Type domain.Traveler is not enhanced.

[2025-03-30 14:21:06 #10 type.registry] 
New type java.util.Vector<java.lang.Object>

[2025-03-30 14:21:06 #11 type.registry] 
New type java.util.Vector<domain.Ride>

------------------------------------------------------------------------------------------------------------------------

[2025-03-30 14:21:24 #1 store] 
Database 'C:\Users\ipria\git\Rides24\src\main\resources\rides.temp' is opened by 8356@IVAN

[2025-03-30 14:21:24 #2 type.registry] 
New type domain.User

[2025-03-30 14:21:24 #3 type.registry] 
New type domain.Driver

[2025-03-30 14:21:24 #4 type] 
Type domain.User is not enhanced.

[2025-03-30 14:21:24 #5 type] 
Type domain.Driver is not enhanced.

[2025-03-30 14:21:24 #6 type.registry] 
New type domain.Ride

[2025-03-30 14:21:24 #7 type] 
Type domain.Ride is not enhanced.

[2025-03-30 14:21:24 #8 type.registry] 
New type domain.Traveler

[2025-03-30 14:21:24 #9 type] 
Type domain.Traveler is not enhanced.

[2025-03-30 14:21:24 #10 type.registry] 
New type java.util.Vector<java.lang.Object>

[2025-03-30 14:21:24 #11 type.registry] 
New type java.util.Vector<domain.Ride>

------------------------------------------------------------------------------------------------------------------------

[2025-03-30 14:23:09 #1 store] 
Database 'C:\Users\ipria\git\Rides24\src\main\resources\rides.temp' is opened by 9252@IVAN

[2025-03-30 14:23:09 #2 type.registry] 
New type domain.User

[2025-03-30 14:23:09 #3 type.registry] 
New type domain.Driver

[2025-03-30 14:23:09 #4 type] 
Type domain.User is not enhanced.

[2025-03-30 14:23:09 #5 type] 
Type domain.Driver is not enhanced.

[2025-03-30 14:23:09 #6 type.registry] 
New type domain.Ride

[2025-03-30 14:23:09 #7 type] 
Type domain.Ride is not enhanced.

[2025-03-30 14:23:09 #8 type.registry] 
New type domain.Traveler

[2025-03-30 14:23:09 #9 type] 
Type domain.Traveler is not enhanced.

[2025-03-30 14:23:09 #10 type.registry] 
New type java.util.Vector<java.lang.Object>

[2025-03-30 14:23:09 #11 type.registry] 
New type java.util.Vector<domain.Ride>

------------------------------------------------------------------------------------------------------------------------

[2025-03-30 14:23:23 #1 store] 
Database 'C:\Users\ipria\git\Rides24\src\main\resources\rides.temp' is opened by 3704@IVAN

[2025-03-30 14:23:24 #2 type.registry] 
New type domain.User

[2025-03-30 14:23:24 #3 type.registry] 
New type domain.Driver

[2025-03-30 14:23:24 #4 type] 
Type domain.User is not enhanced.

[2025-03-30 14:23:24 #5 type] 
Type domain.Driver is not enhanced.

[2025-03-30 14:23:24 #6 type.registry] 
New type domain.Ride

[2025-03-30 14:23:24 #7 type] 
Type domain.Ride is not enhanced.

[2025-03-30 14:23:24 #8 type.registry] 
New type domain.Traveler

[2025-03-30 14:23:24 #9 type] 
Type domain.Traveler is not enhanced.

[2025-03-30 14:23:24 #10 type.registry] 
New type java.util.Vector<java.lang.Object>

[2025-03-30 14:23:24 #11 type.registry] 
New type java.util.Vector<domain.Ride>

------------------------------------------------------------------------------------------------------------------------

[2025-03-30 14:27:07 #1 store] 
Database 'C:\Users\ipria\git\Rides24\src\main\resources\rides.temp' is opened by 2488@IVAN

[2025-03-30 14:27:07 #2 type.registry] 
New type domain.User

[2025-03-30 14:27:07 #3 type.registry] 
New type domain.Driver

[2025-03-30 14:27:07 #4 type] 
Type domain.User is not enhanced.

[2025-03-30 14:27:07 #5 type] 
Type domain.Driver is not enhanced.

[2025-03-30 14:27:07 #6 type.registry] 
New type domain.Ride

[2025-03-30 14:27:07 #7 type] 
Type domain.Ride is not enhanced.

[2025-03-30 14:27:07 #8 type.registry] 
New type domain.Traveler

[2025-03-30 14:27:07 #9 type] 
Type domain.Traveler is not enhanced.

[2025-03-30 14:27:07 #10 type.registry] 
New type java.util.Vector<java.lang.Object>

[2025-03-30 14:27:07 #11 type.registry] 
New type java.util.Vector<domain.Ride>

------------------------------------------------------------------------------------------------------------------------

[2025-03-30 14:28:12 #1 store] 
Database 'C:\Users\ipria\git\Rides24\src\main\resources\rides.temp' is opened by 17708@IVAN

[2025-03-30 14:28:12 #2 type.registry] 
New type domain.User

[2025-03-30 14:28:12 #3 type.registry] 
New type domain.Driver

[2025-03-30 14:28:12 #4 type] 
Type domain.User is not enhanced.

[2025-03-30 14:28:12 #5 type] 
Type domain.Driver is not enhanced.

[2025-03-30 14:28:12 #6 type.registry] 
New type domain.Ride

[2025-03-30 14:28:12 #7 type] 
Type domain.Ride is not enhanced.

[2025-03-30 14:28:12 #8 type.registry] 
New type domain.Traveler

[2025-03-30 14:28:12 #9 type] 
Type domain.Traveler is not enhanced.

[2025-03-30 14:28:12 #10 type.registry] 
New type java.util.Vector<java.lang.Object>

[2025-03-30 14:28:12 #11 type.registry] 
New type java.util.Vector<domain.Ride>

------------------------------------------------------------------------------------------------------------------------

[2025-03-30 14:30:51 #1 store] 
Database 'C:\Users\ipria\git\Rides24\src\main\resources\rides.temp' is opened by 18924@IVAN

[2025-03-30 14:30:51 #2 type.registry] 
New type domain.User

[2025-03-30 14:30:51 #3 type.registry] 
New type domain.Driver

[2025-03-30 14:30:51 #4 type] 
Type domain.User is not enhanced.

[2025-03-30 14:30:51 #5 type] 
Type domain.Driver is not enhanced.

[2025-03-30 14:30:51 #6 type.registry] 
New type domain.Ride

[2025-03-30 14:30:51 #7 type] 
Type domain.Ride is not enhanced.

[2025-03-30 14:30:51 #8 type.registry] 
New type domain.Traveler

[2025-03-30 14:30:51 #9 type] 
Type domain.Traveler is not enhanced.

[2025-03-30 14:30:51 #10 type.registry] 
New type java.util.Vector<java.lang.Object>

[2025-03-30 14:30:51 #11 type.registry] 
New type java.util.Vector<domain.Ride>

------------------------------------------------------------------------------------------------------------------------

[2025-03-30 14:34:33 #1 store] 
Database 'C:\Users\ipria\git\Rides24\src\main\resources\rides.temp' is opened by 7344@IVAN

[2025-03-30 14:34:33 #2 type.registry] 
New type domain.User

[2025-03-30 14:34:33 #3 type.registry] 
New type domain.Driver

[2025-03-30 14:34:33 #4 type] 
Type domain.User is not enhanced.

[2025-03-30 14:34:33 #5 type] 
Type domain.Driver is not enhanced.

[2025-03-30 14:34:33 #6 type.registry] 
New type domain.Ride

[2025-03-30 14:34:33 #7 type] 
Type domain.Ride is not enhanced.

[2025-03-30 14:34:33 #8 type.registry] 
New type domain.Traveler

[2025-03-30 14:34:33 #9 type] 
Type domain.Traveler is not enhanced.

[2025-03-30 14:34:33 #10 type.registry] 
New type java.util.Vector<java.lang.Object>

[2025-03-30 14:34:33 #11 type.registry] 
New type java.util.Vector<domain.Ride>

------------------------------------------------------------------------------------------------------------------------

[2025-03-30 14:40:16 #1 store] 
Database 'C:\Users\ipria\git\Rides24\src\main\resources\rides.temp' is opened by 6056@IVAN

[2025-03-30 14:40:16 #2 type.registry] 
New type domain.User

[2025-03-30 14:40:16 #3 type.registry] 
New type domain.Driver

[2025-03-30 14:40:16 #4 type] 
Type domain.User is not enhanced.

[2025-03-30 14:40:16 #5 type] 
Type domain.Driver is not enhanced.

[2025-03-30 14:40:16 #6 type.registry] 
New type domain.Ride

[2025-03-30 14:40:16 #7 type] 
Type domain.Ride is not enhanced.

[2025-03-30 14:40:16 #8 type.registry] 
New type domain.Traveler

[2025-03-30 14:40:16 #9 type] 
Type domain.Traveler is not enhanced.

[2025-03-30 14:40:16 #10 type.registry] 
New type java.util.Vector<java.lang.Object>

[2025-03-30 14:40:16 #11 type.registry] 
New type java.util.Vector<domain.Ride>

------------------------------------------------------------------------------------------------------------------------

[2025-03-30 14:42:04 #1 store] 
Database 'C:\Users\ipria\git\Rides24\src\main\resources\rides.temp' is opened by 2136@IVAN

[2025-03-30 14:42:04 #2 type.registry] 
New type domain.User

[2025-03-30 14:42:04 #3 type.registry] 
New type domain.Driver

[2025-03-30 14:42:04 #4 type] 
Type domain.User is not enhanced.

[2025-03-30 14:42:04 #5 type] 
Type domain.Driver is not enhanced.

[2025-03-30 14:42:04 #6 type.registry] 
New type domain.Ride

[2025-03-30 14:42:04 #7 type] 
Type domain.Ride is not enhanced.

[2025-03-30 14:42:04 #8 type.registry] 
New type domain.Traveler

[2025-03-30 14:42:04 #9 type] 
Type domain.Traveler is not enhanced.

[2025-03-30 14:42:04 #10 type.registry] 
New type java.util.Vector<java.lang.Object>

[2025-03-30 14:42:04 #11 type.registry] 
New type java.util.Vector<domain.Ride>

------------------------------------------------------------------------------------------------------------------------

[2025-03-30 14:44:39 #1 store] 
Database 'C:\Users\ipria\git\Rides24\src\main\resources\rides.temp' is opened by 5844@IVAN

[2025-03-30 14:44:39 #2 type.registry] 
New type domain.User

[2025-03-30 14:44:39 #3 type.registry] 
New type domain.Driver

[2025-03-30 14:44:39 #4 type] 
Type domain.User is not enhanced.

[2025-03-30 14:44:39 #5 type] 
Type domain.Driver is not enhanced.

[2025-03-30 14:44:39 #6 type.registry] 
New type domain.Ride

[2025-03-30 14:44:39 #7 type] 
Type domain.Ride is not enhanced.

[2025-03-30 14:44:39 #8 type.registry] 
New type domain.Traveler

[2025-03-30 14:44:39 #9 type] 
Type domain.Traveler is not enhanced.

[2025-03-30 14:44:39 #10 type.registry] 
New type java.util.Vector<java.lang.Object>

[2025-03-30 14:44:39 #11 type.registry] 
New type java.util.Vector<domain.Ride>

------------------------------------------------------------------------------------------------------------------------

[2025-03-30 14:46:10 #1 store] 
Database 'C:\Users\ipria\git\Rides24\src\main\resources\rides.temp' is opened by 18540@IVAN

[2025-03-30 14:46:10 #2 type.registry] 
New type domain.User

[2025-03-30 14:46:10 #3 type.registry] 
New type domain.Driver

[2025-03-30 14:46:10 #4 type] 
Type domain.User is not enhanced.

[2025-03-30 14:46:10 #5 type] 
Type domain.Driver is not enhanced.

[2025-03-30 14:46:10 #6 type.registry] 
New type domain.Ride

[2025-03-30 14:46:10 #7 type] 
Type domain.Ride is not enhanced.

[2025-03-30 14:46:10 #8 type.registry] 
New type domain.Traveler

[2025-03-30 14:46:10 #9 type] 
Type domain.Traveler is not enhanced.

[2025-03-30 14:46:10 #10 type.registry] 
New type java.util.Vector<java.lang.Object>

[2025-03-30 14:46:10 #11 type.registry] 
New type java.util.Vector<domain.Ride>

------------------------------------------------------------------------------------------------------------------------

[2025-03-30 14:47:17 #1 store] 
Database 'C:\Users\ipria\git\Rides24\src\main\resources\rides.temp' is opened by 14760@IVAN

[2025-03-30 14:47:17 #2 type.registry] 
New type domain.User

[2025-03-30 14:47:17 #3 type.registry] 
New type domain.Driver

[2025-03-30 14:47:17 #4 type] 
Type domain.User is not enhanced.

[2025-03-30 14:47:17 #5 type] 
Type domain.Driver is not enhanced.

[2025-03-30 14:47:17 #6 type.registry] 
New type domain.Ride

[2025-03-30 14:47:17 #7 type] 
Type domain.Ride is not enhanced.

[2025-03-30 14:47:17 #8 type.registry] 
New type domain.Traveler

[2025-03-30 14:47:17 #9 type] 
Type domain.Traveler is not enhanced.

[2025-03-30 14:47:17 #10 type.registry] 
New type java.util.Vector<java.lang.Object>

[2025-03-30 14:47:17 #11 type.registry] 
New type java.util.Vector<domain.Ride>

------------------------------------------------------------------------------------------------------------------------

[2025-03-30 14:47:53 #1 store] 
Database 'C:\Users\ipria\git\Rides24\src\main\resources\rides.temp' is opened by 5808@IVAN

[2025-03-30 14:47:53 #2 type.registry] 
New type domain.User

[2025-03-30 14:47:53 #3 type.registry] 
New type domain.Driver

[2025-03-30 14:47:53 #4 type] 
Type domain.User is not enhanced.

[2025-03-30 14:47:53 #5 type] 
Type domain.Driver is not enhanced.

[2025-03-30 14:47:53 #6 type.registry] 
New type domain.Ride

[2025-03-30 14:47:53 #7 type] 
Type domain.Ride is not enhanced.

[2025-03-30 14:47:53 #8 type.registry] 
New type domain.Traveler

[2025-03-30 14:47:53 #9 type] 
Type domain.Traveler is not enhanced.

[2025-03-30 14:47:53 #10 type.registry] 
New type java.util.Vector<java.lang.Object>

[2025-03-30 14:47:53 #11 type.registry] 
New type java.util.Vector<domain.Ride>

------------------------------------------------------------------------------------------------------------------------

[2025-03-30 14:48:36 #1 store] 
Database 'C:\Users\ipria\git\Rides24\src\main\resources\rides.temp' is opened by 12476@IVAN

[2025-03-30 14:48:36 #2 type.registry] 
New type domain.User

[2025-03-30 14:48:36 #3 type.registry] 
New type domain.Driver

[2025-03-30 14:48:36 #4 type] 
Type domain.User is not enhanced.

[2025-03-30 14:48:36 #5 type] 
Type domain.Driver is not enhanced.

[2025-03-30 14:48:36 #6 type.registry] 
New type domain.Ride

[2025-03-30 14:48:36 #7 type] 
Type domain.Ride is not enhanced.

[2025-03-30 14:48:36 #8 type.registry] 
New type domain.Traveler

[2025-03-30 14:48:36 #9 type] 
Type domain.Traveler is not enhanced.

[2025-03-30 14:48:36 #10 type.registry] 
New type java.util.Vector<java.lang.Object>

[2025-03-30 14:48:36 #11 type.registry] 
New type java.util.Vector<domain.Ride>

------------------------------------------------------------------------------------------------------------------------

[2025-03-30 14:49:31 #1 store] 
Database 'C:\Users\ipria\git\Rides24\src\main\resources\rides.temp' is opened by 2200@IVAN

[2025-03-30 14:49:31 #2 type.registry] 
New type domain.User

[2025-03-30 14:49:31 #3 type.registry] 
New type domain.Driver

[2025-03-30 14:49:31 #4 type] 
Type domain.User is not enhanced.

[2025-03-30 14:49:31 #5 type] 
Type domain.Driver is not enhanced.

[2025-03-30 14:49:31 #6 type.registry] 
New type domain.Ride

[2025-03-30 14:49:31 #7 type] 
Type domain.Ride is not enhanced.

[2025-03-30 14:49:31 #8 type.registry] 
New type domain.Traveler

[2025-03-30 14:49:31 #9 type] 
Type domain.Traveler is not enhanced.

[2025-03-30 14:49:31 #10 type.registry] 
New type java.util.Vector<java.lang.Object>

[2025-03-30 14:49:31 #11 type.registry] 
New type java.util.Vector<domain.Ride>

------------------------------------------------------------------------------------------------------------------------

[2025-03-30 14:51:27 #1 store] 
Database 'C:\Users\ipria\git\Rides24\src\main\resources\rides.temp' is opened by 5660@IVAN

[2025-03-30 14:51:27 #2 type.registry] 
New type domain.User

[2025-03-30 14:51:27 #3 type.registry] 
New type domain.Driver

[2025-03-30 14:51:27 #4 type] 
Type domain.User is not enhanced.

[2025-03-30 14:51:27 #5 type] 
Type domain.Driver is not enhanced.

[2025-03-30 14:51:27 #6 type.registry] 
New type domain.Ride

[2025-03-30 14:51:27 #7 type] 
Type domain.Ride is not enhanced.

[2025-03-30 14:51:27 #8 type.registry] 
New type domain.Traveler

[2025-03-30 14:51:27 #9 type] 
Type domain.Traveler is not enhanced.

[2025-03-30 14:51:27 #10 type.registry] 
New type java.util.Vector<java.lang.Object>

[2025-03-30 14:51:27 #11 type.registry] 
New type java.util.Vector<domain.Ride>

------------------------------------------------------------------------------------------------------------------------

[2025-03-30 14:52:17 #1 store] 
Database 'C:\Users\ipria\git\Rides24\src\main\resources\rides.temp' is opened by 6864@IVAN

[2025-03-30 14:52:17 #2 type.registry] 
New type domain.User

[2025-03-30 14:52:17 #3 type.registry] 
New type domain.Driver

[2025-03-30 14:52:17 #4 type] 
Type domain.User is not enhanced.

[2025-03-30 14:52:17 #5 type] 
Type domain.Driver is not enhanced.

[2025-03-30 14:52:17 #6 type.registry] 
New type domain.Ride

[2025-03-30 14:52:17 #7 type] 
Type domain.Ride is not enhanced.

[2025-03-30 14:52:17 #8 type.registry] 
New type domain.Traveler

[2025-03-30 14:52:17 #9 type] 
Type domain.Traveler is not enhanced.

[2025-03-30 14:52:17 #10 type.registry] 
New type java.util.Vector<java.lang.Object>

[2025-03-30 14:52:17 #11 type.registry] 
New type java.util.Vector<domain.Ride>

------------------------------------------------------------------------------------------------------------------------

[2025-03-30 14:52:58 #1 store] 
Database 'C:\Users\ipria\git\Rides24\src\main\resources\rides.temp' is opened by 15408@IVAN

[2025-03-30 14:52:58 #2 type.registry] 
New type domain.User

[2025-03-30 14:52:58 #3 type.registry] 
New type domain.Driver

[2025-03-30 14:52:58 #4 type] 
Type domain.User is not enhanced.

[2025-03-30 14:52:58 #5 type] 
Type domain.Driver is not enhanced.

[2025-03-30 14:52:58 #6 type.registry] 
New type domain.Ride

[2025-03-30 14:52:58 #7 type] 
Type domain.Ride is not enhanced.

[2025-03-30 14:52:58 #8 type.registry] 
New type domain.Traveler

[2025-03-30 14:52:58 #9 type] 
Type domain.Traveler is not enhanced.

[2025-03-30 14:52:58 #10 type.registry] 
New type java.util.Vector<java.lang.Object>

[2025-03-30 14:52:58 #11 type.registry] 
New type java.util.Vector<domain.Ride>

------------------------------------------------------------------------------------------------------------------------

[2025-03-30 14:54:09 #1 store] 
Database 'C:\Users\ipria\git\Rides24\src\main\resources\rides.temp' is opened by 3976@IVAN

[2025-03-30 14:54:09 #2 type.registry] 
New type domain.User

[2025-03-30 14:54:09 #3 type.registry] 
New type domain.Driver

[2025-03-30 14:54:09 #4 type] 
Type domain.User is not enhanced.

[2025-03-30 14:54:09 #5 type] 
Type domain.Driver is not enhanced.

[2025-03-30 14:54:09 #6 type.registry] 
New type domain.Ride

[2025-03-30 14:54:09 #7 type] 
Type domain.Ride is not enhanced.

[2025-03-30 14:54:09 #8 type.registry] 
New type domain.Traveler

[2025-03-30 14:54:09 #9 type] 
Type domain.Traveler is not enhanced.

[2025-03-30 14:54:09 #10 type.registry] 
New type java.util.Vector<java.lang.Object>

[2025-03-30 14:54:09 #11 type.registry] 
New type java.util.Vector<domain.Ride>

------------------------------------------------------------------------------------------------------------------------

[2025-03-30 15:02:53 #1 store] 
Database 'C:\Users\ipria\git\Rides24\src\main\resources\rides.temp' is opened by 9316@IVAN

[2025-03-30 15:02:53 #2 type.registry] 
New type domain.User

[2025-03-30 15:02:53 #3 type.registry] 
New type domain.Driver

[2025-03-30 15:02:53 #4 type] 
Type domain.User is not enhanced.

[2025-03-30 15:02:53 #5 type] 
Type domain.Driver is not enhanced.

[2025-03-30 15:02:53 #6 type.registry] 
New type domain.Ride

[2025-03-30 15:02:53 #7 type] 
Type domain.Ride is not enhanced.

[2025-03-30 15:02:53 #8 type.registry] 
New type domain.Traveler

[2025-03-30 15:02:53 #9 type] 
Type domain.Traveler is not enhanced.

[2025-03-30 15:02:53 #10 type.registry] 
New type java.util.Vector<java.lang.Object>

[2025-03-30 15:02:53 #11 type.registry] 
New type java.util.Vector<domain.Ride>

------------------------------------------------------------------------------------------------------------------------

[2025-03-30 15:03:16 #1 store] 
Database 'C:\Users\ipria\git\Rides24\src\main\resources\rides.temp' is opened by 18444@IVAN

[2025-03-30 15:03:16 #2 type.registry] 
New type domain.User

[2025-03-30 15:03:16 #3 type.registry] 
New type domain.Driver

[2025-03-30 15:03:16 #4 type] 
Type domain.User is not enhanced.

[2025-03-30 15:03:16 #5 type] 
Type domain.Driver is not enhanced.

[2025-03-30 15:03:16 #6 type.registry] 
New type domain.Ride

[2025-03-30 15:03:16 #7 type] 
Type domain.Ride is not enhanced.

[2025-03-30 15:03:16 #8 type.registry] 
New type domain.Traveler

[2025-03-30 15:03:16 #9 type] 
Type domain.Traveler is not enhanced.

[2025-03-30 15:03:16 #10 type.registry] 
New type java.util.Vector<java.lang.Object>

[2025-03-30 15:03:16 #11 type.registry] 
New type java.util.Vector<domain.Ride>

------------------------------------------------------------------------------------------------------------------------

[2025-03-30 15:05:19 #1 store] 
Database 'C:\Users\ipria\git\Rides24\src\main\resources\rides.temp' is opened by 9084@IVAN

[2025-03-30 15:05:19 #2 type.registry] 
New type domain.User

[2025-03-30 15:05:19 #3 type.registry] 
New type domain.Driver

[2025-03-30 15:05:19 #4 type] 
Type domain.User is not enhanced.

[2025-03-30 15:05:19 #5 type] 
Type domain.Driver is not enhanced.

[2025-03-30 15:05:19 #6 type.registry] 
New type domain.Ride

[2025-03-30 15:05:19 #7 type] 
Type domain.Ride is not enhanced.

[2025-03-30 15:05:19 #8 type.registry] 
New type domain.Traveler

[2025-03-30 15:05:19 #9 type] 
Type domain.Traveler is not enhanced.

[2025-03-30 15:05:19 #10 type.registry] 
New type java.util.Vector<java.lang.Object>

[2025-03-30 15:05:19 #11 type.registry] 
New type java.util.Vector<domain.Ride>

------------------------------------------------------------------------------------------------------------------------

[2025-03-30 15:06:00 #1 store] 
Database 'C:\Users\ipria\git\Rides24\src\main\resources\rides.temp' is opened by 12224@IVAN

[2025-03-30 15:06:01 #2 type.registry] 
New type domain.User

[2025-03-30 15:06:01 #3 type.registry] 
New type domain.Driver

[2025-03-30 15:06:01 #4 type] 
Type domain.User is not enhanced.

[2025-03-30 15:06:01 #5 type] 
Type domain.Driver is not enhanced.

[2025-03-30 15:06:01 #6 type.registry] 
New type domain.Ride

[2025-03-30 15:06:01 #7 type] 
Type domain.Ride is not enhanced.

[2025-03-30 15:06:01 #8 type.registry] 
New type domain.Traveler

[2025-03-30 15:06:01 #9 type] 
Type domain.Traveler is not enhanced.

[2025-03-30 15:06:01 #10 type.registry] 
New type java.util.Vector<java.lang.Object>

[2025-03-30 15:06:01 #11 type.registry] 
New type java.util.Vector<domain.Ride>

------------------------------------------------------------------------------------------------------------------------

[2025-03-30 15:08:43 #1 store] 
Database 'C:\Users\ipria\git\Rides24\src\main\resources\rides.temp' is opened by 9632@IVAN

[2025-03-30 15:08:43 #2 type.registry] 
New type domain.User

[2025-03-30 15:08:43 #3 type.registry] 
New type domain.Driver

[2025-03-30 15:08:43 #4 type] 
Type domain.User is not enhanced.

[2025-03-30 15:08:43 #5 type] 
Type domain.Driver is not enhanced.

[2025-03-30 15:08:43 #6 type.registry] 
New type domain.Ride

[2025-03-30 15:08:43 #7 type] 
Type domain.Ride is not enhanced.

[2025-03-30 15:08:43 #8 type.registry] 
New type domain.Traveler

[2025-03-30 15:08:43 #9 type] 
Type domain.Traveler is not enhanced.

[2025-03-30 15:08:43 #10 type.registry] 
New type java.util.Vector<java.lang.Object>

[2025-03-30 15:08:43 #11 type.registry] 
New type java.util.Vector<domain.Ride>

------------------------------------------------------------------------------------------------------------------------

[2025-03-30 15:09:56 #1 store] 
Database 'C:\Users\ipria\git\Rides24\src\main\resources\rides.temp' is opened by 1400@IVAN

[2025-03-30 15:09:56 #2 type.registry] 
New type domain.User

[2025-03-30 15:09:56 #3 type.registry] 
New type domain.Driver

[2025-03-30 15:09:56 #4 type] 
Type domain.User is not enhanced.

[2025-03-30 15:09:56 #5 type] 
Type domain.Driver is not enhanced.

[2025-03-30 15:09:56 #6 type.registry] 
New type domain.Ride

[2025-03-30 15:09:56 #7 type] 
Type domain.Ride is not enhanced.

[2025-03-30 15:09:56 #8 type.registry] 
New type domain.Traveler

[2025-03-30 15:09:56 #9 type] 
Type domain.Traveler is not enhanced.

[2025-03-30 15:09:56 #10 type.registry] 
New type java.util.Vector<java.lang.Object>

[2025-03-30 15:09:56 #11 type.registry] 
New type java.util.Vector<domain.Ride>

------------------------------------------------------------------------------------------------------------------------

[2025-03-30 15:10:42 #1 store] 
Database 'C:\Users\ipria\git\Rides24\src\main\resources\rides.temp' is opened by 10964@IVAN

[2025-03-30 15:10:42 #2 type.registry] 
New type domain.User

[2025-03-30 15:10:42 #3 type.registry] 
New type domain.Driver

[2025-03-30 15:10:42 #4 type] 
Type domain.User is not enhanced.

[2025-03-30 15:10:42 #5 type] 
Type domain.Driver is not enhanced.

[2025-03-30 15:10:42 #6 type.registry] 
New type domain.Ride

[2025-03-30 15:10:42 #7 type] 
Type domain.Ride is not enhanced.

[2025-03-30 15:10:42 #8 type.registry] 
New type domain.Traveler

[2025-03-30 15:10:42 #9 type] 
Type domain.Traveler is not enhanced.

[2025-03-30 15:10:42 #10 type.registry] 
New type java.util.Vector<java.lang.Object>

[2025-03-30 15:10:42 #11 type.registry] 
New type java.util.Vector<domain.Ride>

------------------------------------------------------------------------------------------------------------------------

[2025-03-30 15:12:31 #1 store] 
Database 'C:\Users\ipria\git\Rides24\src\main\resources\rides.temp' is opened by 18228@IVAN

[2025-03-30 15:12:31 #2 type.registry] 
New type domain.User

[2025-03-30 15:12:31 #3 type.registry] 
New type domain.Driver

[2025-03-30 15:12:31 #4 type] 
Type domain.User is not enhanced.

[2025-03-30 15:12:31 #5 type] 
Type domain.Driver is not enhanced.

[2025-03-30 15:12:31 #6 type.registry] 
New type domain.Ride

[2025-03-30 15:12:31 #7 type] 
Type domain.Ride is not enhanced.

[2025-03-30 15:12:31 #8 type.registry] 
New type domain.Traveler

[2025-03-30 15:12:31 #9 type] 
Type domain.Traveler is not enhanced.

[2025-03-30 15:12:31 #10 type.registry] 
New type java.util.Vector<java.lang.Object>

[2025-03-30 15:12:31 #11 type.registry] 
New type java.util.Vector<domain.Ride>

------------------------------------------------------------------------------------------------------------------------

[2025-03-30 15:13:06 #1 store] 
Database 'C:\Users\ipria\git\Rides24\src\main\resources\rides.temp' is opened by 10076@IVAN

[2025-03-30 15:13:06 #2 type.registry] 
New type domain.User

[2025-03-30 15:13:06 #3 type.registry] 
New type domain.Driver

[2025-03-30 15:13:06 #4 type] 
Type domain.User is not enhanced.

[2025-03-30 15:13:06 #5 type] 
Type domain.Driver is not enhanced.

[2025-03-30 15:13:06 #6 type.registry] 
New type domain.Ride

[2025-03-30 15:13:06 #7 type] 
Type domain.Ride is not enhanced.

[2025-03-30 15:13:06 #8 type.registry] 
New type domain.Traveler

[2025-03-30 15:13:06 #9 type] 
Type domain.Traveler is not enhanced.

[2025-03-30 15:13:06 #10 type.registry] 
New type java.util.Vector<java.lang.Object>

[2025-03-30 15:13:06 #11 type.registry] 
New type java.util.Vector<domain.Ride>

------------------------------------------------------------------------------------------------------------------------

[2025-03-30 15:14:22 #1 store] 
Database 'C:\Users\ipria\git\Rides24\src\main\resources\rides.temp' is opened by 2804@IVAN

[2025-03-30 15:14:22 #2 type.registry] 
New type domain.User

[2025-03-30 15:14:22 #3 type.registry] 
New type domain.Driver

[2025-03-30 15:14:22 #4 type] 
Type domain.User is not enhanced.

[2025-03-30 15:14:22 #5 type] 
Type domain.Driver is not enhanced.

[2025-03-30 15:14:22 #6 type.registry] 
New type domain.Ride

[2025-03-30 15:14:22 #7 type] 
Type domain.Ride is not enhanced.

[2025-03-30 15:14:22 #8 type.registry] 
New type domain.Traveler

[2025-03-30 15:14:22 #9 type] 
Type domain.Traveler is not enhanced.

[2025-03-30 15:14:22 #10 type.registry] 
New type java.util.Vector<java.lang.Object>

[2025-03-30 15:14:22 #11 type.registry] 
New type java.util.Vector<domain.Ride>

------------------------------------------------------------------------------------------------------------------------

[2025-03-30 15:16:41 #1 store] 
Database 'C:\Users\ipria\git\Rides24\src\main\resources\rides.temp' is opened by 18824@IVAN

[2025-03-30 15:16:41 #2 type.registry] 
New type domain.User

[2025-03-30 15:16:41 #3 type.registry] 
New type domain.Driver

[2025-03-30 15:16:41 #4 type] 
Type domain.User is not enhanced.

[2025-03-30 15:16:41 #5 type] 
Type domain.Driver is not enhanced.

[2025-03-30 15:16:41 #6 type.registry] 
New type domain.Ride

[2025-03-30 15:16:41 #7 type] 
Type domain.Ride is not enhanced.

[2025-03-30 15:16:41 #8 type.registry] 
New type domain.Traveler

[2025-03-30 15:16:41 #9 type] 
Type domain.Traveler is not enhanced.

[2025-03-30 15:16:41 #10 type.registry] 
New type java.util.Vector<java.lang.Object>

[2025-03-30 15:16:41 #11 type.registry] 
New type java.util.Vector<domain.Ride>

------------------------------------------------------------------------------------------------------------------------

[2025-03-30 15:17:20 #1 store] 
Database 'C:\Users\ipria\git\Rides24\src\main\resources\rides.temp' is opened by 4392@IVAN

[2025-03-30 15:17:21 #2 type.registry] 
New type domain.User

[2025-03-30 15:17:21 #3 type.registry] 
New type domain.Driver

[2025-03-30 15:17:21 #4 type] 
Type domain.User is not enhanced.

[2025-03-30 15:17:21 #5 type] 
Type domain.Driver is not enhanced.

[2025-03-30 15:17:21 #6 type.registry] 
New type domain.Ride

[2025-03-30 15:17:21 #7 type] 
Type domain.Ride is not enhanced.

[2025-03-30 15:17:21 #8 type.registry] 
New type domain.Traveler

[2025-03-30 15:17:21 #9 type] 
Type domain.Traveler is not enhanced.

[2025-03-30 15:17:21 #10 type.registry] 
New type java.util.Vector<java.lang.Object>

[2025-03-30 15:17:21 #11 type.registry] 
New type java.util.Vector<domain.Ride>

------------------------------------------------------------------------------------------------------------------------

[2025-03-30 15:18:05 #1 store] 
Database 'C:\Users\ipria\git\Rides24\src\main\resources\rides.temp' is opened by 3432@IVAN

[2025-03-30 15:18:05 #2 type.registry] 
New type domain.User

[2025-03-30 15:18:05 #3 type.registry] 
New type domain.Driver

[2025-03-30 15:18:05 #4 type] 
Type domain.User is not enhanced.

[2025-03-30 15:18:05 #5 type] 
Type domain.Driver is not enhanced.

[2025-03-30 15:18:05 #6 type.registry] 
New type domain.Ride

[2025-03-30 15:18:05 #7 type] 
Type domain.Ride is not enhanced.

[2025-03-30 15:18:05 #8 type.registry] 
New type domain.Traveler

[2025-03-30 15:18:05 #9 type] 
Type domain.Traveler is not enhanced.

[2025-03-30 15:18:05 #10 type.registry] 
New type java.util.Vector<java.lang.Object>

[2025-03-30 15:18:05 #11 type.registry] 
New type java.util.Vector<domain.Ride>

------------------------------------------------------------------------------------------------------------------------

[2025-03-30 15:22:55 #1 store] 
Database 'C:\Users\ipria\git\Rides24\src\main\resources\rides.temp' is opened by 8452@IVAN

[2025-03-30 15:22:55 #2 type.registry] 
New type domain.User

[2025-03-30 15:22:55 #3 type.registry] 
New type domain.Driver

[2025-03-30 15:22:55 #4 type] 
Type domain.User is not enhanced.

[2025-03-30 15:22:55 #5 type] 
Type domain.Driver is not enhanced.

[2025-03-30 15:22:55 #6 type.registry] 
New type domain.Ride

[2025-03-30 15:22:55 #7 type] 
Type domain.Ride is not enhanced.

[2025-03-30 15:22:55 #8 type.registry] 
New type domain.Traveler

[2025-03-30 15:22:55 #9 type] 
Type domain.Traveler is not enhanced.

[2025-03-30 15:22:55 #10 type.registry] 
New type java.util.Vector<java.lang.Object>

[2025-03-30 15:22:55 #11 type.registry] 
New type java.util.Vector<domain.Ride>

------------------------------------------------------------------------------------------------------------------------

[2025-03-30 15:27:27 #1 store] 
Database 'C:\Users\ipria\git\Rides24\src\main\resources\rides.temp' is opened by 4016@IVAN

[2025-03-30 15:27:28 #2 type.registry] 
New type domain.User

[2025-03-30 15:27:28 #3 type.registry] 
New type domain.Driver

[2025-03-30 15:27:28 #4 type] 
Type domain.User is not enhanced.

[2025-03-30 15:27:28 #5 type] 
Type domain.Driver is not enhanced.

[2025-03-30 15:27:28 #6 type.registry] 
New type domain.Ride

[2025-03-30 15:27:28 #7 type] 
Type domain.Ride is not enhanced.

[2025-03-30 15:27:28 #8 type.registry] 
New type domain.Traveler

[2025-03-30 15:27:28 #9 type] 
Type domain.Traveler is not enhanced.

[2025-03-30 15:27:28 #10 type.registry] 
New type java.util.Vector<java.lang.Object>

[2025-03-30 15:27:28 #11 type.registry] 
New type java.util.Vector<domain.Ride>

------------------------------------------------------------------------------------------------------------------------

[2025-03-30 15:44:16 #1 store] 
Database 'C:\Users\ipria\git\Rides24\src\main\resources\rides.temp' is opened by 19308@IVAN

[2025-03-30 15:44:16 #2 type.registry] 
New type domain.User

[2025-03-30 15:44:16 #3 type.registry] 
New type domain.Driver

[2025-03-30 15:44:16 #4 type] 
Type domain.User is not enhanced.

[2025-03-30 15:44:16 #5 type] 
Type domain.Driver is not enhanced.

[2025-03-30 15:44:16 #6 type.registry] 
New type domain.Ride

[2025-03-30 15:44:16 #7 type] 
Type domain.Ride is not enhanced.

[2025-03-30 15:44:16 #8 type.registry] 
New type domain.Traveler

[2025-03-30 15:44:16 #9 type] 
Type domain.Traveler is not enhanced.

[2025-03-30 15:44:16 #10 type.registry] 
New type java.util.Vector<java.lang.Object>

[2025-03-30 15:44:16 #11 type.registry] 
New type java.util.Vector<domain.Ride>

------------------------------------------------------------------------------------------------------------------------

[2025-03-30 15:45:10 #1 store] 
Database 'C:\Users\ipria\git\Rides24\src\main\resources\rides.temp' is opened by 5836@IVAN

[2025-03-30 15:45:10 #2 type.registry] 
New type domain.User

[2025-03-30 15:45:10 #3 type.registry] 
New type domain.Driver

[2025-03-30 15:45:10 #4 type] 
Type domain.User is not enhanced.

[2025-03-30 15:45:10 #5 type] 
Type domain.Driver is not enhanced.

[2025-03-30 15:45:10 #6 type.registry] 
New type domain.Ride

[2025-03-30 15:45:10 #7 type] 
Type domain.Ride is not enhanced.

[2025-03-30 15:45:10 #8 type.registry] 
New type domain.Traveler

[2025-03-30 15:45:10 #9 type] 
Type domain.Traveler is not enhanced.

[2025-03-30 15:45:10 #10 type.registry] 
New type java.util.Vector<java.lang.Object>

[2025-03-30 15:45:10 #11 type.registry] 
New type java.util.Vector<domain.Ride>

------------------------------------------------------------------------------------------------------------------------

[2025-03-30 15:48:50 #1 store] 
Database 'C:\Users\ipria\git\Rides24\src\main\resources\rides.temp' is opened by 16640@IVAN

[2025-03-30 15:48:50 #2 type.registry] 
New type domain.User

[2025-03-30 15:48:50 #3 type.registry] 
New type domain.Driver

[2025-03-30 15:48:50 #4 type] 
Type domain.User is not enhanced.

[2025-03-30 15:48:50 #5 type] 
Type domain.Driver is not enhanced.

[2025-03-30 15:48:50 #6 type.registry] 
New type domain.Ride

[2025-03-30 15:48:50 #7 type] 
Type domain.Ride is not enhanced.

[2025-03-30 15:48:50 #8 type.registry] 
New type domain.Traveler

[2025-03-30 15:48:50 #9 type] 
Type domain.Traveler is not enhanced.

[2025-03-30 15:48:50 #10 type.registry] 
New type java.util.Vector<java.lang.Object>

[2025-03-30 15:48:50 #11 type.registry] 
New type java.util.Vector<domain.Ride>

------------------------------------------------------------------------------------------------------------------------

[2025-03-30 15:51:41 #1 store] 
Database 'C:\Users\ipria\git\Rides24\src\main\resources\rides.temp' is opened by 7768@IVAN

[2025-03-30 15:51:41 #2 type.registry] 
New type domain.User

[2025-03-30 15:51:41 #3 type.registry] 
New type domain.Driver

[2025-03-30 15:51:41 #4 type] 
Type domain.User is not enhanced.

[2025-03-30 15:51:41 #5 type] 
Type domain.Driver is not enhanced.

[2025-03-30 15:51:41 #6 type.registry] 
New type domain.Ride

[2025-03-30 15:51:41 #7 type] 
Type domain.Ride is not enhanced.

[2025-03-30 15:51:41 #8 type.registry] 
New type domain.Traveler

[2025-03-30 15:51:41 #9 type] 
Type domain.Traveler is not enhanced.

[2025-03-30 15:51:41 #10 type.registry] 
New type java.util.Vector<java.lang.Object>

[2025-03-30 15:51:41 #11 type.registry] 
New type java.util.Vector<domain.Ride>

------------------------------------------------------------------------------------------------------------------------

[2025-03-30 15:52:24 #1 store] 
Database 'C:\Users\ipria\git\Rides24\src\main\resources\rides.temp' is opened by 9556@IVAN

[2025-03-30 15:52:25 #2 type.registry] 
New type domain.User

[2025-03-30 15:52:25 #3 type.registry] 
New type domain.Driver

[2025-03-30 15:52:25 #4 type] 
Type domain.User is not enhanced.

[2025-03-30 15:52:25 #5 type] 
Type domain.Driver is not enhanced.

[2025-03-30 15:52:25 #6 type.registry] 
New type domain.Ride

[2025-03-30 15:52:25 #7 type] 
Type domain.Ride is not enhanced.

[2025-03-30 15:52:25 #8 type.registry] 
New type domain.Traveler

[2025-03-30 15:52:25 #9 type] 
Type domain.Traveler is not enhanced.

[2025-03-30 15:52:25 #10 type.registry] 
New type java.util.Vector<java.lang.Object>

[2025-03-30 15:52:25 #11 type.registry] 
New type java.util.Vector<domain.Ride>

------------------------------------------------------------------------------------------------------------------------

[2025-03-30 15:56:48 #1 store] 
Database 'C:\Users\ipria\git\Rides24\src\main\resources\rides.temp' is opened by 6944@IVAN

[2025-03-30 15:56:49 #2 type.registry] 
New type domain.User

[2025-03-30 15:56:49 #3 type.registry] 
New type domain.Driver

[2025-03-30 15:56:49 #4 type] 
Type domain.User is not enhanced.

[2025-03-30 15:56:49 #5 type] 
Type domain.Driver is not enhanced.

[2025-03-30 15:56:49 #6 type.registry] 
New type domain.Ride

[2025-03-30 15:56:49 #7 type] 
Type domain.Ride is not enhanced.

[2025-03-30 15:56:49 #8 type.registry] 
New type domain.Traveler

[2025-03-30 15:56:49 #9 type] 
Type domain.Traveler is not enhanced.

[2025-03-30 15:56:49 #10 type.registry] 
New type java.util.Vector<java.lang.Object>

[2025-03-30 15:56:49 #11 type.registry] 
New type java.util.Vector<domain.Ride>

------------------------------------------------------------------------------------------------------------------------

[2025-03-30 15:58:35 #1 store] 
Database 'C:\Users\ipria\git\Rides24\src\main\resources\rides.temp' is opened by 7380@IVAN

[2025-03-30 15:58:35 #2 type.registry] 
New type domain.User

[2025-03-30 15:58:35 #3 type.registry] 
New type domain.Driver

[2025-03-30 15:58:35 #4 type] 
Type domain.User is not enhanced.

[2025-03-30 15:58:35 #5 type] 
Type domain.Driver is not enhanced.

[2025-03-30 15:58:35 #6 type.registry] 
New type domain.Ride

[2025-03-30 15:58:35 #7 type] 
Type domain.Ride is not enhanced.

[2025-03-30 15:58:35 #8 type.registry] 
New type domain.Traveler

[2025-03-30 15:58:35 #9 type] 
Type domain.Traveler is not enhanced.

[2025-03-30 15:58:35 #10 type.registry] 
New type java.util.Vector<java.lang.Object>

[2025-03-30 15:58:35 #11 type.registry] 
New type java.util.Vector<domain.Ride>

------------------------------------------------------------------------------------------------------------------------

[2025-03-30 15:59:17 #1 store] 
Database 'C:\Users\ipria\git\Rides24\src\main\resources\rides.temp' is opened by 11304@IVAN

[2025-03-30 15:59:17 #2 type.registry] 
New type domain.User

[2025-03-30 15:59:17 #3 type.registry] 
New type domain.Driver

[2025-03-30 15:59:17 #4 type] 
Type domain.User is not enhanced.

[2025-03-30 15:59:17 #5 type] 
Type domain.Driver is not enhanced.

[2025-03-30 15:59:17 #6 type.registry] 
New type domain.Ride

[2025-03-30 15:59:17 #7 type] 
Type domain.Ride is not enhanced.

[2025-03-30 15:59:17 #8 type.registry] 
New type domain.Traveler

[2025-03-30 15:59:17 #9 type] 
Type domain.Traveler is not enhanced.

[2025-03-30 15:59:17 #10 type.registry] 
New type java.util.Vector<java.lang.Object>

[2025-03-30 15:59:17 #11 type.registry] 
New type java.util.Vector<domain.Ride>

------------------------------------------------------------------------------------------------------------------------

[2025-03-30 16:06:25 #1 store] 
Database 'C:\Users\ipria\git\Rides24\src\main\resources\rides.temp' is opened by 19956@IVAN

[2025-03-30 16:06:25 #2 type.registry] 
New type domain.User

[2025-03-30 16:06:25 #3 type.registry] 
New type domain.Driver

[2025-03-30 16:06:25 #4 type] 
Type domain.User is not enhanced.

[2025-03-30 16:06:25 #5 type] 
Type domain.Driver is not enhanced.

[2025-03-30 16:06:25 #6 type.registry] 
New type domain.Ride

[2025-03-30 16:06:25 #7 type] 
Type domain.Ride is not enhanced.

[2025-03-30 16:06:25 #8 type.registry] 
New type domain.Traveler

[2025-03-30 16:06:25 #9 type] 
Type domain.Traveler is not enhanced.

[2025-03-30 16:06:25 #10 type.registry] 
New type java.util.Vector<java.lang.Object>

[2025-03-30 16:06:25 #11 type.registry] 
New type java.util.Vector<domain.Ride>

------------------------------------------------------------------------------------------------------------------------

[2025-03-30 16:07:10 #1 store] 
Database 'C:\Users\ipria\git\Rides24\src\main\resources\rides.temp' is opened by 7944@IVAN

[2025-03-30 16:07:10 #2 type.registry] 
New type domain.User

[2025-03-30 16:07:10 #3 type.registry] 
New type domain.Driver

[2025-03-30 16:07:10 #4 type] 
Type domain.User is not enhanced.

[2025-03-30 16:07:10 #5 type] 
Type domain.Driver is not enhanced.

[2025-03-30 16:07:10 #6 type.registry] 
New type domain.Ride

[2025-03-30 16:07:10 #7 type] 
Type domain.Ride is not enhanced.

[2025-03-30 16:07:10 #8 type.registry] 
New type domain.Traveler

[2025-03-30 16:07:10 #9 type] 
Type domain.Traveler is not enhanced.

[2025-03-30 16:07:10 #10 type.registry] 
New type java.util.Vector<java.lang.Object>

[2025-03-30 16:07:10 #11 type.registry] 
New type java.util.Vector<domain.Ride>

------------------------------------------------------------------------------------------------------------------------

[2025-03-30 16:10:23 #1 store] 
Database 'C:\Users\ipria\git\Rides24\src\main\resources\rides.temp' is opened by 3084@IVAN

[2025-03-30 16:10:23 #2 type.registry] 
New type domain.User

[2025-03-30 16:10:23 #3 type.registry] 
New type domain.Driver

[2025-03-30 16:10:23 #4 type] 
Type domain.User is not enhanced.

[2025-03-30 16:10:23 #5 type] 
Type domain.Driver is not enhanced.

[2025-03-30 16:10:23 #6 type.registry] 
New type domain.Ride

[2025-03-30 16:10:23 #7 type] 
Type domain.Ride is not enhanced.

[2025-03-30 16:10:23 #8 type.registry] 
New type domain.Traveler

[2025-03-30 16:10:23 #9 type] 
Type domain.Traveler is not enhanced.

[2025-03-30 16:10:23 #10 type.registry] 
New type java.util.Vector<java.lang.Object>

[2025-03-30 16:10:23 #11 type.registry] 
New type java.util.Vector<domain.Ride>

------------------------------------------------------------------------------------------------------------------------

[2025-03-30 16:13:49 #1 store] 
Database 'C:\Users\ipria\git\Rides24\src\main\resources\rides.temp' is opened by 9716@IVAN

[2025-03-30 16:13:49 #2 type.registry] 
New type domain.User

[2025-03-30 16:13:49 #3 type.registry] 
New type domain.Driver

[2025-03-30 16:13:49 #4 type] 
Type domain.User is not enhanced.

[2025-03-30 16:13:49 #5 type] 
Type domain.Driver is not enhanced.

[2025-03-30 16:13:49 #6 type.registry] 
New type domain.Ride

[2025-03-30 16:13:49 #7 type] 
Type domain.Ride is not enhanced.

[2025-03-30 16:13:49 #8 type.registry] 
New type domain.Traveler

[2025-03-30 16:13:49 #9 type] 
Type domain.Traveler is not enhanced.

[2025-03-30 16:13:49 #10 type.registry] 
New type java.util.Vector<java.lang.Object>

[2025-03-30 16:13:49 #11 type.registry] 
New type java.util.Vector<domain.Ride>

------------------------------------------------------------------------------------------------------------------------

[2025-03-30 16:14:45 #1 store] 
Database 'C:\Users\ipria\git\Rides24\src\main\resources\rides.temp' is opened by 19288@IVAN

[2025-03-30 16:14:45 #2 type.registry] 
New type domain.User

[2025-03-30 16:14:45 #3 type.registry] 
New type domain.Driver

[2025-03-30 16:14:45 #4 type] 
Type domain.User is not enhanced.

[2025-03-30 16:14:45 #5 type] 
Type domain.Driver is not enhanced.

[2025-03-30 16:14:45 #6 type.registry] 
New type domain.Ride

[2025-03-30 16:14:45 #7 type] 
Type domain.Ride is not enhanced.

[2025-03-30 16:14:45 #8 type.registry] 
New type domain.Traveler

[2025-03-30 16:14:45 #9 type] 
Type domain.Traveler is not enhanced.

[2025-03-30 16:14:45 #10 type.registry] 
New type java.util.Vector<java.lang.Object>

[2025-03-30 16:14:45 #11 type.registry] 
New type java.util.Vector<domain.Ride>

------------------------------------------------------------------------------------------------------------------------

[2025-03-30 16:17:41 #1 store] 
Database 'C:\Users\ipria\git\Rides24\src\main\resources\rides.temp' is opened by 9796@IVAN

[2025-03-30 16:17:41 #2 type.registry] 
New type domain.User

[2025-03-30 16:17:41 #3 type.registry] 
New type domain.Driver

[2025-03-30 16:17:41 #4 type] 
Type domain.User is not enhanced.

[2025-03-30 16:17:41 #5 type] 
Type domain.Driver is not enhanced.

[2025-03-30 16:17:41 #6 type.registry] 
New type domain.Ride

[2025-03-30 16:17:41 #7 type] 
Type domain.Ride is not enhanced.

[2025-03-30 16:17:41 #8 type.registry] 
New type domain.Traveler

[2025-03-30 16:17:41 #9 type] 
Type domain.Traveler is not enhanced.

[2025-03-30 16:17:41 #10 type.registry] 
New type java.util.Vector<java.lang.Object>

[2025-03-30 16:17:41 #11 type.registry] 
New type java.util.Vector<domain.Ride>

------------------------------------------------------------------------------------------------------------------------

[2025-03-30 22:29:07 #1 store] 
Database 'C:\Users\ipria\git\Rides24\src\main\resources\rides.temp' is opened by 19628@IVAN

[2025-03-30 22:29:07 #2 type.registry] 
New type domain.User

[2025-03-30 22:29:07 #3 type.registry] 
New type domain.Driver

[2025-03-30 22:29:07 #4 type] 
Type domain.User is not enhanced.

[2025-03-30 22:29:07 #5 type] 
Type domain.Driver is not enhanced.

[2025-03-30 22:29:07 #6 type.registry] 
New type domain.Ride

[2025-03-30 22:29:07 #7 type] 
Type domain.Ride is not enhanced.

[2025-03-30 22:29:07 #8 type.registry] 
New type domain.Traveler

[2025-03-30 22:29:07 #9 type] 
Type domain.Traveler is not enhanced.

[2025-03-30 22:29:07 #10 type.registry] 
New type java.util.Vector<java.lang.Object>

[2025-03-30 22:29:07 #11 type.registry] 
New type java.util.Vector<domain.Ride>

------------------------------------------------------------------------------------------------------------------------

[2025-03-30 23:20:55 #1 store] 
Database 'C:\Users\ipria\git\Rides24\src\main\resources\rides.temp' is opened by 19136@IVAN

[2025-03-30 23:20:55 #2 type.registry] 
New type domain.User

[2025-03-30 23:20:55 #3 type.registry] 
New type domain.Driver

[2025-03-30 23:20:55 #4 type] 
Type domain.User is not enhanced.

[2025-03-30 23:20:55 #5 type] 
Type domain.Driver is not enhanced.

[2025-03-30 23:20:55 #6 type.registry] 
New type domain.Ride

[2025-03-30 23:20:55 #7 type] 
Type domain.Ride is not enhanced.

[2025-03-30 23:20:55 #8 type.registry] 
New type domain.Traveler

[2025-03-30 23:20:55 #9 type] 
Type domain.Traveler is not enhanced.

[2025-03-30 23:20:55 #10 type.registry] 
New type java.util.Vector<java.lang.Object>

[2025-03-30 23:20:55 #11 type.registry] 
New type java.util.Vector<domain.Ride>

------------------------------------------------------------------------------------------------------------------------

[2025-03-30 23:26:33 #1 store] 
Database 'C:\Users\ipria\git\Rides24\src\main\resources\rides.temp' is opened by 19528@IVAN

[2025-03-30 23:26:33 #2 type.registry] 
New type domain.User

[2025-03-30 23:26:33 #3 type.registry] 
New type domain.Driver

[2025-03-30 23:26:33 #4 type] 
Type domain.User is not enhanced.

[2025-03-30 23:26:33 #5 type] 
Type domain.Driver is not enhanced.

[2025-03-30 23:26:33 #6 type.registry] 
New type domain.Ride

[2025-03-30 23:26:33 #7 type] 
Type domain.Ride is not enhanced.

[2025-03-30 23:26:33 #8 type.registry] 
New type domain.Traveler

[2025-03-30 23:26:33 #9 type] 
Type domain.Traveler is not enhanced.

[2025-03-30 23:26:33 #10 type.registry] 
New type java.util.Vector<java.lang.Object>

[2025-03-30 23:26:33 #11 type.registry] 
New type java.util.Vector<domain.Ride>

------------------------------------------------------------------------------------------------------------------------

[2025-03-30 23:28:45 #1 store] 
Database 'C:\Users\ipria\git\Rides24\src\main\resources\rides.temp' is opened by 12860@IVAN

[2025-03-30 23:28:45 #2 type.registry] 
New type domain.User

[2025-03-30 23:28:45 #3 type.registry] 
New type domain.Driver

[2025-03-30 23:28:45 #4 type] 
Type domain.User is not enhanced.

[2025-03-30 23:28:45 #5 type] 
Type domain.Driver is not enhanced.

[2025-03-30 23:28:45 #6 type.registry] 
New type domain.Ride

[2025-03-30 23:28:45 #7 type] 
Type domain.Ride is not enhanced.

[2025-03-30 23:28:45 #8 type.registry] 
New type domain.Traveler

[2025-03-30 23:28:45 #9 type] 
Type domain.Traveler is not enhanced.

[2025-03-30 23:28:45 #10 type.registry] 
New type java.util.Vector<java.lang.Object>

[2025-03-30 23:28:45 #11 type.registry] 
New type java.util.Vector<domain.Ride>

------------------------------------------------------------------------------------------------------------------------

[2025-03-30 23:32:58 #1 store] 
Database 'C:\Users\ipria\git\Rides24\src\main\resources\rides.temp' is opened by 15848@IVAN

[2025-03-30 23:32:58 #2 type.registry] 
New type domain.User

[2025-03-30 23:32:58 #3 type.registry] 
New type domain.Driver

[2025-03-30 23:32:58 #4 type] 
Type domain.User is not enhanced.

[2025-03-30 23:32:58 #5 type] 
Type domain.Driver is not enhanced.

[2025-03-30 23:32:58 #6 type.registry] 
New type domain.Ride

[2025-03-30 23:32:58 #7 type] 
Type domain.Ride is not enhanced.

[2025-03-30 23:32:58 #8 type.registry] 
New type domain.Traveler

[2025-03-30 23:32:58 #9 type] 
Type domain.Traveler is not enhanced.

[2025-03-30 23:32:58 #10 type.registry] 
New type java.util.Vector<java.lang.Object>

[2025-03-30 23:32:58 #11 type.registry] 
New type java.util.Vector<domain.Ride>

------------------------------------------------------------------------------------------------------------------------

[2025-03-30 23:35:48 #1 store] 
Database 'C:\Users\ipria\git\Rides24\src\main\resources\rides.temp' is opened by 3704@IVAN

[2025-03-30 23:35:48 #2 type.registry] 
New type domain.User

[2025-03-30 23:35:48 #3 type.registry] 
New type domain.Driver

[2025-03-30 23:35:48 #4 type] 
Type domain.User is not enhanced.

[2025-03-30 23:35:48 #5 type] 
Type domain.Driver is not enhanced.

[2025-03-30 23:35:48 #6 type.registry] 
New type domain.Ride

[2025-03-30 23:35:48 #7 type] 
Type domain.Ride is not enhanced.

[2025-03-30 23:35:48 #8 type.registry] 
New type domain.Traveler

[2025-03-30 23:35:48 #9 type] 
Type domain.Traveler is not enhanced.

[2025-03-30 23:35:48 #10 type.registry] 
New type java.util.Vector<java.lang.Object>

[2025-03-30 23:35:48 #11 type.registry] 
New type java.util.Vector<domain.Ride>

------------------------------------------------------------------------------------------------------------------------

[2025-03-30 23:37:22 #1 store] 
Database 'C:\Users\ipria\git\Rides24\src\main\resources\rides.temp' is opened by 19216@IVAN

[2025-03-30 23:37:22 #2 type.registry] 
New type domain.User

[2025-03-30 23:37:22 #3 type.registry] 
New type domain.Driver

[2025-03-30 23:37:22 #4 type] 
Type domain.User is not enhanced.

[2025-03-30 23:37:22 #5 type] 
Type domain.Driver is not enhanced.

[2025-03-30 23:37:22 #6 type.registry] 
New type domain.Ride

[2025-03-30 23:37:22 #7 type] 
Type domain.Ride is not enhanced.

[2025-03-30 23:37:22 #8 type.registry] 
New type domain.Traveler

[2025-03-30 23:37:22 #9 type] 
Type domain.Traveler is not enhanced.

[2025-03-30 23:37:22 #10 type.registry] 
New type java.util.Vector<java.lang.Object>

[2025-03-30 23:37:22 #11 type.registry] 
New type java.util.Vector<domain.Ride>

------------------------------------------------------------------------------------------------------------------------

[2025-03-30 23:38:06 #1 store] 
Database 'C:\Users\ipria\git\Rides24\src\main\resources\rides.temp' is opened by 17104@IVAN

[2025-03-30 23:38:06 #2 type.registry] 
New type domain.User

[2025-03-30 23:38:06 #3 type.registry] 
New type domain.Driver

[2025-03-30 23:38:06 #4 type] 
Type domain.User is not enhanced.

[2025-03-30 23:38:06 #5 type] 
Type domain.Driver is not enhanced.

[2025-03-30 23:38:06 #6 type.registry] 
New type domain.Ride

[2025-03-30 23:38:06 #7 type] 
Type domain.Ride is not enhanced.

[2025-03-30 23:38:06 #8 type.registry] 
New type domain.Traveler

[2025-03-30 23:38:06 #9 type] 
Type domain.Traveler is not enhanced.

[2025-03-30 23:38:06 #10 type.registry] 
New type java.util.Vector<java.lang.Object>

[2025-03-30 23:38:06 #11 type.registry] 
New type java.util.Vector<domain.Ride>

------------------------------------------------------------------------------------------------------------------------

[2025-03-30 23:38:27 #1 store] 
Database 'C:\Users\ipria\git\Rides24\src\main\resources\rides.temp' is opened by 8584@IVAN

[2025-03-30 23:38:27 #2 type.registry] 
New type domain.User

[2025-03-30 23:38:27 #3 type.registry] 
New type domain.Driver

[2025-03-30 23:38:27 #4 type] 
Type domain.User is not enhanced.

[2025-03-30 23:38:27 #5 type] 
Type domain.Driver is not enhanced.

[2025-03-30 23:38:27 #6 type.registry] 
New type domain.Ride

[2025-03-30 23:38:27 #7 type] 
Type domain.Ride is not enhanced.

[2025-03-30 23:38:27 #8 type.registry] 
New type domain.Traveler

[2025-03-30 23:38:27 #9 type] 
Type domain.Traveler is not enhanced.

[2025-03-30 23:38:27 #10 type.registry] 
New type java.util.Vector<java.lang.Object>

[2025-03-30 23:38:27 #11 type.registry] 
New type java.util.Vector<domain.Ride>

------------------------------------------------------------------------------------------------------------------------

[2025-03-30 23:39:28 #1 store] 
Database 'C:\Users\ipria\git\Rides24\src\main\resources\rides.temp' is opened by 18648@IVAN

[2025-03-30 23:39:28 #2 type.registry] 
New type domain.User

[2025-03-30 23:39:28 #3 type.registry] 
New type domain.Driver

[2025-03-30 23:39:28 #4 type] 
Type domain.User is not enhanced.

[2025-03-30 23:39:28 #5 type] 
Type domain.Driver is not enhanced.

[2025-03-30 23:39:28 #6 type.registry] 
New type domain.Ride

[2025-03-30 23:39:28 #7 type] 
Type domain.Ride is not enhanced.

[2025-03-30 23:39:28 #8 type.registry] 
New type domain.Traveler

[2025-03-30 23:39:28 #9 type] 
Type domain.Traveler is not enhanced.

[2025-03-30 23:39:28 #10 type.registry] 
New type java.util.Vector<java.lang.Object>

[2025-03-30 23:39:28 #11 type.registry] 
New type java.util.Vector<domain.Ride>

------------------------------------------------------------------------------------------------------------------------

[2025-03-30 23:42:28 #1 store] 
Database 'C:\Users\ipria\git\Rides24\src\main\resources\rides.temp' is opened by 16836@IVAN

[2025-03-30 23:42:28 #2 type.registry] 
New type domain.User

[2025-03-30 23:42:28 #3 type.registry] 
New type domain.Driver

[2025-03-30 23:42:28 #4 type] 
Type domain.User is not enhanced.

[2025-03-30 23:42:28 #5 type] 
Type domain.Driver is not enhanced.

[2025-03-30 23:42:28 #6 type.registry] 
New type domain.Ride

[2025-03-30 23:42:28 #7 type] 
Type domain.Ride is not enhanced.

[2025-03-30 23:42:28 #8 type.registry] 
New type domain.Traveler

[2025-03-30 23:42:28 #9 type] 
Type domain.Traveler is not enhanced.

[2025-03-30 23:42:28 #10 type.registry] 
New type java.util.Vector<java.lang.Object>

[2025-03-30 23:42:28 #11 type.registry] 
New type java.util.Vector<domain.Ride>

------------------------------------------------------------------------------------------------------------------------

[2025-03-30 23:43:02 #1 store] 
Database 'C:\Users\ipria\git\Rides24\src\main\resources\rides.temp' is opened by 19120@IVAN

[2025-03-30 23:43:02 #2 type.registry] 
New type domain.User

[2025-03-30 23:43:02 #3 type.registry] 
New type domain.Driver

[2025-03-30 23:43:02 #4 type] 
Type domain.User is not enhanced.

[2025-03-30 23:43:02 #5 type] 
Type domain.Driver is not enhanced.

[2025-03-30 23:43:02 #6 type.registry] 
New type domain.Ride

[2025-03-30 23:43:02 #7 type] 
Type domain.Ride is not enhanced.

[2025-03-30 23:43:02 #8 type.registry] 
New type domain.Traveler

[2025-03-30 23:43:02 #9 type] 
Type domain.Traveler is not enhanced.

[2025-03-30 23:43:02 #10 type.registry] 
New type java.util.Vector<java.lang.Object>

[2025-03-30 23:43:02 #11 type.registry] 
New type java.util.Vector<domain.Ride>

------------------------------------------------------------------------------------------------------------------------

[2025-03-30 23:43:35 #1 store] 
Database 'C:\Users\ipria\git\Rides24\src\main\resources\rides.temp' is opened by 18308@IVAN

[2025-03-30 23:43:35 #2 type.registry] 
New type domain.User

[2025-03-30 23:43:35 #3 type.registry] 
New type domain.Driver

[2025-03-30 23:43:35 #4 type] 
Type domain.User is not enhanced.

[2025-03-30 23:43:35 #5 type] 
Type domain.Driver is not enhanced.

[2025-03-30 23:43:35 #6 type.registry] 
New type domain.Ride

[2025-03-30 23:43:35 #7 type] 
Type domain.Ride is not enhanced.

[2025-03-30 23:43:35 #8 type.registry] 
New type domain.Traveler

[2025-03-30 23:43:35 #9 type] 
Type domain.Traveler is not enhanced.

[2025-03-30 23:43:35 #10 type.registry] 
New type java.util.Vector<java.lang.Object>

[2025-03-30 23:43:35 #11 type.registry] 
New type java.util.Vector<domain.Ride>

------------------------------------------------------------------------------------------------------------------------

[2025-03-30 23:44:00 #1 store] 
Database 'C:\Users\ipria\git\Rides24\src\main\resources\rides.temp' is opened by 18180@IVAN

[2025-03-30 23:44:00 #2 type.registry] 
New type domain.User

[2025-03-30 23:44:00 #3 type.registry] 
New type domain.Driver

[2025-03-30 23:44:00 #4 type] 
Type domain.User is not enhanced.

[2025-03-30 23:44:00 #5 type] 
Type domain.Driver is not enhanced.

[2025-03-30 23:44:00 #6 type.registry] 
New type domain.Ride

[2025-03-30 23:44:00 #7 type] 
Type domain.Ride is not enhanced.

[2025-03-30 23:44:00 #8 type.registry] 
New type domain.Traveler

[2025-03-30 23:44:00 #9 type] 
Type domain.Traveler is not enhanced.

[2025-03-30 23:44:00 #10 type.registry] 
New type java.util.Vector<java.lang.Object>

[2025-03-30 23:44:00 #11 type.registry] 
New type java.util.Vector<domain.Ride>

------------------------------------------------------------------------------------------------------------------------

[2025-03-30 23:44:32 #1 store] 
Database 'C:\Users\ipria\git\Rides24\src\main\resources\rides.temp' is opened by 20340@IVAN

[2025-03-30 23:44:33 #2 type.registry] 
New type domain.User

[2025-03-30 23:44:33 #3 type.registry] 
New type domain.Driver

[2025-03-30 23:44:33 #4 type] 
Type domain.User is not enhanced.

[2025-03-30 23:44:33 #5 type] 
Type domain.Driver is not enhanced.

[2025-03-30 23:44:33 #6 type.registry] 
New type domain.Ride

[2025-03-30 23:44:33 #7 type] 
Type domain.Ride is not enhanced.

[2025-03-30 23:44:33 #8 type.registry] 
New type domain.Traveler

[2025-03-30 23:44:33 #9 type] 
Type domain.Traveler is not enhanced.

[2025-03-30 23:44:33 #10 type.registry] 
New type java.util.Vector<java.lang.Object>

[2025-03-30 23:44:33 #11 type.registry] 
New type java.util.Vector<domain.Ride>

------------------------------------------------------------------------------------------------------------------------

[2025-03-30 23:45:44 #1 store] 
Database 'C:\Users\ipria\git\Rides24\src\main\resources\rides.temp' is opened by 9496@IVAN

[2025-03-30 23:45:44 #2 type.registry] 
New type domain.User

[2025-03-30 23:45:44 #3 type.registry] 
New type domain.Driver

[2025-03-30 23:45:44 #4 type] 
Type domain.User is not enhanced.

[2025-03-30 23:45:44 #5 type] 
Type domain.Driver is not enhanced.

[2025-03-30 23:45:44 #6 type.registry] 
New type domain.Ride

[2025-03-30 23:45:44 #7 type] 
Type domain.Ride is not enhanced.

[2025-03-30 23:45:44 #8 type.registry] 
New type domain.Traveler

[2025-03-30 23:45:44 #9 type] 
Type domain.Traveler is not enhanced.

[2025-03-30 23:45:44 #10 type.registry] 
New type java.util.Vector<java.lang.Object>

[2025-03-30 23:45:44 #11 type.registry] 
New type java.util.Vector<domain.Ride>

------------------------------------------------------------------------------------------------------------------------

[2025-03-30 23:49:48 #1 store] 
Database 'C:\Users\ipria\git\Rides24\src\main\resources\rides.temp' is opened by 7940@IVAN

[2025-03-30 23:49:48 #2 type.registry] 
New type domain.User

[2025-03-30 23:49:48 #3 type.registry] 
New type domain.Driver

[2025-03-30 23:49:48 #4 type] 
Type domain.User is not enhanced.

[2025-03-30 23:49:48 #5 type] 
Type domain.Driver is not enhanced.

[2025-03-30 23:49:48 #6 type.registry] 
New type domain.Ride

[2025-03-30 23:49:48 #7 type] 
Type domain.Ride is not enhanced.

[2025-03-30 23:49:48 #8 type.registry] 
New type domain.Traveler

[2025-03-30 23:49:48 #9 type] 
Type domain.Traveler is not enhanced.

[2025-03-30 23:49:48 #10 type.registry] 
New type java.util.Vector<java.lang.Object>

[2025-03-30 23:49:48 #11 type.registry] 
New type java.util.Vector<domain.Ride>

------------------------------------------------------------------------------------------------------------------------

[2025-03-30 23:52:04 #1 store] 
Database 'C:\Users\ipria\git\Rides24\src\main\resources\rides.temp' is opened by 20560@IVAN

[2025-03-30 23:52:05 #2 type.registry] 
New type domain.User

[2025-03-30 23:52:05 #3 type.registry] 
New type domain.Driver

[2025-03-30 23:52:05 #4 type] 
Type domain.User is not enhanced.

[2025-03-30 23:52:05 #5 type] 
Type domain.Driver is not enhanced.

[2025-03-30 23:52:05 #6 type.registry] 
New type domain.Ride

[2025-03-30 23:52:05 #7 type] 
Type domain.Ride is not enhanced.

[2025-03-30 23:52:05 #8 type.registry] 
New type domain.Traveler

[2025-03-30 23:52:05 #9 type] 
Type domain.Traveler is not enhanced.

[2025-03-30 23:52:05 #10 type.registry] 
New type java.util.Vector<java.lang.Object>

[2025-03-30 23:52:05 #11 type.registry] 
New type java.util.Vector<domain.Ride>

------------------------------------------------------------------------------------------------------------------------

[2025-03-30 23:52:39 #1 store] 
Database 'C:\Users\ipria\git\Rides24\src\main\resources\rides.temp' is opened by 16012@IVAN

[2025-03-30 23:52:39 #2 type.registry] 
New type domain.User

[2025-03-30 23:52:39 #3 type.registry] 
New type domain.Driver

[2025-03-30 23:52:39 #4 type] 
Type domain.User is not enhanced.

[2025-03-30 23:52:39 #5 type] 
Type domain.Driver is not enhanced.

[2025-03-30 23:52:39 #6 type.registry] 
New type domain.Ride

[2025-03-30 23:52:39 #7 type] 
Type domain.Ride is not enhanced.

[2025-03-30 23:52:39 #8 type.registry] 
New type domain.Traveler

[2025-03-30 23:52:39 #9 type] 
Type domain.Traveler is not enhanced.

[2025-03-30 23:52:39 #10 type.registry] 
New type java.util.Vector<java.lang.Object>

[2025-03-30 23:52:39 #11 type.registry] 
New type java.util.Vector<domain.Ride>

------------------------------------------------------------------------------------------------------------------------

[2025-03-30 23:53:22 #1 store] 
Database 'C:\Users\ipria\git\Rides24\src\main\resources\rides.temp' is opened by 19904@IVAN

[2025-03-30 23:53:22 #2 type.registry] 
New type domain.User

[2025-03-30 23:53:22 #3 type.registry] 
New type domain.Driver

[2025-03-30 23:53:22 #4 type] 
Type domain.User is not enhanced.

[2025-03-30 23:53:22 #5 type] 
Type domain.Driver is not enhanced.

[2025-03-30 23:53:22 #6 type.registry] 
New type domain.Ride

[2025-03-30 23:53:22 #7 type] 
Type domain.Ride is not enhanced.

[2025-03-30 23:53:22 #8 type.registry] 
New type domain.Traveler

[2025-03-30 23:53:22 #9 type] 
Type domain.Traveler is not enhanced.

[2025-03-30 23:53:22 #10 type.registry] 
New type java.util.Vector<java.lang.Object>

[2025-03-30 23:53:22 #11 type.registry] 
New type java.util.Vector<domain.Ride>

------------------------------------------------------------------------------------------------------------------------

[2025-03-30 23:56:56 #1 store] 
Database 'C:\Users\ipria\git\Rides24\src\main\resources\rides.temp' is opened by 16012@IVAN

[2025-03-30 23:56:56 #2 type.registry] 
New type domain.User

[2025-03-30 23:56:56 #3 type.registry] 
New type domain.Driver

[2025-03-30 23:56:56 #4 type] 
Type domain.User is not enhanced.

[2025-03-30 23:56:56 #5 type] 
Type domain.Driver is not enhanced.

[2025-03-30 23:56:56 #6 type.registry] 
New type domain.Ride

[2025-03-30 23:56:56 #7 type] 
Type domain.Ride is not enhanced.

[2025-03-30 23:56:56 #8 type.registry] 
New type domain.Traveler

[2025-03-30 23:56:56 #9 type] 
Type domain.Traveler is not enhanced.

[2025-03-30 23:56:56 #10 type.registry] 
New type java.util.Vector<java.lang.Object>

[2025-03-30 23:56:56 #11 type.registry] 
New type java.util.Vector<domain.Ride>

