------------------------------------------------------------------------------------------------------------------------

[2025-05-09 12:16:45 #1 store] 
Database 'C:\IVAN_INGENIERITZA_INFORMATIKOA\2024-2025\2.Kuatrimestrea\IS\proiektua\priala\2.ITERAZIOA(WEB ZERBITZU GABE)\Rides24\src\main\resources\rides.temp' is opened by 11348@IVAN

[2025-05-09 12:16:46 #2 type.registry] 
New type domain.User

[2025-05-09 12:16:46 #3 type.registry] 
New type domain.Driver

[2025-05-09 12:16:46 #4 type] 
Type domain.User is not enhanced.

[2025-05-09 12:16:46 #5 type.registry] 
New type domain.Mugimendua

[2025-05-09 12:16:46 #6 type] 
Type domain.Driver is not enhanced.

[2025-05-09 12:16:46 #7 type.registry] 
New type domain.Kotxe

[2025-05-09 12:16:46 #8 type.registry] 
New type domain.Ride

[2025-05-09 12:16:46 #9 type] 
Type domain.Mugimendua is not enhanced.

[2025-05-09 12:16:46 #10 type] 
Type domain.Kotxe is not enhanced.

[2025-05-09 12:16:46 #11 type] 
Type domain.Ride is not enhanced.

[2025-05-09 12:16:46 #12 type.registry] 
New type domain.Book

[2025-05-09 12:16:46 #13 type] 
Type domain.Book is not enhanced.

[2025-05-09 12:16:46 #14 type.registry] 
New type domain.Traveler

[2025-05-09 12:16:46 #15 type] 
Type domain.Traveler is not enhanced.

[2025-05-09 12:16:46 #16 type.registry] 
New type domain.Alerta

[2025-05-09 12:16:46 #17 type] 
Type domain.Alerta is not enhanced.

[2025-05-09 12:16:46 #18 type.registry] 
New type java.util.Vector<java.lang.Object>

[2025-05-09 12:16:46 #19 type.registry] 
New type java.util.Vector<domain.Mugimendua>

[2025-05-09 12:16:46 #20 type.registry] 
New type java.util.Vector<domain.Ride>

[2025-05-09 12:16:46 #21 type.registry] 
New type java.util.Vector<domain.Kotxe>

[2025-05-09 12:16:46 #22 type.registry] 
New type java.util.Vector<domain.Book>

[2025-05-09 12:16:46 #23 type.registry] 
New type java.util.Vector<domain.Alerta>

------------------------------------------------------------------------------------------------------------------------

[2025-05-09 12:27:39 #1 store] 
Database 'C:\IVAN_INGENIERITZA_INFORMATIKOA\2024-2025\2.Kuatrimestrea\IS\proiektua\priala\2.ITERAZIOA(WEB ZERBITZU GABE)\Rides24\src\main\resources\rides.temp' is opened by 9480@IVAN

[2025-05-09 12:27:40 #2 type.registry] 
New type domain.User

[2025-05-09 12:27:40 #3 type.registry] 
New type domain.Driver

[2025-05-09 12:27:40 #4 type] 
Type domain.User is not enhanced.

[2025-05-09 12:27:40 #5 type.registry] 
New type domain.Mugimendua

[2025-05-09 12:27:40 #6 type] 
Type domain.Driver is not enhanced.

[2025-05-09 12:27:40 #7 type.registry] 
New type domain.Kotxe

[2025-05-09 12:27:40 #8 type.registry] 
New type domain.Ride

[2025-05-09 12:27:40 #9 type] 
Type domain.Mugimendua is not enhanced.

[2025-05-09 12:27:40 #10 type] 
Type domain.Kotxe is not enhanced.

[2025-05-09 12:27:40 #11 type] 
Type domain.Ride is not enhanced.

[2025-05-09 12:27:40 #12 type.registry] 
New type domain.Book

[2025-05-09 12:27:40 #13 type] 
Type domain.Book is not enhanced.

[2025-05-09 12:27:40 #14 type.registry] 
New type domain.Traveler

[2025-05-09 12:27:40 #15 type] 
Type domain.Traveler is not enhanced.

[2025-05-09 12:27:40 #16 type.registry] 
New type domain.Alerta

[2025-05-09 12:27:40 #17 type] 
Type domain.Alerta is not enhanced.

[2025-05-09 12:27:40 #18 type.registry] 
New type java.util.Vector<java.lang.Object>

[2025-05-09 12:27:40 #19 type.registry] 
New type java.util.Vector<domain.Mugimendua>

[2025-05-09 12:27:40 #20 type.registry] 
New type java.util.Vector<domain.Ride>

[2025-05-09 12:27:40 #21 type.registry] 
New type java.util.Vector<domain.Kotxe>

[2025-05-09 12:27:40 #22 type.registry] 
New type java.util.Vector<domain.Book>

[2025-05-09 12:27:40 #23 type.registry] 
New type java.util.Vector<domain.Alerta>

------------------------------------------------------------------------------------------------------------------------

[2025-05-09 12:37:17 #1 store] 
Database 'C:\IVAN_INGENIERITZA_INFORMATIKOA\2024-2025\2.Kuatrimestrea\IS\proiektua\priala\2.ITERAZIOA(WEB ZERBITZU GABE)\Rides24\src\main\resources\rides.temp' is opened by 12172@IVAN

[2025-05-09 12:37:17 #2 type.registry] 
New type domain.User

[2025-05-09 12:37:17 #3 type.registry] 
New type domain.Driver

[2025-05-09 12:37:17 #4 type] 
Type domain.User is not enhanced.

[2025-05-09 12:37:17 #5 type.registry] 
New type domain.Mugimendua

[2025-05-09 12:37:17 #6 type] 
Type domain.Driver is not enhanced.

[2025-05-09 12:37:17 #7 type.registry] 
New type domain.Kotxe

[2025-05-09 12:37:17 #8 type.registry] 
New type domain.Ride

[2025-05-09 12:37:17 #9 type] 
Type domain.Mugimendua is not enhanced.

[2025-05-09 12:37:17 #10 type] 
Type domain.Kotxe is not enhanced.

[2025-05-09 12:37:17 #11 type] 
Type domain.Ride is not enhanced.

[2025-05-09 12:37:17 #12 type.registry] 
New type domain.Book

[2025-05-09 12:37:17 #13 type] 
Type domain.Book is not enhanced.

[2025-05-09 12:37:17 #14 type.registry] 
New type domain.Traveler

[2025-05-09 12:37:17 #15 type] 
Type domain.Traveler is not enhanced.

[2025-05-09 12:37:17 #16 type.registry] 
New type domain.Alerta

[2025-05-09 12:37:17 #17 type] 
Type domain.Alerta is not enhanced.

[2025-05-09 12:37:17 #18 type.registry] 
New type java.util.Vector<java.lang.Object>

[2025-05-09 12:37:17 #19 type.registry] 
New type java.util.Vector<domain.Mugimendua>

[2025-05-09 12:37:17 #20 type.registry] 
New type java.util.Vector<domain.Ride>

[2025-05-09 12:37:17 #21 type.registry] 
New type java.util.Vector<domain.Kotxe>

[2025-05-09 12:37:17 #22 type.registry] 
New type java.util.Vector<domain.Book>

[2025-05-09 12:37:17 #23 type.registry] 
New type java.util.Vector<domain.Alerta>

------------------------------------------------------------------------------------------------------------------------

[2025-05-09 12:39:15 #1 store] 
Database 'C:\IVAN_INGENIERITZA_INFORMATIKOA\2024-2025\2.Kuatrimestrea\IS\proiektua\priala\2.ITERAZIOA(WEB ZERBITZU GABE)\Rides24\src\main\resources\rides.temp' is opened by 9596@IVAN

[2025-05-09 12:39:15 #2 type.registry] 
New type domain.User

[2025-05-09 12:39:15 #3 type.registry] 
New type domain.Driver

[2025-05-09 12:39:15 #4 type] 
Type domain.User is not enhanced.

[2025-05-09 12:39:15 #5 type.registry] 
New type domain.Mugimendua

[2025-05-09 12:39:15 #6 type] 
Type domain.Driver is not enhanced.

[2025-05-09 12:39:15 #7 type.registry] 
New type domain.Kotxe

[2025-05-09 12:39:15 #8 type.registry] 
New type domain.Ride

[2025-05-09 12:39:15 #9 type] 
Type domain.Mugimendua is not enhanced.

[2025-05-09 12:39:15 #10 type] 
Type domain.Kotxe is not enhanced.

[2025-05-09 12:39:15 #11 type] 
Type domain.Ride is not enhanced.

[2025-05-09 12:39:15 #12 type.registry] 
New type domain.Book

[2025-05-09 12:39:15 #13 type] 
Type domain.Book is not enhanced.

[2025-05-09 12:39:15 #14 type.registry] 
New type domain.Traveler

[2025-05-09 12:39:15 #15 type] 
Type domain.Traveler is not enhanced.

[2025-05-09 12:39:15 #16 type.registry] 
New type domain.Alerta

[2025-05-09 12:39:15 #17 type] 
Type domain.Alerta is not enhanced.

[2025-05-09 12:39:15 #18 type.registry] 
New type java.util.Vector<java.lang.Object>

[2025-05-09 12:39:15 #19 type.registry] 
New type java.util.Vector<domain.Mugimendua>

[2025-05-09 12:39:15 #20 type.registry] 
New type java.util.Vector<domain.Ride>

[2025-05-09 12:39:15 #21 type.registry] 
New type java.util.Vector<domain.Kotxe>

[2025-05-09 12:39:15 #22 type.registry] 
New type java.util.Vector<domain.Book>

[2025-05-09 12:39:15 #23 type.registry] 
New type java.util.Vector<domain.Alerta>

------------------------------------------------------------------------------------------------------------------------

[2025-05-09 14:25:29 #1 store] 
Database 'C:\IVAN_INGENIERITZA_INFORMATIKOA\2024-2025\2.Kuatrimestrea\IS\proiektua\priala\2.ITERAZIOA(WEB ZERBITZU GABE)\Rides24\src\main\resources\rides.temp' is opened by 16780@IVAN

[2025-05-09 14:25:29 #2 type.registry] 
New type domain.User

[2025-05-09 14:25:29 #3 type.registry] 
New type domain.Driver

[2025-05-09 14:25:29 #4 type] 
Type domain.User is not enhanced.

[2025-05-09 14:25:29 #5 type.registry] 
New type domain.Mugimendua

[2025-05-09 14:25:29 #6 type] 
Type domain.Driver is not enhanced.

[2025-05-09 14:25:29 #7 type.registry] 
New type domain.Kotxe

[2025-05-09 14:25:29 #8 type.registry] 
New type domain.Ride

[2025-05-09 14:25:29 #9 type] 
Type domain.Mugimendua is not enhanced.

[2025-05-09 14:25:29 #10 type] 
Type domain.Kotxe is not enhanced.

[2025-05-09 14:25:29 #11 type] 
Type domain.Ride is not enhanced.

[2025-05-09 14:25:29 #12 type.registry] 
New type domain.Book

[2025-05-09 14:25:29 #13 type] 
Type domain.Book is not enhanced.

[2025-05-09 14:25:29 #14 type.registry] 
New type domain.Traveler

[2025-05-09 14:25:29 #15 type] 
Type domain.Traveler is not enhanced.

[2025-05-09 14:25:29 #16 type.registry] 
New type domain.Alerta

[2025-05-09 14:25:29 #17 type] 
Type domain.Alerta is not enhanced.

[2025-05-09 14:25:29 #18 type.registry] 
New type java.util.Vector<java.lang.Object>

[2025-05-09 14:25:29 #19 type.registry] 
New type java.util.Vector<domain.Mugimendua>

[2025-05-09 14:25:29 #20 type.registry] 
New type java.util.Vector<domain.Ride>

[2025-05-09 14:25:29 #21 type.registry] 
New type java.util.Vector<domain.Kotxe>

[2025-05-09 14:25:29 #22 type.registry] 
New type java.util.Vector<domain.Book>

[2025-05-09 14:25:29 #23 type.registry] 
New type java.util.Vector<domain.Alerta>

------------------------------------------------------------------------------------------------------------------------

[2025-05-09 14:30:19 #1 store] 
Database 'C:\IVAN_INGENIERITZA_INFORMATIKOA\2024-2025\2.Kuatrimestrea\IS\proiektua\priala\2.ITERAZIOA(WEB ZERBITZU GABE)\Rides24\src\main\resources\rides.temp' is opened by 8544@IVAN

[2025-05-09 14:30:19 #2 type.registry] 
New type domain.User

[2025-05-09 14:30:19 #3 type.registry] 
New type domain.Driver

[2025-05-09 14:30:19 #4 type] 
Type domain.User is not enhanced.

[2025-05-09 14:30:19 #5 type.registry] 
New type domain.Mugimendua

[2025-05-09 14:30:19 #6 type] 
Type domain.Driver is not enhanced.

[2025-05-09 14:30:19 #7 type.registry] 
New type domain.Kotxe

[2025-05-09 14:30:19 #8 type.registry] 
New type domain.Ride

[2025-05-09 14:30:19 #9 type] 
Type domain.Mugimendua is not enhanced.

[2025-05-09 14:30:19 #10 type] 
Type domain.Kotxe is not enhanced.

[2025-05-09 14:30:19 #11 type] 
Type domain.Ride is not enhanced.

[2025-05-09 14:30:19 #12 type.registry] 
New type domain.Book

[2025-05-09 14:30:19 #13 type] 
Type domain.Book is not enhanced.

[2025-05-09 14:30:19 #14 type.registry] 
New type domain.Traveler

[2025-05-09 14:30:19 #15 type] 
Type domain.Traveler is not enhanced.

[2025-05-09 14:30:19 #16 type.registry] 
New type domain.Alerta

[2025-05-09 14:30:19 #17 type] 
Type domain.Alerta is not enhanced.

[2025-05-09 14:30:19 #18 type.registry] 
New type java.util.Vector<java.lang.Object>

[2025-05-09 14:30:19 #19 type.registry] 
New type java.util.Vector<domain.Mugimendua>

[2025-05-09 14:30:19 #20 type.registry] 
New type java.util.Vector<domain.Ride>

[2025-05-09 14:30:19 #21 type.registry] 
New type java.util.Vector<domain.Kotxe>

[2025-05-09 14:30:19 #22 type.registry] 
New type java.util.Vector<domain.Book>

[2025-05-09 14:30:19 #23 type.registry] 
New type java.util.Vector<domain.Alerta>

------------------------------------------------------------------------------------------------------------------------

[2025-05-09 14:32:05 #1 store] 
Database 'C:\IVAN_INGENIERITZA_INFORMATIKOA\2024-2025\2.Kuatrimestrea\IS\proiektua\priala\2.ITERAZIOA(WEB ZERBITZU GABE)\Rides24\src\main\resources\rides.temp' is opened by 4772@IVAN

[2025-05-09 14:32:05 #2 type.registry] 
New type domain.User

[2025-05-09 14:32:05 #3 type.registry] 
New type domain.Driver

[2025-05-09 14:32:05 #4 type] 
Type domain.User is not enhanced.

[2025-05-09 14:32:05 #5 type.registry] 
New type domain.Mugimendua

[2025-05-09 14:32:05 #6 type] 
Type domain.Driver is not enhanced.

[2025-05-09 14:32:05 #7 type.registry] 
New type domain.Kotxe

[2025-05-09 14:32:05 #8 type.registry] 
New type domain.Ride

[2025-05-09 14:32:05 #9 type] 
Type domain.Mugimendua is not enhanced.

[2025-05-09 14:32:05 #10 type] 
Type domain.Kotxe is not enhanced.

[2025-05-09 14:32:05 #11 type] 
Type domain.Ride is not enhanced.

[2025-05-09 14:32:05 #12 type.registry] 
New type domain.Book

[2025-05-09 14:32:05 #13 type] 
Type domain.Book is not enhanced.

[2025-05-09 14:32:05 #14 type.registry] 
New type domain.Traveler

[2025-05-09 14:32:05 #15 type] 
Type domain.Traveler is not enhanced.

[2025-05-09 14:32:05 #16 type.registry] 
New type domain.Alerta

[2025-05-09 14:32:05 #17 type] 
Type domain.Alerta is not enhanced.

[2025-05-09 14:32:05 #18 type.registry] 
New type java.util.Vector<java.lang.Object>

[2025-05-09 14:32:05 #19 type.registry] 
New type java.util.Vector<domain.Mugimendua>

[2025-05-09 14:32:05 #20 type.registry] 
New type java.util.Vector<domain.Ride>

[2025-05-09 14:32:05 #21 type.registry] 
New type java.util.Vector<domain.Kotxe>

[2025-05-09 14:32:05 #22 type.registry] 
New type java.util.Vector<domain.Book>

[2025-05-09 14:32:05 #23 type.registry] 
New type java.util.Vector<domain.Alerta>

------------------------------------------------------------------------------------------------------------------------

[2025-05-09 14:34:26 #1 store] 
Database 'C:\IVAN_INGENIERITZA_INFORMATIKOA\2024-2025\2.Kuatrimestrea\IS\proiektua\priala\2.ITERAZIOA(WEB ZERBITZU GABE)\Rides24\src\main\resources\rides.temp' is opened by 13068@IVAN

[2025-05-09 14:34:26 #2 type.registry] 
New type domain.User

[2025-05-09 14:34:26 #3 type.registry] 
New type domain.Driver

[2025-05-09 14:34:26 #4 type] 
Type domain.User is not enhanced.

[2025-05-09 14:34:26 #5 type.registry] 
New type domain.Mugimendua

[2025-05-09 14:34:26 #6 type] 
Type domain.Driver is not enhanced.

[2025-05-09 14:34:26 #7 type.registry] 
New type domain.Kotxe

[2025-05-09 14:34:26 #8 type.registry] 
New type domain.Ride

[2025-05-09 14:34:26 #9 type] 
Type domain.Mugimendua is not enhanced.

[2025-05-09 14:34:26 #10 type] 
Type domain.Kotxe is not enhanced.

[2025-05-09 14:34:26 #11 type] 
Type domain.Ride is not enhanced.

[2025-05-09 14:34:26 #12 type.registry] 
New type domain.Book

[2025-05-09 14:34:26 #13 type] 
Type domain.Book is not enhanced.

[2025-05-09 14:34:26 #14 type.registry] 
New type domain.Traveler

[2025-05-09 14:34:26 #15 type] 
Type domain.Traveler is not enhanced.

[2025-05-09 14:34:26 #16 type.registry] 
New type domain.Alerta

[2025-05-09 14:34:26 #17 type] 
Type domain.Alerta is not enhanced.

[2025-05-09 14:34:27 #18 type.registry] 
New type java.util.Vector<java.lang.Object>

[2025-05-09 14:34:27 #19 type.registry] 
New type java.util.Vector<domain.Mugimendua>

[2025-05-09 14:34:27 #20 type.registry] 
New type java.util.Vector<domain.Ride>

[2025-05-09 14:34:27 #21 type.registry] 
New type java.util.Vector<domain.Kotxe>

[2025-05-09 14:34:27 #22 type.registry] 
New type java.util.Vector<domain.Book>

[2025-05-09 14:34:27 #23 type.registry] 
New type java.util.Vector<domain.Alerta>

------------------------------------------------------------------------------------------------------------------------

[2025-05-09 14:37:20 #1 store] 
Database 'C:\IVAN_INGENIERITZA_INFORMATIKOA\2024-2025\2.Kuatrimestrea\IS\proiektua\priala\2.ITERAZIOA(WEB ZERBITZU GABE)\Rides24\src\main\resources\rides.temp' is opened by 17768@IVAN

[2025-05-09 14:37:20 #2 type.registry] 
New type domain.User

[2025-05-09 14:37:20 #3 type.registry] 
New type domain.Driver

[2025-05-09 14:37:20 #4 type] 
Type domain.User is not enhanced.

[2025-05-09 14:37:20 #5 type.registry] 
New type domain.Mugimendua

[2025-05-09 14:37:20 #6 type] 
Type domain.Driver is not enhanced.

[2025-05-09 14:37:20 #7 type.registry] 
New type domain.Kotxe

[2025-05-09 14:37:20 #8 type.registry] 
New type domain.Ride

[2025-05-09 14:37:20 #9 type] 
Type domain.Mugimendua is not enhanced.

[2025-05-09 14:37:20 #10 type] 
Type domain.Kotxe is not enhanced.

[2025-05-09 14:37:20 #11 type] 
Type domain.Ride is not enhanced.

[2025-05-09 14:37:20 #12 type.registry] 
New type domain.Book

[2025-05-09 14:37:20 #13 type] 
Type domain.Book is not enhanced.

[2025-05-09 14:37:20 #14 type.registry] 
New type domain.Traveler

[2025-05-09 14:37:20 #15 type] 
Type domain.Traveler is not enhanced.

[2025-05-09 14:37:20 #16 type.registry] 
New type domain.Alerta

[2025-05-09 14:37:20 #17 type] 
Type domain.Alerta is not enhanced.

[2025-05-09 14:37:20 #18 type.registry] 
New type java.util.Vector<java.lang.Object>

[2025-05-09 14:37:20 #19 type.registry] 
New type java.util.Vector<domain.Mugimendua>

[2025-05-09 14:37:20 #20 type.registry] 
New type java.util.Vector<domain.Ride>

[2025-05-09 14:37:20 #21 type.registry] 
New type java.util.Vector<domain.Kotxe>

[2025-05-09 14:37:20 #22 type.registry] 
New type java.util.Vector<domain.Book>

[2025-05-09 14:37:20 #23 type.registry] 
New type java.util.Vector<domain.Alerta>

------------------------------------------------------------------------------------------------------------------------

[2025-05-09 14:38:13 #1 store] 
Database 'C:\IVAN_INGENIERITZA_INFORMATIKOA\2024-2025\2.Kuatrimestrea\IS\proiektua\priala\2.ITERAZIOA(WEB ZERBITZU GABE)\Rides24\src\main\resources\rides.temp' is opened by 3244@IVAN

[2025-05-09 14:38:13 #2 type.registry] 
New type domain.User

[2025-05-09 14:38:13 #3 type.registry] 
New type domain.Driver

[2025-05-09 14:38:13 #4 type] 
Type domain.User is not enhanced.

[2025-05-09 14:38:13 #5 type.registry] 
New type domain.Mugimendua

[2025-05-09 14:38:13 #6 type] 
Type domain.Driver is not enhanced.

[2025-05-09 14:38:13 #7 type.registry] 
New type domain.Kotxe

[2025-05-09 14:38:13 #8 type.registry] 
New type domain.Ride

[2025-05-09 14:38:13 #9 type] 
Type domain.Mugimendua is not enhanced.

[2025-05-09 14:38:13 #10 type] 
Type domain.Kotxe is not enhanced.

[2025-05-09 14:38:13 #11 type] 
Type domain.Ride is not enhanced.

[2025-05-09 14:38:13 #12 type.registry] 
New type domain.Book

[2025-05-09 14:38:13 #13 type] 
Type domain.Book is not enhanced.

[2025-05-09 14:38:13 #14 type.registry] 
New type domain.Traveler

[2025-05-09 14:38:13 #15 type] 
Type domain.Traveler is not enhanced.

[2025-05-09 14:38:13 #16 type.registry] 
New type domain.Alerta

[2025-05-09 14:38:13 #17 type] 
Type domain.Alerta is not enhanced.

[2025-05-09 14:38:13 #18 type.registry] 
New type java.util.Vector<java.lang.Object>

[2025-05-09 14:38:13 #19 type.registry] 
New type java.util.Vector<domain.Mugimendua>

[2025-05-09 14:38:13 #20 type.registry] 
New type java.util.Vector<domain.Ride>

[2025-05-09 14:38:13 #21 type.registry] 
New type java.util.Vector<domain.Kotxe>

[2025-05-09 14:38:13 #22 type.registry] 
New type java.util.Vector<domain.Book>

[2025-05-09 14:38:13 #23 type.registry] 
New type java.util.Vector<domain.Alerta>

------------------------------------------------------------------------------------------------------------------------

[2025-05-09 14:39:15 #1 store] 
Database 'C:\IVAN_INGENIERITZA_INFORMATIKOA\2024-2025\2.Kuatrimestrea\IS\proiektua\priala\2.ITERAZIOA(WEB ZERBITZU GABE)\Rides24\src\main\resources\rides.temp' is opened by 7808@IVAN

[2025-05-09 14:39:15 #2 type.registry] 
New type domain.User

[2025-05-09 14:39:15 #3 type.registry] 
New type domain.Driver

[2025-05-09 14:39:15 #4 type] 
Type domain.User is not enhanced.

[2025-05-09 14:39:15 #5 type.registry] 
New type domain.Mugimendua

[2025-05-09 14:39:15 #6 type] 
Type domain.Driver is not enhanced.

[2025-05-09 14:39:15 #7 type.registry] 
New type domain.Kotxe

[2025-05-09 14:39:15 #8 type.registry] 
New type domain.Ride

[2025-05-09 14:39:15 #9 type] 
Type domain.Mugimendua is not enhanced.

[2025-05-09 14:39:15 #10 type] 
Type domain.Kotxe is not enhanced.

[2025-05-09 14:39:15 #11 type] 
Type domain.Ride is not enhanced.

[2025-05-09 14:39:15 #12 type.registry] 
New type domain.Book

[2025-05-09 14:39:15 #13 type] 
Type domain.Book is not enhanced.

[2025-05-09 14:39:15 #14 type.registry] 
New type domain.Traveler

[2025-05-09 14:39:15 #15 type] 
Type domain.Traveler is not enhanced.

[2025-05-09 14:39:15 #16 type.registry] 
New type domain.Alerta

[2025-05-09 14:39:15 #17 type] 
Type domain.Alerta is not enhanced.

[2025-05-09 14:39:15 #18 type.registry] 
New type java.util.Vector<java.lang.Object>

[2025-05-09 14:39:15 #19 type.registry] 
New type java.util.Vector<domain.Mugimendua>

[2025-05-09 14:39:15 #20 type.registry] 
New type java.util.Vector<domain.Ride>

[2025-05-09 14:39:15 #21 type.registry] 
New type java.util.Vector<domain.Kotxe>

[2025-05-09 14:39:15 #22 type.registry] 
New type java.util.Vector<domain.Book>

[2025-05-09 14:39:15 #23 type.registry] 
New type java.util.Vector<domain.Alerta>

------------------------------------------------------------------------------------------------------------------------

[2025-05-09 14:40:14 #1 store] 
Database 'C:\IVAN_INGENIERITZA_INFORMATIKOA\2024-2025\2.Kuatrimestrea\IS\proiektua\priala\2.ITERAZIOA(WEB ZERBITZU GABE)\Rides24\src\main\resources\rides.temp' is opened by 11656@IVAN

[2025-05-09 14:40:14 #2 type.registry] 
New type domain.User

[2025-05-09 14:40:14 #3 type.registry] 
New type domain.Driver

[2025-05-09 14:40:14 #4 type] 
Type domain.User is not enhanced.

[2025-05-09 14:40:14 #5 type.registry] 
New type domain.Mugimendua

[2025-05-09 14:40:14 #6 type] 
Type domain.Driver is not enhanced.

[2025-05-09 14:40:14 #7 type.registry] 
New type domain.Kotxe

[2025-05-09 14:40:14 #8 type.registry] 
New type domain.Ride

[2025-05-09 14:40:14 #9 type] 
Type domain.Mugimendua is not enhanced.

[2025-05-09 14:40:14 #10 type] 
Type domain.Kotxe is not enhanced.

[2025-05-09 14:40:14 #11 type] 
Type domain.Ride is not enhanced.

[2025-05-09 14:40:14 #12 type.registry] 
New type domain.Book

[2025-05-09 14:40:14 #13 type] 
Type domain.Book is not enhanced.

[2025-05-09 14:40:14 #14 type.registry] 
New type domain.Traveler

[2025-05-09 14:40:14 #15 type] 
Type domain.Traveler is not enhanced.

[2025-05-09 14:40:14 #16 type.registry] 
New type domain.Alerta

[2025-05-09 14:40:14 #17 type] 
Type domain.Alerta is not enhanced.

[2025-05-09 14:40:14 #18 type.registry] 
New type java.util.Vector<java.lang.Object>

[2025-05-09 14:40:14 #19 type.registry] 
New type java.util.Vector<domain.Mugimendua>

[2025-05-09 14:40:14 #20 type.registry] 
New type java.util.Vector<domain.Ride>

[2025-05-09 14:40:14 #21 type.registry] 
New type java.util.Vector<domain.Kotxe>

[2025-05-09 14:40:14 #22 type.registry] 
New type java.util.Vector<domain.Book>

[2025-05-09 14:40:14 #23 type.registry] 
New type java.util.Vector<domain.Alerta>

------------------------------------------------------------------------------------------------------------------------

[2025-05-09 14:41:05 #1 store] 
Database 'C:\IVAN_INGENIERITZA_INFORMATIKOA\2024-2025\2.Kuatrimestrea\IS\proiektua\priala\2.ITERAZIOA(WEB ZERBITZU GABE)\Rides24\src\main\resources\rides.temp' is opened by 14320@IVAN

[2025-05-09 14:41:06 #2 type.registry] 
New type domain.User

[2025-05-09 14:41:06 #3 type.registry] 
New type domain.Driver

[2025-05-09 14:41:06 #4 type] 
Type domain.User is not enhanced.

[2025-05-09 14:41:06 #5 type.registry] 
New type domain.Mugimendua

[2025-05-09 14:41:06 #6 type] 
Type domain.Driver is not enhanced.

[2025-05-09 14:41:06 #7 type.registry] 
New type domain.Kotxe

[2025-05-09 14:41:06 #8 type.registry] 
New type domain.Ride

[2025-05-09 14:41:06 #9 type] 
Type domain.Mugimendua is not enhanced.

[2025-05-09 14:41:06 #10 type] 
Type domain.Kotxe is not enhanced.

[2025-05-09 14:41:06 #11 type] 
Type domain.Ride is not enhanced.

[2025-05-09 14:41:06 #12 type.registry] 
New type domain.Book

[2025-05-09 14:41:06 #13 type] 
Type domain.Book is not enhanced.

[2025-05-09 14:41:06 #14 type.registry] 
New type domain.Traveler

[2025-05-09 14:41:06 #15 type] 
Type domain.Traveler is not enhanced.

[2025-05-09 14:41:06 #16 type.registry] 
New type domain.Alerta

[2025-05-09 14:41:06 #17 type] 
Type domain.Alerta is not enhanced.

[2025-05-09 14:41:06 #18 type.registry] 
New type java.util.Vector<java.lang.Object>

[2025-05-09 14:41:06 #19 type.registry] 
New type java.util.Vector<domain.Mugimendua>

[2025-05-09 14:41:06 #20 type.registry] 
New type java.util.Vector<domain.Ride>

[2025-05-09 14:41:06 #21 type.registry] 
New type java.util.Vector<domain.Kotxe>

[2025-05-09 14:41:06 #22 type.registry] 
New type java.util.Vector<domain.Book>

[2025-05-09 14:41:06 #23 type.registry] 
New type java.util.Vector<domain.Alerta>

------------------------------------------------------------------------------------------------------------------------

[2025-05-09 14:43:34 #1 store] 
Database 'C:\IVAN_INGENIERITZA_INFORMATIKOA\2024-2025\2.Kuatrimestrea\IS\proiektua\priala\2.ITERAZIOA(WEB ZERBITZU GABE)\Rides24\src\main\resources\rides.temp' is opened by 8112@IVAN

[2025-05-09 14:43:34 #2 type.registry] 
New type domain.User

[2025-05-09 14:43:34 #3 type.registry] 
New type domain.Driver

[2025-05-09 14:43:34 #4 type] 
Type domain.User is not enhanced.

[2025-05-09 14:43:34 #5 type.registry] 
New type domain.Mugimendua

[2025-05-09 14:43:34 #6 type] 
Type domain.Driver is not enhanced.

[2025-05-09 14:43:34 #7 type.registry] 
New type domain.Kotxe

[2025-05-09 14:43:34 #8 type.registry] 
New type domain.Ride

[2025-05-09 14:43:34 #9 type] 
Type domain.Mugimendua is not enhanced.

[2025-05-09 14:43:34 #10 type] 
Type domain.Kotxe is not enhanced.

[2025-05-09 14:43:34 #11 type] 
Type domain.Ride is not enhanced.

[2025-05-09 14:43:34 #12 type.registry] 
New type domain.Book

[2025-05-09 14:43:34 #13 type] 
Type domain.Book is not enhanced.

[2025-05-09 14:43:34 #14 type.registry] 
New type domain.Traveler

[2025-05-09 14:43:34 #15 type] 
Type domain.Traveler is not enhanced.

[2025-05-09 14:43:34 #16 type.registry] 
New type domain.Alerta

[2025-05-09 14:43:34 #17 type] 
Type domain.Alerta is not enhanced.

[2025-05-09 14:43:34 #18 type.registry] 
New type java.util.Vector<java.lang.Object>

[2025-05-09 14:43:34 #19 type.registry] 
New type java.util.Vector<domain.Mugimendua>

[2025-05-09 14:43:34 #20 type.registry] 
New type java.util.Vector<domain.Ride>

[2025-05-09 14:43:34 #21 type.registry] 
New type java.util.Vector<domain.Kotxe>

[2025-05-09 14:43:34 #22 type.registry] 
New type java.util.Vector<domain.Book>

[2025-05-09 14:43:34 #23 type.registry] 
New type java.util.Vector<domain.Alerta>

------------------------------------------------------------------------------------------------------------------------

[2025-05-09 14:49:15 #1 store] 
Database 'C:\IVAN_INGENIERITZA_INFORMATIKOA\2024-2025\2.Kuatrimestrea\IS\proiektua\priala\2.ITERAZIOA(WEB ZERBITZU GABE)\Rides24\src\main\resources\rides.temp' is opened by 12404@IVAN

[2025-05-09 14:49:15 #2 type.registry] 
New type domain.User

[2025-05-09 14:49:15 #3 type.registry] 
New type domain.Driver

[2025-05-09 14:49:15 #4 type] 
Type domain.User is not enhanced.

[2025-05-09 14:49:15 #5 type.registry] 
New type domain.Mugimendua

[2025-05-09 14:49:15 #6 type] 
Type domain.Driver is not enhanced.

[2025-05-09 14:49:15 #7 type.registry] 
New type domain.Kotxe

[2025-05-09 14:49:15 #8 type.registry] 
New type domain.Ride

[2025-05-09 14:49:15 #9 type] 
Type domain.Mugimendua is not enhanced.

[2025-05-09 14:49:15 #10 type] 
Type domain.Kotxe is not enhanced.

[2025-05-09 14:49:15 #11 type] 
Type domain.Ride is not enhanced.

[2025-05-09 14:49:15 #12 type.registry] 
New type domain.Book

[2025-05-09 14:49:15 #13 type] 
Type domain.Book is not enhanced.

[2025-05-09 14:49:15 #14 type.registry] 
New type domain.Traveler

[2025-05-09 14:49:15 #15 type] 
Type domain.Traveler is not enhanced.

[2025-05-09 14:49:15 #16 type.registry] 
New type domain.Alerta

[2025-05-09 14:49:15 #17 type] 
Type domain.Alerta is not enhanced.

[2025-05-09 14:49:15 #18 type.registry] 
New type java.util.Vector<java.lang.Object>

[2025-05-09 14:49:15 #19 type.registry] 
New type java.util.Vector<domain.Mugimendua>

[2025-05-09 14:49:15 #20 type.registry] 
New type java.util.Vector<domain.Ride>

[2025-05-09 14:49:15 #21 type.registry] 
New type java.util.Vector<domain.Kotxe>

[2025-05-09 14:49:15 #22 type.registry] 
New type java.util.Vector<domain.Book>

[2025-05-09 14:49:15 #23 type.registry] 
New type java.util.Vector<domain.Alerta>

------------------------------------------------------------------------------------------------------------------------

[2025-05-09 14:58:28 #1 store] 
Database 'C:\IVAN_INGENIERITZA_INFORMATIKOA\2024-2025\2.Kuatrimestrea\IS\proiektua\priala\2.ITERAZIOA(WEB ZERBITZU GABE)\Rides24\src\main\resources\rides.temp' is opened by 8976@IVAN

[2025-05-09 14:58:28 #2 type.registry] 
New type domain.User

[2025-05-09 14:58:28 #3 type.registry] 
New type domain.Driver

[2025-05-09 14:58:28 #4 type] 
Type domain.User is not enhanced.

[2025-05-09 14:58:28 #5 type.registry] 
New type domain.Mugimendua

[2025-05-09 14:58:28 #6 type] 
Type domain.Driver is not enhanced.

[2025-05-09 14:58:28 #7 type.registry] 
New type domain.Kotxe

[2025-05-09 14:58:28 #8 type.registry] 
New type domain.Ride

[2025-05-09 14:58:28 #9 type] 
Type domain.Mugimendua is not enhanced.

[2025-05-09 14:58:28 #10 type] 
Type domain.Kotxe is not enhanced.

[2025-05-09 14:58:28 #11 type] 
Type domain.Ride is not enhanced.

[2025-05-09 14:58:28 #12 type.registry] 
New type domain.Book

[2025-05-09 14:58:28 #13 type] 
Type domain.Book is not enhanced.

[2025-05-09 14:58:28 #14 type.registry] 
New type domain.Traveler

[2025-05-09 14:58:28 #15 type] 
Type domain.Traveler is not enhanced.

[2025-05-09 14:58:28 #16 type.registry] 
New type domain.Alerta

[2025-05-09 14:58:28 #17 type] 
Type domain.Alerta is not enhanced.

[2025-05-09 14:58:28 #18 type.registry] 
New type java.util.Vector<java.lang.Object>

[2025-05-09 14:58:28 #19 type.registry] 
New type java.util.Vector<domain.Mugimendua>

[2025-05-09 14:58:28 #20 type.registry] 
New type java.util.Vector<domain.Ride>

[2025-05-09 14:58:28 #21 type.registry] 
New type java.util.Vector<domain.Kotxe>

[2025-05-09 14:58:28 #22 type.registry] 
New type java.util.Vector<domain.Book>

[2025-05-09 14:58:28 #23 type.registry] 
New type java.util.Vector<domain.Alerta>

------------------------------------------------------------------------------------------------------------------------

[2025-05-09 15:00:55 #1 store] 
Database 'C:\IVAN_INGENIERITZA_INFORMATIKOA\2024-2025\2.Kuatrimestrea\IS\proiektua\priala\2.ITERAZIOA(WEB ZERBITZU GABE)\Rides24\src\main\resources\rides.temp' is opened by 7616@IVAN

[2025-05-09 15:00:55 #2 type.registry] 
New type domain.User

[2025-05-09 15:00:55 #3 type.registry] 
New type domain.Driver

[2025-05-09 15:00:55 #4 type] 
Type domain.User is not enhanced.

[2025-05-09 15:00:55 #5 type.registry] 
New type domain.Mugimendua

[2025-05-09 15:00:55 #6 type] 
Type domain.Driver is not enhanced.

[2025-05-09 15:00:55 #7 type.registry] 
New type domain.Kotxe

[2025-05-09 15:00:55 #8 type.registry] 
New type domain.Ride

[2025-05-09 15:00:55 #9 type] 
Type domain.Mugimendua is not enhanced.

[2025-05-09 15:00:55 #10 type] 
Type domain.Kotxe is not enhanced.

[2025-05-09 15:00:55 #11 type] 
Type domain.Ride is not enhanced.

[2025-05-09 15:00:55 #12 type.registry] 
New type domain.Book

[2025-05-09 15:00:55 #13 type] 
Type domain.Book is not enhanced.

[2025-05-09 15:00:55 #14 type.registry] 
New type domain.Traveler

[2025-05-09 15:00:55 #15 type] 
Type domain.Traveler is not enhanced.

[2025-05-09 15:00:55 #16 type.registry] 
New type domain.Alerta

[2025-05-09 15:00:55 #17 type] 
Type domain.Alerta is not enhanced.

[2025-05-09 15:00:55 #18 type.registry] 
New type java.util.Vector<java.lang.Object>

[2025-05-09 15:00:55 #19 type.registry] 
New type java.util.Vector<domain.Mugimendua>

[2025-05-09 15:00:55 #20 type.registry] 
New type java.util.Vector<domain.Ride>

[2025-05-09 15:00:55 #21 type.registry] 
New type java.util.Vector<domain.Kotxe>

[2025-05-09 15:00:55 #22 type.registry] 
New type java.util.Vector<domain.Book>

[2025-05-09 15:00:55 #23 type.registry] 
New type java.util.Vector<domain.Alerta>

------------------------------------------------------------------------------------------------------------------------

[2025-05-09 15:04:32 #1 store] 
Database 'C:\IVAN_INGENIERITZA_INFORMATIKOA\2024-2025\2.Kuatrimestrea\IS\proiektua\priala\2.ITERAZIOA(WEB ZERBITZU GABE)\Rides24\src\main\resources\rides.temp' is opened by 5476@IVAN

[2025-05-09 15:04:33 #2 type.registry] 
New type domain.User

[2025-05-09 15:04:33 #3 type.registry] 
New type domain.Driver

[2025-05-09 15:04:33 #4 type] 
Type domain.User is not enhanced.

[2025-05-09 15:04:33 #5 type.registry] 
New type domain.Mugimendua

[2025-05-09 15:04:33 #6 type] 
Type domain.Driver is not enhanced.

[2025-05-09 15:04:33 #7 type.registry] 
New type domain.Kotxe

[2025-05-09 15:04:33 #8 type.registry] 
New type domain.Ride

[2025-05-09 15:04:33 #9 type] 
Type domain.Mugimendua is not enhanced.

[2025-05-09 15:04:33 #10 type] 
Type domain.Kotxe is not enhanced.

[2025-05-09 15:04:33 #11 type] 
Type domain.Ride is not enhanced.

[2025-05-09 15:04:33 #12 type.registry] 
New type domain.Book

[2025-05-09 15:04:33 #13 type] 
Type domain.Book is not enhanced.

[2025-05-09 15:04:33 #14 type.registry] 
New type domain.Traveler

[2025-05-09 15:04:33 #15 type] 
Type domain.Traveler is not enhanced.

[2025-05-09 15:04:33 #16 type.registry] 
New type domain.Alerta

[2025-05-09 15:04:33 #17 type] 
Type domain.Alerta is not enhanced.

[2025-05-09 15:04:33 #18 type.registry] 
New type java.util.Vector<java.lang.Object>

[2025-05-09 15:04:33 #19 type.registry] 
New type java.util.Vector<domain.Mugimendua>

[2025-05-09 15:04:33 #20 type.registry] 
New type java.util.Vector<domain.Ride>

[2025-05-09 15:04:33 #21 type.registry] 
New type java.util.Vector<domain.Kotxe>

[2025-05-09 15:04:33 #22 type.registry] 
New type java.util.Vector<domain.Book>

[2025-05-09 15:04:33 #23 type.registry] 
New type java.util.Vector<domain.Alerta>

------------------------------------------------------------------------------------------------------------------------

[2025-05-09 15:07:56 #1 store] 
Database 'C:\IVAN_INGENIERITZA_INFORMATIKOA\2024-2025\2.Kuatrimestrea\IS\proiektua\priala\2.ITERAZIOA(WEB ZERBITZU GABE)\Rides24\src\main\resources\rides.temp' is opened by 16604@IVAN

[2025-05-09 15:07:56 #2 type.registry] 
New type domain.User

[2025-05-09 15:07:56 #3 type.registry] 
New type domain.Driver

[2025-05-09 15:07:56 #4 type] 
Type domain.User is not enhanced.

[2025-05-09 15:07:56 #5 type.registry] 
New type domain.Mugimendua

[2025-05-09 15:07:56 #6 type] 
Type domain.Driver is not enhanced.

[2025-05-09 15:07:56 #7 type.registry] 
New type domain.Kotxe

[2025-05-09 15:07:56 #8 type.registry] 
New type domain.Ride

[2025-05-09 15:07:56 #9 type] 
Type domain.Mugimendua is not enhanced.

[2025-05-09 15:07:56 #10 type] 
Type domain.Kotxe is not enhanced.

[2025-05-09 15:07:56 #11 type] 
Type domain.Ride is not enhanced.

[2025-05-09 15:07:56 #12 type.registry] 
New type domain.Book

[2025-05-09 15:07:56 #13 type] 
Type domain.Book is not enhanced.

[2025-05-09 15:07:56 #14 type.registry] 
New type domain.Traveler

[2025-05-09 15:07:56 #15 type] 
Type domain.Traveler is not enhanced.

[2025-05-09 15:07:56 #16 type.registry] 
New type domain.Alerta

[2025-05-09 15:07:56 #17 type] 
Type domain.Alerta is not enhanced.

[2025-05-09 15:07:56 #18 type.registry] 
New type java.util.Vector<java.lang.Object>

[2025-05-09 15:07:56 #19 type.registry] 
New type java.util.Vector<domain.Mugimendua>

[2025-05-09 15:07:56 #20 type.registry] 
New type java.util.Vector<domain.Ride>

[2025-05-09 15:07:56 #21 type.registry] 
New type java.util.Vector<domain.Kotxe>

[2025-05-09 15:07:56 #22 type.registry] 
New type java.util.Vector<domain.Book>

[2025-05-09 15:07:56 #23 type.registry] 
New type java.util.Vector<domain.Alerta>

------------------------------------------------------------------------------------------------------------------------

[2025-05-09 15:08:46 #1 store] 
Database 'C:\IVAN_INGENIERITZA_INFORMATIKOA\2024-2025\2.Kuatrimestrea\IS\proiektua\priala\2.ITERAZIOA(WEB ZERBITZU GABE)\Rides24\src\main\resources\rides.temp' is opened by 18120@IVAN

[2025-05-09 15:08:46 #2 type.registry] 
New type domain.User

[2025-05-09 15:08:46 #3 type.registry] 
New type domain.Driver

[2025-05-09 15:08:46 #4 type] 
Type domain.User is not enhanced.

[2025-05-09 15:08:46 #5 type.registry] 
New type domain.Mugimendua

[2025-05-09 15:08:46 #6 type] 
Type domain.Driver is not enhanced.

[2025-05-09 15:08:46 #7 type.registry] 
New type domain.Kotxe

[2025-05-09 15:08:46 #8 type.registry] 
New type domain.Ride

[2025-05-09 15:08:46 #9 type] 
Type domain.Mugimendua is not enhanced.

[2025-05-09 15:08:46 #10 type] 
Type domain.Kotxe is not enhanced.

[2025-05-09 15:08:46 #11 type] 
Type domain.Ride is not enhanced.

[2025-05-09 15:08:46 #12 type.registry] 
New type domain.Book

[2025-05-09 15:08:46 #13 type] 
Type domain.Book is not enhanced.

[2025-05-09 15:08:46 #14 type.registry] 
New type domain.Traveler

[2025-05-09 15:08:46 #15 type] 
Type domain.Traveler is not enhanced.

[2025-05-09 15:08:46 #16 type.registry] 
New type domain.Alerta

[2025-05-09 15:08:46 #17 type] 
Type domain.Alerta is not enhanced.

[2025-05-09 15:08:46 #18 type.registry] 
New type java.util.Vector<java.lang.Object>

[2025-05-09 15:08:46 #19 type.registry] 
New type java.util.Vector<domain.Mugimendua>

[2025-05-09 15:08:46 #20 type.registry] 
New type java.util.Vector<domain.Ride>

[2025-05-09 15:08:46 #21 type.registry] 
New type java.util.Vector<domain.Kotxe>

[2025-05-09 15:08:46 #22 type.registry] 
New type java.util.Vector<domain.Book>

[2025-05-09 15:08:46 #23 type.registry] 
New type java.util.Vector<domain.Alerta>

------------------------------------------------------------------------------------------------------------------------

[2025-05-09 15:10:39 #1 store] 
Database 'C:\IVAN_INGENIERITZA_INFORMATIKOA\2024-2025\2.Kuatrimestrea\IS\proiektua\priala\2.ITERAZIOA(WEB ZERBITZU GABE)\Rides24\src\main\resources\rides.temp' is opened by 9312@IVAN

[2025-05-09 15:10:39 #2 type.registry] 
New type domain.User

[2025-05-09 15:10:39 #3 type.registry] 
New type domain.Driver

[2025-05-09 15:10:39 #4 type] 
Type domain.User is not enhanced.

[2025-05-09 15:10:39 #5 type.registry] 
New type domain.Mugimendua

[2025-05-09 15:10:39 #6 type] 
Type domain.Driver is not enhanced.

[2025-05-09 15:10:39 #7 type.registry] 
New type domain.Kotxe

[2025-05-09 15:10:39 #8 type.registry] 
New type domain.Ride

[2025-05-09 15:10:39 #9 type] 
Type domain.Mugimendua is not enhanced.

[2025-05-09 15:10:39 #10 type] 
Type domain.Kotxe is not enhanced.

[2025-05-09 15:10:39 #11 type] 
Type domain.Ride is not enhanced.

[2025-05-09 15:10:39 #12 type.registry] 
New type domain.Book

[2025-05-09 15:10:39 #13 type] 
Type domain.Book is not enhanced.

[2025-05-09 15:10:39 #14 type.registry] 
New type domain.Traveler

[2025-05-09 15:10:39 #15 type] 
Type domain.Traveler is not enhanced.

[2025-05-09 15:10:39 #16 type.registry] 
New type domain.Alerta

[2025-05-09 15:10:39 #17 type] 
Type domain.Alerta is not enhanced.

[2025-05-09 15:10:39 #18 type.registry] 
New type java.util.Vector<java.lang.Object>

[2025-05-09 15:10:39 #19 type.registry] 
New type java.util.Vector<domain.Mugimendua>

[2025-05-09 15:10:39 #20 type.registry] 
New type java.util.Vector<domain.Ride>

[2025-05-09 15:10:39 #21 type.registry] 
New type java.util.Vector<domain.Kotxe>

[2025-05-09 15:10:39 #22 type.registry] 
New type java.util.Vector<domain.Book>

[2025-05-09 15:10:39 #23 type.registry] 
New type java.util.Vector<domain.Alerta>

------------------------------------------------------------------------------------------------------------------------

[2025-05-09 15:12:25 #1 store] 
Database 'C:\IVAN_INGENIERITZA_INFORMATIKOA\2024-2025\2.Kuatrimestrea\IS\proiektua\priala\2.ITERAZIOA(WEB ZERBITZU GABE)\Rides24\src\main\resources\rides.temp' is opened by 1588@IVAN

[2025-05-09 15:12:25 #2 type.registry] 
New type domain.User

[2025-05-09 15:12:25 #3 type.registry] 
New type domain.Driver

[2025-05-09 15:12:25 #4 type] 
Type domain.User is not enhanced.

[2025-05-09 15:12:25 #5 type.registry] 
New type domain.Mugimendua

[2025-05-09 15:12:25 #6 type] 
Type domain.Driver is not enhanced.

[2025-05-09 15:12:25 #7 type.registry] 
New type domain.Kotxe

[2025-05-09 15:12:25 #8 type.registry] 
New type domain.Ride

[2025-05-09 15:12:25 #9 type] 
Type domain.Mugimendua is not enhanced.

[2025-05-09 15:12:25 #10 type] 
Type domain.Kotxe is not enhanced.

[2025-05-09 15:12:25 #11 type] 
Type domain.Ride is not enhanced.

[2025-05-09 15:12:25 #12 type.registry] 
New type domain.Book

[2025-05-09 15:12:25 #13 type] 
Type domain.Book is not enhanced.

[2025-05-09 15:12:25 #14 type.registry] 
New type domain.Traveler

[2025-05-09 15:12:25 #15 type] 
Type domain.Traveler is not enhanced.

[2025-05-09 15:12:25 #16 type.registry] 
New type domain.Alerta

[2025-05-09 15:12:25 #17 type] 
Type domain.Alerta is not enhanced.

[2025-05-09 15:12:25 #18 type.registry] 
New type java.util.Vector<java.lang.Object>

[2025-05-09 15:12:25 #19 type.registry] 
New type java.util.Vector<domain.Mugimendua>

[2025-05-09 15:12:25 #20 type.registry] 
New type java.util.Vector<domain.Ride>

[2025-05-09 15:12:25 #21 type.registry] 
New type java.util.Vector<domain.Kotxe>

[2025-05-09 15:12:25 #22 type.registry] 
New type java.util.Vector<domain.Book>

[2025-05-09 15:12:25 #23 type.registry] 
New type java.util.Vector<domain.Alerta>

------------------------------------------------------------------------------------------------------------------------

[2025-05-09 15:26:51 #1 store] 
Database 'C:\IVAN_INGENIERITZA_INFORMATIKOA\2024-2025\2.Kuatrimestrea\IS\proiektua\priala\2.ITERAZIOA(WEB ZERBITZU GABE)\Rides24\src\main\resources\rides.temp' is opened by 12540@IVAN

[2025-05-09 15:26:51 #2 type.registry] 
New type domain.User

[2025-05-09 15:26:51 #3 type.registry] 
New type domain.Driver

[2025-05-09 15:26:51 #4 type] 
Type domain.User is not enhanced.

[2025-05-09 15:26:51 #5 type.registry] 
New type domain.Mugimendua

[2025-05-09 15:26:51 #6 type] 
Type domain.Driver is not enhanced.

[2025-05-09 15:26:51 #7 type.registry] 
New type domain.Kotxe

[2025-05-09 15:26:51 #8 type.registry] 
New type domain.Ride

[2025-05-09 15:26:51 #9 type] 
Type domain.Mugimendua is not enhanced.

[2025-05-09 15:26:51 #10 type] 
Type domain.Kotxe is not enhanced.

[2025-05-09 15:26:51 #11 type] 
Type domain.Ride is not enhanced.

[2025-05-09 15:26:51 #12 type.registry] 
New type domain.Book

[2025-05-09 15:26:51 #13 type] 
Type domain.Book is not enhanced.

[2025-05-09 15:26:51 #14 type.registry] 
New type domain.Traveler

[2025-05-09 15:26:51 #15 type] 
Type domain.Traveler is not enhanced.

[2025-05-09 15:26:51 #16 type.registry] 
New type domain.Alerta

[2025-05-09 15:26:51 #17 type] 
Type domain.Alerta is not enhanced.

[2025-05-09 15:26:51 #18 type.registry] 
New type java.util.Vector<java.lang.Object>

[2025-05-09 15:26:51 #19 type.registry] 
New type java.util.Vector<domain.Mugimendua>

[2025-05-09 15:26:51 #20 type.registry] 
New type java.util.Vector<domain.Ride>

[2025-05-09 15:26:51 #21 type.registry] 
New type java.util.Vector<domain.Kotxe>

[2025-05-09 15:26:51 #22 type.registry] 
New type java.util.Vector<domain.Book>

[2025-05-09 15:26:51 #23 type.registry] 
New type java.util.Vector<domain.Alerta>

------------------------------------------------------------------------------------------------------------------------

[2025-05-09 15:38:15 #1 store] 
Database 'C:\IVAN_INGENIERITZA_INFORMATIKOA\2024-2025\2.Kuatrimestrea\IS\proiektua\priala\2.ITERAZIOA(WEB ZERBITZU GABE)\Rides24\src\main\resources\rides.temp' is opened by 3156@IVAN

[2025-05-09 15:38:15 #2 type.registry] 
New type domain.User

[2025-05-09 15:38:15 #3 type.registry] 
New type domain.Driver

[2025-05-09 15:38:15 #4 type] 
Type domain.User is not enhanced.

[2025-05-09 15:38:15 #5 type.registry] 
New type domain.Mugimendua

[2025-05-09 15:38:15 #6 type] 
Type domain.Driver is not enhanced.

[2025-05-09 15:38:15 #7 type.registry] 
New type domain.Kotxe

[2025-05-09 15:38:15 #8 type.registry] 
New type domain.Ride

[2025-05-09 15:38:15 #9 type] 
Type domain.Mugimendua is not enhanced.

[2025-05-09 15:38:15 #10 type] 
Type domain.Kotxe is not enhanced.

[2025-05-09 15:38:15 #11 type] 
Type domain.Ride is not enhanced.

[2025-05-09 15:38:15 #12 type.registry] 
New type domain.Book

[2025-05-09 15:38:15 #13 type] 
Type domain.Book is not enhanced.

[2025-05-09 15:38:15 #14 type.registry] 
New type domain.Traveler

[2025-05-09 15:38:15 #15 type] 
Type domain.Traveler is not enhanced.

[2025-05-09 15:38:15 #16 type.registry] 
New type domain.Alerta

[2025-05-09 15:38:15 #17 type] 
Type domain.Alerta is not enhanced.

[2025-05-09 15:38:15 #18 type.registry] 
New type java.util.Vector<java.lang.Object>

[2025-05-09 15:38:15 #19 type.registry] 
New type java.util.Vector<domain.Mugimendua>

[2025-05-09 15:38:15 #20 type.registry] 
New type java.util.Vector<domain.Ride>

[2025-05-09 15:38:15 #21 type.registry] 
New type java.util.Vector<domain.Kotxe>

[2025-05-09 15:38:15 #22 type.registry] 
New type java.util.Vector<domain.Book>

[2025-05-09 15:38:15 #23 type.registry] 
New type java.util.Vector<domain.Alerta>

------------------------------------------------------------------------------------------------------------------------

[2025-05-09 15:41:01 #1 store] 
Database 'C:\IVAN_INGENIERITZA_INFORMATIKOA\2024-2025\2.Kuatrimestrea\IS\proiektua\priala\2.ITERAZIOA(WEB ZERBITZU GABE)\Rides24\src\main\resources\rides.temp' is opened by 12540@IVAN

[2025-05-09 15:41:01 #2 type.registry] 
New type domain.User

[2025-05-09 15:41:01 #3 type.registry] 
New type domain.Driver

[2025-05-09 15:41:01 #4 type] 
Type domain.User is not enhanced.

[2025-05-09 15:41:01 #5 type.registry] 
New type domain.Mugimendua

[2025-05-09 15:41:01 #6 type] 
Type domain.Driver is not enhanced.

[2025-05-09 15:41:01 #7 type.registry] 
New type domain.Kotxe

[2025-05-09 15:41:01 #8 type.registry] 
New type domain.Ride

[2025-05-09 15:41:01 #9 type] 
Type domain.Mugimendua is not enhanced.

[2025-05-09 15:41:01 #10 type] 
Type domain.Kotxe is not enhanced.

[2025-05-09 15:41:01 #11 type] 
Type domain.Ride is not enhanced.

[2025-05-09 15:41:01 #12 type.registry] 
New type domain.Book

[2025-05-09 15:41:01 #13 type] 
Type domain.Book is not enhanced.

[2025-05-09 15:41:01 #14 type.registry] 
New type domain.Traveler

[2025-05-09 15:41:01 #15 type] 
Type domain.Traveler is not enhanced.

[2025-05-09 15:41:01 #16 type.registry] 
New type domain.Alerta

[2025-05-09 15:41:01 #17 type] 
Type domain.Alerta is not enhanced.

[2025-05-09 15:41:01 #18 type.registry] 
New type java.util.Vector<java.lang.Object>

[2025-05-09 15:41:01 #19 type.registry] 
New type java.util.Vector<domain.Mugimendua>

[2025-05-09 15:41:01 #20 type.registry] 
New type java.util.Vector<domain.Ride>

[2025-05-09 15:41:01 #21 type.registry] 
New type java.util.Vector<domain.Kotxe>

[2025-05-09 15:41:01 #22 type.registry] 
New type java.util.Vector<domain.Book>

[2025-05-09 15:41:01 #23 type.registry] 
New type java.util.Vector<domain.Alerta>

------------------------------------------------------------------------------------------------------------------------

[2025-05-09 18:35:45 #1 store] 
Database 'C:\IVAN_INGENIERITZA_INFORMATIKOA\2024-2025\2.Kuatrimestrea\IS\proiektua\priala\2.ITERAZIOA(WEB ZERBITZU GABE)\Rides24\src\main\resources\rides.temp' is opened by 9644@IVAN

[2025-05-09 18:35:45 #2 type.registry] 
New type domain.User

[2025-05-09 18:35:45 #3 type.registry] 
New type domain.Driver

[2025-05-09 18:35:45 #4 type] 
Type domain.User is not enhanced.

[2025-05-09 18:35:45 #5 type.registry] 
New type domain.Mugimendua

[2025-05-09 18:35:45 #6 type] 
Type domain.Driver is not enhanced.

[2025-05-09 18:35:45 #7 type.registry] 
New type domain.Kotxe

[2025-05-09 18:35:45 #8 type.registry] 
New type domain.Ride

[2025-05-09 18:35:45 #9 type] 
Type domain.Mugimendua is not enhanced.

[2025-05-09 18:35:45 #10 type] 
Type domain.Kotxe is not enhanced.

[2025-05-09 18:35:45 #11 type] 
Type domain.Ride is not enhanced.

[2025-05-09 18:35:45 #12 type.registry] 
New type domain.Book

[2025-05-09 18:35:45 #13 type] 
Type domain.Book is not enhanced.

[2025-05-09 18:35:45 #14 type.registry] 
New type domain.Traveler

[2025-05-09 18:35:45 #15 type] 
Type domain.Traveler is not enhanced.

[2025-05-09 18:35:45 #16 type.registry] 
New type domain.Alerta

[2025-05-09 18:35:45 #17 type] 
Type domain.Alerta is not enhanced.

[2025-05-09 18:35:45 #18 type.registry] 
New type java.util.Vector<java.lang.Object>

[2025-05-09 18:35:45 #19 type.registry] 
New type java.util.Vector<domain.Mugimendua>

[2025-05-09 18:35:45 #20 type.registry] 
New type java.util.Vector<domain.Ride>

[2025-05-09 18:35:45 #21 type.registry] 
New type java.util.Vector<domain.Kotxe>

[2025-05-09 18:35:45 #22 type.registry] 
New type java.util.Vector<domain.Book>

[2025-05-09 18:35:45 #23 type.registry] 
New type java.util.Vector<domain.Alerta>

------------------------------------------------------------------------------------------------------------------------

[2025-05-09 19:00:46 #1 store] 
Database 'C:\IVAN_INGENIERITZA_INFORMATIKOA\2024-2025\2.Kuatrimestrea\IS\proiektua\priala\2.ITERAZIOA(WEB ZERBITZU GABE)\Rides24\src\main\resources\rides.temp' is opened by 17276@IVAN

[2025-05-09 19:00:46 #2 type.registry] 
New type domain.User

[2025-05-09 19:00:46 #3 type.registry] 
New type domain.Driver

[2025-05-09 19:00:46 #4 type] 
Type domain.User is not enhanced.

[2025-05-09 19:00:46 #5 type.registry] 
New type domain.Mugimendua

[2025-05-09 19:00:46 #6 type] 
Type domain.Driver is not enhanced.

[2025-05-09 19:00:46 #7 type.registry] 
New type domain.Kotxe

[2025-05-09 19:00:46 #8 type.registry] 
New type domain.Ride

[2025-05-09 19:00:46 #9 type] 
Type domain.Mugimendua is not enhanced.

[2025-05-09 19:00:46 #10 type] 
Type domain.Kotxe is not enhanced.

[2025-05-09 19:00:46 #11 type] 
Type domain.Ride is not enhanced.

[2025-05-09 19:00:46 #12 type.registry] 
New type domain.Book

[2025-05-09 19:00:46 #13 type] 
Type domain.Book is not enhanced.

[2025-05-09 19:00:46 #14 type.registry] 
New type domain.Traveler

[2025-05-09 19:00:46 #15 type] 
Type domain.Traveler is not enhanced.

[2025-05-09 19:00:46 #16 type.registry] 
New type domain.Alerta

[2025-05-09 19:00:46 #17 type] 
Type domain.Alerta is not enhanced.

[2025-05-09 19:00:46 #18 type.registry] 
New type java.util.Vector<java.lang.Object>

[2025-05-09 19:00:46 #19 type.registry] 
New type java.util.Vector<domain.Mugimendua>

[2025-05-09 19:00:46 #20 type.registry] 
New type java.util.Vector<domain.Ride>

[2025-05-09 19:00:46 #21 type.registry] 
New type java.util.Vector<domain.Kotxe>

[2025-05-09 19:00:46 #22 type.registry] 
New type java.util.Vector<domain.Book>

[2025-05-09 19:00:46 #23 type.registry] 
New type java.util.Vector<domain.Alerta>

------------------------------------------------------------------------------------------------------------------------

[2025-05-09 19:05:04 #1 store] 
Database 'C:\IVAN_INGENIERITZA_INFORMATIKOA\2024-2025\2.Kuatrimestrea\IS\proiektua\priala\2.ITERAZIOA(WEB ZERBITZU GABE)\Rides24\src\main\resources\rides.temp' is opened by 10652@IVAN

[2025-05-09 19:05:04 #2 type.registry] 
New type domain.User

[2025-05-09 19:05:04 #3 type.registry] 
New type domain.Driver

[2025-05-09 19:05:04 #4 type] 
Type domain.User is not enhanced.

[2025-05-09 19:05:04 #5 type.registry] 
New type domain.Mugimendua

[2025-05-09 19:05:04 #6 type] 
Type domain.Driver is not enhanced.

[2025-05-09 19:05:04 #7 type.registry] 
New type domain.Kotxe

[2025-05-09 19:05:04 #8 type.registry] 
New type domain.Ride

[2025-05-09 19:05:04 #9 type] 
Type domain.Mugimendua is not enhanced.

[2025-05-09 19:05:04 #10 type] 
Type domain.Kotxe is not enhanced.

[2025-05-09 19:05:04 #11 type] 
Type domain.Ride is not enhanced.

[2025-05-09 19:05:04 #12 type.registry] 
New type domain.Book

[2025-05-09 19:05:04 #13 type] 
Type domain.Book is not enhanced.

[2025-05-09 19:05:04 #14 type.registry] 
New type domain.Traveler

[2025-05-09 19:05:04 #15 type] 
Type domain.Traveler is not enhanced.

[2025-05-09 19:05:04 #16 type.registry] 
New type domain.Alerta

[2025-05-09 19:05:04 #17 type] 
Type domain.Alerta is not enhanced.

[2025-05-09 19:05:04 #18 type.registry] 
New type java.util.Vector<java.lang.Object>

[2025-05-09 19:05:04 #19 type.registry] 
New type java.util.Vector<domain.Mugimendua>

[2025-05-09 19:05:04 #20 type.registry] 
New type java.util.Vector<domain.Ride>

[2025-05-09 19:05:04 #21 type.registry] 
New type java.util.Vector<domain.Kotxe>

[2025-05-09 19:05:04 #22 type.registry] 
New type java.util.Vector<domain.Book>

[2025-05-09 19:05:04 #23 type.registry] 
New type java.util.Vector<domain.Alerta>

------------------------------------------------------------------------------------------------------------------------

[2025-05-09 19:13:19 #1 store] 
Database 'C:\IVAN_INGENIERITZA_INFORMATIKOA\2024-2025\2.Kuatrimestrea\IS\proiektua\priala\2.ITERAZIOA(WEB ZERBITZU GABE)\Rides24\src\main\resources\rides.temp' is opened by 8076@IVAN

[2025-05-09 19:13:19 #2 type.registry] 
New type domain.User

[2025-05-09 19:13:19 #3 type.registry] 
New type domain.Driver

[2025-05-09 19:13:19 #4 type] 
Type domain.User is not enhanced.

[2025-05-09 19:13:19 #5 type.registry] 
New type domain.Mugimendua

[2025-05-09 19:13:19 #6 type] 
Type domain.Driver is not enhanced.

[2025-05-09 19:13:19 #7 type.registry] 
New type domain.Kotxe

[2025-05-09 19:13:19 #8 type.registry] 
New type domain.Ride

[2025-05-09 19:13:19 #9 type] 
Type domain.Mugimendua is not enhanced.

[2025-05-09 19:13:19 #10 type] 
Type domain.Kotxe is not enhanced.

[2025-05-09 19:13:19 #11 type] 
Type domain.Ride is not enhanced.

[2025-05-09 19:13:19 #12 type.registry] 
New type domain.Book

[2025-05-09 19:13:19 #13 type] 
Type domain.Book is not enhanced.

[2025-05-09 19:13:19 #14 type.registry] 
New type domain.Traveler

[2025-05-09 19:13:19 #15 type] 
Type domain.Traveler is not enhanced.

[2025-05-09 19:13:19 #16 type.registry] 
New type domain.Alerta

[2025-05-09 19:13:19 #17 type] 
Type domain.Alerta is not enhanced.

[2025-05-09 19:13:19 #18 type.registry] 
New type java.util.Vector<java.lang.Object>

[2025-05-09 19:13:19 #19 type.registry] 
New type java.util.Vector<domain.Mugimendua>

[2025-05-09 19:13:19 #20 type.registry] 
New type java.util.Vector<domain.Ride>

[2025-05-09 19:13:19 #21 type.registry] 
New type java.util.Vector<domain.Kotxe>

[2025-05-09 19:13:19 #22 type.registry] 
New type java.util.Vector<domain.Book>

[2025-05-09 19:13:19 #23 type.registry] 
New type java.util.Vector<domain.Alerta>

------------------------------------------------------------------------------------------------------------------------

[2025-05-09 19:24:44 #1 store] 
Database 'C:\IVAN_INGENIERITZA_INFORMATIKOA\2024-2025\2.Kuatrimestrea\IS\proiektua\priala\2.ITERAZIOA(WEB ZERBITZU GABE)\Rides24\src\main\resources\rides.temp' is opened by 10824@IVAN

[2025-05-09 19:24:44 #2 type.registry] 
New type domain.User

[2025-05-09 19:24:44 #3 type.registry] 
New type domain.Driver

[2025-05-09 19:24:44 #4 type] 
Type domain.User is not enhanced.

[2025-05-09 19:24:44 #5 type.registry] 
New type domain.Mugimendua

[2025-05-09 19:24:44 #6 type] 
Type domain.Driver is not enhanced.

[2025-05-09 19:24:44 #7 type.registry] 
New type domain.Kotxe

[2025-05-09 19:24:44 #8 type.registry] 
New type domain.Ride

[2025-05-09 19:24:44 #9 type] 
Type domain.Mugimendua is not enhanced.

[2025-05-09 19:24:44 #10 type] 
Type domain.Kotxe is not enhanced.

[2025-05-09 19:24:44 #11 type] 
Type domain.Ride is not enhanced.

[2025-05-09 19:24:44 #12 type.registry] 
New type domain.Book

[2025-05-09 19:24:44 #13 type] 
Type domain.Book is not enhanced.

[2025-05-09 19:24:44 #14 type.registry] 
New type domain.Traveler

[2025-05-09 19:24:44 #15 type] 
Type domain.Traveler is not enhanced.

[2025-05-09 19:24:44 #16 type.registry] 
New type domain.Alerta

[2025-05-09 19:24:44 #17 type] 
Type domain.Alerta is not enhanced.

[2025-05-09 19:24:44 #18 type.registry] 
New type java.util.Vector<java.lang.Object>

[2025-05-09 19:24:44 #19 type.registry] 
New type java.util.Vector<domain.Mugimendua>

[2025-05-09 19:24:44 #20 type.registry] 
New type java.util.Vector<domain.Ride>

[2025-05-09 19:24:44 #21 type.registry] 
New type java.util.Vector<domain.Kotxe>

[2025-05-09 19:24:44 #22 type.registry] 
New type java.util.Vector<domain.Book>

[2025-05-09 19:24:44 #23 type.registry] 
New type java.util.Vector<domain.Alerta>

------------------------------------------------------------------------------------------------------------------------

[2025-05-09 19:27:14 #1 store] 
Database 'C:\IVAN_INGENIERITZA_INFORMATIKOA\2024-2025\2.Kuatrimestrea\IS\proiektua\priala\2.ITERAZIOA(WEB ZERBITZU GABE)\Rides24\src\main\resources\rides.temp' is opened by 17648@IVAN

[2025-05-09 19:27:14 #2 type.registry] 
New type domain.User

[2025-05-09 19:27:14 #3 type.registry] 
New type domain.Driver

[2025-05-09 19:27:14 #4 type] 
Type domain.User is not enhanced.

[2025-05-09 19:27:14 #5 type.registry] 
New type domain.Mugimendua

[2025-05-09 19:27:14 #6 type] 
Type domain.Driver is not enhanced.

[2025-05-09 19:27:14 #7 type.registry] 
New type domain.Kotxe

[2025-05-09 19:27:14 #8 type.registry] 
New type domain.Ride

[2025-05-09 19:27:14 #9 type] 
Type domain.Mugimendua is not enhanced.

[2025-05-09 19:27:14 #10 type] 
Type domain.Kotxe is not enhanced.

[2025-05-09 19:27:14 #11 type] 
Type domain.Ride is not enhanced.

[2025-05-09 19:27:14 #12 type.registry] 
New type domain.Book

[2025-05-09 19:27:14 #13 type] 
Type domain.Book is not enhanced.

[2025-05-09 19:27:14 #14 type.registry] 
New type domain.Traveler

[2025-05-09 19:27:14 #15 type] 
Type domain.Traveler is not enhanced.

[2025-05-09 19:27:14 #16 type.registry] 
New type domain.Alerta

[2025-05-09 19:27:14 #17 type] 
Type domain.Alerta is not enhanced.

[2025-05-09 19:27:14 #18 type.registry] 
New type java.util.Vector<java.lang.Object>

[2025-05-09 19:27:14 #19 type.registry] 
New type java.util.Vector<domain.Mugimendua>

[2025-05-09 19:27:14 #20 type.registry] 
New type java.util.Vector<domain.Ride>

[2025-05-09 19:27:14 #21 type.registry] 
New type java.util.Vector<domain.Kotxe>

[2025-05-09 19:27:14 #22 type.registry] 
New type java.util.Vector<domain.Book>

[2025-05-09 19:27:14 #23 type.registry] 
New type java.util.Vector<domain.Alerta>

------------------------------------------------------------------------------------------------------------------------

[2025-05-09 19:30:17 #1 store] 
Database 'C:\IVAN_INGENIERITZA_INFORMATIKOA\2024-2025\2.Kuatrimestrea\IS\proiektua\priala\2.ITERAZIOA(WEB ZERBITZU GABE)\Rides24\src\main\resources\rides.temp' is opened by 10420@IVAN

[2025-05-09 19:30:17 #2 type.registry] 
New type domain.User

[2025-05-09 19:30:17 #3 type.registry] 
New type domain.Driver

[2025-05-09 19:30:17 #4 type] 
Type domain.User is not enhanced.

[2025-05-09 19:30:17 #5 type.registry] 
New type domain.Mugimendua

[2025-05-09 19:30:17 #6 type] 
Type domain.Driver is not enhanced.

[2025-05-09 19:30:17 #7 type.registry] 
New type domain.Kotxe

[2025-05-09 19:30:17 #8 type.registry] 
New type domain.Ride

[2025-05-09 19:30:17 #9 type] 
Type domain.Mugimendua is not enhanced.

[2025-05-09 19:30:17 #10 type] 
Type domain.Kotxe is not enhanced.

[2025-05-09 19:30:17 #11 type] 
Type domain.Ride is not enhanced.

[2025-05-09 19:30:17 #12 type.registry] 
New type domain.Book

[2025-05-09 19:30:17 #13 type] 
Type domain.Book is not enhanced.

[2025-05-09 19:30:17 #14 type.registry] 
New type domain.Traveler

[2025-05-09 19:30:17 #15 type] 
Type domain.Traveler is not enhanced.

[2025-05-09 19:30:17 #16 type.registry] 
New type domain.Alerta

[2025-05-09 19:30:17 #17 type] 
Type domain.Alerta is not enhanced.

[2025-05-09 19:30:17 #18 type.registry] 
New type java.util.Vector<java.lang.Object>

[2025-05-09 19:30:17 #19 type.registry] 
New type java.util.Vector<domain.Mugimendua>

[2025-05-09 19:30:17 #20 type.registry] 
New type java.util.Vector<domain.Ride>

[2025-05-09 19:30:17 #21 type.registry] 
New type java.util.Vector<domain.Kotxe>

[2025-05-09 19:30:17 #22 type.registry] 
New type java.util.Vector<domain.Book>

[2025-05-09 19:30:17 #23 type.registry] 
New type java.util.Vector<domain.Alerta>

------------------------------------------------------------------------------------------------------------------------

[2025-05-09 19:31:49 #1 store] 
Database 'C:\IVAN_INGENIERITZA_INFORMATIKOA\2024-2025\2.Kuatrimestrea\IS\proiektua\priala\2.ITERAZIOA(WEB ZERBITZU GABE)\Rides24\src\main\resources\rides.temp' is opened by 4280@IVAN

[2025-05-09 19:31:49 #2 type.registry] 
New type domain.User

[2025-05-09 19:31:49 #3 type.registry] 
New type domain.Driver

[2025-05-09 19:31:49 #4 type] 
Type domain.User is not enhanced.

[2025-05-09 19:31:49 #5 type.registry] 
New type domain.Mugimendua

[2025-05-09 19:31:49 #6 type] 
Type domain.Driver is not enhanced.

[2025-05-09 19:31:49 #7 type.registry] 
New type domain.Kotxe

[2025-05-09 19:31:49 #8 type.registry] 
New type domain.Ride

[2025-05-09 19:31:49 #9 type] 
Type domain.Mugimendua is not enhanced.

[2025-05-09 19:31:49 #10 type] 
Type domain.Kotxe is not enhanced.

[2025-05-09 19:31:49 #11 type] 
Type domain.Ride is not enhanced.

[2025-05-09 19:31:49 #12 type.registry] 
New type domain.Book

[2025-05-09 19:31:49 #13 type] 
Type domain.Book is not enhanced.

[2025-05-09 19:31:49 #14 type.registry] 
New type domain.Traveler

[2025-05-09 19:31:49 #15 type] 
Type domain.Traveler is not enhanced.

[2025-05-09 19:31:49 #16 type.registry] 
New type domain.Alerta

[2025-05-09 19:31:49 #17 type] 
Type domain.Alerta is not enhanced.

[2025-05-09 19:31:49 #18 type.registry] 
New type java.util.Vector<java.lang.Object>

[2025-05-09 19:31:49 #19 type.registry] 
New type java.util.Vector<domain.Mugimendua>

[2025-05-09 19:31:49 #20 type.registry] 
New type java.util.Vector<domain.Ride>

[2025-05-09 19:31:49 #21 type.registry] 
New type java.util.Vector<domain.Kotxe>

[2025-05-09 19:31:49 #22 type.registry] 
New type java.util.Vector<domain.Book>

[2025-05-09 19:31:49 #23 type.registry] 
New type java.util.Vector<domain.Alerta>

------------------------------------------------------------------------------------------------------------------------

[2025-05-09 19:37:56 #1 store] 
Database 'C:\IVAN_INGENIERITZA_INFORMATIKOA\2024-2025\2.Kuatrimestrea\IS\proiektua\priala\2.ITERAZIOA(WEB ZERBITZU GABE)\Rides24\src\main\resources\rides.temp' is opened by 16056@IVAN

[2025-05-09 19:37:56 #2 type.registry] 
New type domain.User

[2025-05-09 19:37:56 #3 type.registry] 
New type domain.Driver

[2025-05-09 19:37:56 #4 type] 
Type domain.User is not enhanced.

[2025-05-09 19:37:56 #5 type.registry] 
New type domain.Mugimendua

[2025-05-09 19:37:56 #6 type] 
Type domain.Driver is not enhanced.

[2025-05-09 19:37:56 #7 type.registry] 
New type domain.Kotxe

[2025-05-09 19:37:56 #8 type.registry] 
New type domain.Ride

[2025-05-09 19:37:56 #9 type] 
Type domain.Mugimendua is not enhanced.

[2025-05-09 19:37:56 #10 type] 
Type domain.Kotxe is not enhanced.

[2025-05-09 19:37:56 #11 type] 
Type domain.Ride is not enhanced.

[2025-05-09 19:37:56 #12 type.registry] 
New type domain.Book

[2025-05-09 19:37:56 #13 type] 
Type domain.Book is not enhanced.

[2025-05-09 19:37:56 #14 type.registry] 
New type domain.Traveler

[2025-05-09 19:37:56 #15 type] 
Type domain.Traveler is not enhanced.

[2025-05-09 19:37:56 #16 type.registry] 
New type domain.Alerta

[2025-05-09 19:37:56 #17 type] 
Type domain.Alerta is not enhanced.

[2025-05-09 19:37:56 #18 type.registry] 
New type java.util.Vector<java.lang.Object>

[2025-05-09 19:37:56 #19 type.registry] 
New type java.util.Vector<domain.Mugimendua>

[2025-05-09 19:37:56 #20 type.registry] 
New type java.util.Vector<domain.Ride>

[2025-05-09 19:37:56 #21 type.registry] 
New type java.util.Vector<domain.Kotxe>

[2025-05-09 19:37:56 #22 type.registry] 
New type java.util.Vector<domain.Book>

[2025-05-09 19:37:56 #23 type.registry] 
New type java.util.Vector<domain.Alerta>

------------------------------------------------------------------------------------------------------------------------

[2025-05-09 19:49:36 #1 store] 
Database 'C:\IVAN_INGENIERITZA_INFORMATIKOA\2024-2025\2.Kuatrimestrea\IS\proiektua\priala\2.ITERAZIOA(WEB ZERBITZU GABE)\Rides24\src\main\resources\rides.temp' is opened by 17452@IVAN

[2025-05-09 19:49:36 #2 type.registry] 
New type domain.User

[2025-05-09 19:49:36 #3 type.registry] 
New type domain.Driver

[2025-05-09 19:49:36 #4 type] 
Type domain.User is not enhanced.

[2025-05-09 19:49:36 #5 type.registry] 
New type domain.Mugimendua

[2025-05-09 19:49:36 #6 type] 
Type domain.Driver is not enhanced.

[2025-05-09 19:49:36 #7 type.registry] 
New type domain.Kotxe

[2025-05-09 19:49:36 #8 type.registry] 
New type domain.Ride

[2025-05-09 19:49:36 #9 type] 
Type domain.Mugimendua is not enhanced.

[2025-05-09 19:49:36 #10 type] 
Type domain.Kotxe is not enhanced.

[2025-05-09 19:49:36 #11 type] 
Type domain.Ride is not enhanced.

[2025-05-09 19:49:36 #12 type.registry] 
New type domain.Book

[2025-05-09 19:49:36 #13 type] 
Type domain.Book is not enhanced.

[2025-05-09 19:49:36 #14 type.registry] 
New type domain.Traveler

[2025-05-09 19:49:36 #15 type] 
Type domain.Traveler is not enhanced.

[2025-05-09 19:49:36 #16 type.registry] 
New type domain.Alerta

[2025-05-09 19:49:36 #17 type] 
Type domain.Alerta is not enhanced.

[2025-05-09 19:49:36 #18 type.registry] 
New type java.util.Vector<java.lang.Object>

[2025-05-09 19:49:36 #19 type.registry] 
New type java.util.Vector<domain.Mugimendua>

[2025-05-09 19:49:36 #20 type.registry] 
New type java.util.Vector<domain.Ride>

[2025-05-09 19:49:36 #21 type.registry] 
New type java.util.Vector<domain.Kotxe>

[2025-05-09 19:49:36 #22 type.registry] 
New type java.util.Vector<domain.Book>

[2025-05-09 19:49:36 #23 type.registry] 
New type java.util.Vector<domain.Alerta>

------------------------------------------------------------------------------------------------------------------------

[2025-05-09 19:50:38 #1 store] 
Database 'C:\IVAN_INGENIERITZA_INFORMATIKOA\2024-2025\2.Kuatrimestrea\IS\proiektua\priala\2.ITERAZIOA(WEB ZERBITZU GABE)\Rides24\src\main\resources\rides.temp' is opened by 16056@IVAN

[2025-05-09 19:50:38 #2 type.registry] 
New type domain.User

[2025-05-09 19:50:38 #3 type.registry] 
New type domain.Driver

[2025-05-09 19:50:38 #4 type] 
Type domain.User is not enhanced.

[2025-05-09 19:50:38 #5 type.registry] 
New type domain.Mugimendua

[2025-05-09 19:50:38 #6 type] 
Type domain.Driver is not enhanced.

[2025-05-09 19:50:38 #7 type.registry] 
New type domain.Kotxe

[2025-05-09 19:50:38 #8 type.registry] 
New type domain.Ride

[2025-05-09 19:50:38 #9 type] 
Type domain.Mugimendua is not enhanced.

[2025-05-09 19:50:38 #10 type] 
Type domain.Kotxe is not enhanced.

[2025-05-09 19:50:38 #11 type] 
Type domain.Ride is not enhanced.

[2025-05-09 19:50:38 #12 type.registry] 
New type domain.Book

[2025-05-09 19:50:38 #13 type] 
Type domain.Book is not enhanced.

[2025-05-09 19:50:38 #14 type.registry] 
New type domain.Traveler

[2025-05-09 19:50:38 #15 type] 
Type domain.Traveler is not enhanced.

[2025-05-09 19:50:38 #16 type.registry] 
New type domain.Alerta

[2025-05-09 19:50:38 #17 type] 
Type domain.Alerta is not enhanced.

[2025-05-09 19:50:38 #18 type.registry] 
New type java.util.Vector<java.lang.Object>

[2025-05-09 19:50:38 #19 type.registry] 
New type java.util.Vector<domain.Mugimendua>

[2025-05-09 19:50:38 #20 type.registry] 
New type java.util.Vector<domain.Ride>

[2025-05-09 19:50:38 #21 type.registry] 
New type java.util.Vector<domain.Kotxe>

[2025-05-09 19:50:38 #22 type.registry] 
New type java.util.Vector<domain.Book>

[2025-05-09 19:50:38 #23 type.registry] 
New type java.util.Vector<domain.Alerta>

